1747006017.346847: 2669697-7fc8e06d80c0: cdpl_log.c:228: in cdpl_log_open(): info: @@start_of_log@@
1747006017.346869: 2669697-7fc8e06d80c0: cdpl_log.c:866: in cdpl_log_dump_sysinfo(): info: time: 2025/05/11 18:26:57 CDT -0500
1747006017.346873: 2669697-7fc8e06d80c0: cdpl_log.c:868: in cdpl_log_dump_sysinfo(): info: version: T-2022.03 
1747006017.346876: 2669697-7fc8e06d80c0: cdpl_log.c:870: in cdpl_log_dump_sysinfo(): info: system: Linux 4.18.0-553.46.1.el8_10.x86_64 #1 SMP Sat Mar 15 01:37:33 EDT 2025
1747006017.346878: 2669697-7fc8e06d80c0: cdpl_log.c:875: in cdpl_log_dump_sysinfo(): info: processor: x86_64 64-bits
1747006017.346881: 2669697-7fc8e06d80c0: cdpl_log.c:879: in cdpl_log_dump_sysinfo(): info: hostname: engnx04a.utdallas.edu
1747006017.346884: 2669697-7fc8e06d80c0: cdpl_log.c:230: in cdpl_log_open(): debug: path: /home/010/e/eb/ebw220000/cad/EE4325_UART_Project/gf65/primelib_gf65/NAND2/runtime/cdpl/pid2669697/master.engnx04a.utdallas.edu.2669697.log
1747006017.346888: 2669697-7fc8e06d80c0: cdpl_log.c:231: in cdpl_log_open(): debug: dir: /home/010/e/eb/ebw220000/cad/EE4325_UART_Project/gf65/primelib_gf65/NAND2/runtime/cdpl/pid2669697
1747006017.346892: 2669697-7fc8e06d80c0: cdpl_log.c:758: in cdpl_log_set_filter(): info: filter level 1
1747006017.346913: 2669697-7fc8e06d80c0: cdpl_server.c:543: in cdpl_sv_init(): info: new server S1777047089
1747006017.346924: 2669697-7fc8e06d80c0: cdpl_ipc.c:3030: in cdpl_ipc_init(): info: requesting IPv4 protocol
1747006017.347653: 2669697-7fc8e06d80c0: cdpl_ipc.c:800: in _selectaddrfamily(): info: selected IPv4 protocol
1747006017.348010: 2669697-7fc8e06d80c0: cdpl_server.c:657: in cdpl_sv_new_master(): info: new master M1
1747006017.348024: 2669697-7fc8e06d80c0: cdpl_server.c:5494: in cdpl_sv_ctl_master(): info: Setting worker heartbeat to 60 seconds
1747006017.348027: 2669697-7fc8e06d80c0: cdpl_server.c:5503: in cdpl_sv_ctl_master(): info: Setting worker heartbeat timeout to 3 heartbeats
1747006017.348031: 2669697-7fc8e06d80c0: cdpl_compat_master.c:2407: in cdplInitMaster(): info: bcast dir is `/dev/null'
1747006017.348076: 2669697-7fc8e06d80c0: cdpl_server.c:5394: in cdpl_sv_ctl_master(): info: farm worker timeout set to 36000
1747006017.348079: 2669697-7fc8e06d80c0: cdpl_server.c:5410: in cdpl_sv_ctl_master(): info: grid worker timeout set to 36000
1747006017.348081: 2669697-7fc8e06d80c0: cdpl_server.c:5438: in cdpl_sv_ctl_master(): info: farm submit command failure threshold set to 100
1747006017.348096: 2669697-7fc8e06d80c0: cdpl_farm.c:2268: in cdpl_farm_new_sh(): info: creating SH farm on localhost
1747006017.348109: 2669697-7fc8e06d80c0: cdpl_compat_master.c:207: in _set_farm_env(): info: exporting CDPL_LOGDIR as `/home/010/e/eb/ebw220000/cad/EE4325_UART_Project/gf65/primelib_gf65/NAND2/runtime/cdpl/pid2669697'
1747006017.348112: 2669697-7fc8e06d80c0: cdpl_compat_master.c:213: in _set_farm_env(): info: exporting CDPL_TMPDIR as `/var/tmp'
1747006017.348115: 2669697-7fc8e06d80c0: cdpl_compat_master.c:220: in _set_farm_env(): info: exporting CDPL_HOME as `/proj/cad/synopsys/synopsys_2021/primelib/T-2022.03-SP1/cdpl_runtime_linux64'
1747006017.348118: 2669697-7fc8e06d80c0: cdpl_compat_master.c:227: in _set_farm_env(): info: exporting SNPSLMD_LICENSE_FILE as `1700@engdmv.utdallas.edu'
1747006017.348120: 2669697-7fc8e06d80c0: cdpl_compat_master.c:247: in _set_farm_env(): info: exporting CDPL_OPTIONS as `[filter][nowlogs]'
1747006017.348123: 2669697-7fc8e06d80c0: cdpl_compat_master.c:254: in _set_farm_env(): info: exporting DISPLAY as `:1073'
1747006017.348126: 2669697-7fc8e06d80c0: cdpl_compat_master.c:262: in _set_farm_env(): info: exporting CDPL_HEARTBEAT as `60'
1747006017.348129: 2669697-7fc8e06d80c0: cdpl_compat_master.c:348: in _set_farm_env(): info: exporting SIS_MALIBU as `2'
1747006017.348131: 2669697-7fc8e06d80c0: cdpl_compat_master.c:348: in _set_farm_env(): info: exporting SIS_CDPL as `5'
1747006017.410176: 2669697-7fc8e06d80c0: cdpl_server.c:738: in cdpl_sv_new_job(): info: new job J1 in M1
1747006017.410193: 2669697-7fc8e06d80c0: cdpl_compat_master.c:1314: in _add_worker(): info: new worker type 100, min:1, max:1, cmd:`/home/010/e/eb/ebw220000/cad/EE4325_UART_Project/gf65/primelib_gf65/NAND2/runtime/cdpl/pid2669697/run_2669697.sh'
1747006017.410207: 2669697-7fc8e06d80c0: cdpl_server.c:900: in cdpl_sv_new_bin_withfarm(): info: new bin B1 in J1
1747006017.415753: 2669697-7fc8e06d80c0: cdpl_server.c:3116: in cdpl_sv_start_job(): info: starting job J1
1747006017.427733: 2669697-7fc8e06d80c0: cdpl_server.c:1824: in _sv_gen_task(): info: new task T0 in B1 (prio 2)
1747006017.427743: 2669697-7fc8e06d80c0: cdpl_server.c:2558: in cdpl_sv_label_task_va(): info: setting task T0 label to "delay__B__lh__OUT__hl__ACQ_1 of NAND2"
1747006017.427805: 2669697-7fc8e06d80c0: cdpl_server.c:1824: in _sv_gen_task(): info: new task T1 in B1 (prio 2)
1747006017.427859: 2669697-7fc8c6787700: cdpl_server_sched.c:700: in _sv_launch_worker(): info: started worker W1 (as C1) in bin B1
1747006017.427881: 2669697-7fc8c5f86700: cdpl_farm.c:1899: in _schedule(): info: worker submit failure threshold set to 100
1747006017.427899: 2669697-7fc8e06d80c0: cdpl_server.c:2558: in cdpl_sv_label_task_va(): info: setting task T1 label to "delay__B__hl__OUT__lh__ACQ_1 of NAND2"
1747006017.427909: 2669697-7fc8c5f86700: cdpl_sh.c:49: in _sh_detached_submit(): info: SH : /home/010/e/eb/ebw220000/cad/EE4325_UART_Project/gf65/primelib_gf65/NAND2/runtime/cdpl/pid2669697/run_2669697.sh
1747006017.432668: 2669697-7fc8e06d80c0: cdpl_server.c:1824: in _sv_gen_task(): info: new task T2 in B1 (prio 3)
1747006017.432684: 2669697-7fc8e06d80c0: cdpl_server.c:2558: in cdpl_sv_label_task_va(): info: setting task T2 label to "leakage_power__ACQ_1 of NAND2"
1747006017.432853: 2669697-7fc8e06d80c0: cdpl_server.c:1824: in _sv_gen_task(): info: new task T3 in B1 (prio 5)
1747006017.432857: 2669697-7fc8e06d80c0: cdpl_server.c:2558: in cdpl_sv_label_task_va(): info: setting task T3 label to "Cin__VSS__lh__ACQ_1 of NAND2"
1747006017.432904: 2669697-7fc8e06d80c0: cdpl_server.c:1824: in _sv_gen_task(): info: new task T4 in B1 (prio 5)
1747006017.432907: 2669697-7fc8e06d80c0: cdpl_server.c:2558: in cdpl_sv_label_task_va(): info: setting task T4 label to "Cin__VSS__hl__ACQ_1 of NAND2"
1747006017.432978: 2669697-7fc8e06d80c0: cdpl_server.c:1824: in _sv_gen_task(): info: new task T5 in B1 (prio 2)
1747006017.432981: 2669697-7fc8e06d80c0: cdpl_server.c:2558: in cdpl_sv_label_task_va(): info: setting task T5 label to "delay__A__lh__OUT__hl__ACQ_1 of NAND2"
1747006017.433012: 2669697-7fc8e06d80c0: cdpl_server.c:1824: in _sv_gen_task(): info: new task T6 in B1 (prio 2)
1747006017.433016: 2669697-7fc8e06d80c0: cdpl_server.c:2558: in cdpl_sv_label_task_va(): info: setting task T6 label to "delay__A__hl__OUT__lh__ACQ_1 of NAND2"
1747006017.433039: 2669697-7fc8e06d80c0: cdpl_server.c:1824: in _sv_gen_task(): info: new task T7 in B1 (prio 5)
1747006017.433042: 2669697-7fc8e06d80c0: cdpl_server.c:2558: in cdpl_sv_label_task_va(): info: setting task T7 label to "Cin__VDD__lh__ACQ_1 of NAND2"
1747006017.433072: 2669697-7fc8e06d80c0: cdpl_server.c:1824: in _sv_gen_task(): info: new task T8 in B1 (prio 5)
1747006017.433075: 2669697-7fc8e06d80c0: cdpl_server.c:2558: in cdpl_sv_label_task_va(): info: setting task T8 label to "Cin__VDD__hl__ACQ_1 of NAND2"
1747006018.235377: 2669697-7fc8c6f88700: cdpl_server_ipc.c:452: in _sv_on_hello(): info: W1 is `10.182.66.69:51342'
1747006018.235401: 2669697-7fc8c6f88700: cdpl_server_ipc.c:454: in _sv_on_hello(): info: W1 log file is /dev/null
1747006018.235417: 2669697-7fc8c6f88700: cdpl_server_ipc.c:481: in _sv_on_hello(): info: up to 1 alive workers in B1
1747006018.239328: 2669697-7fc8c6787700: cdpl_server_sched.c:955: in _assign(): info: assigning task T0 to worker W1
1747006026.612992: 2669697-7fc8c6f88700: cdpl_server_ipc.c:857: in _sv_on_finish(): info: worker W1 completed task T0
1747006026.613037: 2669697-7fc8c6787700: cdpl_server_sched.c:955: in _assign(): info: assigning task T1 to worker W1
1747006034.443166: 2669697-7fc8c6f88700: cdpl_server_ipc.c:857: in _sv_on_finish(): info: worker W1 completed task T1
1747006034.443224: 2669697-7fc8c6787700: cdpl_server_sched.c:955: in _assign(): info: assigning task T5 to worker W1
1747006042.315479: 2669697-7fc8c6f88700: cdpl_server_ipc.c:857: in _sv_on_finish(): info: worker W1 completed task T5
1747006042.315526: 2669697-7fc8c6787700: cdpl_server_sched.c:955: in _assign(): info: assigning task T6 to worker W1
1747006050.303166: 2669697-7fc8c6f88700: cdpl_server_ipc.c:857: in _sv_on_finish(): info: worker W1 completed task T6
1747006050.303218: 2669697-7fc8c6787700: cdpl_server_sched.c:955: in _assign(): info: assigning task T2 to worker W1
1747006058.043117: 2669697-7fc8c6f88700: cdpl_server_ipc.c:857: in _sv_on_finish(): info: worker W1 completed task T2
1747006058.043172: 2669697-7fc8c6787700: cdpl_server_sched.c:955: in _assign(): info: assigning task T3 to worker W1
1747006065.658346: 2669697-7fc8c6f88700: cdpl_server_ipc.c:857: in _sv_on_finish(): info: worker W1 completed task T3
1747006065.658403: 2669697-7fc8c6787700: cdpl_server_sched.c:955: in _assign(): info: assigning task T4 to worker W1
1747006073.207521: 2669697-7fc8c6f88700: cdpl_server_ipc.c:857: in _sv_on_finish(): info: worker W1 completed task T4
1747006073.207578: 2669697-7fc8c6787700: cdpl_server_sched.c:955: in _assign(): info: assigning task T7 to worker W1
1747006080.651337: 2669697-7fc8c6f88700: cdpl_server_ipc.c:857: in _sv_on_finish(): info: worker W1 completed task T7
1747006080.651397: 2669697-7fc8c6787700: cdpl_server_sched.c:955: in _assign(): info: assigning task T8 to worker W1
1747006088.583691: 2669697-7fc8c6f88700: cdpl_server_ipc.c:857: in _sv_on_finish(): info: worker W1 completed task T8
1747006262.938754: 2669697-7fc8e06d80c0: cdpl_server.c:1824: in _sv_gen_task(): info: new task T9 in B1 (prio 3)
1747006262.939263: 2669697-7fc8e06d80c0: cdpl_server.c:2558: in cdpl_sv_label_task_va(): info: setting task T9 label to "leakage_power__ACQ_1 of XNOR2"
1747006262.939314: 2669697-7fc8c6787700: cdpl_server_sched.c:955: in _assign(): info: assigning task T9 to worker W1
1747006262.939332: 2669697-7fc8e06d80c0: cdpl_server.c:1824: in _sv_gen_task(): info: new task T10 in B1 (prio 5)
1747006262.939363: 2669697-7fc8e06d80c0: cdpl_server.c:2558: in cdpl_sv_label_task_va(): info: setting task T10 label to "Cin__VSS__hl__ACQ_1 of XNOR2"
1747006262.939387: 2669697-7fc8e06d80c0: cdpl_server.c:1824: in _sv_gen_task(): info: new task T11 in B1 (prio 5)
1747006262.939390: 2669697-7fc8e06d80c0: cdpl_server.c:2558: in cdpl_sv_label_task_va(): info: setting task T11 label to "Cin__VSS__lh__ACQ_1 of XNOR2"
1747006262.939433: 2669697-7fc8e06d80c0: cdpl_server.c:1824: in _sv_gen_task(): info: new task T12 in B1 (prio 2)
1747006262.939437: 2669697-7fc8e06d80c0: cdpl_server.c:2558: in cdpl_sv_label_task_va(): info: setting task T12 label to "delay__A__hl__OUT__hl__ACQ_1 of XNOR2"
1747006262.939463: 2669697-7fc8e06d80c0: cdpl_server.c:1824: in _sv_gen_task(): info: new task T13 in B1 (prio 2)
1747006262.939466: 2669697-7fc8e06d80c0: cdpl_server.c:2558: in cdpl_sv_label_task_va(): info: setting task T13 label to "delay__A__hl__OUT__lh__ACQ_1 of XNOR2"
1747006262.939486: 2669697-7fc8e06d80c0: cdpl_server.c:1824: in _sv_gen_task(): info: new task T14 in B1 (prio 2)
1747006262.939489: 2669697-7fc8e06d80c0: cdpl_server.c:2558: in cdpl_sv_label_task_va(): info: setting task T14 label to "delay__A__lh__OUT__hl__ACQ_1 of XNOR2"
1747006262.939510: 2669697-7fc8e06d80c0: cdpl_server.c:1824: in _sv_gen_task(): info: new task T15 in B1 (prio 2)
1747006262.939513: 2669697-7fc8e06d80c0: cdpl_server.c:2558: in cdpl_sv_label_task_va(): info: setting task T15 label to "delay__A__lh__OUT__lh__ACQ_1 of XNOR2"
1747006262.939534: 2669697-7fc8e06d80c0: cdpl_server.c:1824: in _sv_gen_task(): info: new task T16 in B1 (prio 2)
1747006262.939537: 2669697-7fc8e06d80c0: cdpl_server.c:2558: in cdpl_sv_label_task_va(): info: setting task T16 label to "delay__B__hl__OUT__hl__ACQ_1 of XNOR2"
1747006262.939577: 2669697-7fc8e06d80c0: cdpl_server.c:1824: in _sv_gen_task(): info: new task T17 in B1 (prio 2)
1747006262.939581: 2669697-7fc8e06d80c0: cdpl_server.c:2558: in cdpl_sv_label_task_va(): info: setting task T17 label to "delay__B__hl__OUT__lh__ACQ_1 of XNOR2"
1747006262.939609: 2669697-7fc8e06d80c0: cdpl_server.c:1824: in _sv_gen_task(): info: new task T18 in B1 (prio 2)
1747006262.939612: 2669697-7fc8e06d80c0: cdpl_server.c:2558: in cdpl_sv_label_task_va(): info: setting task T18 label to "delay__B__lh__OUT__hl__ACQ_1 of XNOR2"
1747006262.939634: 2669697-7fc8e06d80c0: cdpl_server.c:1824: in _sv_gen_task(): info: new task T19 in B1 (prio 2)
1747006262.939637: 2669697-7fc8e06d80c0: cdpl_server.c:2558: in cdpl_sv_label_task_va(): info: setting task T19 label to "delay__B__lh__OUT__lh__ACQ_1 of XNOR2"
1747006262.939656: 2669697-7fc8e06d80c0: cdpl_server.c:1824: in _sv_gen_task(): info: new task T20 in B1 (prio 5)
1747006262.939659: 2669697-7fc8e06d80c0: cdpl_server.c:2558: in cdpl_sv_label_task_va(): info: setting task T20 label to "Cin__VDD__hl__ACQ_1 of XNOR2"
1747006262.939677: 2669697-7fc8e06d80c0: cdpl_server.c:1824: in _sv_gen_task(): info: new task T21 in B1 (prio 5)
1747006262.939694: 2669697-7fc8e06d80c0: cdpl_server.c:2558: in cdpl_sv_label_task_va(): info: setting task T21 label to "Cin__VDD__lh__ACQ_1 of XNOR2"
1747006271.120522: 2669697-7fc8c6f88700: cdpl_server_ipc.c:857: in _sv_on_finish(): info: worker W1 completed task T9
1747006271.120571: 2669697-7fc8c6787700: cdpl_server_sched.c:955: in _assign(): info: assigning task T12 to worker W1
1747006279.506379: 2669697-7fc8c6f88700: cdpl_server_ipc.c:857: in _sv_on_finish(): info: worker W1 completed task T12
1747006279.506420: 2669697-7fc8c6787700: cdpl_server_sched.c:955: in _assign(): info: assigning task T13 to worker W1
1747006287.404562: 2669697-7fc8c6f88700: cdpl_server_ipc.c:857: in _sv_on_finish(): info: worker W1 completed task T13
1747006287.404601: 2669697-7fc8c6787700: cdpl_server_sched.c:955: in _assign(): info: assigning task T14 to worker W1
1747006295.462984: 2669697-7fc8c6f88700: cdpl_server_ipc.c:857: in _sv_on_finish(): info: worker W1 completed task T14
1747006295.463022: 2669697-7fc8c6787700: cdpl_server_sched.c:955: in _assign(): info: assigning task T15 to worker W1
1747006303.332050: 2669697-7fc8c6f88700: cdpl_server_ipc.c:857: in _sv_on_finish(): info: worker W1 completed task T15
1747006303.332098: 2669697-7fc8c6787700: cdpl_server_sched.c:955: in _assign(): info: assigning task T16 to worker W1
1747006311.293891: 2669697-7fc8c6f88700: cdpl_server_ipc.c:857: in _sv_on_finish(): info: worker W1 completed task T16
1747006311.293932: 2669697-7fc8c6787700: cdpl_server_sched.c:955: in _assign(): info: assigning task T17 to worker W1
1747006319.055540: 2669697-7fc8c6f88700: cdpl_server_ipc.c:857: in _sv_on_finish(): info: worker W1 completed task T17
1747006319.058317: 2669697-7fc8c6787700: cdpl_server_sched.c:955: in _assign(): info: assigning task T18 to worker W1
1747006327.065556: 2669697-7fc8c6f88700: cdpl_server_ipc.c:857: in _sv_on_finish(): info: worker W1 completed task T18
1747006327.065603: 2669697-7fc8c6787700: cdpl_server_sched.c:955: in _assign(): info: assigning task T19 to worker W1
1747006334.794922: 2669697-7fc8c6f88700: cdpl_server_ipc.c:857: in _sv_on_finish(): info: worker W1 completed task T19
1747006334.794961: 2669697-7fc8c6787700: cdpl_server_sched.c:955: in _assign(): info: assigning task T10 to worker W1
1747006342.401657: 2669697-7fc8c6f88700: cdpl_server_ipc.c:857: in _sv_on_finish(): info: worker W1 completed task T10
1747006342.401698: 2669697-7fc8c6787700: cdpl_server_sched.c:955: in _assign(): info: assigning task T11 to worker W1
1747006349.880348: 2669697-7fc8c6f88700: cdpl_server_ipc.c:857: in _sv_on_finish(): info: worker W1 completed task T11
1747006349.880387: 2669697-7fc8c6787700: cdpl_server_sched.c:955: in _assign(): info: assigning task T20 to worker W1
1747006357.209746: 2669697-7fc8c6f88700: cdpl_server_ipc.c:857: in _sv_on_finish(): info: worker W1 completed task T20
1747006357.209785: 2669697-7fc8c6787700: cdpl_server_sched.c:955: in _assign(): info: assigning task T21 to worker W1
1747006364.621749: 2669697-7fc8c6f88700: cdpl_server_ipc.c:857: in _sv_on_finish(): info: worker W1 completed task T21
1747006965.701364: 2669697-7fc8c7789700: cdpl_ipc.c:738: in _readv(): warning: read(): EOF
1747007018.964729: 2669697-7fc8e06d80c0: cdpl_compat_master.c:5152: in cdplMasterLogInfo(): info: [non-CDPL log entry] Ending current CDPL job
1747007018.965636: 2669697-7fc8e06d80c0: cdpl_server.c:2890: in cdpl_sv_halt_job_errno(): info: stopping job J1
1747007018.965694: 2669697-7fc8e06d80c0: cdpl_server.c:2875: in cdpl_sv_halt_job_errno(): info: killing job J1
1747007018.965709: 2669697-7fc8e06d80c0: cdpl_server.c:288: in _sv_free_job(): info: freeing job J1
1747007018.965788: 2669697-7fc8e06d80c0: cdpl_farm.c:2395: in cdpl_farm_free(): info: freeing farm
1747007018.966081: 2669697-7fc8e06d80c0: cdpl_server.c:3011: in cdpl_sv_free(): info: freeing server S1777047089
1747007018.966087: 2669697-7fc8e06d80c0: cdpl_server.c:2976: in cdpl_sv_kill_errno(): info: killing server
1747007018.966242: 2669697-7fc8e06d80c0: cdpl_server.c:328: in _sv_free_master(): info: freeing master M1
1747007018.966298: 2669697-7fc8e06d80c0: cdpl_log.c:371: in cdpl_log_close(): info: @@end_of_log@@
