1746756518.762659: 3230899-7f86a0e120c0: cdpl_log.c:228: in cdpl_log_open(): info: @@start_of_log@@
1746756518.762688: 3230899-7f86a0e120c0: cdpl_log.c:866: in cdpl_log_dump_sysinfo(): info: time: 2025/05/08 21:08:38 CDT -0500
1746756518.762692: 3230899-7f86a0e120c0: cdpl_log.c:868: in cdpl_log_dump_sysinfo(): info: version: T-2022.03 
1746756518.762695: 3230899-7f86a0e120c0: cdpl_log.c:870: in cdpl_log_dump_sysinfo(): info: system: Linux 4.18.0-553.46.1.el8_10.x86_64 #1 SMP Sat Mar 15 01:37:33 EDT 2025
1746756518.762697: 3230899-7f86a0e120c0: cdpl_log.c:875: in cdpl_log_dump_sysinfo(): info: processor: x86_64 64-bits
1746756518.762699: 3230899-7f86a0e120c0: cdpl_log.c:879: in cdpl_log_dump_sysinfo(): info: hostname: engnx05a.utdallas.edu
1746756518.762702: 3230899-7f86a0e120c0: cdpl_log.c:230: in cdpl_log_open(): debug: path: /home/010/e/eb/ebw220000/cad/EE4325_UART_Project/gf65/primelib_gf65/INV/runtime/cdpl/pid3230899/master.engnx05a.utdallas.edu.3230899.log
1746756518.762705: 3230899-7f86a0e120c0: cdpl_log.c:231: in cdpl_log_open(): debug: dir: /home/010/e/eb/ebw220000/cad/EE4325_UART_Project/gf65/primelib_gf65/INV/runtime/cdpl/pid3230899
1746756518.762709: 3230899-7f86a0e120c0: cdpl_log.c:758: in cdpl_log_set_filter(): info: filter level 1
1746756518.762727: 3230899-7f86a0e120c0: cdpl_server.c:543: in cdpl_sv_init(): info: new server S465881723
1746756518.762736: 3230899-7f86a0e120c0: cdpl_ipc.c:3030: in cdpl_ipc_init(): info: requesting IPv4 protocol
1746756518.763646: 3230899-7f86a0e120c0: cdpl_ipc.c:800: in _selectaddrfamily(): info: selected IPv4 protocol
1746756518.764043: 3230899-7f86a0e120c0: cdpl_server.c:657: in cdpl_sv_new_master(): info: new master M1
1746756518.764057: 3230899-7f86a0e120c0: cdpl_server.c:5494: in cdpl_sv_ctl_master(): info: Setting worker heartbeat to 60 seconds
1746756518.764059: 3230899-7f86a0e120c0: cdpl_server.c:5503: in cdpl_sv_ctl_master(): info: Setting worker heartbeat timeout to 3 heartbeats
1746756518.764063: 3230899-7f86a0e120c0: cdpl_compat_master.c:2407: in cdplInitMaster(): info: bcast dir is `/dev/null'
1746756518.764121: 3230899-7f86a0e120c0: cdpl_server.c:5394: in cdpl_sv_ctl_master(): info: farm worker timeout set to 36000
1746756518.764124: 3230899-7f86a0e120c0: cdpl_server.c:5410: in cdpl_sv_ctl_master(): info: grid worker timeout set to 36000
1746756518.764126: 3230899-7f86a0e120c0: cdpl_server.c:5438: in cdpl_sv_ctl_master(): info: farm submit command failure threshold set to 100
1746756518.764152: 3230899-7f86a0e120c0: cdpl_farm.c:2268: in cdpl_farm_new_sh(): info: creating SH farm on localhost
1746756518.764162: 3230899-7f86a0e120c0: cdpl_compat_master.c:207: in _set_farm_env(): info: exporting CDPL_LOGDIR as `/home/010/e/eb/ebw220000/cad/EE4325_UART_Project/gf65/primelib_gf65/INV/runtime/cdpl/pid3230899'
1746756518.764165: 3230899-7f86a0e120c0: cdpl_compat_master.c:213: in _set_farm_env(): info: exporting CDPL_TMPDIR as `/var/tmp'
1746756518.764168: 3230899-7f86a0e120c0: cdpl_compat_master.c:220: in _set_farm_env(): info: exporting CDPL_HOME as `/proj/cad/synopsys/synopsys_2021/primelib/T-2022.03-SP1/cdpl_runtime_linux64'
1746756518.764170: 3230899-7f86a0e120c0: cdpl_compat_master.c:227: in _set_farm_env(): info: exporting SNPSLMD_LICENSE_FILE as `1700@engdmv.utdallas.edu'
1746756518.764173: 3230899-7f86a0e120c0: cdpl_compat_master.c:247: in _set_farm_env(): info: exporting CDPL_OPTIONS as `[filter][nowlogs]'
1746756518.764175: 3230899-7f86a0e120c0: cdpl_compat_master.c:254: in _set_farm_env(): info: exporting DISPLAY as `:1052'
1746756518.764178: 3230899-7f86a0e120c0: cdpl_compat_master.c:262: in _set_farm_env(): info: exporting CDPL_HEARTBEAT as `60'
1746756518.764182: 3230899-7f86a0e120c0: cdpl_compat_master.c:348: in _set_farm_env(): info: exporting SIS_MALIBU as `2'
1746756518.764184: 3230899-7f86a0e120c0: cdpl_compat_master.c:348: in _set_farm_env(): info: exporting SIS_CDPL as `5'
1746756518.888695: 3230899-7f86a0e120c0: cdpl_server.c:738: in cdpl_sv_new_job(): info: new job J1 in M1
1746756518.888713: 3230899-7f86a0e120c0: cdpl_compat_master.c:1314: in _add_worker(): info: new worker type 100, min:1, max:1, cmd:`/home/010/e/eb/ebw220000/cad/EE4325_UART_Project/gf65/primelib_gf65/INV/runtime/cdpl/pid3230899/run_3230899.sh'
1746756518.888725: 3230899-7f86a0e120c0: cdpl_server.c:900: in cdpl_sv_new_bin_withfarm(): info: new bin B1 in J1
1746756518.894268: 3230899-7f86a0e120c0: cdpl_server.c:3116: in cdpl_sv_start_job(): info: starting job J1
1746756518.906875: 3230899-7f86a0e120c0: cdpl_server.c:1824: in _sv_gen_task(): info: new task T0 in B1 (prio 3)
1746756518.906883: 3230899-7f86a0e120c0: cdpl_server.c:2558: in cdpl_sv_label_task_va(): info: setting task T0 label to "leakage_power__ACQ_1 of INV"
1746756518.906984: 3230899-7f86a0e120c0: cdpl_server.c:1824: in _sv_gen_task(): info: new task T1 in B1 (prio 2)
1746756518.907501: 3230899-7f8686ec1700: cdpl_server_sched.c:700: in _sv_launch_worker(): info: started worker W1 (as C1) in bin B1
1746756518.907532: 3230899-7f86866c0700: cdpl_farm.c:1899: in _schedule(): info: worker submit failure threshold set to 100
1746756518.907563: 3230899-7f86866c0700: cdpl_sh.c:49: in _sh_detached_submit(): info: SH : /home/010/e/eb/ebw220000/cad/EE4325_UART_Project/gf65/primelib_gf65/INV/runtime/cdpl/pid3230899/run_3230899.sh
1746756518.912895: 3230899-7f86a0e120c0: cdpl_server.c:2558: in cdpl_sv_label_task_va(): info: setting task T1 label to "delay__IN__lh__OUT__hl__ACQ_1 of INV"
1746756518.914796: 3230899-7f86a0e120c0: cdpl_server.c:1824: in _sv_gen_task(): info: new task T2 in B1 (prio 2)
1746756518.914812: 3230899-7f86a0e120c0: cdpl_server.c:2558: in cdpl_sv_label_task_va(): info: setting task T2 label to "delay__IN__hl__OUT__lh__ACQ_1 of INV"
1746756518.914881: 3230899-7f86a0e120c0: cdpl_server.c:1824: in _sv_gen_task(): info: new task T3 in B1 (prio 5)
1746756518.914886: 3230899-7f86a0e120c0: cdpl_server.c:2558: in cdpl_sv_label_task_va(): info: setting task T3 label to "Cin__VSS__lh__ACQ_1 of INV"
1746756518.914931: 3230899-7f86a0e120c0: cdpl_server.c:1824: in _sv_gen_task(): info: new task T4 in B1 (prio 5)
1746756518.914934: 3230899-7f86a0e120c0: cdpl_server.c:2558: in cdpl_sv_label_task_va(): info: setting task T4 label to "Cin__VSS__hl__ACQ_1 of INV"
1746756518.914984: 3230899-7f86a0e120c0: cdpl_server.c:1824: in _sv_gen_task(): info: new task T5 in B1 (prio 5)
1746756518.914987: 3230899-7f86a0e120c0: cdpl_server.c:2558: in cdpl_sv_label_task_va(): info: setting task T5 label to "Cin__VDD__lh__ACQ_1 of INV"
1746756518.915016: 3230899-7f86a0e120c0: cdpl_server.c:1824: in _sv_gen_task(): info: new task T6 in B1 (prio 5)
1746756518.915019: 3230899-7f86a0e120c0: cdpl_server.c:2558: in cdpl_sv_label_task_va(): info: setting task T6 label to "Cin__VDD__hl__ACQ_1 of INV"
1746756519.748319: 3230899-7f86876c2700: cdpl_server_ipc.c:452: in _sv_on_hello(): info: W1 is `10.182.66.70:38968'
1746756519.748341: 3230899-7f86876c2700: cdpl_server_ipc.c:454: in _sv_on_hello(): info: W1 log file is /dev/null
1746756519.748355: 3230899-7f86876c2700: cdpl_server_ipc.c:481: in _sv_on_hello(): info: up to 1 alive workers in B1
1746756519.748442: 3230899-7f8686ec1700: cdpl_server_sched.c:955: in _assign(): info: assigning task T1 to worker W1
1746756528.241087: 3230899-7f86876c2700: cdpl_server_ipc.c:857: in _sv_on_finish(): info: worker W1 completed task T1
1746756528.241357: 3230899-7f8686ec1700: cdpl_server_sched.c:955: in _assign(): info: assigning task T2 to worker W1
1746756536.184193: 3230899-7f86876c2700: cdpl_server_ipc.c:857: in _sv_on_finish(): info: worker W1 completed task T2
1746756536.184750: 3230899-7f8686ec1700: cdpl_server_sched.c:955: in _assign(): info: assigning task T0 to worker W1
1746756543.843026: 3230899-7f86876c2700: cdpl_server_ipc.c:857: in _sv_on_finish(): info: worker W1 completed task T0
1746756543.843063: 3230899-7f8686ec1700: cdpl_server_sched.c:955: in _assign(): info: assigning task T3 to worker W1
1746756551.476296: 3230899-7f86876c2700: cdpl_server_ipc.c:857: in _sv_on_finish(): info: worker W1 completed task T3
1746756551.476345: 3230899-7f8686ec1700: cdpl_server_sched.c:955: in _assign(): info: assigning task T4 to worker W1
1746756558.958370: 3230899-7f86876c2700: cdpl_server_ipc.c:857: in _sv_on_finish(): info: worker W1 completed task T4
1746756558.958407: 3230899-7f8686ec1700: cdpl_server_sched.c:955: in _assign(): info: assigning task T5 to worker W1
1746756566.496597: 3230899-7f86876c2700: cdpl_server_ipc.c:857: in _sv_on_finish(): info: worker W1 completed task T5
1746756566.496628: 3230899-7f8686ec1700: cdpl_server_sched.c:955: in _assign(): info: assigning task T6 to worker W1
1746756574.092802: 3230899-7f86876c2700: cdpl_server_ipc.c:857: in _sv_on_finish(): info: worker W1 completed task T6
1746757102.312686: 3230899-7f86a0e120c0: cdpl_server.c:1824: in _sv_gen_task(): info: new task T7 in B1 (prio -1)
1746757102.313197: 3230899-7f86a0e120c0: cdpl_server.c:2558: in cdpl_sv_label_task_va(): info: setting task T7 label to "initialization__ACQ_6 of DFF"
1746757102.313227: 3230899-7f8686ec1700: cdpl_server_sched.c:955: in _assign(): info: assigning task T7 to worker W1
1746757102.313270: 3230899-7f86a0e120c0: cdpl_server.c:1824: in _sv_gen_task(): info: new task T8 in B1 (prio -1)
1746757102.313275: 3230899-7f86a0e120c0: cdpl_server.c:2558: in cdpl_sv_label_task_va(): info: setting task T8 label to "setup_hbm__D__lh__CLK__lh__ACQ_1 of DFF"
1746757102.313314: 3230899-7f86a0e120c0: cdpl_server.c:1824: in _sv_gen_task(): info: new task T9 in B1 (prio -1)
1746757102.313317: 3230899-7f86a0e120c0: cdpl_server.c:2558: in cdpl_sv_label_task_va(): info: setting task T9 label to "initialization__ACQ_5 of DFF"
1746757102.313341: 3230899-7f86a0e120c0: cdpl_server.c:1824: in _sv_gen_task(): info: new task T10 in B1 (prio -1)
1746757102.313344: 3230899-7f86a0e120c0: cdpl_server.c:2558: in cdpl_sv_label_task_va(): info: setting task T10 label to "setup_hbm__D__hl__CLK__lh__ACQ_1 of DFF"
1746757102.313374: 3230899-7f86a0e120c0: cdpl_server.c:1824: in _sv_gen_task(): info: new task T11 in B1 (prio -1)
1746757102.313377: 3230899-7f86a0e120c0: cdpl_server.c:2558: in cdpl_sv_label_task_va(): info: setting task T11 label to "initialization__ACQ_3 of DFF"
1746757102.313402: 3230899-7f86a0e120c0: cdpl_server.c:1824: in _sv_gen_task(): info: new task T12 in B1 (prio 3)
1746757102.313405: 3230899-7f86a0e120c0: cdpl_server.c:2558: in cdpl_sv_label_task_va(): info: setting task T12 label to "leakage_power__ACQ_1 of DFF"
1746757102.313431: 3230899-7f86a0e120c0: cdpl_server.c:1824: in _sv_gen_task(): info: new task T13 in B1 (prio 5)
1746757102.313434: 3230899-7f86a0e120c0: cdpl_server.c:2558: in cdpl_sv_label_task_va(): info: setting task T13 label to "Cin__D__hl__ACQ_1 of DFF"
1746757102.313454: 3230899-7f86a0e120c0: cdpl_server.c:1824: in _sv_gen_task(): info: new task T14 in B1 (prio 5)
1746757102.313457: 3230899-7f86a0e120c0: cdpl_server.c:2558: in cdpl_sv_label_task_va(): info: setting task T14 label to "Cin__D__lh__ACQ_1 of DFF"
1746757102.313476: 3230899-7f86a0e120c0: cdpl_server.c:1824: in _sv_gen_task(): info: new task T15 in B1 (prio 5)
1746757102.313479: 3230899-7f86a0e120c0: cdpl_server.c:2558: in cdpl_sv_label_task_va(): info: setting task T15 label to "Cin__VSS__hl__ACQ_1 of DFF"
1746757102.313497: 3230899-7f86a0e120c0: cdpl_server.c:1824: in _sv_gen_task(): info: new task T16 in B1 (prio 5)
1746757102.313500: 3230899-7f86a0e120c0: cdpl_server.c:2558: in cdpl_sv_label_task_va(): info: setting task T16 label to "Cin__VSS__lh__ACQ_1 of DFF"
1746757102.313524: 3230899-7f86a0e120c0: cdpl_server.c:1824: in _sv_gen_task(): info: new task T17 in B1 (prio -1)
1746757102.313527: 3230899-7f86a0e120c0: cdpl_server.c:2558: in cdpl_sv_label_task_va(): info: setting task T17 label to "initialization__ACQ_4 of DFF"
1746757102.313551: 3230899-7f86a0e120c0: cdpl_server.c:1824: in _sv_gen_task(): info: new task T18 in B1 (prio -1)
1746757102.313554: 3230899-7f86a0e120c0: cdpl_server.c:2558: in cdpl_sv_label_task_va(): info: setting task T18 label to "ncmpw_hbm__CLK__hl__CLK__lh__ACQ_1 of DFF"
1746757102.313579: 3230899-7f86a0e120c0: cdpl_server.c:1824: in _sv_gen_task(): info: new task T19 in B1 (prio -1)
1746757102.313582: 3230899-7f86a0e120c0: cdpl_server.c:2558: in cdpl_sv_label_task_va(): info: setting task T19 label to "removal_hbm__R__hl__CLK__lh__ACQ_1 of DFF"
1746757102.313616: 3230899-7f86a0e120c0: cdpl_server.c:1824: in _sv_gen_task(): info: new task T20 in B1 (prio -1)
1746757102.313619: 3230899-7f86a0e120c0: cdpl_server.c:2558: in cdpl_sv_label_task_va(): info: setting task T20 label to "recover_hbm__R__hl__CLK__lh__ACQ_1 of DFF"
1746757102.313638: 3230899-7f86a0e120c0: cdpl_server.c:1824: in _sv_gen_task(): info: new task T21 in B1 (prio -1)
1746757102.313641: 3230899-7f86a0e120c0: cdpl_server.c:2558: in cdpl_sv_label_task_va(): info: setting task T21 label to "initialization__ACQ_1 of DFF"
1746757102.313660: 3230899-7f86a0e120c0: cdpl_server.c:1824: in _sv_gen_task(): info: new task T22 in B1 (prio -1)
1746757102.313663: 3230899-7f86a0e120c0: cdpl_server.c:2558: in cdpl_sv_label_task_va(): info: setting task T22 label to "initialization__ACQ_2 of DFF"
1746757102.313689: 3230899-7f86a0e120c0: cdpl_server.c:1824: in _sv_gen_task(): info: new task T23 in B1 (prio -1)
1746757102.313692: 3230899-7f86a0e120c0: cdpl_server.c:2558: in cdpl_sv_label_task_va(): info: setting task T23 label to "cmpw_hbm__CLK__lh__CLK__hl__ACQ_1 of DFF"
1746757102.313718: 3230899-7f86a0e120c0: cdpl_server.c:1824: in _sv_gen_task(): info: new task T24 in B1 (prio -1)
1746757102.313721: 3230899-7f86a0e120c0: cdpl_server.c:2558: in cdpl_sv_label_task_va(): info: setting task T24 label to "cmpw_hbm__R__lh__R__hl__ACQ_1 of DFF"
1746757102.313750: 3230899-7f86a0e120c0: cdpl_server.c:1824: in _sv_gen_task(): info: new task T25 in B1 (prio 2)
1746757102.313753: 3230899-7f86a0e120c0: cdpl_server.c:2558: in cdpl_sv_label_task_va(): info: setting task T25 label to "delay__CLK__lh__Q__hl__ACQ_1 of DFF"
1746757102.313778: 3230899-7f86a0e120c0: cdpl_server.c:1824: in _sv_gen_task(): info: new task T26 in B1 (prio 2)
1746757102.313781: 3230899-7f86a0e120c0: cdpl_server.c:2558: in cdpl_sv_label_task_va(): info: setting task T26 label to "delay__CLK__lh__Q__lh__ACQ_1 of DFF"
1746757102.313806: 3230899-7f86a0e120c0: cdpl_server.c:1824: in _sv_gen_task(): info: new task T27 in B1 (prio -1)
1746757102.313809: 3230899-7f86a0e120c0: cdpl_server.c:2558: in cdpl_sv_label_task_va(): info: setting task T27 label to "hold_hbm__D__lh__CLK__lh__ACQ_1 of DFF"
1746757102.313832: 3230899-7f86a0e120c0: cdpl_server.c:1824: in _sv_gen_task(): info: new task T28 in B1 (prio -1)
1746757102.313835: 3230899-7f86a0e120c0: cdpl_server.c:2558: in cdpl_sv_label_task_va(): info: setting task T28 label to "hold_hbm__D__hl__CLK__lh__ACQ_1 of DFF"
1746757102.313854: 3230899-7f86a0e120c0: cdpl_server.c:1824: in _sv_gen_task(): info: new task T29 in B1 (prio 5)
1746757102.313856: 3230899-7f86a0e120c0: cdpl_server.c:2558: in cdpl_sv_label_task_va(): info: setting task T29 label to "Cin__CLK__hl__ACQ_1 of DFF"
1746757102.313874: 3230899-7f86a0e120c0: cdpl_server.c:1824: in _sv_gen_task(): info: new task T30 in B1 (prio 5)
1746757102.313877: 3230899-7f86a0e120c0: cdpl_server.c:2558: in cdpl_sv_label_task_va(): info: setting task T30 label to "Cin__VDD__hl__ACQ_1 of DFF"
1746757102.313894: 3230899-7f86a0e120c0: cdpl_server.c:1824: in _sv_gen_task(): info: new task T31 in B1 (prio 5)
1746757102.313897: 3230899-7f86a0e120c0: cdpl_server.c:2558: in cdpl_sv_label_task_va(): info: setting task T31 label to "Cin__VDD__lh__ACQ_1 of DFF"
1746757102.313922: 3230899-7f86a0e120c0: cdpl_server.c:1824: in _sv_gen_task(): info: new task T32 in B1 (prio 2)
1746757102.313924: 3230899-7f86a0e120c0: cdpl_server.c:2558: in cdpl_sv_label_task_va(): info: setting task T32 label to "delay__R__lh__Q__hl__ACQ_1 of DFF"
1746757102.313943: 3230899-7f86a0e120c0: cdpl_server.c:1824: in _sv_gen_task(): info: new task T33 in B1 (prio 5)
1746757102.313946: 3230899-7f86a0e120c0: cdpl_server.c:2558: in cdpl_sv_label_task_va(): info: setting task T33 label to "Cin__R__hl__ACQ_1 of DFF"
1746757110.528116: 3230899-7f86876c2700: cdpl_server_ipc.c:857: in _sv_on_finish(): info: worker W1 completed task T7
1746757110.528167: 3230899-7f8686ec1700: cdpl_server_sched.c:955: in _assign(): info: assigning task T9 to worker W1
1746757118.323243: 3230899-7f86876c2700: cdpl_server_ipc.c:857: in _sv_on_finish(): info: worker W1 completed task T9
1746757118.323282: 3230899-7f8686ec1700: cdpl_server_sched.c:955: in _assign(): info: assigning task T11 to worker W1
1746757126.286226: 3230899-7f86876c2700: cdpl_server_ipc.c:857: in _sv_on_finish(): info: worker W1 completed task T11
1746757126.286275: 3230899-7f8686ec1700: cdpl_server_sched.c:955: in _assign(): info: assigning task T17 to worker W1
1746757134.066543: 3230899-7f86876c2700: cdpl_server_ipc.c:857: in _sv_on_finish(): info: worker W1 completed task T17
1746757134.066585: 3230899-7f8686ec1700: cdpl_server_sched.c:955: in _assign(): info: assigning task T19 to worker W1
1746757154.616156: 3230899-7f86876c2700: cdpl_server_ipc.c:857: in _sv_on_finish(): info: worker W1 completed task T19
1746757154.616205: 3230899-7f8686ec1700: cdpl_server_sched.c:955: in _assign(): info: assigning task T20 to worker W1
1746757172.757787: 3230899-7f86876c2700: cdpl_server_ipc.c:857: in _sv_on_finish(): info: worker W1 completed task T20
1746757172.757833: 3230899-7f8686ec1700: cdpl_server_sched.c:955: in _assign(): info: assigning task T21 to worker W1
1746757180.364140: 3230899-7f86876c2700: cdpl_server_ipc.c:857: in _sv_on_finish(): info: worker W1 completed task T21
1746757180.364176: 3230899-7f8686ec1700: cdpl_server_sched.c:955: in _assign(): info: assigning task T22 to worker W1
1746757188.110343: 3230899-7f86876c2700: cdpl_server_ipc.c:857: in _sv_on_finish(): info: worker W1 completed task T22
1746757188.110389: 3230899-7f8686ec1700: cdpl_server_sched.c:955: in _assign(): info: assigning task T8 to worker W1
1746757211.668494: 3230899-7f86876c2700: cdpl_server_ipc.c:857: in _sv_on_finish(): info: worker W1 completed task T8
1746757211.668542: 3230899-7f8686ec1700: cdpl_server_sched.c:955: in _assign(): info: assigning task T10 to worker W1
1746757231.833945: 3230899-7f86876c2700: cdpl_server_ipc.c:857: in _sv_on_finish(): info: worker W1 completed task T10
1746757231.833986: 3230899-7f8686ec1700: cdpl_server_sched.c:955: in _assign(): info: assigning task T18 to worker W1
1746757240.275501: 3230899-7f86876c2700: cdpl_server_ipc.c:857: in _sv_on_finish(): info: worker W1 completed task T18
1746757240.275546: 3230899-7f8686ec1700: cdpl_server_sched.c:955: in _assign(): info: assigning task T23 to worker W1
1746757249.315277: 3230899-7f86876c2700: cdpl_server_ipc.c:857: in _sv_on_finish(): info: worker W1 completed task T23
1746757249.315307: 3230899-7f8686ec1700: cdpl_server_sched.c:955: in _assign(): info: assigning task T28 to worker W1
1746757268.946045: 3230899-7f86876c2700: cdpl_server_ipc.c:857: in _sv_on_finish(): info: worker W1 completed task T28
1746757268.946088: 3230899-7f8686ec1700: cdpl_server_sched.c:955: in _assign(): info: assigning task T24 to worker W1
1746757277.657812: 3230899-7f86876c2700: cdpl_server_ipc.c:857: in _sv_on_finish(): info: worker W1 completed task T24
1746757277.657854: 3230899-7f8686ec1700: cdpl_server_sched.c:955: in _assign(): info: assigning task T27 to worker W1
1746757299.042846: 3230899-7f86876c2700: cdpl_server_ipc.c:857: in _sv_on_finish(): info: worker W1 completed task T27
1746757299.042886: 3230899-7f8686ec1700: cdpl_server_sched.c:955: in _assign(): info: assigning task T26 to worker W1
1746757308.338230: 3230899-7f86876c2700: cdpl_server_ipc.c:857: in _sv_on_finish(): info: worker W1 completed task T26
1746757308.338282: 3230899-7f8686ec1700: cdpl_server_sched.c:955: in _assign(): info: assigning task T25 to worker W1
1746757317.538311: 3230899-7f86876c2700: cdpl_server_ipc.c:857: in _sv_on_finish(): info: worker W1 completed task T25
1746757317.538347: 3230899-7f8686ec1700: cdpl_server_sched.c:955: in _assign(): info: assigning task T32 to worker W1
1746757326.595528: 3230899-7f86876c2700: cdpl_server_ipc.c:857: in _sv_on_finish(): info: worker W1 completed task T32
1746757326.595568: 3230899-7f8686ec1700: cdpl_server_sched.c:955: in _assign(): info: assigning task T12 to worker W1
1746757334.240479: 3230899-7f86876c2700: cdpl_server_ipc.c:857: in _sv_on_finish(): info: worker W1 completed task T12
1746757334.240511: 3230899-7f8686ec1700: cdpl_server_sched.c:955: in _assign(): info: assigning task T13 to worker W1
1746757341.849088: 3230899-7f86876c2700: cdpl_server_ipc.c:857: in _sv_on_finish(): info: worker W1 completed task T13
1746757341.849126: 3230899-7f8686ec1700: cdpl_server_sched.c:955: in _assign(): info: assigning task T14 to worker W1
1746757349.568723: 3230899-7f86876c2700: cdpl_server_ipc.c:857: in _sv_on_finish(): info: worker W1 completed task T14
1746757349.568764: 3230899-7f8686ec1700: cdpl_server_sched.c:955: in _assign(): info: assigning task T15 to worker W1
1746757357.436626: 3230899-7f86876c2700: cdpl_server_ipc.c:857: in _sv_on_finish(): info: worker W1 completed task T15
1746757357.436664: 3230899-7f8686ec1700: cdpl_server_sched.c:955: in _assign(): info: assigning task T16 to worker W1
1746757365.138199: 3230899-7f86876c2700: cdpl_server_ipc.c:857: in _sv_on_finish(): info: worker W1 completed task T16
1746757365.138244: 3230899-7f8686ec1700: cdpl_server_sched.c:955: in _assign(): info: assigning task T29 to worker W1
1746757372.923783: 3230899-7f86876c2700: cdpl_server_ipc.c:857: in _sv_on_finish(): info: worker W1 completed task T29
1746757372.924619: 3230899-7f8686ec1700: cdpl_server_sched.c:955: in _assign(): info: assigning task T30 to worker W1
1746757380.847629: 3230899-7f86876c2700: cdpl_server_ipc.c:857: in _sv_on_finish(): info: worker W1 completed task T30
1746757380.847671: 3230899-7f8686ec1700: cdpl_server_sched.c:955: in _assign(): info: assigning task T31 to worker W1
1746757388.994879: 3230899-7f86876c2700: cdpl_server_ipc.c:857: in _sv_on_finish(): info: worker W1 completed task T31
1746757388.994937: 3230899-7f8686ec1700: cdpl_server_sched.c:955: in _assign(): info: assigning task T33 to worker W1
1746757396.871945: 3230899-7f86876c2700: cdpl_server_ipc.c:857: in _sv_on_finish(): info: worker W1 completed task T33
1746757808.385324: 3230899-7f86a0e120c0: cdpl_server.c:1824: in _sv_gen_task(): info: new task T34 in B1 (prio 2)
1746757808.385820: 3230899-7f86a0e120c0: cdpl_server.c:2558: in cdpl_sv_label_task_va(): info: setting task T34 label to "delay__B__lh__OUT__hl__ACQ_1 of NAND2"
1746757808.385843: 3230899-7f8686ec1700: cdpl_server_sched.c:955: in _assign(): info: assigning task T34 to worker W1
1746757808.385892: 3230899-7f86a0e120c0: cdpl_server.c:1824: in _sv_gen_task(): info: new task T35 in B1 (prio 2)
1746757808.385896: 3230899-7f86a0e120c0: cdpl_server.c:2558: in cdpl_sv_label_task_va(): info: setting task T35 label to "delay__B__hl__OUT__lh__ACQ_1 of NAND2"
1746757808.385932: 3230899-7f86a0e120c0: cdpl_server.c:1824: in _sv_gen_task(): info: new task T36 in B1 (prio 3)
1746757808.385935: 3230899-7f86a0e120c0: cdpl_server.c:2558: in cdpl_sv_label_task_va(): info: setting task T36 label to "leakage_power__ACQ_1 of NAND2"
1746757808.385961: 3230899-7f86a0e120c0: cdpl_server.c:1824: in _sv_gen_task(): info: new task T37 in B1 (prio 5)
1746757808.385964: 3230899-7f86a0e120c0: cdpl_server.c:2558: in cdpl_sv_label_task_va(): info: setting task T37 label to "Cin__VSS__lh__ACQ_1 of NAND2"
1746757808.385988: 3230899-7f86a0e120c0: cdpl_server.c:1824: in _sv_gen_task(): info: new task T38 in B1 (prio 5)
1746757808.385991: 3230899-7f86a0e120c0: cdpl_server.c:2558: in cdpl_sv_label_task_va(): info: setting task T38 label to "Cin__VSS__hl__ACQ_1 of NAND2"
1746757808.386015: 3230899-7f86a0e120c0: cdpl_server.c:1824: in _sv_gen_task(): info: new task T39 in B1 (prio 2)
1746757808.386018: 3230899-7f86a0e120c0: cdpl_server.c:2558: in cdpl_sv_label_task_va(): info: setting task T39 label to "delay__A__lh__OUT__hl__ACQ_1 of NAND2"
1746757808.386041: 3230899-7f86a0e120c0: cdpl_server.c:1824: in _sv_gen_task(): info: new task T40 in B1 (prio 2)
1746757808.386044: 3230899-7f86a0e120c0: cdpl_server.c:2558: in cdpl_sv_label_task_va(): info: setting task T40 label to "delay__A__hl__OUT__lh__ACQ_1 of NAND2"
1746757808.386064: 3230899-7f86a0e120c0: cdpl_server.c:1824: in _sv_gen_task(): info: new task T41 in B1 (prio 5)
1746757808.386070: 3230899-7f86a0e120c0: cdpl_server.c:2558: in cdpl_sv_label_task_va(): info: setting task T41 label to "Cin__VDD__lh__ACQ_1 of NAND2"
1746757808.386100: 3230899-7f86a0e120c0: cdpl_server.c:1824: in _sv_gen_task(): info: new task T42 in B1 (prio 5)
1746757808.386103: 3230899-7f86a0e120c0: cdpl_server.c:2558: in cdpl_sv_label_task_va(): info: setting task T42 label to "Cin__VDD__hl__ACQ_1 of NAND2"
1746757816.733240: 3230899-7f86876c2700: cdpl_server_ipc.c:857: in _sv_on_finish(): info: worker W1 completed task T34
1746757816.733283: 3230899-7f8686ec1700: cdpl_server_sched.c:955: in _assign(): info: assigning task T35 to worker W1
1746757824.742891: 3230899-7f86876c2700: cdpl_server_ipc.c:857: in _sv_on_finish(): info: worker W1 completed task T35
1746757824.742943: 3230899-7f8686ec1700: cdpl_server_sched.c:955: in _assign(): info: assigning task T39 to worker W1
1746757832.629507: 3230899-7f86876c2700: cdpl_server_ipc.c:857: in _sv_on_finish(): info: worker W1 completed task T39
1746757832.629555: 3230899-7f8686ec1700: cdpl_server_sched.c:955: in _assign(): info: assigning task T40 to worker W1
1746757840.264330: 3230899-7f86876c2700: cdpl_server_ipc.c:857: in _sv_on_finish(): info: worker W1 completed task T40
1746757840.264373: 3230899-7f8686ec1700: cdpl_server_sched.c:955: in _assign(): info: assigning task T36 to worker W1
1746757847.918901: 3230899-7f86876c2700: cdpl_server_ipc.c:857: in _sv_on_finish(): info: worker W1 completed task T36
1746757847.918945: 3230899-7f8686ec1700: cdpl_server_sched.c:955: in _assign(): info: assigning task T37 to worker W1
1746757855.472442: 3230899-7f86876c2700: cdpl_server_ipc.c:857: in _sv_on_finish(): info: worker W1 completed task T37
1746757855.472486: 3230899-7f8686ec1700: cdpl_server_sched.c:955: in _assign(): info: assigning task T38 to worker W1
1746757863.343216: 3230899-7f86876c2700: cdpl_server_ipc.c:857: in _sv_on_finish(): info: worker W1 completed task T38
1746757863.343267: 3230899-7f8686ec1700: cdpl_server_sched.c:955: in _assign(): info: assigning task T41 to worker W1
1746757871.185823: 3230899-7f86876c2700: cdpl_server_ipc.c:857: in _sv_on_finish(): info: worker W1 completed task T41
1746757871.185873: 3230899-7f8686ec1700: cdpl_server_sched.c:955: in _assign(): info: assigning task T42 to worker W1
1746757878.790924: 3230899-7f86876c2700: cdpl_server_ipc.c:857: in _sv_on_finish(): info: worker W1 completed task T42
1746757992.925363: 3230899-7f86a0e120c0: cdpl_compat_master.c:5152: in cdplMasterLogInfo(): info: [non-CDPL log entry] Ending current CDPL job
1746757992.926098: 3230899-7f86a0e120c0: cdpl_server.c:2890: in cdpl_sv_halt_job_errno(): info: stopping job J1
1746757992.926284: 3230899-7f8686ec1700: cdpl_server_sched.c:2711: in _sv_drop_worker(): info: down to 0 alive workers in B1
1746757992.926328: 3230899-7f86a0e120c0: cdpl_server.c:2875: in cdpl_sv_halt_job_errno(): info: killing job J1
1746757992.926338: 3230899-7f86a0e120c0: cdpl_server.c:288: in _sv_free_job(): info: freeing job J1
1746757992.926443: 3230899-7f86a0e120c0: cdpl_farm.c:2395: in cdpl_farm_free(): info: freeing farm
1746757992.926772: 3230899-7f86a0e120c0: cdpl_server.c:3011: in cdpl_sv_free(): info: freeing server S465881723
1746757992.926775: 3230899-7f86a0e120c0: cdpl_server.c:2976: in cdpl_sv_kill_errno(): info: killing server
1746757992.926987: 3230899-7f86a0e120c0: cdpl_server.c:328: in _sv_free_master(): info: freeing master M1
1746757992.927040: 3230899-7f86a0e120c0: cdpl_log.c:371: in cdpl_log_close(): info: @@end_of_log@@
