INFO (ABS-19020): Starting @(#)$CDS: Abstract version 6.1.8-64b 09/28/2022 10:57 (cpgsrv12) $, sub-version  IC6.1.8-64b.500.28 , on  2.6.32-431.11.2.el6.x86_64
*WARNING* LIB uart from File /home/010/e/eb/ebw220000/cad/EE4325_UART_Project/gf65/cds.lib Line 89 redefines
LIB uart from the same file (defined earlier.)
*WARNING* LIB uart from File /home/010/e/eb/ebw220000/cad/EE4325_UART_Project/gf65/cds.lib Line 89 redefines
LIB uart from the same file (defined earlier.)
INFO (ABS-10500): Library tutorial Opening /home/010/e/eb/ebw220000/cad/EE4325_UART_Project/gf65/tutorial
Loading cmos10lpe Procedures for Cadence Version "6.1.8-64b"
Loading Display Resources File  '/proj/cad/library/mosis/GF65_LPe/cmos10lpe_CDS_oa_dl064_11_20160415/cmos10lpe/display.drf'
Loading context file pdk.cxt
cmos10lpe setting techfile rules
Inductor table created
Loading esd10lpe/libInit.il ...
	Loading esd10lpe/loadCxt.ile ... done!
	Loading context 'esd10lpe' from library 'esd10lpe' ... done!
	Loading context 'pdkUtils' from library 'esd10lpe' ... done!
	Loading esd10lpe/libInitCktPro.il ... done!
	Loading esd10lpe/libInitCustomExit.il ... done!
Loaded esd10lpe/libInit.il successfully!
	Loading esd10lpe/libInit.il ... Loading esd10lpe/libInit.il ...
	Loading esd10lpe/libInitCktPro.il ... done!
	Loading esd10lpe/libInitCustomExit.il ... done!
Loaded esd10lpe/libInit.il successfully!
Loading libInit.il for esd10lpe done!
Enabling auCdlCDFPinCntrl and auCdlPrintEmptySUBCKT
INFO (ABS-10011): Verifying Technology Data ...
INFO (ABS-10012): Layer summary: 8 metal layer(s), 7 via layer(s), 2 poly layer(s), and 1 diff layer(s) found
INFO (ABS-20023): Via summary: 7 valid via(s) found
INFO (ABS-20049): The layer dNGATE, defined in the spacingTables section of the foundry constraint group, is also defined in the techDerivedLayers section of the technology file. The abstract generator does not support derived layers and this layer will, therefore, be ignored. As a result, the abstracts generated will not have any shape on this layer.
INFO (ABS-20049): The layer dPGATE, defined in the spacingTables section of the foundry constraint group, is also defined in the techDerivedLayers section of the technology file. The abstract generator does not support derived layers and this layer will, therefore, be ignored. As a result, the abstracts generated will not have any shape on this layer.
INFO (ABS-20049): The layer dNGATE, defined in the spacingTables section of the foundry constraint group, is also defined in the techDerivedLayers section of the technology file. The abstract generator does not support derived layers and this layer will, therefore, be ignored. As a result, the abstracts generated will not have any shape on this layer.
INFO (ABS-20049): The layer dPGATE, defined in the spacingTables section of the foundry constraint group, is also defined in the techDerivedLayers section of the technology file. The abstract generator does not support derived layers and this layer will, therefore, be ignored. As a result, the abstracts generated will not have any shape on this layer.
INFO (ABS-20049): The layer dNGATEandRX, defined in the spacingTables section of the foundry constraint group, is also defined in the techDerivedLayers section of the technology file. The abstract generator does not support derived layers and this layer will, therefore, be ignored. As a result, the abstracts generated will not have any shape on this layer.
INFO (ABS-20049): The layer dPGATEandRX, defined in the spacingTables section of the foundry constraint group, is also defined in the techDerivedLayers section of the technology file. The abstract generator does not support derived layers and this layer will, therefore, be ignored. As a result, the abstracts generated will not have any shape on this layer.
INFO (ABS-20049): The layer dGATE, defined in the spacingTables section of the foundry constraint group, is also defined in the techDerivedLayers section of the technology file. The abstract generator does not support derived layers and this layer will, therefore, be ignored. As a result, the abstracts generated will not have any shape on this layer.
INFO (ABS-20049): The layer dRXandDG, defined in the spacingTables section of the foundry constraint group, is also defined in the techDerivedLayers section of the technology file. The abstract generator does not support derived layers and this layer will, therefore, be ignored. As a result, the abstracts generated will not have any shape on this layer.
INFO (ABS-20049): The layer dPCandDG, defined in the spacingTables section of the foundry constraint group, is also defined in the techDerivedLayers section of the technology file. The abstract generator does not support derived layers and this layer will, therefore, be ignored. As a result, the abstracts generated will not have any shape on this layer.
INFO (ABS-20049): The layer dRXsubcont, defined in the spacingTables section of the foundry constraint group, is also defined in the techDerivedLayers section of the technology file. The abstract generator does not support derived layers and this layer will, therefore, be ignored. As a result, the abstracts generated will not have any shape on this layer.
INFO (ABS-20049): The layer dRXnjunction, defined in the spacingTables section of the foundry constraint group, is also defined in the techDerivedLayers section of the technology file. The abstract generator does not support derived layers and this layer will, therefore, be ignored. As a result, the abstracts generated will not have any shape on this layer.
INFO (ABS-20049): The layer dTW, defined in the spacingTables section of the foundry constraint group, is also defined in the techDerivedLayers section of the technology file. The abstract generator does not support derived layers and this layer will, therefore, be ignored. As a result, the abstracts generated will not have any shape on this layer.
INFO (ABS-20049): The layer dGATEandNAT, defined in the spacingTables section of the foundry constraint group, is also defined in the techDerivedLayers section of the technology file. The abstract generator does not support derived layers and this layer will, therefore, be ignored. As a result, the abstracts generated will not have any shape on this layer.
INFO (ABS-20049): The layer dGATEandNAT, defined in the spacingTables section of the foundry constraint group, is also defined in the techDerivedLayers section of the technology file. The abstract generator does not support derived layers and this layer will, therefore, be ignored. As a result, the abstracts generated will not have any shape on this layer.
INFO (ABS-20049): The layer dGATEandNATandDG, defined in the spacingTables section of the foundry constraint group, is also defined in the techDerivedLayers section of the technology file. The abstract generator does not support derived layers and this layer will, therefore, be ignored. As a result, the abstracts generated will not have any shape on this layer.
INFO (ABS-20049): The layer dGATE, defined in the spacingTables section of the foundry constraint group, is also defined in the techDerivedLayers section of the technology file. The abstract generator does not support derived layers and this layer will, therefore, be ignored. As a result, the abstracts generated will not have any shape on this layer.
INFO (ABS-20049): The layer dGATE, defined in the spacingTables section of the foundry constraint group, is also defined in the techDerivedLayers section of the technology file. The abstract generator does not support derived layers and this layer will, therefore, be ignored. As a result, the abstracts generated will not have any shape on this layer.
INFO (ABS-20049): The layer dLVTorLW, defined in the spacingTables section of the foundry constraint group, is also defined in the techDerivedLayers section of the technology file. The abstract generator does not support derived layers and this layer will, therefore, be ignored. As a result, the abstracts generated will not have any shape on this layer.
INFO (ABS-20049): The layer dLVTorLW, defined in the spacingTables section of the foundry constraint group, is also defined in the techDerivedLayers section of the technology file. The abstract generator does not support derived layers and this layer will, therefore, be ignored. As a result, the abstracts generated will not have any shape on this layer.
INFO (ABS-20049): The layer dLVTorLW, defined in the spacingTables section of the foundry constraint group, is also defined in the techDerivedLayers section of the technology file. The abstract generator does not support derived layers and this layer will, therefore, be ignored. As a result, the abstracts generated will not have any shape on this layer.
INFO (ABS-20049): The layer dLVTorXW, defined in the spacingTables section of the foundry constraint group, is also defined in the techDerivedLayers section of the technology file. The abstract generator does not support derived layers and this layer will, therefore, be ignored. As a result, the abstracts generated will not have any shape on this layer.
INFO (ABS-20049): The layer dLVTorXW, defined in the spacingTables section of the foundry constraint group, is also defined in the techDerivedLayers section of the technology file. The abstract generator does not support derived layers and this layer will, therefore, be ignored. As a result, the abstracts generated will not have any shape on this layer.
INFO (ABS-20049): The layer dLVTorXW, defined in the spacingTables section of the foundry constraint group, is also defined in the techDerivedLayers section of the technology file. The abstract generator does not support derived layers and this layer will, therefore, be ignored. As a result, the abstracts generated will not have any shape on this layer.
INFO (ABS-20049): The layer dLVTorXW, defined in the spacingTables section of the foundry constraint group, is also defined in the techDerivedLayers section of the technology file. The abstract generator does not support derived layers and this layer will, therefore, be ignored. As a result, the abstracts generated will not have any shape on this layer.
INFO (ABS-20049): The layer dLVTorXW, defined in the spacingTables section of the foundry constraint group, is also defined in the techDerivedLayers section of the technology file. The abstract generator does not support derived layers and this layer will, therefore, be ignored. As a result, the abstracts generated will not have any shape on this layer.
INFO (ABS-20049): The layer dLVTorXW, defined in the spacingTables section of the foundry constraint group, is also defined in the techDerivedLayers section of the technology file. The abstract generator does not support derived layers and this layer will, therefore, be ignored. As a result, the abstracts generated will not have any shape on this layer.
INFO (ABS-20049): The layer dHVTorNR, defined in the spacingTables section of the foundry constraint group, is also defined in the techDerivedLayers section of the technology file. The abstract generator does not support derived layers and this layer will, therefore, be ignored. As a result, the abstracts generated will not have any shape on this layer.
INFO (ABS-20049): The layer dHVTorNR, defined in the spacingTables section of the foundry constraint group, is also defined in the techDerivedLayers section of the technology file. The abstract generator does not support derived layers and this layer will, therefore, be ignored. As a result, the abstracts generated will not have any shape on this layer.
INFO (ABS-20049): The layer dHVTorNR, defined in the spacingTables section of the foundry constraint group, is also defined in the techDerivedLayers section of the technology file. The abstract generator does not support derived layers and this layer will, therefore, be ignored. As a result, the abstracts generated will not have any shape on this layer.
INFO (ABS-20049): The layer dHVTorNR, defined in the spacingTables section of the foundry constraint group, is also defined in the techDerivedLayers section of the technology file. The abstract generator does not support derived layers and this layer will, therefore, be ignored. As a result, the abstracts generated will not have any shape on this layer.
INFO (ABS-20049): The layer dHVTorNR, defined in the spacingTables section of the foundry constraint group, is also defined in the techDerivedLayers section of the technology file. The abstract generator does not support derived layers and this layer will, therefore, be ignored. As a result, the abstracts generated will not have any shape on this layer.
INFO (ABS-20049): The layer dHVTorPR, defined in the spacingTables section of the foundry constraint group, is also defined in the techDerivedLayers section of the technology file. The abstract generator does not support derived layers and this layer will, therefore, be ignored. As a result, the abstracts generated will not have any shape on this layer.
INFO (ABS-20049): The layer dHVTorPR, defined in the spacingTables section of the foundry constraint group, is also defined in the techDerivedLayers section of the technology file. The abstract generator does not support derived layers and this layer will, therefore, be ignored. As a result, the abstracts generated will not have any shape on this layer.
INFO (ABS-20049): The layer dHVTorPR, defined in the spacingTables section of the foundry constraint group, is also defined in the techDerivedLayers section of the technology file. The abstract generator does not support derived layers and this layer will, therefore, be ignored. As a result, the abstracts generated will not have any shape on this layer.
INFO (ABS-20049): The layer dHVTorPR, defined in the spacingTables section of the foundry constraint group, is also defined in the techDerivedLayers section of the technology file. The abstract generator does not support derived layers and this layer will, therefore, be ignored. As a result, the abstracts generated will not have any shape on this layer.
INFO (ABS-20049): The layer dHVTorPR, defined in the spacingTables section of the foundry constraint group, is also defined in the techDerivedLayers section of the technology file. The abstract generator does not support derived layers and this layer will, therefore, be ignored. As a result, the abstracts generated will not have any shape on this layer.
INFO (ABS-20049): The layer dHVTorPR, defined in the spacingTables section of the foundry constraint group, is also defined in the techDerivedLayers section of the technology file. The abstract generator does not support derived layers and this layer will, therefore, be ignored. As a result, the abstracts generated will not have any shape on this layer.
INFO (ABS-20049): The layer dGATE, defined in the spacingTables section of the foundry constraint group, is also defined in the techDerivedLayers section of the technology file. The abstract generator does not support derived layers and this layer will, therefore, be ignored. As a result, the abstracts generated will not have any shape on this layer.
INFO (ABS-20049): The layer dRXpjunction, defined in the spacingTables section of the foundry constraint group, is also defined in the techDerivedLayers section of the technology file. The abstract generator does not support derived layers and this layer will, therefore, be ignored. As a result, the abstracts generated will not have any shape on this layer.
INFO (ABS-20049): The layer dGATE, defined in the spacingTables section of the foundry constraint group, is also defined in the techDerivedLayers section of the technology file. The abstract generator does not support derived layers and this layer will, therefore, be ignored. As a result, the abstracts generated will not have any shape on this layer.
INFO (ABS-20049): The layer dRXnjunction, defined in the spacingTables section of the foundry constraint group, is also defined in the techDerivedLayers section of the technology file. The abstract generator does not support derived layers and this layer will, therefore, be ignored. As a result, the abstracts generated will not have any shape on this layer.
INFO (ABS-20049): The layer dRXnwellcont, defined in the spacingTables section of the foundry constraint group, is also defined in the techDerivedLayers section of the technology file. The abstract generator does not support derived layers and this layer will, therefore, be ignored. As a result, the abstracts generated will not have any shape on this layer.
INFO (ABS-20049): The layer dGATE, defined in the spacingTables section of the foundry constraint group, is also defined in the techDerivedLayers section of the technology file. The abstract generator does not support derived layers and this layer will, therefore, be ignored. As a result, the abstracts generated will not have any shape on this layer.
INFO (ABS-20049): The layer dRXpjunction, defined in the spacingTables section of the foundry constraint group, is also defined in the techDerivedLayers section of the technology file. The abstract generator does not support derived layers and this layer will, therefore, be ignored. As a result, the abstracts generated will not have any shape on this layer.
INFO (ABS-20049): The layer dGATE, defined in the spacingTables section of the foundry constraint group, is also defined in the techDerivedLayers section of the technology file. The abstract generator does not support derived layers and this layer will, therefore, be ignored. As a result, the abstracts generated will not have any shape on this layer.
INFO (ABS-20049): The layer dRXnjunction, defined in the spacingTables section of the foundry constraint group, is also defined in the techDerivedLayers section of the technology file. The abstract generator does not support derived layers and this layer will, therefore, be ignored. As a result, the abstracts generated will not have any shape on this layer.
INFO (ABS-20049): The layer dRXnwellcont, defined in the spacingTables section of the foundry constraint group, is also defined in the techDerivedLayers section of the technology file. The abstract generator does not support derived layers and this layer will, therefore, be ignored. As a result, the abstracts generated will not have any shape on this layer.
INFO (ABS-20049): The layer dDGorT3, defined in the spacingTables section of the foundry constraint group, is also defined in the techDerivedLayers section of the technology file. The abstract generator does not support derived layers and this layer will, therefore, be ignored. As a result, the abstracts generated will not have any shape on this layer.
INFO (ABS-20049): The layer dGATE, defined in the spacingTables section of the foundry constraint group, is also defined in the techDerivedLayers section of the technology file. The abstract generator does not support derived layers and this layer will, therefore, be ignored. As a result, the abstracts generated will not have any shape on this layer.
INFO (ABS-20049): The layer dRXandBIPOLAR, defined in the spacingTables section of the foundry constraint group, is also defined in the techDerivedLayers section of the technology file. The abstract generator does not support derived layers and this layer will, therefore, be ignored. As a result, the abstracts generated will not have any shape on this layer.
INFO (ABS-20049): The layer dRXandBIPOLAR, defined in the spacingTables section of the foundry constraint group, is also defined in the techDerivedLayers section of the technology file. The abstract generator does not support derived layers and this layer will, therefore, be ignored. As a result, the abstracts generated will not have any shape on this layer.
INFO (ABS-20049): The layer dNCAPorVAR, defined in the spacingTables section of the foundry constraint group, is also defined in the techDerivedLayers section of the technology file. The abstract generator does not support derived layers and this layer will, therefore, be ignored. As a result, the abstracts generated will not have any shape on this layer.
INFO (ABS-20049): The layer dNCAPorVAR, defined in the spacingTables section of the foundry constraint group, is also defined in the techDerivedLayers section of the technology file. The abstract generator does not support derived layers and this layer will, therefore, be ignored. As a result, the abstracts generated will not have any shape on this layer.
INFO (ABS-20049): The layer dNCAPorVAR, defined in the spacingTables section of the foundry constraint group, is also defined in the techDerivedLayers section of the technology file. The abstract generator does not support derived layers and this layer will, therefore, be ignored. As a result, the abstracts generated will not have any shape on this layer.
INFO (ABS-20049): The layer dNCAPorVAR, defined in the spacingTables section of the foundry constraint group, is also defined in the techDerivedLayers section of the technology file. The abstract generator does not support derived layers and this layer will, therefore, be ignored. As a result, the abstracts generated will not have any shape on this layer.
INFO (ABS-20049): The layer dNCAPorVAR, defined in the spacingTables section of the foundry constraint group, is also defined in the techDerivedLayers section of the technology file. The abstract generator does not support derived layers and this layer will, therefore, be ignored. As a result, the abstracts generated will not have any shape on this layer.
INFO (ABS-20049): The layer dGATEandNCAP, defined in the spacingTables section of the foundry constraint group, is also defined in the techDerivedLayers section of the technology file. The abstract generator does not support derived layers and this layer will, therefore, be ignored. As a result, the abstracts generated will not have any shape on this layer.
INFO (ABS-20049): The layer dPCAPorVAR, defined in the spacingTables section of the foundry constraint group, is also defined in the techDerivedLayers section of the technology file. The abstract generator does not support derived layers and this layer will, therefore, be ignored. As a result, the abstracts generated will not have any shape on this layer.
INFO (ABS-20049): The layer dPCAPorVAR, defined in the spacingTables section of the foundry constraint group, is also defined in the techDerivedLayers section of the technology file. The abstract generator does not support derived layers and this layer will, therefore, be ignored. As a result, the abstracts generated will not have any shape on this layer.
INFO (ABS-20049): The layer dPCAPorVAR, defined in the spacingTables section of the foundry constraint group, is also defined in the techDerivedLayers section of the technology file. The abstract generator does not support derived layers and this layer will, therefore, be ignored. As a result, the abstracts generated will not have any shape on this layer.
INFO (ABS-20049): The layer dPCAPorVAR, defined in the spacingTables section of the foundry constraint group, is also defined in the techDerivedLayers section of the technology file. The abstract generator does not support derived layers and this layer will, therefore, be ignored. As a result, the abstracts generated will not have any shape on this layer.
INFO (ABS-20049): The layer dPCAPorVAR, defined in the spacingTables section of the foundry constraint group, is also defined in the techDerivedLayers section of the technology file. The abstract generator does not support derived layers and this layer will, therefore, be ignored. As a result, the abstracts generated will not have any shape on this layer.
INFO (ABS-20049): The layer dGATEandPCAP, defined in the spacingTables section of the foundry constraint group, is also defined in the techDerivedLayers section of the technology file. The abstract generator does not support derived layers and this layer will, therefore, be ignored. As a result, the abstracts generated will not have any shape on this layer.
INFO (ABS-20049): The layer dPCnotOP, defined in the spacingTables section of the foundry constraint group, is also defined in the techDerivedLayers section of the technology file. The abstract generator does not support derived layers and this layer will, therefore, be ignored. As a result, the abstracts generated will not have any shape on this layer.
INFO (ABS-20049): The layer dRXnotOP, defined in the spacingTables section of the foundry constraint group, is also defined in the techDerivedLayers section of the technology file. The abstract generator does not support derived layers and this layer will, therefore, be ignored. As a result, the abstracts generated will not have any shape on this layer.
INFO (ABS-20049): The layer dGATE, defined in the spacingTables section of the foundry constraint group, is also defined in the techDerivedLayers section of the technology file. The abstract generator does not support derived layers and this layer will, therefore, be ignored. As a result, the abstracts generated will not have any shape on this layer.
INFO (ABS-20049): The layer dRXandOP, defined in the spacingTables section of the foundry constraint group, is also defined in the techDerivedLayers section of the technology file. The abstract generator does not support derived layers and this layer will, therefore, be ignored. As a result, the abstracts generated will not have any shape on this layer.
INFO (ABS-20049): The layer dPCandOP, defined in the spacingTables section of the foundry constraint group, is also defined in the techDerivedLayers section of the technology file. The abstract generator does not support derived layers and this layer will, therefore, be ignored. As a result, the abstracts generated will not have any shape on this layer.
INFO (ABS-20049): The layer dPCandOP, defined in the spacingTables section of the foundry constraint group, is also defined in the techDerivedLayers section of the technology file. The abstract generator does not support derived layers and this layer will, therefore, be ignored. As a result, the abstracts generated will not have any shape on this layer.
INFO (ABS-20049): The layer dRXandIND, defined in the spacingTables section of the foundry constraint group, is also defined in the techDerivedLayers section of the technology file. The abstract generator does not support derived layers and this layer will, therefore, be ignored. As a result, the abstracts generated will not have any shape on this layer.
INFO (ABS-20049): The layer dRXandIND, defined in the spacingTables section of the foundry constraint group, is also defined in the techDerivedLayers section of the technology file. The abstract generator does not support derived layers and this layer will, therefore, be ignored. As a result, the abstracts generated will not have any shape on this layer.
INFO (ABS-20049): The layer dRXandIND, defined in the spacingTables section of the foundry constraint group, is also defined in the techDerivedLayers section of the technology file. The abstract generator does not support derived layers and this layer will, therefore, be ignored. As a result, the abstracts generated will not have any shape on this layer.
INFO (ABS-20049): The layer dPCandIND, defined in the spacingTables section of the foundry constraint group, is also defined in the techDerivedLayers section of the technology file. The abstract generator does not support derived layers and this layer will, therefore, be ignored. As a result, the abstracts generated will not have any shape on this layer.
INFO (ABS-20049): The layer dPCandIND, defined in the spacingTables section of the foundry constraint group, is also defined in the techDerivedLayers section of the technology file. The abstract generator does not support derived layers and this layer will, therefore, be ignored. As a result, the abstracts generated will not have any shape on this layer.
INFO (ABS-20049): The layer dPCandIND, defined in the spacingTables section of the foundry constraint group, is also defined in the techDerivedLayers section of the technology file. The abstract generator does not support derived layers and this layer will, therefore, be ignored. As a result, the abstracts generated will not have any shape on this layer.
INFO (ABS-20049): The layer dLVTorXW, defined in the spacingTables section of the foundry constraint group, is also defined in the techDerivedLayers section of the technology file. The abstract generator does not support derived layers and this layer will, therefore, be ignored. As a result, the abstracts generated will not have any shape on this layer.
INFO (ABS-20049): The layer dHVTorNR, defined in the spacingTables section of the foundry constraint group, is also defined in the techDerivedLayers section of the technology file. The abstract generator does not support derived layers and this layer will, therefore, be ignored. As a result, the abstracts generated will not have any shape on this layer.
INFO (ABS-20049): The layer dHVTorPR, defined in the spacingTables section of the foundry constraint group, is also defined in the techDerivedLayers section of the technology file. The abstract generator does not support derived layers and this layer will, therefore, be ignored. As a result, the abstracts generated will not have any shape on this layer.
INFO (ABS-20049): The layer dRXandBIPOLAR, defined in the spacingTables section of the foundry constraint group, is also defined in the techDerivedLayers section of the technology file. The abstract generator does not support derived layers and this layer will, therefore, be ignored. As a result, the abstracts generated will not have any shape on this layer.
INFO (ABS-20049): The layer dNCAPorVAR, defined in the spacingTables section of the foundry constraint group, is also defined in the techDerivedLayers section of the technology file. The abstract generator does not support derived layers and this layer will, therefore, be ignored. As a result, the abstracts generated will not have any shape on this layer.
INFO (ABS-20049): The layer dPCAPorVAR, defined in the spacingTables section of the foundry constraint group, is also defined in the techDerivedLayers section of the technology file. The abstract generator does not support derived layers and this layer will, therefore, be ignored. As a result, the abstracts generated will not have any shape on this layer.
INFO (ABS-20049): The layer dCAandRX, defined in the spacingTables section of the foundry constraint group, is also defined in the techDerivedLayers section of the technology file. The abstract generator does not support derived layers and this layer will, therefore, be ignored. As a result, the abstracts generated will not have any shape on this layer.
INFO (ABS-20049): The layer dCAandPC, defined in the spacingTables section of the foundry constraint group, is also defined in the techDerivedLayers section of the technology file. The abstract generator does not support derived layers and this layer will, therefore, be ignored. As a result, the abstracts generated will not have any shape on this layer.
INFO (ABS-10503): Loading options for library tutorial from file /home/010/e/eb/ebw220000/cad/EE4325_UART_Project/gf65/.abstract/tutorial/.abstract.options.
INFO (ABS-10501): Library tutorial Loading 9 cells
INFO (ABS-10502): Library tutorial Loaded 9 cells
INFO (ABS-10507): Library tutorial opened
INFO (ABS-19046): Abstract Generator no longer uses the '.abstract.options' file in the selected design library as the default options file. The new default file location is <current working directory>/.abstract/<library name>/.abstract.options. 
INFO (ABS-19047): Abstract Generator no longer uses the '.abstract.status' file present in the selected lib/cell directory . The new default file location for each cell is <current working directory>/.abstract/<library name>/cellStatus/.abstract.status.<cellName>. 
*WARNING* (ABS-20061): Abstract Generator will ignore the value of the 'ReadOnlyTechnology' option and will not save the layer-purpose pairs in the technology file. Support for the 'ReadOnlyTechnology' option will be removed in a future release.
INFO (ABS-10509): Saving existing options file for library tutorial to /home/010/e/eb/ebw220000/cad/EE4325_UART_Project/gf65/.abstract/tutorial/.abstract.options.prev
INFO (ABS-10511): Saving current option settings for library tutorial to the file /home/010/e/eb/ebw220000/cad/EE4325_UART_Project/gf65/.abstract/tutorial/.abstract.options.
INFO (ABS-11900): Cell DFF: Step Pins started
INFO (ABS-12015): Cell DFF: The PR boundary does not enclose all cellview geometries. This is because not all layers with geometry for calculating PR boundary have been specified in the "Using geometry on layers" field on the "Boundary" tab. Ensure that all the required layers have been specified in this field.
INFO (ABS-12005): Cell DFF: The pin CLK has been created for the label CLK at (-3777,671).
INFO (ABS-12005): Cell DFF: The pin D has been created for the label D at (-1957,671).
INFO (ABS-12005): Cell DFF: The pin Q has been created for the label Q at (3503,671).
INFO (ABS-12005): Cell DFF: The pin R has been created for the label R at (-2997,671).
INFO (ABS-12005): Cell DFF: The pin GND! has been created for the label GND! at (-2238,-1941).
INFO (ABS-12005): Cell DFF: The pin VDD! has been created for the label VDD! at (-2521,3903).
INFO (ABS-12003): Cell DFF: 6 pins have been created.
INFO (ABS-11901): Cell DFF: Step Pins finished
INFO (ABS-10509): Saving existing options file for library tutorial to /home/010/e/eb/ebw220000/cad/EE4325_UART_Project/gf65/.abstract/tutorial/.abstract.options.prev
INFO (ABS-10511): Saving current option settings for library tutorial to the file /home/010/e/eb/ebw220000/cad/EE4325_UART_Project/gf65/.abstract/tutorial/.abstract.options.
INFO (ABS-11900): Cell DFF: Step Extract started
INFO (ABS-13002): Cell DFF: extracting 6 nets
INFO (ABS-13004): Cell DFF: extracting the net CLK, 1 of 6.
INFO (ABS-13004): Cell DFF: extracting the net D, 2 of 6.
INFO (ABS-13004): Cell DFF: extracting the net Q, 3 of 6.
INFO (ABS-13004): Cell DFF: extracting the net R, 4 of 6.
INFO (ABS-13004): Cell DFF: extracting the net GND!, 5 of 6.
INFO (ABS-13004): Cell DFF: extracting the net VDD!, 6 of 6.
INFO (ABS-11901): Cell DFF: Step Extract finished
INFO (ABS-10509): Saving existing options file for library tutorial to /home/010/e/eb/ebw220000/cad/EE4325_UART_Project/gf65/.abstract/tutorial/.abstract.options.prev
INFO (ABS-10511): Saving current option settings for library tutorial to the file /home/010/e/eb/ebw220000/cad/EE4325_UART_Project/gf65/.abstract/tutorial/.abstract.options.
INFO (ABS-11900): Cell DFF: Step Abstract started
INFO (ABS-19026): Cell DFF: Generating detailed blockages for layer V1
INFO (ABS-19026): Cell DFF: Generating detailed blockages for layer V2
INFO (ABS-19026): Cell DFF: Generating detailed blockages for layer M1
INFO (ABS-19026): Cell DFF: Generating detailed blockages for layer M2
INFO (ABS-19026): Cell DFF: Generating detailed blockages for layer M3
INFO (ABS-19026): Cell DFF: Generating detailed blockages for layer V3
INFO (ABS-19026): Cell DFF: Generating detailed blockages for layer M4
INFO (ABS-19026): Cell DFF: Generating detailed blockages for layer V4
INFO (ABS-19026): Cell DFF: Generating detailed blockages for layer M5
INFO (ABS-19026): Cell DFF: Generating detailed blockages for layer V5
INFO (ABS-19026): Cell DFF: Generating detailed blockages for layer M6
INFO (ABS-19026): Cell DFF: Generating detailed blockages for layer NT
INFO (ABS-19026): Cell DFF: Generating detailed blockages for layer EA
INFO (ABS-19026): Cell DFF: Generating detailed blockages for layer VV
INFO (ABS-19026): Cell DFF: Generating detailed blockages for layer LB
*WARNING* (ABS-11026): Bus annotation cannot be completed for the specified abstract because the logical view for cell DFF is invalid.
INFO (ABS-11901): Cell DFF: Step Abstract finished
*WARNING* (ABS-20045): Failed to create the 'CoreSite' site on disk. File '/proj/cad/library/mosis/GF65_LPe/cmos10lpe_CDS_oa_dl064_11_20160415/cmos10lpe/tech.db' is not writable.
INFO (ABS-10014): Created the CoreSite site in VM
INFO (ABS-10509): Saving existing options file for library tutorial to /home/010/e/eb/ebw220000/cad/EE4325_UART_Project/gf65/.abstract/tutorial/.abstract.options.prev
INFO (ABS-10511): Saving current option settings for library tutorial to the file /home/010/e/eb/ebw220000/cad/EE4325_UART_Project/gf65/.abstract/tutorial/.abstract.options.
INFO (ABS-11900): Cell FILLER: Step Pins started
INFO (ABS-12015): Cell FILLER: The PR boundary does not enclose all cellview geometries. This is because not all layers with geometry for calculating PR boundary have been specified in the "Using geometry on layers" field on the "Boundary" tab. Ensure that all the required layers have been specified in this field.
INFO (ABS-12005): Cell FILLER: The pin GND! has been created for the label GND! at (-124,-3940).
INFO (ABS-12005): Cell FILLER: The pin VDD! has been created for the label VDD! at (-68,1892).
INFO (ABS-12003): Cell FILLER: 2 pins have been created.
*WARNING* (ABS-15072): The FILLER cell has no input terminals.
*WARNING* (ABS-15073): The FILLER cell has no output terminals.
INFO (ABS-11901): Cell FILLER: Step Pins finished
INFO (ABS-10509): Saving existing options file for library tutorial to /home/010/e/eb/ebw220000/cad/EE4325_UART_Project/gf65/.abstract/tutorial/.abstract.options.prev
INFO (ABS-10511): Saving current option settings for library tutorial to the file /home/010/e/eb/ebw220000/cad/EE4325_UART_Project/gf65/.abstract/tutorial/.abstract.options.
INFO (ABS-11900): Cell FILLER: Step Extract started
INFO (ABS-13002): Cell FILLER: extracting 2 nets
INFO (ABS-13004): Cell FILLER: extracting the net GND!, 1 of 2.
INFO (ABS-13004): Cell FILLER: extracting the net VDD!, 2 of 2.
INFO (ABS-11901): Cell FILLER: Step Extract finished
INFO (ABS-10509): Saving existing options file for library tutorial to /home/010/e/eb/ebw220000/cad/EE4325_UART_Project/gf65/.abstract/tutorial/.abstract.options.prev
INFO (ABS-10511): Saving current option settings for library tutorial to the file /home/010/e/eb/ebw220000/cad/EE4325_UART_Project/gf65/.abstract/tutorial/.abstract.options.
INFO (ABS-11900): Cell FILLER: Step Abstract started
INFO (ABS-19026): Cell FILLER: Generating detailed blockages for layer V1
INFO (ABS-19026): Cell FILLER: Generating detailed blockages for layer V2
INFO (ABS-19026): Cell FILLER: Generating detailed blockages for layer M1
INFO (ABS-19026): Cell FILLER: Generating detailed blockages for layer M2
INFO (ABS-19026): Cell FILLER: Generating detailed blockages for layer M3
INFO (ABS-19026): Cell FILLER: Generating detailed blockages for layer V3
INFO (ABS-19026): Cell FILLER: Generating detailed blockages for layer M4
INFO (ABS-19026): Cell FILLER: Generating detailed blockages for layer V4
INFO (ABS-19026): Cell FILLER: Generating detailed blockages for layer M5
INFO (ABS-19026): Cell FILLER: Generating detailed blockages for layer V5
INFO (ABS-19026): Cell FILLER: Generating detailed blockages for layer M6
INFO (ABS-19026): Cell FILLER: Generating detailed blockages for layer NT
INFO (ABS-19026): Cell FILLER: Generating detailed blockages for layer EA
INFO (ABS-19026): Cell FILLER: Generating detailed blockages for layer VV
INFO (ABS-19026): Cell FILLER: Generating detailed blockages for layer LB
*WARNING* (ABS-11026): Bus annotation cannot be completed for the specified abstract because the logical view for cell FILLER is invalid.
INFO (ABS-11901): Cell FILLER: Step Abstract finished
INFO (ABS-14028): Cell FILLER: predefined site CoreSite will be used
INFO (ABS-10509): Saving existing options file for library tutorial to /home/010/e/eb/ebw220000/cad/EE4325_UART_Project/gf65/.abstract/tutorial/.abstract.options.prev
INFO (ABS-10511): Saving current option settings for library tutorial to the file /home/010/e/eb/ebw220000/cad/EE4325_UART_Project/gf65/.abstract/tutorial/.abstract.options.
INFO (ABS-11900): Cell INV: Step Pins started
Loading techComp.cxt 
*WARNING* (ABS-11502): Couldn't open master "cmos10sf, rect, layout", referenced in cellview "cmos10lpe, rectArray, layout"
*WARNING* (ABS-11502): Couldn't open master "cmos10sf, rect, layout", referenced in cellview "cmos10lpe, rectArray, layout"
INFO (ABS-12015): Cell INV: The PR boundary does not enclose all cellview geometries. This is because not all layers with geometry for calculating PR boundary have been specified in the "Using geometry on layers" field on the "Boundary" tab. Ensure that all the required layers have been specified in this field.
INFO (ABS-12005): Cell INV: The pin IN has been created for the label IN at (-228,135).
INFO (ABS-12005): Cell INV: The pin OUT has been created for the label OUT at (292,135).
INFO (ABS-12005): Cell INV: The pin GND! has been created for the label GND! at (160,-2459).
INFO (ABS-12005): Cell INV: The pin VDD! has been created for the label VDD! at (83,3427).
INFO (ABS-12003): Cell INV: 4 pins have been created.
INFO (ABS-11901): Cell INV: Step Pins finished
INFO (ABS-11900): Cell NAND2: Step Pins started
INFO (ABS-12015): Cell NAND2: The PR boundary does not enclose all cellview geometries. This is because not all layers with geometry for calculating PR boundary have been specified in the "Using geometry on layers" field on the "Boundary" tab. Ensure that all the required layers have been specified in this field.
INFO (ABS-12005): Cell NAND2: The pin A has been created for the label A at (-266,-162).
INFO (ABS-12005): Cell NAND2: The pin B has been created for the label B at (254,-162).
INFO (ABS-12005): Cell NAND2: The pin OUT has been created for the label OUT at (774,-162).
INFO (ABS-12005): Cell NAND2: The pin GND! has been created for the label GND! at (219,-2762).
INFO (ABS-12005): Cell NAND2: The pin VDD! has been created for the label VDD! at (38,3070).
INFO (ABS-12003): Cell NAND2: 5 pins have been created.
INFO (ABS-11901): Cell NAND2: Step Pins finished
INFO (ABS-11900): Cell NAND3: Step Pins started
INFO (ABS-12015): Cell NAND3: The PR boundary does not enclose all cellview geometries. This is because not all layers with geometry for calculating PR boundary have been specified in the "Using geometry on layers" field on the "Boundary" tab. Ensure that all the required layers have been specified in this field.
INFO (ABS-12005): Cell NAND3: The pin A has been created for the label A at (-623,405).
INFO (ABS-12005): Cell NAND3: The pin B has been created for the label B at (-103,405).
INFO (ABS-12005): Cell NAND3: The pin C has been created for the label C at (937,405).
INFO (ABS-12005): Cell NAND3: The pin OUT has been created for the label OUT at (417,405).
INFO (ABS-12005): Cell NAND3: The pin GND! has been created for the label GND! at (-122,-2201).
INFO (ABS-12005): Cell NAND3: The pin VDD! has been created for the label VDD! at (-70,3627).
INFO (ABS-12003): Cell NAND3: 6 pins have been created.
INFO (ABS-11901): Cell NAND3: Step Pins finished
INFO (ABS-11900): Cell NOR2: Step Pins started
INFO (ABS-12015): Cell NOR2: The PR boundary does not enclose all cellview geometries. This is because not all layers with geometry for calculating PR boundary have been specified in the "Using geometry on layers" field on the "Boundary" tab. Ensure that all the required layers have been specified in this field.
INFO (ABS-12005): Cell NOR2: The pin A has been created for the label A at (-499,46).
INFO (ABS-12005): Cell NOR2: The pin B has been created for the label B at (21,46).
INFO (ABS-12005): Cell NOR2: The pin OUT has been created for the label OUT at (541,46).
INFO (ABS-12005): Cell NOR2: The pin GND! has been created for the label GND! at (-50,-2559).
INFO (ABS-12005): Cell NOR2: The pin VDD! has been created for the label VDD! at (94,3276).
INFO (ABS-12003): Cell NOR2: 5 pins have been created.
INFO (ABS-11901): Cell NOR2: Step Pins finished
INFO (ABS-11900): Cell OAI22: Step Pins started
INFO (ABS-12015): Cell OAI22: The PR boundary does not enclose all cellview geometries. This is because not all layers with geometry for calculating PR boundary have been specified in the "Using geometry on layers" field on the "Boundary" tab. Ensure that all the required layers have been specified in this field.
INFO (ABS-12005): Cell OAI22: The pin A has been created for the label A at (-1011,1506).
INFO (ABS-12005): Cell OAI22: The pin B has been created for the label B at (-491,1506).
INFO (ABS-12005): Cell OAI22: The pin C has been created for the label C at (1069,1506).
INFO (ABS-12005): Cell OAI22: The pin D has been created for the label D at (29,1506).
INFO (ABS-12005): Cell OAI22: The pin OUT has been created for the label OUT at (549,1506).
INFO (ABS-12005): Cell OAI22: The pin GND! has been created for the label GND! at (-271,-1096).
INFO (ABS-12005): Cell OAI22: The pin VDD! has been created for the label VDD! at (-530,4740).
INFO (ABS-12003): Cell OAI22: 7 pins have been created.
INFO (ABS-11901): Cell OAI22: Step Pins finished
INFO (ABS-11900): Cell XNOR2: Step Pins started
INFO (ABS-12015): Cell XNOR2: The PR boundary does not enclose all cellview geometries. This is because not all layers with geometry for calculating PR boundary have been specified in the "Using geometry on layers" field on the "Boundary" tab. Ensure that all the required layers have been specified in this field.
INFO (ABS-12005): Cell XNOR2: The pin A has been created for the label A at (1260,1709).
INFO (ABS-12005): Cell XNOR2: The pin B has been created for the label B at (-300,1709).
INFO (ABS-12005): Cell XNOR2: The pin OUT has been created for the label OUT at (480,1709).
INFO (ABS-12005): Cell XNOR2: The pin GND! has been created for the label GND! at (-332,-893).
INFO (ABS-12005): Cell XNOR2: The pin VDD! has been created for the label VDD! at (-100,4940).
INFO (ABS-12003): Cell XNOR2: 5 pins have been created.
INFO (ABS-11901): Cell XNOR2: Step Pins finished
INFO (ABS-10509): Saving existing options file for library tutorial to /home/010/e/eb/ebw220000/cad/EE4325_UART_Project/gf65/.abstract/tutorial/.abstract.options.prev
INFO (ABS-10511): Saving current option settings for library tutorial to the file /home/010/e/eb/ebw220000/cad/EE4325_UART_Project/gf65/.abstract/tutorial/.abstract.options.
INFO (ABS-11900): Cell INV: Step Extract started
INFO (ABS-13002): Cell INV: extracting 4 nets
*WARNING* (ABS-11502): Couldn't open master "cmos10sf, rect, layout", referenced in cellview "cmos10lpe, rectArray, layout"
*WARNING* (ABS-11502): Couldn't open master "cmos10sf, rect, layout", referenced in cellview "cmos10lpe, rectArray, layout"
INFO (ABS-13004): Cell INV: extracting the net IN, 1 of 4.
INFO (ABS-13004): Cell INV: extracting the net OUT, 2 of 4.
INFO (ABS-13004): Cell INV: extracting the net GND!, 3 of 4.
INFO (ABS-13004): Cell INV: extracting the net VDD!, 4 of 4.
INFO (ABS-11901): Cell INV: Step Extract finished
INFO (ABS-11900): Cell NAND2: Step Extract started
INFO (ABS-13002): Cell NAND2: extracting 5 nets
INFO (ABS-13004): Cell NAND2: extracting the net A, 1 of 5.
INFO (ABS-13004): Cell NAND2: extracting the net B, 2 of 5.
INFO (ABS-13004): Cell NAND2: extracting the net OUT, 3 of 5.
INFO (ABS-13004): Cell NAND2: extracting the net GND!, 4 of 5.
INFO (ABS-13004): Cell NAND2: extracting the net VDD!, 5 of 5.
INFO (ABS-11901): Cell NAND2: Step Extract finished
INFO (ABS-11900): Cell NAND3: Step Extract started
INFO (ABS-13002): Cell NAND3: extracting 6 nets
INFO (ABS-13004): Cell NAND3: extracting the net A, 1 of 6.
INFO (ABS-13004): Cell NAND3: extracting the net B, 2 of 6.
INFO (ABS-13004): Cell NAND3: extracting the net C, 3 of 6.
INFO (ABS-13004): Cell NAND3: extracting the net OUT, 4 of 6.
INFO (ABS-13004): Cell NAND3: extracting the net GND!, 5 of 6.
INFO (ABS-13004): Cell NAND3: extracting the net VDD!, 6 of 6.
INFO (ABS-11901): Cell NAND3: Step Extract finished
INFO (ABS-11900): Cell NOR2: Step Extract started
INFO (ABS-13002): Cell NOR2: extracting 5 nets
INFO (ABS-13004): Cell NOR2: extracting the net A, 1 of 5.
INFO (ABS-13004): Cell NOR2: extracting the net B, 2 of 5.
INFO (ABS-13004): Cell NOR2: extracting the net OUT, 3 of 5.
INFO (ABS-13004): Cell NOR2: extracting the net GND!, 4 of 5.
INFO (ABS-13004): Cell NOR2: extracting the net VDD!, 5 of 5.
INFO (ABS-11901): Cell NOR2: Step Extract finished
INFO (ABS-11900): Cell OAI22: Step Extract started
INFO (ABS-13002): Cell OAI22: extracting 7 nets
INFO (ABS-13004): Cell OAI22: extracting the net A, 1 of 7.
INFO (ABS-13004): Cell OAI22: extracting the net B, 2 of 7.
INFO (ABS-13004): Cell OAI22: extracting the net C, 3 of 7.
INFO (ABS-13004): Cell OAI22: extracting the net D, 4 of 7.
INFO (ABS-13004): Cell OAI22: extracting the net OUT, 5 of 7.
INFO (ABS-13004): Cell OAI22: extracting the net GND!, 6 of 7.
INFO (ABS-13004): Cell OAI22: extracting the net VDD!, 7 of 7.
INFO (ABS-11901): Cell OAI22: Step Extract finished
INFO (ABS-11900): Cell XNOR2: Step Extract started
INFO (ABS-13002): Cell XNOR2: extracting 5 nets
INFO (ABS-13004): Cell XNOR2: extracting the net A, 1 of 5.
INFO (ABS-13004): Cell XNOR2: extracting the net B, 2 of 5.
INFO (ABS-13004): Cell XNOR2: extracting the net OUT, 3 of 5.
INFO (ABS-13004): Cell XNOR2: extracting the net GND!, 4 of 5.
INFO (ABS-13004): Cell XNOR2: extracting the net VDD!, 5 of 5.
INFO (ABS-11901): Cell XNOR2: Step Extract finished
INFO (ABS-10509): Saving existing options file for library tutorial to /home/010/e/eb/ebw220000/cad/EE4325_UART_Project/gf65/.abstract/tutorial/.abstract.options.prev
INFO (ABS-10511): Saving current option settings for library tutorial to the file /home/010/e/eb/ebw220000/cad/EE4325_UART_Project/gf65/.abstract/tutorial/.abstract.options.
INFO (ABS-11900): Cell INV: Step Abstract started
*WARNING* (ABS-11502): Couldn't open master "cmos10sf, rect, layout", referenced in cellview "cmos10lpe, rectArray, layout"
*WARNING* (ABS-11502): Couldn't open master "cmos10sf, rect, layout", referenced in cellview "cmos10lpe, rectArray, layout"
INFO (ABS-19026): Cell INV: Generating detailed blockages for layer V1
INFO (ABS-19026): Cell INV: Generating detailed blockages for layer V2
INFO (ABS-19026): Cell INV: Generating detailed blockages for layer M1
INFO (ABS-19026): Cell INV: Generating detailed blockages for layer M2
INFO (ABS-19026): Cell INV: Generating detailed blockages for layer M3
INFO (ABS-19026): Cell INV: Generating detailed blockages for layer V3
INFO (ABS-19026): Cell INV: Generating detailed blockages for layer M4
INFO (ABS-19026): Cell INV: Generating detailed blockages for layer V4
INFO (ABS-19026): Cell INV: Generating detailed blockages for layer M5
INFO (ABS-19026): Cell INV: Generating detailed blockages for layer V5
INFO (ABS-19026): Cell INV: Generating detailed blockages for layer M6
INFO (ABS-19026): Cell INV: Generating detailed blockages for layer NT
INFO (ABS-19026): Cell INV: Generating detailed blockages for layer EA
INFO (ABS-19026): Cell INV: Generating detailed blockages for layer VV
INFO (ABS-19026): Cell INV: Generating detailed blockages for layer LB
*WARNING* (ABS-11026): Bus annotation cannot be completed for the specified abstract because the logical view for cell INV is invalid.
INFO (ABS-11901): Cell INV: Step Abstract finished
INFO (ABS-11900): Cell NAND2: Step Abstract started
INFO (ABS-19026): Cell NAND2: Generating detailed blockages for layer V1
INFO (ABS-19026): Cell NAND2: Generating detailed blockages for layer V2
INFO (ABS-19026): Cell NAND2: Generating detailed blockages for layer M1
INFO (ABS-19026): Cell NAND2: Generating detailed blockages for layer M2
INFO (ABS-19026): Cell NAND2: Generating detailed blockages for layer M3
INFO (ABS-19026): Cell NAND2: Generating detailed blockages for layer V3
INFO (ABS-19026): Cell NAND2: Generating detailed blockages for layer M4
INFO (ABS-19026): Cell NAND2: Generating detailed blockages for layer V4
INFO (ABS-19026): Cell NAND2: Generating detailed blockages for layer M5
INFO (ABS-19026): Cell NAND2: Generating detailed blockages for layer V5
INFO (ABS-19026): Cell NAND2: Generating detailed blockages for layer M6
INFO (ABS-19026): Cell NAND2: Generating detailed blockages for layer NT
INFO (ABS-19026): Cell NAND2: Generating detailed blockages for layer EA
INFO (ABS-19026): Cell NAND2: Generating detailed blockages for layer VV
INFO (ABS-19026): Cell NAND2: Generating detailed blockages for layer LB
*WARNING* (ABS-11026): Bus annotation cannot be completed for the specified abstract because the logical view for cell NAND2 is invalid.
INFO (ABS-11901): Cell NAND2: Step Abstract finished
INFO (ABS-11900): Cell NAND3: Step Abstract started
INFO (ABS-19026): Cell NAND3: Generating detailed blockages for layer V1
INFO (ABS-19026): Cell NAND3: Generating detailed blockages for layer V2
INFO (ABS-19026): Cell NAND3: Generating detailed blockages for layer M1
INFO (ABS-19026): Cell NAND3: Generating detailed blockages for layer M2
INFO (ABS-19026): Cell NAND3: Generating detailed blockages for layer M3
INFO (ABS-19026): Cell NAND3: Generating detailed blockages for layer V3
INFO (ABS-19026): Cell NAND3: Generating detailed blockages for layer M4
INFO (ABS-19026): Cell NAND3: Generating detailed blockages for layer V4
INFO (ABS-19026): Cell NAND3: Generating detailed blockages for layer M5
INFO (ABS-19026): Cell NAND3: Generating detailed blockages for layer V5
INFO (ABS-19026): Cell NAND3: Generating detailed blockages for layer M6
INFO (ABS-19026): Cell NAND3: Generating detailed blockages for layer NT
INFO (ABS-19026): Cell NAND3: Generating detailed blockages for layer EA
INFO (ABS-19026): Cell NAND3: Generating detailed blockages for layer VV
INFO (ABS-19026): Cell NAND3: Generating detailed blockages for layer LB
*WARNING* (ABS-11026): Bus annotation cannot be completed for the specified abstract because the logical view for cell NAND3 is invalid.
INFO (ABS-11901): Cell NAND3: Step Abstract finished
INFO (ABS-11900): Cell NOR2: Step Abstract started
INFO (ABS-19026): Cell NOR2: Generating detailed blockages for layer V1
INFO (ABS-19026): Cell NOR2: Generating detailed blockages for layer V2
INFO (ABS-19026): Cell NOR2: Generating detailed blockages for layer M1
INFO (ABS-19026): Cell NOR2: Generating detailed blockages for layer M2
INFO (ABS-19026): Cell NOR2: Generating detailed blockages for layer M3
INFO (ABS-19026): Cell NOR2: Generating detailed blockages for layer V3
INFO (ABS-19026): Cell NOR2: Generating detailed blockages for layer M4
INFO (ABS-19026): Cell NOR2: Generating detailed blockages for layer V4
INFO (ABS-19026): Cell NOR2: Generating detailed blockages for layer M5
INFO (ABS-19026): Cell NOR2: Generating detailed blockages for layer V5
INFO (ABS-19026): Cell NOR2: Generating detailed blockages for layer M6
INFO (ABS-19026): Cell NOR2: Generating detailed blockages for layer NT
INFO (ABS-19026): Cell NOR2: Generating detailed blockages for layer EA
INFO (ABS-19026): Cell NOR2: Generating detailed blockages for layer VV
INFO (ABS-19026): Cell NOR2: Generating detailed blockages for layer LB
*WARNING* (ABS-11026): Bus annotation cannot be completed for the specified abstract because the logical view for cell NOR2 is invalid.
INFO (ABS-11901): Cell NOR2: Step Abstract finished
INFO (ABS-11900): Cell OAI22: Step Abstract started
INFO (ABS-19026): Cell OAI22: Generating detailed blockages for layer V1
INFO (ABS-19026): Cell OAI22: Generating detailed blockages for layer V2
INFO (ABS-19026): Cell OAI22: Generating detailed blockages for layer M1
INFO (ABS-19026): Cell OAI22: Generating detailed blockages for layer M2
INFO (ABS-19026): Cell OAI22: Generating detailed blockages for layer M3
INFO (ABS-19026): Cell OAI22: Generating detailed blockages for layer V3
INFO (ABS-19026): Cell OAI22: Generating detailed blockages for layer M4
INFO (ABS-19026): Cell OAI22: Generating detailed blockages for layer V4
INFO (ABS-19026): Cell OAI22: Generating detailed blockages for layer M5
INFO (ABS-19026): Cell OAI22: Generating detailed blockages for layer V5
INFO (ABS-19026): Cell OAI22: Generating detailed blockages for layer M6
INFO (ABS-19026): Cell OAI22: Generating detailed blockages for layer NT
INFO (ABS-19026): Cell OAI22: Generating detailed blockages for layer EA
INFO (ABS-19026): Cell OAI22: Generating detailed blockages for layer VV
INFO (ABS-19026): Cell OAI22: Generating detailed blockages for layer LB
*WARNING* (ABS-11026): Bus annotation cannot be completed for the specified abstract because the logical view for cell OAI22 is invalid.
INFO (ABS-11901): Cell OAI22: Step Abstract finished
INFO (ABS-11900): Cell XNOR2: Step Abstract started
INFO (ABS-19026): Cell XNOR2: Generating detailed blockages for layer V1
INFO (ABS-19026): Cell XNOR2: Generating detailed blockages for layer V2
INFO (ABS-19026): Cell XNOR2: Generating detailed blockages for layer M1
INFO (ABS-19026): Cell XNOR2: Generating detailed blockages for layer M2
INFO (ABS-19026): Cell XNOR2: Generating detailed blockages for layer M3
INFO (ABS-19026): Cell XNOR2: Generating detailed blockages for layer V3
INFO (ABS-19026): Cell XNOR2: Generating detailed blockages for layer M4
INFO (ABS-19026): Cell XNOR2: Generating detailed blockages for layer V4
INFO (ABS-19026): Cell XNOR2: Generating detailed blockages for layer M5
INFO (ABS-19026): Cell XNOR2: Generating detailed blockages for layer V5
INFO (ABS-19026): Cell XNOR2: Generating detailed blockages for layer M6
INFO (ABS-19026): Cell XNOR2: Generating detailed blockages for layer NT
INFO (ABS-19026): Cell XNOR2: Generating detailed blockages for layer EA
INFO (ABS-19026): Cell XNOR2: Generating detailed blockages for layer VV
INFO (ABS-19026): Cell XNOR2: Generating detailed blockages for layer LB
*WARNING* (ABS-11026): Bus annotation cannot be completed for the specified abstract because the logical view for cell XNOR2 is invalid.
INFO (ABS-11901): Cell XNOR2: Step Abstract finished
INFO (ABS-14028): Cell INV: predefined site CoreSite will be used
INFO (ABS-14028): Cell NAND2: predefined site CoreSite will be used
INFO (ABS-14028): Cell NAND3: predefined site CoreSite will be used
INFO (ABS-14028): Cell NOR2: predefined site CoreSite will be used
INFO (ABS-14028): Cell OAI22: predefined site CoreSite will be used
INFO (ABS-14028): Cell XNOR2: predefined site CoreSite will be used
INFO (ABS-10509): Saving existing options file for library tutorial to /home/010/e/eb/ebw220000/cad/EE4325_UART_Project/gf65/.abstract/tutorial/.abstract.options.prev
INFO (ABS-10511): Saving current option settings for library tutorial to the file /home/010/e/eb/ebw220000/cad/EE4325_UART_Project/gf65/.abstract/tutorial/.abstract.options.
INFO (ABS-11900): Cell INV: Step Pins started
*WARNING* (ABS-11502): Couldn't open master "cmos10sf, rect, layout", referenced in cellview "cmos10lpe, rectArray, layout"
*WARNING* (ABS-11502): Couldn't open master "cmos10sf, rect, layout", referenced in cellview "cmos10lpe, rectArray, layout"
INFO (ABS-12015): Cell INV: The PR boundary does not enclose all cellview geometries. This is because not all layers with geometry for calculating PR boundary have been specified in the "Using geometry on layers" field on the "Boundary" tab. Ensure that all the required layers have been specified in this field.
INFO (ABS-12005): Cell INV: The pin IN has been created for the label IN at (-228,135).
INFO (ABS-12005): Cell INV: The pin OUT has been created for the label OUT at (292,135).
INFO (ABS-12005): Cell INV: The pin GND! has been created for the label GND! at (160,-2459).
INFO (ABS-12005): Cell INV: The pin VDD! has been created for the label VDD! at (83,3427).
INFO (ABS-12003): Cell INV: 4 pins have been created.
INFO (ABS-11901): Cell INV: Step Pins finished
INFO (ABS-11900): Cell NAND2: Step Pins started
INFO (ABS-12015): Cell NAND2: The PR boundary does not enclose all cellview geometries. This is because not all layers with geometry for calculating PR boundary have been specified in the "Using geometry on layers" field on the "Boundary" tab. Ensure that all the required layers have been specified in this field.
INFO (ABS-12005): Cell NAND2: The pin A has been created for the label A at (-266,-162).
INFO (ABS-12005): Cell NAND2: The pin B has been created for the label B at (254,-162).
INFO (ABS-12005): Cell NAND2: The pin OUT has been created for the label OUT at (774,-162).
INFO (ABS-12005): Cell NAND2: The pin GND! has been created for the label GND! at (219,-2762).
INFO (ABS-12005): Cell NAND2: The pin VDD! has been created for the label VDD! at (38,3070).
INFO (ABS-12003): Cell NAND2: 5 pins have been created.
INFO (ABS-11901): Cell NAND2: Step Pins finished
INFO (ABS-11900): Cell NAND3: Step Pins started
INFO (ABS-12015): Cell NAND3: The PR boundary does not enclose all cellview geometries. This is because not all layers with geometry for calculating PR boundary have been specified in the "Using geometry on layers" field on the "Boundary" tab. Ensure that all the required layers have been specified in this field.
INFO (ABS-12005): Cell NAND3: The pin A has been created for the label A at (-623,405).
INFO (ABS-12005): Cell NAND3: The pin B has been created for the label B at (-103,405).
INFO (ABS-12005): Cell NAND3: The pin C has been created for the label C at (937,405).
INFO (ABS-12005): Cell NAND3: The pin OUT has been created for the label OUT at (417,405).
INFO (ABS-12005): Cell NAND3: The pin GND! has been created for the label GND! at (-122,-2201).
INFO (ABS-12005): Cell NAND3: The pin VDD! has been created for the label VDD! at (-70,3627).
INFO (ABS-12003): Cell NAND3: 6 pins have been created.
INFO (ABS-11901): Cell NAND3: Step Pins finished
INFO (ABS-11900): Cell NOR2: Step Pins started
INFO (ABS-12015): Cell NOR2: The PR boundary does not enclose all cellview geometries. This is because not all layers with geometry for calculating PR boundary have been specified in the "Using geometry on layers" field on the "Boundary" tab. Ensure that all the required layers have been specified in this field.
INFO (ABS-12005): Cell NOR2: The pin A has been created for the label A at (-499,46).
INFO (ABS-12005): Cell NOR2: The pin B has been created for the label B at (21,46).
INFO (ABS-12005): Cell NOR2: The pin OUT has been created for the label OUT at (541,46).
INFO (ABS-12005): Cell NOR2: The pin GND! has been created for the label GND! at (-50,-2559).
INFO (ABS-12005): Cell NOR2: The pin VDD! has been created for the label VDD! at (94,3276).
INFO (ABS-12003): Cell NOR2: 5 pins have been created.
INFO (ABS-11901): Cell NOR2: Step Pins finished
INFO (ABS-11900): Cell OAI22: Step Pins started
INFO (ABS-12015): Cell OAI22: The PR boundary does not enclose all cellview geometries. This is because not all layers with geometry for calculating PR boundary have been specified in the "Using geometry on layers" field on the "Boundary" tab. Ensure that all the required layers have been specified in this field.
INFO (ABS-12005): Cell OAI22: The pin A has been created for the label A at (-1011,1506).
INFO (ABS-12005): Cell OAI22: The pin B has been created for the label B at (-491,1506).
INFO (ABS-12005): Cell OAI22: The pin C has been created for the label C at (1069,1506).
INFO (ABS-12005): Cell OAI22: The pin D has been created for the label D at (29,1506).
INFO (ABS-12005): Cell OAI22: The pin OUT has been created for the label OUT at (549,1506).
INFO (ABS-12005): Cell OAI22: The pin GND! has been created for the label GND! at (-271,-1096).
INFO (ABS-12005): Cell OAI22: The pin VDD! has been created for the label VDD! at (-530,4740).
INFO (ABS-12003): Cell OAI22: 7 pins have been created.
INFO (ABS-11901): Cell OAI22: Step Pins finished
INFO (ABS-11900): Cell XNOR2: Step Pins started
INFO (ABS-12015): Cell XNOR2: The PR boundary does not enclose all cellview geometries. This is because not all layers with geometry for calculating PR boundary have been specified in the "Using geometry on layers" field on the "Boundary" tab. Ensure that all the required layers have been specified in this field.
INFO (ABS-12005): Cell XNOR2: The pin A has been created for the label A at (1260,1709).
INFO (ABS-12005): Cell XNOR2: The pin B has been created for the label B at (-300,1709).
INFO (ABS-12005): Cell XNOR2: The pin OUT has been created for the label OUT at (480,1709).
INFO (ABS-12005): Cell XNOR2: The pin GND! has been created for the label GND! at (-332,-893).
INFO (ABS-12005): Cell XNOR2: The pin VDD! has been created for the label VDD! at (-100,4940).
INFO (ABS-12003): Cell XNOR2: 5 pins have been created.
INFO (ABS-11901): Cell XNOR2: Step Pins finished
INFO (ABS-10509): Saving existing options file for library tutorial to /home/010/e/eb/ebw220000/cad/EE4325_UART_Project/gf65/.abstract/tutorial/.abstract.options.prev
INFO (ABS-10511): Saving current option settings for library tutorial to the file /home/010/e/eb/ebw220000/cad/EE4325_UART_Project/gf65/.abstract/tutorial/.abstract.options.
INFO (ABS-11900): Cell INV: Step Extract started
INFO (ABS-13002): Cell INV: extracting 4 nets
*WARNING* (ABS-11502): Couldn't open master "cmos10sf, rect, layout", referenced in cellview "cmos10lpe, rectArray, layout"
*WARNING* (ABS-11502): Couldn't open master "cmos10sf, rect, layout", referenced in cellview "cmos10lpe, rectArray, layout"
INFO (ABS-13004): Cell INV: extracting the net IN, 1 of 4.
INFO (ABS-13004): Cell INV: extracting the net OUT, 2 of 4.
INFO (ABS-13004): Cell INV: extracting the net GND!, 3 of 4.
INFO (ABS-13004): Cell INV: extracting the net VDD!, 4 of 4.
INFO (ABS-11901): Cell INV: Step Extract finished
INFO (ABS-11900): Cell NAND2: Step Extract started
INFO (ABS-13002): Cell NAND2: extracting 5 nets
INFO (ABS-13004): Cell NAND2: extracting the net A, 1 of 5.
INFO (ABS-13004): Cell NAND2: extracting the net B, 2 of 5.
INFO (ABS-13004): Cell NAND2: extracting the net OUT, 3 of 5.
INFO (ABS-13004): Cell NAND2: extracting the net GND!, 4 of 5.
INFO (ABS-13004): Cell NAND2: extracting the net VDD!, 5 of 5.
INFO (ABS-11901): Cell NAND2: Step Extract finished
INFO (ABS-11900): Cell NAND3: Step Extract started
INFO (ABS-13002): Cell NAND3: extracting 6 nets
INFO (ABS-13004): Cell NAND3: extracting the net A, 1 of 6.
INFO (ABS-13004): Cell NAND3: extracting the net B, 2 of 6.
INFO (ABS-13004): Cell NAND3: extracting the net C, 3 of 6.
INFO (ABS-13004): Cell NAND3: extracting the net OUT, 4 of 6.
INFO (ABS-13004): Cell NAND3: extracting the net GND!, 5 of 6.
INFO (ABS-13004): Cell NAND3: extracting the net VDD!, 6 of 6.
INFO (ABS-11901): Cell NAND3: Step Extract finished
INFO (ABS-11900): Cell NOR2: Step Extract started
INFO (ABS-13002): Cell NOR2: extracting 5 nets
INFO (ABS-13004): Cell NOR2: extracting the net A, 1 of 5.
INFO (ABS-13004): Cell NOR2: extracting the net B, 2 of 5.
INFO (ABS-13004): Cell NOR2: extracting the net OUT, 3 of 5.
INFO (ABS-13004): Cell NOR2: extracting the net GND!, 4 of 5.
INFO (ABS-13004): Cell NOR2: extracting the net VDD!, 5 of 5.
INFO (ABS-11901): Cell NOR2: Step Extract finished
INFO (ABS-11900): Cell OAI22: Step Extract started
INFO (ABS-13002): Cell OAI22: extracting 7 nets
INFO (ABS-13004): Cell OAI22: extracting the net A, 1 of 7.
INFO (ABS-13004): Cell OAI22: extracting the net B, 2 of 7.
INFO (ABS-13004): Cell OAI22: extracting the net C, 3 of 7.
INFO (ABS-13004): Cell OAI22: extracting the net D, 4 of 7.
INFO (ABS-13004): Cell OAI22: extracting the net OUT, 5 of 7.
INFO (ABS-13004): Cell OAI22: extracting the net GND!, 6 of 7.
INFO (ABS-13004): Cell OAI22: extracting the net VDD!, 7 of 7.
INFO (ABS-11901): Cell OAI22: Step Extract finished
INFO (ABS-11900): Cell XNOR2: Step Extract started
INFO (ABS-13002): Cell XNOR2: extracting 5 nets
INFO (ABS-13004): Cell XNOR2: extracting the net A, 1 of 5.
INFO (ABS-13004): Cell XNOR2: extracting the net B, 2 of 5.
INFO (ABS-13004): Cell XNOR2: extracting the net OUT, 3 of 5.
INFO (ABS-13004): Cell XNOR2: extracting the net GND!, 4 of 5.
INFO (ABS-13004): Cell XNOR2: extracting the net VDD!, 5 of 5.
INFO (ABS-11901): Cell XNOR2: Step Extract finished
INFO (ABS-10509): Saving existing options file for library tutorial to /home/010/e/eb/ebw220000/cad/EE4325_UART_Project/gf65/.abstract/tutorial/.abstract.options.prev
INFO (ABS-10511): Saving current option settings for library tutorial to the file /home/010/e/eb/ebw220000/cad/EE4325_UART_Project/gf65/.abstract/tutorial/.abstract.options.
INFO (ABS-11900): Cell INV: Step Abstract started
*WARNING* (ABS-11502): Couldn't open master "cmos10sf, rect, layout", referenced in cellview "cmos10lpe, rectArray, layout"
*WARNING* (ABS-11502): Couldn't open master "cmos10sf, rect, layout", referenced in cellview "cmos10lpe, rectArray, layout"
INFO (ABS-19026): Cell INV: Generating detailed blockages for layer V1
INFO (ABS-19026): Cell INV: Generating detailed blockages for layer V2
INFO (ABS-19026): Cell INV: Generating detailed blockages for layer M1
INFO (ABS-19026): Cell INV: Generating detailed blockages for layer M2
INFO (ABS-19026): Cell INV: Generating detailed blockages for layer M3
INFO (ABS-19026): Cell INV: Generating detailed blockages for layer V3
INFO (ABS-19026): Cell INV: Generating detailed blockages for layer M4
INFO (ABS-19026): Cell INV: Generating detailed blockages for layer V4
INFO (ABS-19026): Cell INV: Generating detailed blockages for layer M5
INFO (ABS-19026): Cell INV: Generating detailed blockages for layer V5
INFO (ABS-19026): Cell INV: Generating detailed blockages for layer M6
INFO (ABS-19026): Cell INV: Generating detailed blockages for layer NT
INFO (ABS-19026): Cell INV: Generating detailed blockages for layer EA
INFO (ABS-19026): Cell INV: Generating detailed blockages for layer VV
INFO (ABS-19026): Cell INV: Generating detailed blockages for layer LB
*WARNING* (ABS-11026): Bus annotation cannot be completed for the specified abstract because the logical view for cell INV is invalid.
INFO (ABS-11901): Cell INV: Step Abstract finished
INFO (ABS-11900): Cell NAND2: Step Abstract started
INFO (ABS-19026): Cell NAND2: Generating detailed blockages for layer V1
INFO (ABS-19026): Cell NAND2: Generating detailed blockages for layer V2
INFO (ABS-19026): Cell NAND2: Generating detailed blockages for layer M1
INFO (ABS-19026): Cell NAND2: Generating detailed blockages for layer M2
INFO (ABS-19026): Cell NAND2: Generating detailed blockages for layer M3
INFO (ABS-19026): Cell NAND2: Generating detailed blockages for layer V3
INFO (ABS-19026): Cell NAND2: Generating detailed blockages for layer M4
INFO (ABS-19026): Cell NAND2: Generating detailed blockages for layer V4
INFO (ABS-19026): Cell NAND2: Generating detailed blockages for layer M5
INFO (ABS-19026): Cell NAND2: Generating detailed blockages for layer V5
INFO (ABS-19026): Cell NAND2: Generating detailed blockages for layer M6
INFO (ABS-19026): Cell NAND2: Generating detailed blockages for layer NT
INFO (ABS-19026): Cell NAND2: Generating detailed blockages for layer EA
INFO (ABS-19026): Cell NAND2: Generating detailed blockages for layer VV
INFO (ABS-19026): Cell NAND2: Generating detailed blockages for layer LB
*WARNING* (ABS-11026): Bus annotation cannot be completed for the specified abstract because the logical view for cell NAND2 is invalid.
INFO (ABS-11901): Cell NAND2: Step Abstract finished
INFO (ABS-11900): Cell NAND3: Step Abstract started
INFO (ABS-19026): Cell NAND3: Generating detailed blockages for layer V1
INFO (ABS-19026): Cell NAND3: Generating detailed blockages for layer V2
INFO (ABS-19026): Cell NAND3: Generating detailed blockages for layer M1
INFO (ABS-19026): Cell NAND3: Generating detailed blockages for layer M2
INFO (ABS-19026): Cell NAND3: Generating detailed blockages for layer M3
INFO (ABS-19026): Cell NAND3: Generating detailed blockages for layer V3
INFO (ABS-19026): Cell NAND3: Generating detailed blockages for layer M4
INFO (ABS-19026): Cell NAND3: Generating detailed blockages for layer V4
INFO (ABS-19026): Cell NAND3: Generating detailed blockages for layer M5
INFO (ABS-19026): Cell NAND3: Generating detailed blockages for layer V5
INFO (ABS-19026): Cell NAND3: Generating detailed blockages for layer M6
INFO (ABS-19026): Cell NAND3: Generating detailed blockages for layer NT
INFO (ABS-19026): Cell NAND3: Generating detailed blockages for layer EA
INFO (ABS-19026): Cell NAND3: Generating detailed blockages for layer VV
INFO (ABS-19026): Cell NAND3: Generating detailed blockages for layer LB
*WARNING* (ABS-11026): Bus annotation cannot be completed for the specified abstract because the logical view for cell NAND3 is invalid.
INFO (ABS-11901): Cell NAND3: Step Abstract finished
INFO (ABS-11900): Cell NOR2: Step Abstract started
INFO (ABS-19026): Cell NOR2: Generating detailed blockages for layer V1
INFO (ABS-19026): Cell NOR2: Generating detailed blockages for layer V2
INFO (ABS-19026): Cell NOR2: Generating detailed blockages for layer M1
INFO (ABS-19026): Cell NOR2: Generating detailed blockages for layer M2
INFO (ABS-19026): Cell NOR2: Generating detailed blockages for layer M3
INFO (ABS-19026): Cell NOR2: Generating detailed blockages for layer V3
INFO (ABS-19026): Cell NOR2: Generating detailed blockages for layer M4
INFO (ABS-19026): Cell NOR2: Generating detailed blockages for layer V4
INFO (ABS-19026): Cell NOR2: Generating detailed blockages for layer M5
INFO (ABS-19026): Cell NOR2: Generating detailed blockages for layer V5
INFO (ABS-19026): Cell NOR2: Generating detailed blockages for layer M6
INFO (ABS-19026): Cell NOR2: Generating detailed blockages for layer NT
INFO (ABS-19026): Cell NOR2: Generating detailed blockages for layer EA
INFO (ABS-19026): Cell NOR2: Generating detailed blockages for layer VV
INFO (ABS-19026): Cell NOR2: Generating detailed blockages for layer LB
*WARNING* (ABS-11026): Bus annotation cannot be completed for the specified abstract because the logical view for cell NOR2 is invalid.
INFO (ABS-11901): Cell NOR2: Step Abstract finished
INFO (ABS-11900): Cell OAI22: Step Abstract started
INFO (ABS-19026): Cell OAI22: Generating detailed blockages for layer V1
INFO (ABS-19026): Cell OAI22: Generating detailed blockages for layer V2
INFO (ABS-19026): Cell OAI22: Generating detailed blockages for layer M1
INFO (ABS-19026): Cell OAI22: Generating detailed blockages for layer M2
INFO (ABS-19026): Cell OAI22: Generating detailed blockages for layer M3
INFO (ABS-19026): Cell OAI22: Generating detailed blockages for layer V3
INFO (ABS-19026): Cell OAI22: Generating detailed blockages for layer M4
INFO (ABS-19026): Cell OAI22: Generating detailed blockages for layer V4
INFO (ABS-19026): Cell OAI22: Generating detailed blockages for layer M5
INFO (ABS-19026): Cell OAI22: Generating detailed blockages for layer V5
INFO (ABS-19026): Cell OAI22: Generating detailed blockages for layer M6
INFO (ABS-19026): Cell OAI22: Generating detailed blockages for layer NT
INFO (ABS-19026): Cell OAI22: Generating detailed blockages for layer EA
INFO (ABS-19026): Cell OAI22: Generating detailed blockages for layer VV
INFO (ABS-19026): Cell OAI22: Generating detailed blockages for layer LB
*WARNING* (ABS-11026): Bus annotation cannot be completed for the specified abstract because the logical view for cell OAI22 is invalid.
INFO (ABS-11901): Cell OAI22: Step Abstract finished
INFO (ABS-11900): Cell XNOR2: Step Abstract started
INFO (ABS-19026): Cell XNOR2: Generating detailed blockages for layer V1
INFO (ABS-19026): Cell XNOR2: Generating detailed blockages for layer V2
INFO (ABS-19026): Cell XNOR2: Generating detailed blockages for layer M1
INFO (ABS-19026): Cell XNOR2: Generating detailed blockages for layer M2
INFO (ABS-19026): Cell XNOR2: Generating detailed blockages for layer M3
INFO (ABS-19026): Cell XNOR2: Generating detailed blockages for layer V3
INFO (ABS-19026): Cell XNOR2: Generating detailed blockages for layer M4
INFO (ABS-19026): Cell XNOR2: Generating detailed blockages for layer V4
INFO (ABS-19026): Cell XNOR2: Generating detailed blockages for layer M5
INFO (ABS-19026): Cell XNOR2: Generating detailed blockages for layer V5
INFO (ABS-19026): Cell XNOR2: Generating detailed blockages for layer M6
INFO (ABS-19026): Cell XNOR2: Generating detailed blockages for layer NT
INFO (ABS-19026): Cell XNOR2: Generating detailed blockages for layer EA
INFO (ABS-19026): Cell XNOR2: Generating detailed blockages for layer VV
INFO (ABS-19026): Cell XNOR2: Generating detailed blockages for layer LB
*WARNING* (ABS-11026): Bus annotation cannot be completed for the specified abstract because the logical view for cell XNOR2 is invalid.
INFO (ABS-11901): Cell XNOR2: Step Abstract finished
INFO (ABS-14028): Cell INV: predefined site CoreSite will be used
INFO (ABS-14028): Cell NAND2: predefined site CoreSite will be used
INFO (ABS-14028): Cell NAND3: predefined site CoreSite will be used
INFO (ABS-14028): Cell NOR2: predefined site CoreSite will be used
INFO (ABS-14028): Cell OAI22: predefined site CoreSite will be used
INFO (ABS-14028): Cell XNOR2: predefined site CoreSite will be used
INFO (ABS-10508): Library tutorial closing /home/010/e/eb/ebw220000/cad/EE4325_UART_Project/gf65/tutorial
INFO (ABS-10509): Saving existing options file for library tutorial to /home/010/e/eb/ebw220000/cad/EE4325_UART_Project/gf65/.abstract/tutorial/.abstract.options.prev
INFO (ABS-10511): Saving current option settings for library tutorial to the file /home/010/e/eb/ebw220000/cad/EE4325_UART_Project/gf65/.abstract/tutorial/.abstract.options.
INFO (ABS-10515): Library tutorial closed
INFO (ABS-10529): Abstract Generation finished for Library tutorial 
INFO (ABS-19021): Finished sub-version  IC6.1.8-64b.500.28 
