@(#)$CDS: ihdl version 6.1.8-64b 09/28/2022 10:57 (cpgsrv12) $  Sun May 11 23:01:28 2025

INFO (VERILOGIN-589): Using xmvlog binary for compilation.
INFO (VERILOGIN-357): Checked in symbol INV.
INFO (VERILOGIN-376): Schematic for INV exists in the library tutorial. Not imported since the overwrite
option is set to off.
INFO (VERILOGIN-357): Checked in symbol NAND2.
INFO (VERILOGIN-376): Schematic for NAND2 exists in the library tutorial. Not imported since the overwrite
option is set to off.
INFO (VERILOGIN-357): Checked in symbol NAND3.
INFO (VERILOGIN-376): Schematic for NAND3 exists in the library tutorial. Not imported since the overwrite
option is set to off.
INFO (VERILOGIN-357): Checked in symbol NOR2.
INFO (VERILOGIN-376): Schematic for NOR2 exists in the library tutorial. Not imported since the overwrite
option is set to off.
INFO (VERILOGIN-357): Checked in symbol XNOR2.
INFO (VERILOGIN-376): Schematic for XNOR2 exists in the library tutorial. Not imported since the overwrite
option is set to off.
INFO (VERILOGIN-357): Checked in symbol OAI22.
INFO (VERILOGIN-376): Schematic for OAI22 exists in the library tutorial. Not imported since the overwrite
option is set to off.
INFO (VERILOGIN-357): Checked in symbol DFF.
INFO (VERILOGIN-376): Schematic for DFF exists in the library tutorial. Not imported since the overwrite
option is set to off.
INFO (VERILOGIN-357): Checked in symbol UART.
INFO (VERILOGIN-372): Checked-in schematic UART.
INFO (VERILOGIN-206): End of Logfile.
