1746731384.467926: 2620931-7f80972e80c0: cdpl_log.c:228: in cdpl_log_open(): info: @@start_of_log@@
1746731384.467945: 2620931-7f80972e80c0: cdpl_log.c:866: in cdpl_log_dump_sysinfo(): info: time: 2025/05/08 14:09:44 CDT -0500
1746731384.467949: 2620931-7f80972e80c0: cdpl_log.c:868: in cdpl_log_dump_sysinfo(): info: version: T-2022.03 
1746731384.467951: 2620931-7f80972e80c0: cdpl_log.c:870: in cdpl_log_dump_sysinfo(): info: system: Linux 4.18.0-553.46.1.el8_10.x86_64 #1 SMP Sat Mar 15 01:37:33 EDT 2025
1746731384.467954: 2620931-7f80972e80c0: cdpl_log.c:875: in cdpl_log_dump_sysinfo(): info: processor: x86_64 64-bits
1746731384.467956: 2620931-7f80972e80c0: cdpl_log.c:879: in cdpl_log_dump_sysinfo(): info: hostname: engnx05a.utdallas.edu
1746731384.467959: 2620931-7f80972e80c0: cdpl_log.c:230: in cdpl_log_open(): debug: path: /home/010/e/eb/ebw220000/cad/EE4325_UART_Project/gf65/primelib_gf65/AOI22/runtime/cdpl/pid2620931/master.engnx05a.utdallas.edu.2620931.log
1746731384.467963: 2620931-7f80972e80c0: cdpl_log.c:231: in cdpl_log_open(): debug: dir: /home/010/e/eb/ebw220000/cad/EE4325_UART_Project/gf65/primelib_gf65/AOI22/runtime/cdpl/pid2620931
1746731384.467968: 2620931-7f80972e80c0: cdpl_log.c:758: in cdpl_log_set_filter(): info: filter level 1
1746731384.467996: 2620931-7f80972e80c0: cdpl_server.c:543: in cdpl_sv_init(): info: new server S11678524
1746731384.468009: 2620931-7f80972e80c0: cdpl_ipc.c:3030: in cdpl_ipc_init(): info: requesting IPv4 protocol
1746731384.468643: 2620931-7f80972e80c0: cdpl_ipc.c:800: in _selectaddrfamily(): info: selected IPv4 protocol
1746731384.469091: 2620931-7f80972e80c0: cdpl_server.c:657: in cdpl_sv_new_master(): info: new master M1
1746731384.469105: 2620931-7f80972e80c0: cdpl_server.c:5494: in cdpl_sv_ctl_master(): info: Setting worker heartbeat to 60 seconds
1746731384.469108: 2620931-7f80972e80c0: cdpl_server.c:5503: in cdpl_sv_ctl_master(): info: Setting worker heartbeat timeout to 3 heartbeats
1746731384.469111: 2620931-7f80972e80c0: cdpl_compat_master.c:2407: in cdplInitMaster(): info: bcast dir is `/dev/null'
1746731384.469167: 2620931-7f80972e80c0: cdpl_server.c:5394: in cdpl_sv_ctl_master(): info: farm worker timeout set to 36000
1746731384.469171: 2620931-7f80972e80c0: cdpl_server.c:5410: in cdpl_sv_ctl_master(): info: grid worker timeout set to 36000
1746731384.469174: 2620931-7f80972e80c0: cdpl_server.c:5438: in cdpl_sv_ctl_master(): info: farm submit command failure threshold set to 100
1746731384.469190: 2620931-7f80972e80c0: cdpl_farm.c:2268: in cdpl_farm_new_sh(): info: creating SH farm on localhost
1746731384.469205: 2620931-7f80972e80c0: cdpl_compat_master.c:207: in _set_farm_env(): info: exporting CDPL_LOGDIR as `/home/010/e/eb/ebw220000/cad/EE4325_UART_Project/gf65/primelib_gf65/AOI22/runtime/cdpl/pid2620931'
1746731384.469209: 2620931-7f80972e80c0: cdpl_compat_master.c:213: in _set_farm_env(): info: exporting CDPL_TMPDIR as `/var/tmp'
1746731384.469212: 2620931-7f80972e80c0: cdpl_compat_master.c:220: in _set_farm_env(): info: exporting CDPL_HOME as `/proj/cad/synopsys/synopsys_2021/primelib/T-2022.03-SP1/cdpl_runtime_linux64'
1746731384.469215: 2620931-7f80972e80c0: cdpl_compat_master.c:227: in _set_farm_env(): info: exporting SNPSLMD_LICENSE_FILE as `1700@engdmv.utdallas.edu'
1746731384.469219: 2620931-7f80972e80c0: cdpl_compat_master.c:247: in _set_farm_env(): info: exporting CDPL_OPTIONS as `[filter][nowlogs]'
1746731384.469222: 2620931-7f80972e80c0: cdpl_compat_master.c:254: in _set_farm_env(): info: exporting DISPLAY as `:1052'
1746731384.469224: 2620931-7f80972e80c0: cdpl_compat_master.c:262: in _set_farm_env(): info: exporting CDPL_HEARTBEAT as `60'
1746731384.469228: 2620931-7f80972e80c0: cdpl_compat_master.c:348: in _set_farm_env(): info: exporting SIS_MALIBU as `2'
1746731384.469230: 2620931-7f80972e80c0: cdpl_compat_master.c:348: in _set_farm_env(): info: exporting SIS_CDPL as `5'
1746731384.530026: 2620931-7f80972e80c0: cdpl_server.c:738: in cdpl_sv_new_job(): info: new job J1 in M1
1746731384.530041: 2620931-7f80972e80c0: cdpl_compat_master.c:1314: in _add_worker(): info: new worker type 100, min:1, max:1, cmd:`/home/010/e/eb/ebw220000/cad/EE4325_UART_Project/gf65/primelib_gf65/AOI22/runtime/cdpl/pid2620931/run_2620931.sh'
1746731384.530051: 2620931-7f80972e80c0: cdpl_server.c:900: in cdpl_sv_new_bin_withfarm(): info: new bin B1 in J1
1746731384.536221: 2620931-7f80972e80c0: cdpl_server.c:3116: in cdpl_sv_start_job(): info: starting job J1
1746731384.550513: 2620931-7f80972e80c0: cdpl_server.c:1824: in _sv_gen_task(): info: new task T0 in B1 (prio 3)
1746731384.550529: 2620931-7f80972e80c0: cdpl_server.c:2558: in cdpl_sv_label_task_va(): info: setting task T0 label to "leakage_power__ACQ_1 of AOI22"
1746731384.550608: 2620931-7f80972e80c0: cdpl_server.c:1824: in _sv_gen_task(): info: new task T1 in B1 (prio 5)
1746731384.550768: 2620931-7f807d397700: cdpl_server_sched.c:700: in _sv_launch_worker(): info: started worker W1 (as C1) in bin B1
1746731384.550795: 2620931-7f807cb96700: cdpl_farm.c:1899: in _schedule(): info: worker submit failure threshold set to 100
1746731384.550806: 2620931-7f80972e80c0: cdpl_server.c:2558: in cdpl_sv_label_task_va(): info: setting task T1 label to "Cin__VSS__hl__ACQ_1 of AOI22"
1746731384.550817: 2620931-7f807cb96700: cdpl_sh.c:49: in _sh_detached_submit(): info: SH : /home/010/e/eb/ebw220000/cad/EE4325_UART_Project/gf65/primelib_gf65/AOI22/runtime/cdpl/pid2620931/run_2620931.sh
1746731384.553170: 2620931-7f80972e80c0: cdpl_server.c:1824: in _sv_gen_task(): info: new task T2 in B1 (prio 5)
1746731384.553188: 2620931-7f80972e80c0: cdpl_server.c:2558: in cdpl_sv_label_task_va(): info: setting task T2 label to "Cin__VSS__lh__ACQ_1 of AOI22"
1746731384.553374: 2620931-7f80972e80c0: cdpl_server.c:1824: in _sv_gen_task(): info: new task T3 in B1 (prio 2)
1746731384.553382: 2620931-7f80972e80c0: cdpl_server.c:2558: in cdpl_sv_label_task_va(): info: setting task T3 label to "delay__INA__hl__OUT__lh__ACQ_1 of AOI22"
1746731384.553432: 2620931-7f80972e80c0: cdpl_server.c:1824: in _sv_gen_task(): info: new task T4 in B1 (prio 2)
1746731384.553435: 2620931-7f80972e80c0: cdpl_server.c:2558: in cdpl_sv_label_task_va(): info: setting task T4 label to "delay__INA__lh__OUT__hl__ACQ_1 of AOI22"
1746731384.553470: 2620931-7f80972e80c0: cdpl_server.c:1824: in _sv_gen_task(): info: new task T5 in B1 (prio 5)
1746731384.553473: 2620931-7f80972e80c0: cdpl_server.c:2558: in cdpl_sv_label_task_va(): info: setting task T5 label to "Cin__VDD__hl__ACQ_1 of AOI22"
1746731384.553511: 2620931-7f80972e80c0: cdpl_server.c:1824: in _sv_gen_task(): info: new task T6 in B1 (prio 5)
1746731384.553515: 2620931-7f80972e80c0: cdpl_server.c:2558: in cdpl_sv_label_task_va(): info: setting task T6 label to "Cin__VDD__lh__ACQ_1 of AOI22"
1746731384.553558: 2620931-7f80972e80c0: cdpl_server.c:1824: in _sv_gen_task(): info: new task T7 in B1 (prio 2)
1746731384.553563: 2620931-7f80972e80c0: cdpl_server.c:2558: in cdpl_sv_label_task_va(): info: setting task T7 label to "delay__INB__hl__OUT__lh__ACQ_1 of AOI22"
1746731384.553619: 2620931-7f80972e80c0: cdpl_server.c:1824: in _sv_gen_task(): info: new task T8 in B1 (prio 2)
1746731384.553624: 2620931-7f80972e80c0: cdpl_server.c:2558: in cdpl_sv_label_task_va(): info: setting task T8 label to "delay__INB__lh__OUT__hl__ACQ_1 of AOI22"
1746731384.553662: 2620931-7f80972e80c0: cdpl_server.c:1824: in _sv_gen_task(): info: new task T9 in B1 (prio 2)
1746731384.553665: 2620931-7f80972e80c0: cdpl_server.c:2558: in cdpl_sv_label_task_va(): info: setting task T9 label to "delay__INC__hl__OUT__lh__ACQ_1 of AOI22"
1746731384.553703: 2620931-7f80972e80c0: cdpl_server.c:1824: in _sv_gen_task(): info: new task T10 in B1 (prio 2)
1746731384.553707: 2620931-7f80972e80c0: cdpl_server.c:2558: in cdpl_sv_label_task_va(): info: setting task T10 label to "delay__INC__lh__OUT__hl__ACQ_1 of AOI22"
1746731384.553727: 2620931-7f80972e80c0: cdpl_server.c:1824: in _sv_gen_task(): info: new task T11 in B1 (prio 2)
1746731384.553729: 2620931-7f80972e80c0: cdpl_server.c:2558: in cdpl_sv_label_task_va(): info: setting task T11 label to "delay__IND__hl__OUT__lh__ACQ_1 of AOI22"
1746731384.553766: 2620931-7f80972e80c0: cdpl_server.c:1824: in _sv_gen_task(): info: new task T12 in B1 (prio 2)
1746731384.553769: 2620931-7f80972e80c0: cdpl_server.c:2558: in cdpl_sv_label_task_va(): info: setting task T12 label to "delay__IND__lh__OUT__hl__ACQ_1 of AOI22"
1746731385.347071: 2620931-7f807db98700: cdpl_server_ipc.c:452: in _sv_on_hello(): info: W1 is `10.182.66.70:34682'
1746731385.347099: 2620931-7f807db98700: cdpl_server_ipc.c:454: in _sv_on_hello(): info: W1 log file is /dev/null
1746731385.347111: 2620931-7f807db98700: cdpl_server_ipc.c:481: in _sv_on_hello(): info: up to 1 alive workers in B1
1746731385.347186: 2620931-7f807d397700: cdpl_server_sched.c:955: in _assign(): info: assigning task T3 to worker W1
1746731393.681604: 2620931-7f807db98700: cdpl_server_ipc.c:857: in _sv_on_finish(): info: worker W1 completed task T3
1746731393.681658: 2620931-7f807d397700: cdpl_server_sched.c:955: in _assign(): info: assigning task T4 to worker W1
1746731401.567752: 2620931-7f807db98700: cdpl_server_ipc.c:857: in _sv_on_finish(): info: worker W1 completed task T4
1746731401.567808: 2620931-7f807d397700: cdpl_server_sched.c:955: in _assign(): info: assigning task T7 to worker W1
1746731409.578826: 2620931-7f807db98700: cdpl_server_ipc.c:857: in _sv_on_finish(): info: worker W1 completed task T7
1746731409.578877: 2620931-7f807d397700: cdpl_server_sched.c:955: in _assign(): info: assigning task T8 to worker W1
1746731414.591713: 2620931-7f80972e80c0: cdpl_server.c:1824: in _sv_gen_task(): info: new task T13 in B1 (prio 2)
1746731414.591733: 2620931-7f80972e80c0: cdpl_server.c:2558: in cdpl_sv_label_task_va(): info: setting task T13 label to "delay__INA__hl__OUT__lh__ACQ_1 of AOI22"
1746731414.602410: 2620931-7f80972e80c0: cdpl_server.c:1824: in _sv_gen_task(): info: new task T14 in B1 (prio 2)
1746731414.602419: 2620931-7f80972e80c0: cdpl_server.c:2558: in cdpl_sv_label_task_va(): info: setting task T14 label to "delay__INA__lh__OUT__hl__ACQ_1 of AOI22"
1746731414.622978: 2620931-7f80972e80c0: cdpl_server.c:1824: in _sv_gen_task(): info: new task T15 in B1 (prio 2)
1746731414.622987: 2620931-7f80972e80c0: cdpl_server.c:2558: in cdpl_sv_label_task_va(): info: setting task T15 label to "delay__INB__hl__OUT__lh__ACQ_1 of AOI22"
1746731417.330626: 2620931-7f807db98700: cdpl_server_ipc.c:857: in _sv_on_finish(): info: worker W1 completed task T8
1746731417.330673: 2620931-7f807d397700: cdpl_server_sched.c:955: in _assign(): info: assigning task T9 to worker W1
1746731425.105025: 2620931-7f807db98700: cdpl_server_ipc.c:857: in _sv_on_finish(): info: worker W1 completed task T9
1746731425.105084: 2620931-7f807d397700: cdpl_server_sched.c:955: in _assign(): info: assigning task T10 to worker W1
1746731433.154738: 2620931-7f807db98700: cdpl_server_ipc.c:857: in _sv_on_finish(): info: worker W1 completed task T10
1746731433.154788: 2620931-7f807d397700: cdpl_server_sched.c:955: in _assign(): info: assigning task T11 to worker W1
1746731441.074367: 2620931-7f807db98700: cdpl_server_ipc.c:857: in _sv_on_finish(): info: worker W1 completed task T11
1746731441.074406: 2620931-7f807d397700: cdpl_server_sched.c:955: in _assign(): info: assigning task T12 to worker W1
1746731444.638528: 2620931-7f80972e80c0: cdpl_server.c:1824: in _sv_gen_task(): info: new task T16 in B1 (prio 2)
1746731444.638543: 2620931-7f80972e80c0: cdpl_server.c:2558: in cdpl_sv_label_task_va(): info: setting task T16 label to "delay__INB__lh__OUT__hl__ACQ_1 of AOI22"
1746731444.665746: 2620931-7f80972e80c0: cdpl_server.c:1824: in _sv_gen_task(): info: new task T17 in B1 (prio 2)
1746731444.665759: 2620931-7f80972e80c0: cdpl_server.c:2558: in cdpl_sv_label_task_va(): info: setting task T17 label to "delay__INC__hl__OUT__lh__ACQ_1 of AOI22"
1746731444.676518: 2620931-7f80972e80c0: cdpl_server.c:1824: in _sv_gen_task(): info: new task T18 in B1 (prio 2)
1746731444.676527: 2620931-7f80972e80c0: cdpl_server.c:2558: in cdpl_sv_label_task_va(): info: setting task T18 label to "delay__INC__lh__OUT__hl__ACQ_1 of AOI22"
1746731444.687231: 2620931-7f80972e80c0: cdpl_server.c:1824: in _sv_gen_task(): info: new task T19 in B1 (prio 2)
1746731444.687245: 2620931-7f80972e80c0: cdpl_server.c:2558: in cdpl_sv_label_task_va(): info: setting task T19 label to "delay__IND__hl__OUT__lh__ACQ_1 of AOI22"
1746731448.904740: 2620931-7f807db98700: cdpl_server_ipc.c:857: in _sv_on_finish(): info: worker W1 completed task T12
1746731448.904780: 2620931-7f807d397700: cdpl_server_sched.c:955: in _assign(): info: assigning task T13 to worker W1
1746731456.546043: 2620931-7f807db98700: cdpl_server_ipc.c:857: in _sv_on_finish(): info: worker W1 completed task T13
1746731456.546098: 2620931-7f807d397700: cdpl_server_sched.c:955: in _assign(): info: assigning task T14 to worker W1
1746731464.504256: 2620931-7f807db98700: cdpl_server_ipc.c:857: in _sv_on_finish(): info: worker W1 completed task T14
1746731464.504309: 2620931-7f807d397700: cdpl_server_sched.c:955: in _assign(): info: assigning task T15 to worker W1
1746731472.294500: 2620931-7f807db98700: cdpl_server_ipc.c:857: in _sv_on_finish(): info: worker W1 completed task T15
1746731472.294539: 2620931-7f807d397700: cdpl_server_sched.c:955: in _assign(): info: assigning task T16 to worker W1
1746731474.700688: 2620931-7f80972e80c0: cdpl_server.c:1824: in _sv_gen_task(): info: new task T20 in B1 (prio 2)
1746731474.700712: 2620931-7f80972e80c0: cdpl_server.c:2558: in cdpl_sv_label_task_va(): info: setting task T20 label to "delay__IND__lh__OUT__hl__ACQ_1 of AOI22"
1746731479.966730: 2620931-7f807db98700: cdpl_server_ipc.c:857: in _sv_on_finish(): info: worker W1 completed task T16
1746731479.966783: 2620931-7f807d397700: cdpl_server_sched.c:955: in _assign(): info: assigning task T17 to worker W1
1746731487.635218: 2620931-7f807db98700: cdpl_server_ipc.c:857: in _sv_on_finish(): info: worker W1 completed task T17
1746731487.635266: 2620931-7f807d397700: cdpl_server_sched.c:955: in _assign(): info: assigning task T18 to worker W1
1746731495.529295: 2620931-7f807db98700: cdpl_server_ipc.c:857: in _sv_on_finish(): info: worker W1 completed task T18
1746731495.529344: 2620931-7f807d397700: cdpl_server_sched.c:955: in _assign(): info: assigning task T19 to worker W1
1746731503.425058: 2620931-7f807db98700: cdpl_server_ipc.c:857: in _sv_on_finish(): info: worker W1 completed task T19
1746731503.425105: 2620931-7f807d397700: cdpl_server_sched.c:955: in _assign(): info: assigning task T20 to worker W1
1746731511.221153: 2620931-7f807db98700: cdpl_server_ipc.c:857: in _sv_on_finish(): info: worker W1 completed task T20
1746731511.221212: 2620931-7f807d397700: cdpl_server_sched.c:955: in _assign(): info: assigning task T0 to worker W1
1746731518.642915: 2620931-7f807db98700: cdpl_server_ipc.c:857: in _sv_on_finish(): info: worker W1 completed task T0
1746731518.642964: 2620931-7f807d397700: cdpl_server_sched.c:955: in _assign(): info: assigning task T1 to worker W1
1746731520.505572: 2620931-7f80972e80c0: cdpl_compat_master.c:5152: in cdplMasterLogInfo(): info: [non-CDPL log entry] Ending current CDPL job
1746731520.505606: 2620931-7f80972e80c0: cdpl_server.c:2890: in cdpl_sv_halt_job_errno(): info: stopping job J1
1746731520.505733: 2620931-7f807d397700: cdpl_server_sched.c:2711: in _sv_drop_worker(): info: down to 0 alive workers in B1
1746731520.505784: 2620931-7f80972e80c0: cdpl_server.c:2875: in cdpl_sv_halt_job_errno(): info: killing job J1
1746731520.505791: 2620931-7f80972e80c0: cdpl_server.c:288: in _sv_free_job(): info: freeing job J1
1746731520.505849: 2620931-7f80972e80c0: cdpl_farm.c:2395: in cdpl_farm_free(): info: freeing farm
1746731520.506103: 2620931-7f80972e80c0: cdpl_server.c:3011: in cdpl_sv_free(): info: freeing server S11678524
1746731520.506108: 2620931-7f80972e80c0: cdpl_server.c:2976: in cdpl_sv_kill_errno(): info: killing server
1746731520.506143: 2620931-7f80972e80c0: cdpl_server.c:328: in _sv_free_master(): info: freeing master M1
1746731520.506210: 2620931-7f80972e80c0: cdpl_log.c:371: in cdpl_log_close(): info: @@end_of_log@@
