# Legend: N(newborn) R(running) F(failed) K(killed) C(complete)
C leakage_power__ACQ_1 of AOI22 T0 W1
R Cin__VSS__hl__ACQ_1 of AOI22 T1 W1
N Cin__VSS__lh__ACQ_1 of AOI22
F delay__INA__hl__OUT__lh__ACQ_1 of AOI22 T3 W1
F delay__INA__lh__OUT__hl__ACQ_1 of AOI22 T4 W1
N Cin__VDD__hl__ACQ_1 of AOI22
N Cin__VDD__lh__ACQ_1 of AOI22
F delay__INB__hl__OUT__lh__ACQ_1 of AOI22 T7 W1
F delay__INB__lh__OUT__hl__ACQ_1 of AOI22 T8 W1
F delay__INC__hl__OUT__lh__ACQ_1 of AOI22 T9 W1
F delay__INC__lh__OUT__hl__ACQ_1 of AOI22 T10 W1
F delay__IND__hl__OUT__lh__ACQ_1 of AOI22 T11 W1
F delay__IND__lh__OUT__hl__ACQ_1 of AOI22 T12 W1
F delay__INA__hl__OUT__lh__ACQ_1 of AOI22 T13 W1
F delay__INA__lh__OUT__hl__ACQ_1 of AOI22 T14 W1
F delay__INB__hl__OUT__lh__ACQ_1 of AOI22 T15 W1
F delay__INB__lh__OUT__hl__ACQ_1 of AOI22 T16 W1
F delay__INC__hl__OUT__lh__ACQ_1 of AOI22 T17 W1
F delay__INC__lh__OUT__hl__ACQ_1 of AOI22 T18 W1
F delay__IND__hl__OUT__lh__ACQ_1 of AOI22 T19 W1
F delay__IND__lh__OUT__hl__ACQ_1 of AOI22 T20 W1
