1746733442.901073: 2683461-7f380cd2d0c0: cdpl_log.c:228: in cdpl_log_open(): info: @@start_of_log@@
1746733442.901089: 2683461-7f380cd2d0c0: cdpl_log.c:866: in cdpl_log_dump_sysinfo(): info: time: 2025/05/08 14:44:02 CDT -0500
1746733442.901093: 2683461-7f380cd2d0c0: cdpl_log.c:868: in cdpl_log_dump_sysinfo(): info: version: T-2022.03 
1746733442.901095: 2683461-7f380cd2d0c0: cdpl_log.c:870: in cdpl_log_dump_sysinfo(): info: system: Linux 4.18.0-553.46.1.el8_10.x86_64 #1 SMP Sat Mar 15 01:37:33 EDT 2025
1746733442.901097: 2683461-7f380cd2d0c0: cdpl_log.c:875: in cdpl_log_dump_sysinfo(): info: processor: x86_64 64-bits
1746733442.901099: 2683461-7f380cd2d0c0: cdpl_log.c:879: in cdpl_log_dump_sysinfo(): info: hostname: engnx05a.utdallas.edu
1746733442.901102: 2683461-7f380cd2d0c0: cdpl_log.c:230: in cdpl_log_open(): debug: path: /home/010/e/eb/ebw220000/cad/EE4325_UART_Project/gf65/primelib_gf65/OAI22/runtime/cdpl/pid2683461/master.engnx05a.utdallas.edu.2683461.log
1746733442.901105: 2683461-7f380cd2d0c0: cdpl_log.c:231: in cdpl_log_open(): debug: dir: /home/010/e/eb/ebw220000/cad/EE4325_UART_Project/gf65/primelib_gf65/OAI22/runtime/cdpl/pid2683461
1746733442.901108: 2683461-7f380cd2d0c0: cdpl_log.c:758: in cdpl_log_set_filter(): info: filter level 1
1746733442.901129: 2683461-7f380cd2d0c0: cdpl_server.c:543: in cdpl_sv_init(): info: new server S1304716377
1746733442.901139: 2683461-7f380cd2d0c0: cdpl_ipc.c:3030: in cdpl_ipc_init(): info: requesting IPv4 protocol
1746733442.901872: 2683461-7f380cd2d0c0: cdpl_ipc.c:800: in _selectaddrfamily(): info: selected IPv4 protocol
1746733442.902212: 2683461-7f380cd2d0c0: cdpl_server.c:657: in cdpl_sv_new_master(): info: new master M1
1746733442.902225: 2683461-7f380cd2d0c0: cdpl_server.c:5494: in cdpl_sv_ctl_master(): info: Setting worker heartbeat to 60 seconds
1746733442.902228: 2683461-7f380cd2d0c0: cdpl_server.c:5503: in cdpl_sv_ctl_master(): info: Setting worker heartbeat timeout to 3 heartbeats
1746733442.902231: 2683461-7f380cd2d0c0: cdpl_compat_master.c:2407: in cdplInitMaster(): info: bcast dir is `/dev/null'
1746733442.902292: 2683461-7f380cd2d0c0: cdpl_server.c:5394: in cdpl_sv_ctl_master(): info: farm worker timeout set to 36000
1746733442.902294: 2683461-7f380cd2d0c0: cdpl_server.c:5410: in cdpl_sv_ctl_master(): info: grid worker timeout set to 36000
1746733442.902297: 2683461-7f380cd2d0c0: cdpl_server.c:5438: in cdpl_sv_ctl_master(): info: farm submit command failure threshold set to 100
1746733442.902319: 2683461-7f380cd2d0c0: cdpl_farm.c:2268: in cdpl_farm_new_sh(): info: creating SH farm on localhost
1746733442.902331: 2683461-7f380cd2d0c0: cdpl_compat_master.c:207: in _set_farm_env(): info: exporting CDPL_LOGDIR as `/home/010/e/eb/ebw220000/cad/EE4325_UART_Project/gf65/primelib_gf65/OAI22/runtime/cdpl/pid2683461'
1746733442.902334: 2683461-7f380cd2d0c0: cdpl_compat_master.c:213: in _set_farm_env(): info: exporting CDPL_TMPDIR as `/var/tmp'
1746733442.902337: 2683461-7f380cd2d0c0: cdpl_compat_master.c:220: in _set_farm_env(): info: exporting CDPL_HOME as `/proj/cad/synopsys/synopsys_2021/primelib/T-2022.03-SP1/cdpl_runtime_linux64'
1746733442.902340: 2683461-7f380cd2d0c0: cdpl_compat_master.c:227: in _set_farm_env(): info: exporting SNPSLMD_LICENSE_FILE as `1700@engdmv.utdallas.edu'
1746733442.902343: 2683461-7f380cd2d0c0: cdpl_compat_master.c:247: in _set_farm_env(): info: exporting CDPL_OPTIONS as `[filter][nowlogs]'
1746733442.902345: 2683461-7f380cd2d0c0: cdpl_compat_master.c:254: in _set_farm_env(): info: exporting DISPLAY as `:1052'
1746733442.902347: 2683461-7f380cd2d0c0: cdpl_compat_master.c:262: in _set_farm_env(): info: exporting CDPL_HEARTBEAT as `60'
1746733442.902350: 2683461-7f380cd2d0c0: cdpl_compat_master.c:348: in _set_farm_env(): info: exporting SIS_MALIBU as `2'
1746733442.902353: 2683461-7f380cd2d0c0: cdpl_compat_master.c:348: in _set_farm_env(): info: exporting SIS_CDPL as `5'
1746733442.976454: 2683461-7f380cd2d0c0: cdpl_server.c:738: in cdpl_sv_new_job(): info: new job J1 in M1
1746733442.976471: 2683461-7f380cd2d0c0: cdpl_compat_master.c:1314: in _add_worker(): info: new worker type 100, min:1, max:1, cmd:`/home/010/e/eb/ebw220000/cad/EE4325_UART_Project/gf65/primelib_gf65/OAI22/runtime/cdpl/pid2683461/run_2683461.sh'
1746733442.976485: 2683461-7f380cd2d0c0: cdpl_server.c:900: in cdpl_sv_new_bin_withfarm(): info: new bin B1 in J1
1746733442.982709: 2683461-7f380cd2d0c0: cdpl_server.c:3116: in cdpl_sv_start_job(): info: starting job J1
1746733442.998277: 2683461-7f380cd2d0c0: cdpl_server.c:1824: in _sv_gen_task(): info: new task T0 in B1 (prio 3)
1746733442.998287: 2683461-7f380cd2d0c0: cdpl_server.c:2558: in cdpl_sv_label_task_va(): info: setting task T0 label to "leakage_power__ACQ_1 of OAI22"
1746733442.998358: 2683461-7f380cd2d0c0: cdpl_server.c:1824: in _sv_gen_task(): info: new task T1 in B1 (prio 5)
1746733442.998449: 2683461-7f37f2ddc700: cdpl_server_sched.c:700: in _sv_launch_worker(): info: started worker W1 (as C1) in bin B1
1746733442.998465: 2683461-7f37f25db700: cdpl_farm.c:1899: in _schedule(): info: worker submit failure threshold set to 100
1746733442.998481: 2683461-7f380cd2d0c0: cdpl_server.c:2558: in cdpl_sv_label_task_va(): info: setting task T1 label to "Cin__VSS__hl__ACQ_1 of OAI22"
1746733442.998492: 2683461-7f37f25db700: cdpl_sh.c:49: in _sh_detached_submit(): info: SH : /home/010/e/eb/ebw220000/cad/EE4325_UART_Project/gf65/primelib_gf65/OAI22/runtime/cdpl/pid2683461/run_2683461.sh
1746733443.004526: 2683461-7f380cd2d0c0: cdpl_server.c:1824: in _sv_gen_task(): info: new task T2 in B1 (prio 5)
1746733443.004549: 2683461-7f380cd2d0c0: cdpl_server.c:2558: in cdpl_sv_label_task_va(): info: setting task T2 label to "Cin__VSS__lh__ACQ_1 of OAI22"
1746733443.004767: 2683461-7f380cd2d0c0: cdpl_server.c:1824: in _sv_gen_task(): info: new task T3 in B1 (prio 2)
1746733443.004772: 2683461-7f380cd2d0c0: cdpl_server.c:2558: in cdpl_sv_label_task_va(): info: setting task T3 label to "delay__INA__hl__OUT__lh__ACQ_1 of OAI22"
1746733443.004819: 2683461-7f380cd2d0c0: cdpl_server.c:1824: in _sv_gen_task(): info: new task T4 in B1 (prio 2)
1746733443.004822: 2683461-7f380cd2d0c0: cdpl_server.c:2558: in cdpl_sv_label_task_va(): info: setting task T4 label to "delay__INA__lh__OUT__hl__ACQ_1 of OAI22"
1746733443.004863: 2683461-7f380cd2d0c0: cdpl_server.c:1824: in _sv_gen_task(): info: new task T5 in B1 (prio 5)
1746733443.004868: 2683461-7f380cd2d0c0: cdpl_server.c:2558: in cdpl_sv_label_task_va(): info: setting task T5 label to "Cin__VDD__hl__ACQ_1 of OAI22"
1746733443.004914: 2683461-7f380cd2d0c0: cdpl_server.c:1824: in _sv_gen_task(): info: new task T6 in B1 (prio 5)
1746733443.004917: 2683461-7f380cd2d0c0: cdpl_server.c:2558: in cdpl_sv_label_task_va(): info: setting task T6 label to "Cin__VDD__lh__ACQ_1 of OAI22"
1746733443.004959: 2683461-7f380cd2d0c0: cdpl_server.c:1824: in _sv_gen_task(): info: new task T7 in B1 (prio 2)
1746733443.004963: 2683461-7f380cd2d0c0: cdpl_server.c:2558: in cdpl_sv_label_task_va(): info: setting task T7 label to "delay__INB__hl__OUT__lh__ACQ_1 of OAI22"
1746733443.005024: 2683461-7f380cd2d0c0: cdpl_server.c:1824: in _sv_gen_task(): info: new task T8 in B1 (prio 2)
1746733443.005028: 2683461-7f380cd2d0c0: cdpl_server.c:2558: in cdpl_sv_label_task_va(): info: setting task T8 label to "delay__INB__lh__OUT__hl__ACQ_1 of OAI22"
1746733443.005066: 2683461-7f380cd2d0c0: cdpl_server.c:1824: in _sv_gen_task(): info: new task T9 in B1 (prio 2)
1746733443.005070: 2683461-7f380cd2d0c0: cdpl_server.c:2558: in cdpl_sv_label_task_va(): info: setting task T9 label to "delay__INC__hl__OUT__lh__ACQ_1 of OAI22"
1746733443.005107: 2683461-7f380cd2d0c0: cdpl_server.c:1824: in _sv_gen_task(): info: new task T10 in B1 (prio 2)
1746733443.005111: 2683461-7f380cd2d0c0: cdpl_server.c:2558: in cdpl_sv_label_task_va(): info: setting task T10 label to "delay__INC__lh__OUT__hl__ACQ_1 of OAI22"
1746733443.005137: 2683461-7f380cd2d0c0: cdpl_server.c:1824: in _sv_gen_task(): info: new task T11 in B1 (prio 2)
1746733443.005140: 2683461-7f380cd2d0c0: cdpl_server.c:2558: in cdpl_sv_label_task_va(): info: setting task T11 label to "delay__IND__hl__OUT__lh__ACQ_1 of OAI22"
1746733443.005179: 2683461-7f380cd2d0c0: cdpl_server.c:1824: in _sv_gen_task(): info: new task T12 in B1 (prio 2)
1746733443.005182: 2683461-7f380cd2d0c0: cdpl_server.c:2558: in cdpl_sv_label_task_va(): info: setting task T12 label to "delay__IND__lh__OUT__hl__ACQ_1 of OAI22"
1746733443.817214: 2683461-7f37f35dd700: cdpl_server_ipc.c:452: in _sv_on_hello(): info: W1 is `10.182.66.70:46154'
1746733443.817230: 2683461-7f37f35dd700: cdpl_server_ipc.c:454: in _sv_on_hello(): info: W1 log file is /dev/null
1746733443.817239: 2683461-7f37f35dd700: cdpl_server_ipc.c:481: in _sv_on_hello(): info: up to 1 alive workers in B1
1746733443.817292: 2683461-7f37f2ddc700: cdpl_server_sched.c:955: in _assign(): info: assigning task T3 to worker W1
1746733452.101710: 2683461-7f37f35dd700: cdpl_server_ipc.c:857: in _sv_on_finish(): info: worker W1 completed task T3
1746733452.102372: 2683461-7f37f2ddc700: cdpl_server_sched.c:955: in _assign(): info: assigning task T4 to worker W1
1746733460.186768: 2683461-7f37f35dd700: cdpl_server_ipc.c:857: in _sv_on_finish(): info: worker W1 completed task T4
1746733460.190390: 2683461-7f37f2ddc700: cdpl_server_sched.c:955: in _assign(): info: assigning task T7 to worker W1
1746733468.312901: 2683461-7f37f35dd700: cdpl_server_ipc.c:857: in _sv_on_finish(): info: worker W1 completed task T7
1746733468.312940: 2683461-7f37f2ddc700: cdpl_server_sched.c:955: in _assign(): info: assigning task T8 to worker W1
1746733476.266679: 2683461-7f37f35dd700: cdpl_server_ipc.c:857: in _sv_on_finish(): info: worker W1 completed task T8
1746733476.266726: 2683461-7f37f2ddc700: cdpl_server_sched.c:955: in _assign(): info: assigning task T9 to worker W1
1746733484.199447: 2683461-7f37f35dd700: cdpl_server_ipc.c:857: in _sv_on_finish(): info: worker W1 completed task T9
1746733484.199488: 2683461-7f37f2ddc700: cdpl_server_sched.c:955: in _assign(): info: assigning task T10 to worker W1
1746733492.000437: 2683461-7f37f35dd700: cdpl_server_ipc.c:857: in _sv_on_finish(): info: worker W1 completed task T10
1746733492.000492: 2683461-7f37f2ddc700: cdpl_server_sched.c:955: in _assign(): info: assigning task T11 to worker W1
1746733499.814647: 2683461-7f37f35dd700: cdpl_server_ipc.c:857: in _sv_on_finish(): info: worker W1 completed task T11
1746733499.814693: 2683461-7f37f2ddc700: cdpl_server_sched.c:955: in _assign(): info: assigning task T12 to worker W1
1746733507.632728: 2683461-7f37f35dd700: cdpl_server_ipc.c:857: in _sv_on_finish(): info: worker W1 completed task T12
1746733507.632784: 2683461-7f37f2ddc700: cdpl_server_sched.c:955: in _assign(): info: assigning task T0 to worker W1
1746733515.097444: 2683461-7f37f35dd700: cdpl_server_ipc.c:857: in _sv_on_finish(): info: worker W1 completed task T0
1746733515.097490: 2683461-7f37f2ddc700: cdpl_server_sched.c:955: in _assign(): info: assigning task T1 to worker W1
1746733522.477585: 2683461-7f37f35dd700: cdpl_server_ipc.c:857: in _sv_on_finish(): info: worker W1 completed task T1
1746733522.478155: 2683461-7f37f2ddc700: cdpl_server_sched.c:955: in _assign(): info: assigning task T2 to worker W1
1746733529.901994: 2683461-7f37f35dd700: cdpl_server_ipc.c:857: in _sv_on_finish(): info: worker W1 completed task T2
1746733529.902036: 2683461-7f37f2ddc700: cdpl_server_sched.c:955: in _assign(): info: assigning task T5 to worker W1
1746733537.257020: 2683461-7f37f35dd700: cdpl_server_ipc.c:857: in _sv_on_finish(): info: worker W1 completed task T5
1746733537.257070: 2683461-7f37f2ddc700: cdpl_server_sched.c:955: in _assign(): info: assigning task T6 to worker W1
1746733544.751581: 2683461-7f37f35dd700: cdpl_server_ipc.c:857: in _sv_on_finish(): info: worker W1 completed task T6
1746734145.831259: 2683461-7f37f3dde700: cdpl_ipc.c:738: in _readv(): warning: read(): EOF
1746734262.884427: 2683461-7f380cd2d0c0: cdpl_compat_master.c:5152: in cdplMasterLogInfo(): info: [non-CDPL log entry] Ending current CDPL job
1746734262.884984: 2683461-7f380cd2d0c0: cdpl_server.c:2890: in cdpl_sv_halt_job_errno(): info: stopping job J1
1746734262.885023: 2683461-7f380cd2d0c0: cdpl_server.c:2875: in cdpl_sv_halt_job_errno(): info: killing job J1
1746734262.885034: 2683461-7f380cd2d0c0: cdpl_server.c:288: in _sv_free_job(): info: freeing job J1
1746734262.885083: 2683461-7f380cd2d0c0: cdpl_farm.c:2395: in cdpl_farm_free(): info: freeing farm
1746734262.885275: 2683461-7f380cd2d0c0: cdpl_server.c:3011: in cdpl_sv_free(): info: freeing server S1304716377
1746734262.885278: 2683461-7f380cd2d0c0: cdpl_server.c:2976: in cdpl_sv_kill_errno(): info: killing server
1746734262.885382: 2683461-7f380cd2d0c0: cdpl_server.c:328: in _sv_free_master(): info: freeing master M1
1746734262.885427: 2683461-7f380cd2d0c0: cdpl_log.c:371: in cdpl_log_close(): info: @@end_of_log@@
