1747007130.497730: 2714570-7fa132e020c0: cdpl_log.c:228: in cdpl_log_open(): info: @@start_of_log@@
1747007130.497749: 2714570-7fa132e020c0: cdpl_log.c:866: in cdpl_log_dump_sysinfo(): info: time: 2025/05/11 18:45:30 CDT -0500
1747007130.497752: 2714570-7fa132e020c0: cdpl_log.c:868: in cdpl_log_dump_sysinfo(): info: version: T-2022.03 
1747007130.497754: 2714570-7fa132e020c0: cdpl_log.c:870: in cdpl_log_dump_sysinfo(): info: system: Linux 4.18.0-553.46.1.el8_10.x86_64 #1 SMP Sat Mar 15 01:37:33 EDT 2025
1747007130.497757: 2714570-7fa132e020c0: cdpl_log.c:875: in cdpl_log_dump_sysinfo(): info: processor: x86_64 64-bits
1747007130.497759: 2714570-7fa132e020c0: cdpl_log.c:879: in cdpl_log_dump_sysinfo(): info: hostname: engnx04a.utdallas.edu
1747007130.497761: 2714570-7fa132e020c0: cdpl_log.c:230: in cdpl_log_open(): debug: path: /home/010/e/eb/ebw220000/cad/EE4325_UART_Project/gf65/primelib_gf65/INV/runtime/cdpl/pid2714570/master.engnx04a.utdallas.edu.2714570.log
1747007130.497764: 2714570-7fa132e020c0: cdpl_log.c:231: in cdpl_log_open(): debug: dir: /home/010/e/eb/ebw220000/cad/EE4325_UART_Project/gf65/primelib_gf65/INV/runtime/cdpl/pid2714570
1747007130.497769: 2714570-7fa132e020c0: cdpl_log.c:758: in cdpl_log_set_filter(): info: filter level 1
1747007130.497789: 2714570-7fa132e020c0: cdpl_server.c:543: in cdpl_sv_init(): info: new server S1671550154
1747007130.497799: 2714570-7fa132e020c0: cdpl_ipc.c:3030: in cdpl_ipc_init(): info: requesting IPv4 protocol
1747007130.498676: 2714570-7fa132e020c0: cdpl_ipc.c:800: in _selectaddrfamily(): info: selected IPv4 protocol
1747007130.499182: 2714570-7fa132e020c0: cdpl_server.c:657: in cdpl_sv_new_master(): info: new master M1
1747007130.499194: 2714570-7fa132e020c0: cdpl_server.c:5494: in cdpl_sv_ctl_master(): info: Setting worker heartbeat to 60 seconds
1747007130.499197: 2714570-7fa132e020c0: cdpl_server.c:5503: in cdpl_sv_ctl_master(): info: Setting worker heartbeat timeout to 3 heartbeats
1747007130.499201: 2714570-7fa132e020c0: cdpl_compat_master.c:2407: in cdplInitMaster(): info: bcast dir is `/dev/null'
1747007130.499262: 2714570-7fa132e020c0: cdpl_server.c:5394: in cdpl_sv_ctl_master(): info: farm worker timeout set to 36000
1747007130.499265: 2714570-7fa132e020c0: cdpl_server.c:5410: in cdpl_sv_ctl_master(): info: grid worker timeout set to 36000
1747007130.499267: 2714570-7fa132e020c0: cdpl_server.c:5438: in cdpl_sv_ctl_master(): info: farm submit command failure threshold set to 100
1747007130.499281: 2714570-7fa132e020c0: cdpl_farm.c:2268: in cdpl_farm_new_sh(): info: creating SH farm on localhost
1747007130.499294: 2714570-7fa132e020c0: cdpl_compat_master.c:207: in _set_farm_env(): info: exporting CDPL_LOGDIR as `/home/010/e/eb/ebw220000/cad/EE4325_UART_Project/gf65/primelib_gf65/INV/runtime/cdpl/pid2714570'
1747007130.499297: 2714570-7fa132e020c0: cdpl_compat_master.c:213: in _set_farm_env(): info: exporting CDPL_TMPDIR as `/var/tmp'
1747007130.499300: 2714570-7fa132e020c0: cdpl_compat_master.c:220: in _set_farm_env(): info: exporting CDPL_HOME as `/proj/cad/synopsys/synopsys_2021/primelib/T-2022.03-SP1/cdpl_runtime_linux64'
1747007130.499310: 2714570-7fa132e020c0: cdpl_compat_master.c:227: in _set_farm_env(): info: exporting SNPSLMD_LICENSE_FILE as `1700@engdmv.utdallas.edu'
1747007130.499314: 2714570-7fa132e020c0: cdpl_compat_master.c:247: in _set_farm_env(): info: exporting CDPL_OPTIONS as `[filter][nowlogs]'
1747007130.499316: 2714570-7fa132e020c0: cdpl_compat_master.c:254: in _set_farm_env(): info: exporting DISPLAY as `:1073'
1747007130.499319: 2714570-7fa132e020c0: cdpl_compat_master.c:262: in _set_farm_env(): info: exporting CDPL_HEARTBEAT as `60'
1747007130.499324: 2714570-7fa132e020c0: cdpl_compat_master.c:348: in _set_farm_env(): info: exporting SIS_MALIBU as `2'
1747007130.499327: 2714570-7fa132e020c0: cdpl_compat_master.c:348: in _set_farm_env(): info: exporting SIS_CDPL as `5'
1747007130.571712: 2714570-7fa132e020c0: cdpl_server.c:738: in cdpl_sv_new_job(): info: new job J1 in M1
1747007130.571726: 2714570-7fa132e020c0: cdpl_compat_master.c:1314: in _add_worker(): info: new worker type 100, min:1, max:1, cmd:`/home/010/e/eb/ebw220000/cad/EE4325_UART_Project/gf65/primelib_gf65/INV/runtime/cdpl/pid2714570/run_2714570.sh'
1747007130.571739: 2714570-7fa132e020c0: cdpl_server.c:900: in cdpl_sv_new_bin_withfarm(): info: new bin B1 in J1
1747007130.577413: 2714570-7fa132e020c0: cdpl_server.c:3116: in cdpl_sv_start_job(): info: starting job J1
1747007130.587169: 2714570-7fa132e020c0: cdpl_server.c:1824: in _sv_gen_task(): info: new task T0 in B1 (prio 3)
1747007130.587177: 2714570-7fa132e020c0: cdpl_server.c:2558: in cdpl_sv_label_task_va(): info: setting task T0 label to "leakage_power__ACQ_1 of INV"
1747007130.587240: 2714570-7fa132e020c0: cdpl_server.c:1824: in _sv_gen_task(): info: new task T1 in B1 (prio 2)
1747007130.587396: 2714570-7fa118eb1700: cdpl_server_sched.c:700: in _sv_launch_worker(): info: started worker W1 (as C1) in bin B1
1747007130.587414: 2714570-7fa132e020c0: cdpl_server.c:2558: in cdpl_sv_label_task_va(): info: setting task T1 label to "delay__IN__lh__OUT__hl__ACQ_1 of INV"
1747007130.587428: 2714570-7fa1186b0700: cdpl_farm.c:1899: in _schedule(): info: worker submit failure threshold set to 100
1747007130.587451: 2714570-7fa1186b0700: cdpl_sh.c:49: in _sh_detached_submit(): info: SH : /home/010/e/eb/ebw220000/cad/EE4325_UART_Project/gf65/primelib_gf65/INV/runtime/cdpl/pid2714570/run_2714570.sh
1747007130.587458: 2714570-7fa132e020c0: cdpl_server.c:1824: in _sv_gen_task(): info: new task T2 in B1 (prio 2)
1747007130.587463: 2714570-7fa132e020c0: cdpl_server.c:2558: in cdpl_sv_label_task_va(): info: setting task T2 label to "delay__IN__hl__OUT__lh__ACQ_1 of INV"
1747007130.593632: 2714570-7fa132e020c0: cdpl_server.c:1824: in _sv_gen_task(): info: new task T3 in B1 (prio 5)
1747007130.593649: 2714570-7fa132e020c0: cdpl_server.c:2558: in cdpl_sv_label_task_va(): info: setting task T3 label to "Cin__VSS__lh__ACQ_1 of INV"
1747007130.593801: 2714570-7fa132e020c0: cdpl_server.c:1824: in _sv_gen_task(): info: new task T4 in B1 (prio 5)
1747007130.593805: 2714570-7fa132e020c0: cdpl_server.c:2558: in cdpl_sv_label_task_va(): info: setting task T4 label to "Cin__VSS__hl__ACQ_1 of INV"
1747007130.593845: 2714570-7fa132e020c0: cdpl_server.c:1824: in _sv_gen_task(): info: new task T5 in B1 (prio 5)
1747007130.593848: 2714570-7fa132e020c0: cdpl_server.c:2558: in cdpl_sv_label_task_va(): info: setting task T5 label to "Cin__VDD__lh__ACQ_1 of INV"
1747007130.593878: 2714570-7fa132e020c0: cdpl_server.c:1824: in _sv_gen_task(): info: new task T6 in B1 (prio 5)
1747007130.593881: 2714570-7fa132e020c0: cdpl_server.c:2558: in cdpl_sv_label_task_va(): info: setting task T6 label to "Cin__VDD__hl__ACQ_1 of INV"
1747007131.405499: 2714570-7fa1196b2700: cdpl_server_ipc.c:452: in _sv_on_hello(): info: W1 is `10.182.66.69:46116'
1747007131.405532: 2714570-7fa1196b2700: cdpl_server_ipc.c:454: in _sv_on_hello(): info: W1 log file is /dev/null
1747007131.405550: 2714570-7fa1196b2700: cdpl_server_ipc.c:481: in _sv_on_hello(): info: up to 1 alive workers in B1
1747007131.405623: 2714570-7fa118eb1700: cdpl_server_sched.c:955: in _assign(): info: assigning task T1 to worker W1
1747007135.615278: 2714570-7fa132e020c0: cdpl_compat_master.c:5152: in cdplMasterLogInfo(): info: [non-CDPL log entry] Ending current CDPL job
1747007135.616333: 2714570-7fa132e020c0: cdpl_server.c:2890: in cdpl_sv_halt_job_errno(): info: stopping job J1
1747007135.616436: 2714570-7fa118eb1700: cdpl_server_sched.c:2711: in _sv_drop_worker(): info: down to 0 alive workers in B1
1747007135.616586: 2714570-7fa132e020c0: cdpl_server.c:2875: in cdpl_sv_halt_job_errno(): info: killing job J1
1747007135.616593: 2714570-7fa132e020c0: cdpl_server.c:288: in _sv_free_job(): info: freeing job J1
1747007135.616632: 2714570-7fa132e020c0: cdpl_farm.c:2395: in cdpl_farm_free(): info: freeing farm
1747007135.616759: 2714570-7fa132e020c0: cdpl_server.c:3011: in cdpl_sv_free(): info: freeing server S1671550154
1747007135.616790: 2714570-7fa132e020c0: cdpl_server.c:2976: in cdpl_sv_kill_errno(): info: killing server
1747007135.616822: 2714570-7fa132e020c0: cdpl_server.c:328: in _sv_free_master(): info: freeing master M1
1747007135.616873: 2714570-7fa132e020c0: cdpl_log.c:371: in cdpl_log_close(): info: @@end_of_log@@
