### WaveView ADV log file, revision W-2024.09-SP1-1 (build Dec 11, ) ###
### created at 11:46:41 on Thu Apr 24 2025 (Linux AMD64) ###
### Host Name: engnx05a.utdallas.edu   User ID: ebw220000   PID: 3213221   ###
wv_start_log
# (0) running in waveview only mode
# (0) SW_SX_PERL_LIB defined
# (0) SW_SX_TCL_LIB defined
# (0) HOME defined
wv_select_window {WaveView} 
wv_move_window {WaveView} {} 0 27
wv_move_window {WaveView} {} 0 27
wv_press_tool_button {WaveView} {} {OpenWaveform0} 
wv_select_dialog {FileDialog} 
wv_select_list_item {FileDialog} {} {FileList} {dff.tr0} 14
wv_press_button {FileDialog} {} {Ok} 
wv_expand_tree_item {WaveView} {} {hierview} {D0:dff.tr0(0)} {+sep=@}
wv_expand_tree_item {WaveView} {} {hierview} {D0:dff.tr0(0)@toplevel(0)} {+sep=@}
wv_select_tree_item {WaveView} {} {hierview} {D0:dff.tr0(0)@toplevel(0)} {0} {+sep=@}
wv_select_list_item {WaveView} {} {sigview} {v(clk)} 6
wv_select_list_item {WaveView} {} {sigview} {v(clk)} 6
wv_list_context_menu {WaveView} {} {sigview} {v(clk)} 6 46 112
wv_select_menu_item {WaveView} {} {SigViewPopMenu.Plot Waveform to ....New Panel (SHIFT+O)} 
wv_select_list_item {WaveView} {} {sigview} {v(q)} 8
wv_select_list_item {WaveView} {} {sigview} {v(d)} 7
wv_select_list_item {WaveView} {} {sigview} {v(d)} 7
wv_list_context_menu {WaveView} {} {sigview} {v(d)} 7 36 131
wv_select_menu_item {WaveView} {} {SigViewPopMenu.Plot Waveform to ....New Panel (SHIFT+O)} 
wv_select_list_item {WaveView} {} {sigview} {v(q)} 8
wv_select_list_item {WaveView} {} {sigview} {v(q)} 8
wv_list_context_menu {WaveView} {} {sigview} {v(q)} 8 33 153
wv_select_menu_item {WaveView} {} {SigViewPopMenu.Plot Waveform to ....New Panel (SHIFT+O)} 
wv_select_waveview 1 {waveview 1}
wv_select_panel WV1.PANEL2:1 4.17271e-09 0.290476
wv_move_window {WaveView} {} 0 -10
