### WaveView ADV log file, revision W-2024.09-SP1-1 (build Dec 11, ) ###
### created at 01:51:36 on Wed Mar 19 2025 (Linux AMD64) ###
### Host Name: engnx06a.utdallas.edu   User ID: ebw220000   PID: 3416635   ###
wv_start_log
# (0) running in waveview only mode
# (0) SW_SX_PERL_LIB defined
# (0) SW_SX_TCL_LIB defined
# (0) HOME defined
wv_select_window {WaveView} 
wv_move_window {WaveView} {} 38 65
wv_move_window {WaveView} {} 340 144
wv_move_window {WaveView} {} 339 144
wv_move_window {WaveView} {} 333 144
wv_move_window {WaveView} {} 321 143
wv_move_window {WaveView} {} 298 141
wv_move_window {WaveView} {} 266 141
wv_move_window {WaveView} {} 228 141
wv_move_window {WaveView} {} 196 141
wv_move_window {WaveView} {} 169 141
wv_move_window {WaveView} {} 156 141
wv_move_window {WaveView} {} 153 141
wv_move_window {WaveView} {} 152 141
wv_move_window {WaveView} {} 150 141
wv_move_window {WaveView} {} 141 142
wv_move_window {WaveView} {} 132 142
wv_move_window {WaveView} {} 118 141
wv_move_window {WaveView} {} 101 139
wv_move_window {WaveView} {} 85 137
wv_move_window {WaveView} {} 76 135
wv_move_window {WaveView} {} 75 135
wv_select_window {WaveView} 
wv_select_tab {WaveView} {} {RBMenu} {Bar.File}
wv_press_tool_button {WaveView} {} {OpenWaveform0} 
wv_select_dialog {FileDialog} 
wv_move_window {FileDialog} {} 330 128
wv_select_list_item {FileDialog} {} {FileList} {inv.tr0} 13
wv_press_button {FileDialog} {} {Ok} 
wv_tree_context_menu {WaveView} {} {hierview} 77 10 {D0:inv.tr0(0)} {+sep=@}
wv_expand_tree_item {WaveView} {} {hierview} {D0:inv.tr0(0)} {+sep=@}
wv_select_tree_item {WaveView} {} {hierview} {D0:inv.tr0(0)@toplevel(0)} {0} {+sep=@}
wv_expand_tree_item {WaveView} {} {hierview} {D0:inv.tr0(0)@toplevel(0)} {+sep=@}
wv_select_tree_item {WaveView} {} {hierview} {D0:inv.tr0(0)@toplevel(0)@xi(0)} {0} {+sep=@}
wv_expand_tree_item {WaveView} {} {hierview} {D0:inv.tr0(0)@toplevel(0)@xi(0)} {+sep=@}
wv_select_tree_item {WaveView} {} {hierview} {D0:inv.tr0(0)@toplevel(0)@xi(0)@x_pm_inv_in(1)} {0} {+sep=@}
wv_select_list_item {WaveView} {} {sigview} {xi.x_pm_inv_in.v(21)} 2
wv_select_list_item {WaveView} {} {sigview} {xi.x_pm_inv_in.v(4)} 3
wv_select_tree_item {WaveView} {} {hierview} {D0:inv.tr0(0)@toplevel(0)@xi(0)@x_pm_inv_out(2)} {0} {+sep=@}
wv_tree_context_menu {WaveView} {} {hierview} 166 99 {D0:inv.tr0(0)@toplevel(0)@xi(0)@x_pm_inv_out(2)} {+sep=@}
wv_select_list_item {WaveView} {} {sigview} {xi.x_pm_inv_out.v(18)} 0
wv_select_list_item {WaveView} {} {sigview} {xi.x_pm_inv_out.v(18)} 0
wv_dclick_list_item {WaveView} {} {sigview} {xi.x_pm_inv_out.v(18)} 0
wv_select_list_item {WaveView} {} {sigview} {xi.x_pm_inv_out.v(20)} 1
wv_dclick_list_item {WaveView} {} {sigview} {xi.x_pm_inv_out.v(20)} 1
wv_select_list_item {WaveView} {} {sigview} {xi.x_pm_inv_out.v(20)} 1
wv_list_context_menu {WaveView} {} {sigview} {xi.x_pm_inv_out.v(20)} 1 106 25
wv_dclick_list_item {WaveView} {} {sigview} {xi.x_pm_inv_out.v(20)} 1
wv_select_waveview 1 {waveview 1}
wv_waveview_context_menu WV1.TAB
wv_waveview_context_menu WV1.TAB
wv_select_waveview 1 {waveview 1}
wv_waveview_context_menu WV1.PANEL3:1.LEGEND
wv_select_waveview 1 {waveview 1}
wv_waveview_context_menu WV1.PANEL3:1.LINE1
wv_select_waveview 1 {waveview 1}
wv_select_menu_item {WaveView} {waveview 1:1} {PanelPopMenu.Delete} 
wv_select_dialog {Confirmation} 
wv_press_button {Confirmation} {} {Ok} 
wv_select_waveview 1 {waveview 1}
wv_select_wv_item WV1.PANEL2:1.LEGEND
wv_select_panel WV1.PANEL2:1.LEGEND
wv_select_waveview 1 {waveview 1}
wv_waveview_context_menu WV1.PANEL2:1.LEGEND
wv_select_waveview 1 {waveview 1}
wv_select_menu_item {WaveView} {waveview 1:1} {PanelPopMenu.Delete} 
wv_select_dialog {Confirmation} 
wv_press_button {Confirmation} {} {Ok} 
wv_select_waveview 1 {waveview 1}
wv_waveview_context_menu WV1.PANEL1:1.LEGEND
wv_select_waveview 1 {waveview 1}
wv_select_menu_item {WaveView} {waveview 1:1} {PanelPopMenu.Delete} 
wv_select_dialog {Confirmation} 
wv_press_button {Confirmation} {} {Ok} 
wv_select_tree_item {WaveView} {} {hierview} {D0:inv.tr0(0)@toplevel(0)@xi(0)@x_pm_inv_in(1)} {0} {+sep=@}
wv_select_tree_item {WaveView} {} {hierview} {D0:inv.tr0(0)@toplevel(0)@xi(0)@x_pm_inv_in(1)} {0} {+sep=@}
wv_select_list_item {WaveView} {} {sigview} {xi.x_pm_inv_in.v(13)} 0
wv_select_list_item {WaveView} {} {sigview} {xi.x_pm_inv_in.v(13)} 0
wv_dclick_list_item {WaveView} {} {sigview} {xi.x_pm_inv_in.v(13)} 0
wv_select_list_item {WaveView} {} {sigview} {xi.x_pm_inv_in.v(16)} 1
wv_dclick_list_item {WaveView} {} {sigview} {xi.x_pm_inv_in.v(16)} 1
wv_select_list_item {WaveView} {} {sigview} {xi.x_pm_inv_in.v(21)} 2
wv_dclick_list_item {WaveView} {} {sigview} {xi.x_pm_inv_in.v(21)} 2
wv_select_list_item {WaveView} {} {sigview} {xi.x_pm_inv_in.v(4)} 3
wv_dclick_list_item {WaveView} {} {sigview} {xi.x_pm_inv_in.v(4)} 3
wv_select_list_item {WaveView} {} {sigview} {xi.x_pm_inv_in.v(4)} 3
wv_list_context_menu {WaveView} {} {sigview} {xi.x_pm_inv_in.v(4)} 3 93 66
wv_select_list_item {WaveView} {} {sigview} {xi.x_pm_inv_in.v(21)} 2 +shift
wv_select_list_item {WaveView} {} {sigview} {xi.x_pm_inv_in.v(16)} 1 +shift
wv_select_list_item {WaveView} {} {sigview} {xi.x_pm_inv_in.v(16)} 1 +shift
wv_list_context_menu {WaveView} {} {sigview} {xi.x_pm_inv_in.v(16)} 1 +shift 87 29
wv_select_waveview 1 {waveview 1}
wv_select_wv_item WV1.PANEL4:1.LEGEND
wv_select_panel WV1.PANEL4:1.LEGEND
wv_select_waveview 1 {waveview 1}
wv_shift_select_panel WV1.PANEL3:1.LEGEND
wv_release_wv_item WV1 70 218
wv_select_waveview 1 {waveview 1}
wv_shift_select_panel WV1.PANEL2:1.LEGEND
wv_release_wv_item WV1 75 145
wv_select_waveview 1 {waveview 1}
wv_waveview_context_menu WV1.PANEL2:1.LEGEND
wv_select_waveview 1 {waveview 1}
wv_select_menu_item {WaveView} {waveview 1:1} {PanelPopMenu.Delete} 
wv_select_dialog {Confirmation} 
wv_press_button {Confirmation} {} {Ok} 
wv_select_tree_item {WaveView} {} {hierview} {D0:inv.tr0(0)@toplevel(0)@xi(0)@x_pm_inv_out(2)} {0} {+sep=@}
wv_select_list_item {WaveView} {} {sigview} {xi.x_pm_inv_out.v(18)} 0
wv_select_list_item {WaveView} {} {sigview} {xi.x_pm_inv_out.v(18)} 0
wv_list_context_menu {WaveView} {} {sigview} {xi.x_pm_inv_out.v(18)} 0 124 10
wv_dclick_list_item {WaveView} {} {sigview} {xi.x_pm_inv_out.v(18)} 0
wv_select_list_item {WaveView} {} {sigview} {xi.x_pm_inv_out.v(18)} 0
wv_list_context_menu {WaveView} {} {sigview} {xi.x_pm_inv_out.v(18)} 0 121 13
wv_select_waveview 1 {waveview 1}
wv_select_panel WV1.PANEL2:1 0 0.51398
wv_select_waveview 1 {waveview 1}
wv_select_wv_item WV1.LEGEND.WIDTH
wv_move_wv_item WV1.PANEL1:1.LEGEND.WIDTH 79
wv_select_waveview 1 {waveview 1}
wv_waveview_context_menu WV1.PANEL2:1.LEGEND
wv_select_waveview 1 {waveview 1}
wv_select_menu_item {WaveView} {waveview 1:1} {PanelPopMenu.Delete} 
wv_select_dialog {Confirmation} 
wv_press_button {Confirmation} {} {Ok} 
wv_select_waveview 1 {waveview 1}
wv_select_wv_item WV1.PANEL1:1.LEGEND
wv_select_panel WV1.PANEL1:1.LEGEND
wv_select_list_item {WaveView} {} {sigview} {xi.x_pm_inv_out.v(18)} 0
wv_dclick_list_item {WaveView} {} {sigview} {xi.x_pm_inv_out.v(18)} 0
wv_select_waveview 1 {waveview 1}
wv_select_wv_item WV1.PANEL2:1.LEGEND
wv_select_panel WV1.PANEL2:1.LEGEND
wv_select_waveview 1 {waveview 1}
wv_waveview_context_menu WV1.PANEL2:1.LEGEND
wv_select_waveview 1 {waveview 1}
wv_select_menu_item {WaveView} {waveview 1:1} {PanelPopMenu.Delete} 
wv_select_dialog {Confirmation} 
wv_press_button {Confirmation} {} {Ok} 
wv_select_list_item {WaveView} {} {sigview} {xi.x_pm_inv_out.v(18)} 0
wv_list_context_menu {WaveView} {} {sigview} {xi.x_pm_inv_out.v(18)} 0 125 13
wv_select_menu_item {WaveView} {} {SigViewPopMenu.Plot Waveform to ....Append to Panel} 
wv_move_window {WaveView} {} 77 140
wv_resize_browser {WaveView} {} {WV.Browser} 250 887
wv_resize_browser {WaveView} {} {waveview 1:1} 1660 861
wv_resize_window {WaveView} 1920 1030
wv_move_window {WaveView} {} 0 27
wv_resize_browser {WaveView} {} {WV.Browser} 251 887
wv_resize_browser {WaveView} {} {waveview 1:1} 1659 861
wv_resize_browser {WaveView} {} {WV.Browser} 254 887
wv_resize_browser {WaveView} {} {waveview 1:1} 1656 861
wv_resize_browser {WaveView} {} {WV.Browser} 276 887
wv_resize_browser {WaveView} {} {waveview 1:1} 1634 861
wv_resize_browser {WaveView} {} {WV.Browser} 281 887
wv_resize_browser {WaveView} {} {waveview 1:1} 1629 861
wv_resize_browser {WaveView} {} {WV.Browser} 313 887
wv_resize_browser {WaveView} {} {waveview 1:1} 1597 861
wv_resize_browser {WaveView} {} {WV.Browser} 314 887
wv_resize_browser {WaveView} {} {waveview 1:1} 1596 861
wv_select_waveview 1 {waveview 1}
wv_waveview_context_menu WV1.PANEL1:1 1.40206e-09 1.0776
wv_select_waveview 1 {waveview 1}
wv_select_menu_item {WaveView} {waveview 1:1} {PanelPopMenu.Set to Sync} 
wv_select_waveview 1 {waveview 1}
wv_waveview_context_menu WV1.PANEL1:1 1.69897e-09 0.602879
wv_select_waveview 1 {waveview 1}
wv_select_menu_item {WaveView} {waveview 1:1} {PanelPopMenu.Remove from Sync} 
wv_select_waveview 1 {waveview 1}
wv_select_panel WV1.PANEL1:1 1.16289e-09 0.000405832
wv_select_waveview 1 {waveview 1}
wv_waveview_context_menu WV1.PANEL1:1 1.14639e-09 0.0524519
wv_select_tab {WaveView} {} {RBMenu} {Bar.Tools}
wv_select_tab {WaveView} {} {RBMenu} {Bar.Tools}
wv_select_tab {WaveView} {} {RBMenu} {Bar.File}
wv_resize_browser {WaveView} {} {WV.Browser} 314 407
wv_resize_browser {WaveView} {} {waveview 1:1} 576 381
wv_resize_window {WaveView} 900 550
wv_move_window {WaveView} {} 274 27
wv_move_window {WaveView} {} 140 293
wv_move_window {WaveView} {} 127 325
wv_move_window {WaveView} {} 115 358
wv_move_window {WaveView} {} 113 369
wv_move_window {WaveView} {} 113 370
wv_move_window {WaveView} {} 114 370
wv_move_window {WaveView} {} 117 369
wv_move_window {WaveView} {} 123 366
wv_move_window {WaveView} {} 131 362
wv_move_window {WaveView} {} 138 358
wv_move_window {WaveView} {} 143 353
wv_move_window {WaveView} {} 146 348
wv_move_window {WaveView} {} 148 340
wv_move_window {WaveView} {} 149 333
wv_move_window {WaveView} {} 149 319
wv_move_window {WaveView} {} 142 303
wv_move_window {WaveView} {} 131 288
wv_move_window {WaveView} {} 116 274
wv_move_window {WaveView} {} 86 259
wv_move_window {WaveView} {} 57 249
wv_move_window {WaveView} {} 0 232
wv_move_window {WaveView} {} -62 221
wv_move_window {WaveView} {} -129 209
wv_move_window {WaveView} {} -177 203
wv_move_window {WaveView} {} -192 202
wv_move_window {WaveView} {} -192 201
wv_move_window {WaveView} {} -191 201
wv_move_window {WaveView} {} -189 201
wv_move_window {WaveView} {} -188 201
wv_move_window {WaveView} {} -186 200
wv_move_window {WaveView} {} -179 198
wv_move_window {WaveView} {} -164 194
wv_move_window {WaveView} {} -145 190
wv_move_window {WaveView} {} -122 184
wv_move_window {WaveView} {} -105 181
wv_move_window {WaveView} {} -89 177
wv_move_window {WaveView} {} -79 175
wv_move_window {WaveView} {} -77 174
wv_select_window {WaveView} 
wv_select_waveview 1 {waveview 1}
wv_select_panel WV1.PANEL1:1 1.93103e-09 0.791532
wv_move_window {WaveView} {} -76 174
wv_move_window {WaveView} {} -68 174
wv_move_window {WaveView} {} -67 174
wv_move_window {WaveView} {} -26 170
wv_move_window {WaveView} {} -5 169
wv_move_window {WaveView} {} -4 169
wv_move_window {WaveView} {} 0 169
wv_move_window {WaveView} {} 18 169
wv_move_window {WaveView} {} 37 169
wv_move_window {WaveView} {} 64 167
wv_move_window {WaveView} {} 74 166
wv_move_window {WaveView} {} 87 166
wv_move_window {WaveView} {} 94 166
wv_move_window {WaveView} {} 95 166
wv_move_window {WaveView} {} 97 166
wv_move_window {WaveView} {} 103 166
wv_move_window {WaveView} {} 114 166
wv_move_window {WaveView} {} 128 166
wv_move_window {WaveView} {} 145 166
wv_select_window {WaveView} 
wv_move_window {WaveView} {} 155 165
wv_select_tab {WaveView} {} {RBMenu} {Bar.Tools}
wv_select_tab {WaveView} {} {RBMenu} {Bar.File}
wv_resize_browser {WaveView} {} {WV.Browser} 314 887
wv_resize_browser {WaveView} {} {waveview 1:1} 1596 861
wv_resize_window {WaveView} 1920 1030
wv_move_window {WaveView} {} 0 27
wv_press_key Ctrl_M 793 223
wv_expand_tree_item {MeasurementTool} {} {TypeList} {General} {+sep=.}
wv_expand_tree_item {MeasurementTool} {} {TypeList} {Time Domain} {+sep=.}
wv_expand_tree_item {MeasurementTool} {} {TypeList} {Frequency Domain} {+sep=.}
wv_expand_tree_item {MeasurementTool} {} {TypeList} {Statistics} {+sep=.}
wv_expand_tree_item {MeasurementTool} {} {TypeList} {Level} {+sep=.}
wv_expand_tree_item {MeasurementTool} {} {TypeList} {S Domain} {+sep=.}
wv_expand_tree_item {MeasurementTool} {} {TypeList} {RF} {+sep=.}
wv_expand_tree_item {MeasurementTool} {} {TypeList} {Favorites} {+sep=.}
wv_select_dialog {MeasurementTool} 
wv_press_button {MeasurementTool} {} {Ok} 
wv_select_window {WaveView} 
wv_select_waveview 1 {waveview 1}
wv_select_panel WV1.PANEL1:1 2.44124e-09 0.730628
wv_select_waveview 1 {waveview 1}
wv_select_wv_item WV1.MEAS1
wv_move_wv_item WV1.MEAS1 607 264
wv_select_waveview 1 {waveview 1}
wv_waveview_context_menu WV1.PANEL1:1 3.97526e-09 0.829989
wv_select_waveview 1 {waveview 1}
wv_select_wv_item WV1.MEAS1
wv_drag_item_to WV1 646 276
wv_move_wv_item WV1.MEAS1 290 301
wv_select_waveview 1 {waveview 1}
wv_select_panel WV1.PANEL1:1 6.0701e-09 0.766903
wv_drag_item_to WV1 861 305
wv_zoom_y WV1.PANEL1:1 0.766903 0.971933
wv_select_waveview 1 {waveview 1}
wv_waveview_context_menu WV1.PANEL1:1 2.46598e-09 0.913113
wv_press_key "f" 657 441
wv_press_key "f" 727 430
wv_select_waveview 1 {waveview 1}
wv_waveview_context_menu WV1.PANEL1:1 2.30928e-09 0.91101
wv_press_key "x" 416 147
wv_select_waveview 1 {waveview 1}
wv_select_panel WV1.PANEL1:1 6.05361e-09 0.763748
wv_drag_item_to WV1 858 306
wv_zoom WV1.PANEL1:1 6.05361e-09 0.763748 5.57526e-09 0.708548
wv_press_key "x" 1098 465
wv_select_waveview 1 {waveview 1}
wv_select_panel WV1.PANEL1:1 6.03711e-09 0.76848
wv_select_waveview 1 {waveview 1}
wv_select_wv_item WV1.MEAS1
wv_drag_item_to WV1 350 323
wv_move_wv_item WV1.MEAS1 354 360
wv_select_waveview 1 {waveview 1}
wv_select_panel WV1.PANEL1:1 1.88866e-09 0.678582
wv_drag_item_to WV1 355 361
wv_zoom WV1.PANEL1:1 1.88866e-09 0.678582 2.10309e-09 0.672273
wv_press_key "x" 1010 556
wv_select_waveview 1 {waveview 1}
wv_select_wv_item WV1.MEAS1
wv_drag_item_to WV1 403 380
wv_move_wv_item WV1.MEAS1 568 301
wv_select_waveview 1 {waveview 1}
wv_select_panel WV1.PANEL1:1 6.06186e-09 0.766903
wv_drag_item_to WV1 860 305
wv_zoom WV1.PANEL1:1 6.06186e-09 0.766903 5.76495e-09 0.661233
wv_press_key "x" 935 481
wv_select_waveview 1 {waveview 1}
wv_waveview_context_menu WV1.MEAS1
wv_release_wv_item WV1 593 322
wv_select_waveview 1 {waveview 1}
wv_waveview_context_menu WV1.MEAS1
wv_select_waveview 1 {waveview 1}
wv_select_menu_item {WaveView} {waveview 1:1} {MeterPopMenu.Delete Measurement} 
wv_press_tool_button {WaveView} {} {WaveformMeasurementTool0} 
wv_select_dialog {MeasurementTool} 
wv_select_tree_item {MeasurementTool} {} {TypeList} {Time Domain.Slew Rate} {0} {+sep=.}
wv_press_button {MeasurementTool} {} {Ok} 
wv_select_window {WaveView} 
wv_select_waveview 1 {waveview 1}
wv_select_wv_item WV1.MEAS1
wv_move_wv_item WV1.MEAS1 610 265
wv_select_waveview 1 {waveview 1}
wv_select_wv_item WV1.MEAS1
wv_move_wv_item WV1.MEAS1 641 290
wv_select_waveview 1 {waveview 1}
wv_select_wv_item WV1.MEAS1
wv_move_wv_item WV1.MEAS1 672 313
wv_select_waveview 1 {waveview 1}
wv_waveview_context_menu WV1.MEAS1
wv_select_waveview 1 {waveview 1}
wv_select_menu_item {WaveView} {waveview 1:1} {MeterPopMenu.Delete Measurement} 
wv_press_tool_button {WaveView} {} {WaveformMeasurementTool0} 
wv_select_dialog {MeasurementTool} 
wv_set_radion {MeasurementTool} {} {FallEdge} 
wv_press_button {MeasurementTool} {} {Ok} 
wv_select_window {WaveView} 
wv_select_waveview 1 {waveview 1}
wv_select_wv_item WV1.MEAS1
wv_move_wv_item WV1.MEAS1 620 261
wv_select_waveview 1 {waveview 1}
wv_select_wv_item WV1.MEAS1
wv_drag_item_to WV1 643 278
wv_move_wv_item WV1.MEAS1 339 434
wv_select_waveview 1 {waveview 1}
wv_waveview_context_menu WV1.PANEL1:1 1.96289e-09 0.508249
wv_select_waveview 1 {waveview 1}
wv_select_wv_item WV1.MEAS1
wv_move_wv_item WV1.MEAS1 376 459
wv_release_wv_item WV1 376 459
wv_select_waveview 1 {waveview 1}
wv_select_wv_item WV1.MEAS1
wv_drag_item_to WV1 398 482
wv_move_wv_item WV1.MEAS1 343 405
wv_select_waveview 1 {waveview 1}
wv_select_wv_item WV1.MEAS1
wv_drag_item_to WV1 372 426
wv_move_wv_item WV1.MEAS1 337 389
wv_select_waveview 1 {waveview 1}
wv_waveview_context_menu WV1.MEAS1
wv_select_waveview 1 {waveview 1}
wv_select_wv_item WV1.MEAS1
wv_move_wv_item WV1.MEAS1 380 406
wv_select_waveview 1 {waveview 1}
wv_select_wv_item WV1.MEAS1
wv_move_wv_item WV1.MEAS1 387 424
wv_select_waveview 1 {waveview 1}
wv_select_wv_item WV1.MEAS1
wv_drag_item_to WV1 395 442
wv_move_wv_item WV1.MEAS1 337 363
wv_select_waveview 1 {waveview 1}
wv_select_panel WV1.PANEL1:1 5.41856e-09 0.113961
wv_select_waveview 1 {waveview 1}
wv_select_panel WV1.PANEL1:1 4.81649e-09 0.192819
wv_select_waveview 1 {waveview 1}
wv_select_panel WV1.PANEL1:1 4.99794e-09 0.224362
wv_select_waveview 1 {waveview 1}
wv_select_wv_item WV1.MEAS1
wv_move_wv_item WV1.MEAS1 380 380
wv_select_waveview 1 {waveview 1}
wv_waveview_context_menu WV1.MEAS1
wv_select_waveview 1 {waveview 1}
wv_select_menu_item {WaveView} {waveview 1:1} {MeterPopMenu.Configure...} 
wv_close_dialog {MeasurementTool} 
wv_select_window {WaveView} 
wv_select_waveview 1 {waveview 1}
wv_waveview_context_menu WV1.MEAS1
wv_select_waveview 1 {waveview 1}
wv_select_menu_item {WaveView} {waveview 1:1} {MeterPopMenu.Measure Results...} 
wv_select_dialog {MeasureResultsDialog} 
wv_select_table_item {MeasureResultsDialog} {} {ParamTable} " -24G" 0 0
wv_select_table_item {MeasureResultsDialog} {} {ParamTable} " -24G" 0 0
wv_double_click_table_item {MeasureResultsDialog} {} {ParamTable} 0 0
wv_close_dialog {MeasureResultsDialog} 
wv_select_window {WaveView} 
wv_select_waveview 1 {waveview 1}
wv_select_panel WV1.PANEL1:1 5.65773e-09 0.686468
wv_select_waveview 1 {waveview 1}
wv_waveview_context_menu WV1.MEAS1
wv_select_waveview 1 {waveview 1}
wv_waveview_context_menu WV1.MEAS1
wv_select_waveview 1 {waveview 1}
wv_select_menu_item {WaveView} {waveview 1:1} {MeterPopMenu.Configure...} 
wv_close_dialog {MeasurementTool} 
wv_select_window {WaveView} 
wv_select_waveview 1 {waveview 1}
wv_select_wv_item WV1.MEAS1
wv_move_wv_item WV1.MEAS1 410 404
wv_select_waveview 1 {waveview 1}
wv_select_wv_item WV1.MEAS1
wv_drag_item_to WV1 426 426
wv_move_wv_item WV1.MEAS1 316 417
wv_select_waveview 1 {waveview 1}
wv_select_wv_item WV1.LEGEND.WIDTH
wv_drag_item_to WV1 81 67
wv_move_wv_item WV1.PANEL1:1.LEGEND.WIDTH 158
wv_select_waveview 1 {waveview 1}
wv_select_wv_item WV1.PANEL1:1.LINE1
wv_select_line WV1.PANEL1:1.LINE1
wv_select_waveview 1 {waveview 1}
wv_waveview_context_menu WV1.PANEL1:1.LINE1
wv_select_waveview 1 {waveview 1}
wv_select_panel WV1.PANEL1:1 2.93023e-09 0.710125
wv_select_waveview 1 {waveview 1}
wv_select_wv_item WV1.LEGEND.WIDTH
wv_drag_item_to WV1 157 84
wv_move_wv_item WV1.PANEL1:1.LEGEND.WIDTH 190
wv_select_waveview 1 {waveview 1}
wv_select_wv_item WV1.LEGEND.WIDTH
wv_drag_item_to WV1 190 106
wv_move_wv_item WV1.PANEL1:1.LEGEND.WIDTH 243
wv_select_waveview 1 {waveview 1}
wv_select_wv_item WV1.LEGEND.WIDTH
wv_drag_item_to WV1 242 106
wv_move_wv_item WV1.PANEL1:1.LEGEND.WIDTH 157
wv_select_waveview 1 {waveview 1}
wv_select_panel WV1.PANEL1:1 1.9695e-09 0.708548
wv_select_list_item {WaveView} {} {sigview} {xi.x_pm_inv_out.v(20)} 1
wv_dclick_list_item {WaveView} {} {sigview} {xi.x_pm_inv_out.v(20)} 1
wv_select_list_item {WaveView} {} {sigview} {xi.x_pm_inv_out.v(20)} 1
wv_list_context_menu {WaveView} {} {sigview} {xi.x_pm_inv_out.v(20)} 1 117 30
wv_select_waveview 1 {waveview 1}
wv_waveview_context_menu WV1.PANEL2:1.LEGEND
wv_select_waveview 1 {waveview 1}
wv_select_menu_item {WaveView} {waveview 1:1} {PanelPopMenu.Delete} 
wv_select_dialog {Confirmation} 
wv_press_button {Confirmation} {} {Ok} 
wv_select_menu_item {WaveView} {} {AxisFullScale.Set Y Full Scale} 
wv_select_dialog {SettingYAxisFullRange} 
wv_close_dialog {SettingYAxisFullRange} 
wv_select_window {WaveView} 
wv_select_waveview 1 {waveview 1}
wv_select_panel WV1.PANEL1:1 3.05011e-09 0.935658
wv_select_waveview 1 {waveview 1}
wv_select_panel WV1.PANEL1:1 8e-09 0.394694
wv_select_waveview 1 {waveview 1}
wv_select_panel WV1.PANEL1:1 4.27015e-09 0.59657
wv_select_waveview 1 {waveview 1}
wv_select_panel WV1.PANEL1:1 7.97386e-09 0.809486
wv_select_waveview 1 {waveview 1}
wv_select_wv_item WV1.MEAS1
wv_move_wv_item WV1.MEAS1 431 445
wv_select_waveview 1 {waveview 1}
wv_select_panel WV1.PANEL1:1 5.22004e-09 0.861532
wv_select_waveview 1 {waveview 1}
wv_select_wv_item WV1.MEAS1
wv_move_wv_item WV1.MEAS1 474 465
wv_select_waveview 1 {waveview 1}
wv_select_panel WV1.PANEL1:1 3.40741e-09 0.781097
wv_select_waveview 1 {waveview 1}
wv_select_panel WV1.PANEL1:1 3.40741e-09 0.658079
wv_select_waveview 1 {waveview 1}
wv_select_panel WV1.PANEL1:1 7.86928e-09 0.658079
wv_resize_browser {WaveView} {} {WV.Browser} 314 407
wv_resize_browser {WaveView} {} {waveview 1:1} 576 381
wv_resize_window {WaveView} 900 550
wv_move_window {WaveView} {} 742 27
wv_move_window {WaveView} {} 1422 157
wv_move_window {WaveView} {} 1517 164
wv_move_window {WaveView} {} 1517 167
wv_move_window {WaveView} {} 1517 170
wv_move_window {WaveView} {} 1517 172
wv_move_window {WaveView} {} 1517 173
wv_resize_browser {WaveView} {} {WV.Browser} 314 887
wv_resize_browser {WaveView} {} {waveview 1:1} 500 861
wv_resize_window {WaveView} 824 1030
wv_select_window {WaveView} 
wv_move_window {WaveView} {} 1096 27
wv_resize_browser {WaveView} {} {waveview 1:1} 1596 861
wv_resize_window {WaveView} 1920 1030
wv_move_window {WaveView} {} 0 27
wv_select_window {WaveView} 
wv_select_waveview 1 {waveview 1}
wv_select_panel WV1.PANEL1:1 2.98911e-09 0.683313
wv_press_tool_button {WaveView} {} {WaveformMeasurementTool0} 
wv_select_dialog {MeasurementTool} 
wv_select_tree_item {MeasurementTool} {} {TypeList} {Time Domain.Rise/Fall Time} {0} {+sep=.}
wv_select_combox_item {MeasurementTool} {} {Signal} "xi.x_pm_inv_in.v(13) inv.tr0" 0
wv_move_window {MeasurementTool} {} 582 164
wv_move_window {MeasurementTool} {} 583 164
wv_move_window {MeasurementTool} {} 584 164
wv_move_window {MeasurementTool} {} 585 164
wv_move_window {MeasurementTool} {} 586 164
wv_move_window {MeasurementTool} {} 590 164
wv_move_window {MeasurementTool} {} 596 164
wv_move_window {MeasurementTool} {} 604 164
wv_move_window {MeasurementTool} {} 613 165
wv_move_window {MeasurementTool} {} 634 166
wv_move_window {MeasurementTool} {} 651 167
wv_move_window {MeasurementTool} {} 663 167
wv_move_window {MeasurementTool} {} 671 168
wv_move_window {MeasurementTool} {} 675 168
wv_move_window {MeasurementTool} {} 679 169
wv_move_window {MeasurementTool} {} 682 169
wv_move_window {MeasurementTool} {} 683 169
wv_move_window {MeasurementTool} {} 684 169
wv_move_window {MeasurementTool} {} 685 169
wv_move_window {MeasurementTool} {} 687 169
wv_move_window {MeasurementTool} {} 689 169
wv_move_window {MeasurementTool} {} 692 168
wv_move_window {MeasurementTool} {} 696 167
wv_move_window {MeasurementTool} {} 699 166
wv_move_window {MeasurementTool} {} 702 166
wv_move_window {MeasurementTool} {} 703 165
wv_move_window {MeasurementTool} {} 707 165
wv_move_window {MeasurementTool} {} 716 163
wv_move_window {MeasurementTool} {} 735 162
wv_move_window {MeasurementTool} {} 768 158
wv_move_window {MeasurementTool} {} 786 157
wv_move_window {MeasurementTool} {} 832 154
wv_move_window {MeasurementTool} {} 856 151
wv_move_window {MeasurementTool} {} 866 149
wv_move_window {MeasurementTool} {} 869 149
wv_select_dialog {MeasurementTool} 
wv_select_list_item {MeasurementTool} {} {YRangeOpts} {User Specified} 3
wv_select_list_item {MeasurementTool} {} {YRangeOpts} {Target Signal Min/Max} 0
wv_select_dialog {MeasurementTool} 
wv_select_combox_item {MeasurementTool} {} {Signal} "All" 2
wv_select_combox_item {MeasurementTool} {} {Signal} "xi.x_pm_inv_out.v(18) inv.tr0" 1
wv_select_list_item {MeasurementTool} {} {YRangeOpts} {All Signals Min/Max} 2
wv_select_list_item {MeasurementTool} {} {YRangeOpts} {Target Signal Min/Max} 0
wv_set_text {MeasurementTool} {} {HighPercentage} "50"
wv_set_text {MeasurementTool} {} {LowPercentage} "50"
wv_press_button {MeasurementTool} {} {Ok} 
wv_select_window {WaveView} 
wv_select_waveview 1 {waveview 1}
wv_select_panel WV1.PANEL1:1 3.09368e-09 0.706971
wv_select_waveview 1 {waveview 1}
wv_select_wv_item WV1.MEAS2
wv_move_wv_item WV1.MEAS2 643 267
wv_select_waveview 1 {waveview 1}
wv_waveview_context_menu WV1.PANEL1:1 3.83442e-09 0.825257
wv_select_waveview 1 {waveview 1}
wv_waveview_context_menu WV1.MEAS2
wv_select_waveview 1 {waveview 1}
wv_select_menu_item {WaveView} {waveview 1:1} {MeterPopMenu.Delete Measurement} 
wv_select_waveview 1 {waveview 1}
wv_select_panel WV1.PANEL1:1 2.8671e-09 0.822103
wv_press_tool_button {WaveView} {} {WaveformMeasurementTool0} 
wv_select_dialog {MeasurementTool} 
wv_select_tree_item {MeasurementTool} {} {TypeList} {Time Domain.Rise/Fall Time} {0} {+sep=.}
wv_set_text {MeasurementTool} {} {LowPercentage} "0"
wv_press_button {MeasurementTool} {} {Ok} 
wv_select_window {WaveView} 
wv_select_waveview 1 {waveview 1}
wv_waveview_context_menu WV1.MEAS2
wv_select_waveview 1 {waveview 1}
wv_select_menu_item {WaveView} {waveview 1:1} {MeterPopMenu.Delete Measurement} 
wv_select_waveview 1 {waveview 1}
wv_waveview_context_menu WV1.PANEL1:1 3.76471e-09 0.609187
wv_press_tool_button {WaveView} {} {WaveformMeasurementTool0} 
wv_select_dialog {MeasurementTool} 
wv_set_radion {MeasurementTool} {} {FallEdge} 
wv_press_button {MeasurementTool} {} {Ok} 
wv_select_window {WaveView} 
wv_select_waveview 1 {waveview 1}
wv_select_wv_item WV1.MEAS2
wv_drag_item_to WV1 664 267
wv_move_wv_item WV1.MEAS2 679 596
wv_select_waveview 1 {waveview 1}
wv_select_panel WV1.PANEL1:1 5.75163e-09 0.579221
wv_select_waveview 1 {waveview 1}
wv_select_panel WV1.PANEL1:1 5.75163e-09 0.577644
wv_select_waveview 1 {waveview 1}
wv_select_wv_item WV1.MEAS2
wv_move_wv_item WV1.MEAS2 712 615
wv_select_waveview 1 {waveview 1}
wv_waveview_context_menu WV1.PANEL1:1 4.43573e-09 0.276408
wv_select_waveview 1 {waveview 1}
wv_waveview_context_menu WV1.MEAS2
wv_select_waveview 1 {waveview 1}
wv_select_menu_item {WaveView} {waveview 1:1} {MeterPopMenu.Delete Measurement} 
wv_press_tool_button {WaveView} {} {WaveformMeasurementTool0} 
wv_select_dialog {MeasurementTool} 
wv_select_tree_item {MeasurementTool} {} {TypeList} {Time Domain.Rise/Fall Time} {0} {+sep=.}
wv_select_list_item {MeasurementTool} {} {YRangeOpts} {Target Signal Topline/Baseline} 1
wv_select_list_item {MeasurementTool} {} {YRangeOpts} {Target Signal Min/Max} 0
wv_select_combox_item {MeasurementTool} {} {Signal} "xi.x_pm_inv_out.v(18) inv.tr0" 1
wv_set_radion {MeasurementTool} {} {EitherEdge} 
wv_press_button {MeasurementTool} {} {Ok} 
wv_select_window {WaveView} 
wv_select_waveview 1 {waveview 1}
wv_waveview_context_menu WV1.PANEL1:1 1.11547e-09 0.688045
wv_select_waveview 1 {waveview 1}
wv_select_wv_item WV1.PANEL1:1.XAXIS1
wv_drag_item_to WV1 207 15
wv_zoom_x WV1.PANEL1:1 3.48584e-11 6.57952e-09
wv_press_key "x" 1339 827
wv_select_waveview 1 {waveview 1}
wv_select_panel WV1.PANEL1:1 7.18083e-09 -0.0137886
wv_drag_item_to WV1 1026 799
wv_zoom WV1.PANEL1:1 7.18083e-09 -0.0137886 -1.22004e-10 1.22901
wv_select_waveview 1 {waveview 1}
wv_select_wv_item WV1.MEAS2
wv_drag_item_to WV1 752 268
wv_move_wv_item WV1.MEAS2 662 611
wv_select_waveview 1 {waveview 1}
wv_select_wv_item WV1.MEAS1
wv_drag_item_to WV1 604 497
wv_move_wv_item WV1.MEAS1 287 407
wv_select_waveview 1 {waveview 1}
wv_waveview_context_menu WV1.MEAS1
wv_select_waveview 1 {waveview 1}
wv_select_menu_item {WaveView} {waveview 1:1} {MeterPopMenu.Delete Measurement} 
wv_select_waveview 1 {waveview 1}
wv_select_wv_item WV1.MEAS1
wv_drag_item_to WV1 707 613
wv_move_wv_item WV1.MEAS1 715 592
wv_select_window {WaveView} 
wv_select_waveview 1 {waveview 1}
wv_select_panel WV1.PANEL1:1 2.66714e-09 0.68866
wv_select_waveview 1 {waveview 1}
wv_waveview_context_menu WV1.PANEL1:1 2.66714e-09 0.68866
wv_press_tool_button {WaveView} {} {WaveformMeasurementTool0} 
wv_select_dialog {MeasurementTool} 
wv_select_combox_item {MeasurementTool} {} {Signal} "xi.x_pm_inv_out.v(18) inv.tr0" 1
wv_set_radion {MeasurementTool} {} {RiseEdge} 
wv_set_radion {MeasurementTool} {} {FallEdge} 
wv_press_button {MeasurementTool} {} {Ok} 
wv_select_window {WaveView} 
wv_select_waveview 1 {waveview 1}
wv_select_wv_item WV1.MEAS2
wv_move_wv_item WV1.MEAS2 663 269
wv_select_waveview 1 {waveview 1}
wv_waveview_context_menu WV1.PANEL1:1 2.32292e-09 0.838433
wv_select_waveview 1 {waveview 1}
wv_select_wv_item WV1.MEAS2
wv_move_wv_item WV1.MEAS2 690 288
wv_select_waveview 1 {waveview 1}
wv_waveview_context_menu WV1.PANEL1:1 2.56652e-09 0.757173
wv_select_waveview 1 {waveview 1}
wv_waveview_context_menu WV1.MEAS2
wv_select_waveview 1 {waveview 1}
wv_select_menu_item {WaveView} {waveview 1:1} {MeterPopMenu.Delete Measurement} 
wv_select_waveview 1 {waveview 1}
wv_select_panel WV1.PANEL1:1 2.03695e-09 0.43054
wv_select_waveview 1 {waveview 1}
wv_select_wv_item WV1.MEAS1
wv_drag_item_to WV1 744 611
wv_move_wv_item WV1.MEAS1 747 507
wv_select_waveview 1 {waveview 1}
wv_select_panel WV1.PANEL1:1 3.63492e-10 0.67432
wv_drag_item_to WV1 295 372
wv_zoom WV1.PANEL1:1 3.63492e-10 0.67432 2.15345e-09 0.0497344
wv_select_waveview 1 {waveview 1}
wv_select_wv_item WV1.MEAS1
wv_drag_item_to WV1 1092 390
wv_move_wv_item WV1.MEAS1 1090 449
wv_select_waveview 1 {waveview 1}
wv_waveview_context_menu WV1.PANEL1:1 1.41039e-09 0.31006
wv_press_key "x" 1244 691
wv_select_waveview 1 {waveview 1}
wv_select_panel WV1.PANEL1:1 4.3573e-11 1.21324
wv_drag_item_to WV1 208 22
wv_zoom WV1.PANEL1:1 4.3573e-11 1.21324 7.1024e-09 -0.0137886
wv_select_waveview 1 {waveview 1}
wv_waveview_context_menu WV1.PANEL1:1 2.18675e-09 0.848227
wv_press_tool_button {WaveView} {} {WaveformMeasurementTool0} 
wv_select_dialog {MeasurementTool} 
wv_select_combox_item {MeasurementTool} {} {Signal} "xi.x_pm_inv_out.v(18) inv.tr0" 1
wv_set_radion {MeasurementTool} {} {RiseEdge} 
wv_press_button {MeasurementTool} {} {Ok} 
wv_select_window {WaveView} 
wv_select_waveview 1 {waveview 1}
wv_select_wv_item WV1.MEAS1
wv_move_wv_item WV1.MEAS1 773 617
wv_press_key Delete 1105 771
wv_select_dialog {Confirmation} 
wv_press_button {Confirmation} {} {Cancel} 
wv_select_window {WaveView} 
wv_press_key Esc 1022 539
wv_press_key Esc 1062 543
wv_select_waveview 1 {waveview 1}
wv_select_panel WV1.PANEL1:1 2.65768e-09 0.156059
wv_drag_item_to WV1 712 695
wv_zoom WV1.PANEL1:1 2.65768e-09 0.156059 3.86572e-09 0.417195
wv_select_waveview 1 {waveview 1}
wv_waveview_context_menu WV1.MEAS1
wv_select_waveview 1 {waveview 1}
wv_select_menu_item {WaveView} {waveview 1:1} {MeterPopMenu.Delete Measurement} 
wv_press_key "x" 954 632
wv_select_waveview 1 {waveview 1}
wv_select_panel WV1.PANEL1:1 6.79739e-09 0.0272174
wv_drag_item_to WV1 982 773
wv_zoom WV1.PANEL1:1 6.79739e-09 0.0272174 -1.26362e-09 1.34887
wv_press_key "x" 967 393
wv_select_waveview 1 {waveview 1}
wv_select_wv_item WV1.PANEL1:1.XAXIS1
wv_drag_item_to WV1 1007 803
wv_zoom_x WV1.PANEL1:1 7.00654e-09 -3.39869e-09
wv_press_key "x" 1232 360
wv_select_waveview 1 {waveview 1}
wv_select_panel WV1.PANEL1:1 4.79303e-10 1.20693
wv_drag_item_to WV1 259 25
wv_zoom WV1.PANEL1:1 4.79303e-10 1.20693 6.85839e-09 -0.0421773
wv_select_waveview 1 {waveview 1}
wv_select_wv_item WV1.MEAS1
wv_drag_item_to WV1 590 253
wv_move_wv_item WV1.MEAS1 478 582
wv_select_waveview 1 {waveview 1}
wv_waveview_context_menu WV1.PANEL1:1 6.01523e-09 0.832213
wv_select_waveview 1 {waveview 1}
wv_select_panel WV1.PANEL1:1 3.99372e-09 0.78417
wv_drag_item_to WV1 961 289
wv_zoom WV1.PANEL1:1 3.99372e-09 0.78417 4.45169e-09 0.633637
wv_select_waveview 1 {waveview 1}
wv_select_toolbar_item {WaveView} {waveview 1:1} {Undo Zoom} 
wv_select_waveview 1 {waveview 1}
wv_waveview_context_menu WV1.PANEL1:1 6.02911e-09 0.779366
wv_press_tool_button {WaveView} {} {WaveformMeasurementTool0} 
wv_select_dialog {MeasurementTool} 
wv_set_text {MeasurementTool} {} {HighPercentage} "0"
wv_set_text {MeasurementTool} {} {LowPercentage} "50"
wv_select_combox_item {MeasurementTool} {} {Signal} "xi.x_pm_inv_out.v(18) inv.tr0" 1
wv_press_button {MeasurementTool} {} {Ok} 
wv_select_window {WaveView} 
wv_press_key Delete 982 432
wv_select_dialog {Confirmation} 
wv_close_dialog {Confirmation} 
wv_select_window {WaveView} 
wv_select_waveview 1 {waveview 1}
wv_select_wv_item WV1.MEAS2
wv_move_wv_item WV1.MEAS2 668 267
wv_select_waveview 1 {waveview 1}
wv_waveview_context_menu WV1.PANEL1:1 2.63834e-09 0.8178
wv_select_waveview 1 {waveview 1}
wv_waveview_context_menu WV1.MEAS2
wv_select_waveview 1 {waveview 1}
wv_select_menu_item {WaveView} {waveview 1:1} {MeterPopMenu.Delete Measurement} 
wv_press_tool_button {WaveView} {} {WaveformMeasurementTool0} 
wv_select_dialog {MeasurementTool} 
wv_select_list_item {MeasurementTool} {} {YRangeOpts} {User Specified} 3
wv_select_list_item {MeasurementTool} {} {YRangeOpts} {Target Signal Min/Max} 0
wv_select_combox_item {MeasurementTool} {} {Signal} "xi.x_pm_inv_out.v(18) inv.tr0" 1
wv_set_check {MeasurementTool} {} {RFvsX} 1
wv_set_check {MeasurementTool} {} {RFvsX} 0
wv_set_radion {MeasurementTool} {} {RangeWindowMinMax} 
wv_move_window {MeasurementTool} {} 580 164
wv_move_window {MeasurementTool} {} 578 165
wv_move_window {MeasurementTool} {} 572 167
wv_move_window {MeasurementTool} {} 556 168
wv_move_window {MeasurementTool} {} 533 170
wv_move_window {MeasurementTool} {} 495 168
wv_move_window {MeasurementTool} {} 446 160
wv_move_window {MeasurementTool} {} 370 146
wv_move_window {MeasurementTool} {} 303 133
wv_move_window {MeasurementTool} {} 256 123
wv_move_window {MeasurementTool} {} 233 118
wv_move_window {MeasurementTool} {} 227 116
wv_move_window {MeasurementTool} {} 226 116
wv_move_window {MeasurementTool} {} 221 114
wv_move_window {MeasurementTool} {} 212 112
wv_move_window {MeasurementTool} {} 199 107
wv_move_window {MeasurementTool} {} 172 97
wv_move_window {MeasurementTool} {} 116 77
wv_move_window {MeasurementTool} {} 92 67
wv_move_window {MeasurementTool} {} 78 63
wv_move_window {MeasurementTool} {} 75 61
wv_move_window {MeasurementTool} {} 75 60
wv_select_dialog {MeasurementTool} 
wv_set_radion {MeasurementTool} {} {RangeUserMinMax} 
wv_set_text {MeasurementTool} {} {RangeMinX} "5n"
wv_set_text {MeasurementTool} {} {RangeMaxX} "7n"
wv_press_button {MeasurementTool} {} {Ok} 
wv_select_window {WaveView} 
wv_press_key Delete 946 435
wv_select_dialog {Confirmation} 
wv_press_button {Confirmation} {} {Cancel} 
wv_select_window {WaveView} 
wv_select_waveview 1 {waveview 1}
wv_select_wv_item WV1.MEAS2
wv_move_wv_item WV1.MEAS2 667 267
wv_select_waveview 1 {waveview 1}
wv_waveview_context_menu WV1.MEAS2
wv_select_waveview 1 {waveview 1}
wv_select_wv_item WV1.MEAS2
wv_drag_item_to WV1 681 289
wv_move_wv_item WV1.MEAS2 1307 376
wv_select_waveview 1 {waveview 1}
wv_waveview_context_menu WV1.MEAS2
wv_select_waveview 1 {waveview 1}
wv_select_menu_item {WaveView} {waveview 1:1} {MeterPopMenu.Delete Measurement} 
wv_press_tool_button {WaveView} {} {WaveformMeasurementTool0} 
wv_select_dialog {MeasurementTool} 
wv_select_tree_item {MeasurementTool} {} {TypeList} {Time Domain.Frequency} {0} {+sep=.}
wv_select_tree_item {MeasurementTool} {} {TypeList} {Time Domain.Frequency} {0} {+sep=.}
wv_select_tree_item {MeasurementTool} {} {TypeList} {Time Domain.Rise/Fall Time} {0} {+sep=.}
wv_set_text {MeasurementTool} {} {HighPercentage} "50"
wv_set_text {MeasurementTool} {} {LowPercentage} "0"
wv_press_button {MeasurementTool} {} {Ok} 
wv_select_window {WaveView} 
wv_select_waveview 1 {waveview 1}
wv_select_wv_item WV1.MEAS2
wv_move_wv_item WV1.MEAS2 633 266
wv_press_key Delete 977 449
wv_select_dialog {Confirmation} 
wv_close_dialog {Confirmation} 
wv_select_window {WaveView} 
wv_select_waveview 1 {waveview 1}
wv_select_wv_item WV1.MEAS2
wv_move_wv_item WV1.MEAS2 677 288
wv_release_wv_item WV1 677 288
wv_select_waveview 1 {waveview 1}
wv_waveview_context_menu WV1.MEAS2
wv_select_waveview 1 {waveview 1}
wv_select_menu_item {WaveView} {waveview 1:1} {MeterPopMenu.Delete Measurement} 
wv_select_waveview 1 {waveview 1}
wv_select_panel WV1.PANEL1:1 3.54039e-09 0.702498
wv_select_window {WaveView} 
wv_select_waveview 1 {waveview 1}
wv_select_panel WV1.PANEL1:1 1.58827e-09 0.502321
wv_press_tool_button {WaveView} {} {WaveformMeasurementTool0} 
wv_select_dialog {MeasurementTool} 
wv_select_tree_item {MeasurementTool} {} {TypeList} {Time Domain.Slew Rate} {0} {+sep=.}
wv_select_combox_item {MeasurementTool} {} {Signal} "xi.x_pm_inv_out.v(18) inv.tr0" 1
wv_set_radion {MeasurementTool} {} {RiseEdge} 
wv_press_button {MeasurementTool} {} {Ok} 
wv_select_window {WaveView} 
wv_select_waveview 1 {waveview 1}
wv_select_wv_item WV1.MEAS2
wv_drag_item_to WV1 654 270
wv_move_wv_item WV1.MEAS2 487 390
wv_select_waveview 1 {waveview 1}
wv_waveview_context_menu WV1.PANEL1:1 2.36079e-09 0.67047
wv_press_key "t" 889 508
wv_select_waveview 1 {waveview 1}
wv_select_panel WV1.PANEL1:1 1.72242e-09 0.664064
wv_select_waveview 1 {waveview 1}
wv_select_panel WV1.PANEL1:1 2.9529e-09 0.449474
wv_drag_item_to WV1 735 497
wv_select_waveview 1 {waveview 1}
wv_waveview_context_menu WV1.PANEL1:1 3.3276e-09 0.590399
wv_press_tool_button {WaveView} {} {WaveformMeasurementTool0} 
wv_select_dialog {MeasurementTool} 
wv_select_combox_item {MeasurementTool} {} {Signal} "xi.x_pm_inv_out.v(18) inv.tr0" 1
wv_select_tree_item {MeasurementTool} {} {TypeList} {Time Domain.Slew Rate} {0} {+sep=.}
wv_select_tree_item {MeasurementTool} {} {TypeList} {Time Domain.Delay} {0} {+sep=.}
wv_resize_window {MeasurementTool} 757 759
wv_select_tree_item {MeasurementTool} {} {TypeList} {Time Domain.Slew Rate} {0} {+sep=.}
wv_select_window {WaveView} 
wv_select_waveview 1 {waveview 1}
wv_select_panel WV1.PANEL1:1 4.61359e-09 0.359795
wv_select_waveview 1 {waveview 1}
wv_select_panel WV1.PANEL1:1 4.58584e-09 0.451076
wv_select_dialog {MeasurementTool} 
wv_select_tree_item {MeasurementTool} {} {TypeList} {Time Domain.Slew Rate} {0} {+sep=.}
wv_set_text {MeasurementTool} {} {LowPercentage} "20"
wv_set_text {MeasurementTool} {} {HighPercentage} "80"
wv_press_button {MeasurementTool} {} {Ok} 
wv_select_window {WaveView} 
wv_select_waveview 1 {waveview 1}
wv_select_panel WV1.PANEL1:1 2.67072e-09 0.593602
wv_select_waveview 1 {waveview 1}
wv_select_wv_item WV1.MEAS3
wv_drag_item_to WV1 655 264
wv_move_wv_item WV1.MEAS3 573 472
wv_select_waveview 1 {waveview 1}
wv_select_wv_item WV1.MEAS3
wv_drag_item_to WV1 604 495
wv_move_wv_item WV1.MEAS3 604 495
wv_select_waveview 1 {waveview 1}
wv_waveview_context_menu WV1.MEAS3
wv_select_waveview 1 {waveview 1}
wv_select_menu_item {WaveView} {waveview 1:1} {MeterPopMenu.Delete Measurement} 
wv_select_waveview 1 {waveview 1}
wv_waveview_context_menu WV1.MEAS2
wv_select_waveview 1 {waveview 1}
wv_select_menu_item {WaveView} {waveview 1:1} {MeterPopMenu.Delete All Measurements} 
wv_select_waveview 1 {waveview 1}
wv_select_panel WV1.PANEL1:1 1.79643e-09 0.486307
wv_select_waveview 1 {waveview 1}
wv_waveview_context_menu WV1.PANEL1:1 1.79181e-09 0.529545
wv_press_tool_button {WaveView} {} {WaveformMeasurementTool0} 
wv_select_dialog {MeasurementTool} 
wv_set_radion {MeasurementTool} {} {EitherEdge} 
wv_press_button {MeasurementTool} {} {Ok} 
wv_select_window {WaveView} 
wv_select_waveview 1 {waveview 1}
wv_select_wv_item WV1.MEAS1
wv_drag_item_to WV1 662 265
wv_move_wv_item WV1.MEAS1 614 360
wv_select_waveview 1 {waveview 1}
wv_waveview_context_menu WV1.MEAS1
wv_select_waveview 1 {waveview 1}
wv_select_menu_item {WaveView} {waveview 1:1} {MeterPopMenu.Delete Measurement} 
wv_press_tool_button {WaveView} {} {WaveformMeasurementTool0} 
wv_select_dialog {MeasurementTool} 
wv_select_combox_item {MeasurementTool} {} {Signal} "xi.x_pm_inv_out.v(18) inv.tr0" 1
wv_press_button {MeasurementTool} {} {Apply} 
wv_press_button {MeasurementTool} {} {Ok} 
wv_select_window {WaveView} 
wv_select_waveview 1 {waveview 1}
wv_select_wv_item WV1.MEAS1
wv_drag_item_to WV1 668 271
wv_move_wv_item WV1.MEAS1 468 389
wv_select_waveview 1 {waveview 1}
wv_select_panel WV1.PANEL1:1 2.51344e-09 0.792178
wv_select_waveview 1 {waveview 1}
wv_select_wv_item WV1.MEAS2
wv_drag_item_to WV1 644 274
wv_move_wv_item WV1.MEAS2 616 489
wv_select_waveview 1 {waveview 1}
wv_waveview_context_menu WV1.MEAS2
wv_select_waveview 1 {waveview 1}
wv_waveview_context_menu WV1.MEAS2
wv_select_waveview 1 {waveview 1}
wv_select_menu_item {WaveView} {waveview 1:1} {MeterPopMenu.Delete Measurement} 
wv_select_waveview 1 {waveview 1}
wv_waveview_context_menu WV1.PANEL1:1 5.46938e-09 0.588797
wv_press_tool_button {WaveView} {} {WaveformMeasurementTool0} 
wv_select_dialog {MeasurementTool} 
wv_set_radion {MeasurementTool} {} {FallEdge} 
wv_press_button {MeasurementTool} {} {Ok} 
wv_select_window {WaveView} 
wv_select_waveview 1 {waveview 1}
wv_waveview_context_menu WV1.MEAS2
wv_select_waveview 1 {waveview 1}
wv_waveview_context_menu WV1.MEAS2
wv_select_waveview 1 {waveview 1}
wv_select_menu_item {WaveView} {waveview 1:1} {MeterPopMenu.Delete Measurement} 
wv_select_waveview 1 {waveview 1}
wv_waveview_context_menu WV1.PANEL1:1 5.21958e-09 0.63684
wv_press_tool_button {WaveView} {} {WaveformMeasurementTool0} 
wv_select_dialog {MeasurementTool} 
wv_select_combox_item {MeasurementTool} {} {Signal} "xi.x_pm_inv_out.v(18) inv.tr0" 1
wv_press_button {MeasurementTool} {} {Ok} 
wv_select_window {WaveView} 
wv_select_waveview 1 {waveview 1}
wv_select_wv_item WV1.MEAS2
wv_drag_item_to WV1 658 270
wv_move_wv_item WV1.MEAS2 1469 395
wv_select_waveview 1 {waveview 1}
wv_select_panel WV1.PANEL1:1 4.78012e-09 0.491111
wv_press_tool_button {WaveView} {} {WaveformMeasurementTool0} 
wv_select_dialog {MeasurementTool} 
wv_select_tree_item {MeasurementTool} {} {TypeList} {Time Domain.Rise/Fall Time} {0} {+sep=.}
wv_set_radion {MeasurementTool} {} {RangeFullMinMax} 
wv_press_button {MeasurementTool} {} {Apply} 
wv_press_button {MeasurementTool} {} {Ok} 
wv_select_window {WaveView} 
wv_select_waveview 1 {waveview 1}
wv_waveview_context_menu WV1.MEAS3
wv_select_waveview 1 {waveview 1}
wv_select_menu_item {WaveView} {waveview 1:1} {MeterPopMenu.Delete Measurement} 
wv_select_waveview 1 {waveview 1}
wv_select_wv_item WV1.MEAS3
wv_move_wv_item WV1.MEAS3 641 272
wv_select_waveview 1 {waveview 1}
wv_waveview_context_menu WV1.PANEL1:1 2.51344e-09 0.809793
wv_select_waveview 1 {waveview 1}
wv_waveview_context_menu WV1.MEAS3
wv_select_waveview 1 {waveview 1}
wv_select_menu_item {WaveView} {waveview 1:1} {MeterPopMenu.Delete Measurement} 
wv_select_waveview 1 {waveview 1}
wv_waveview_context_menu WV1.PANEL1:1 3.20733e-09 0.532748
wv_press_tool_button {WaveView} {} {WaveformMeasurementTool0} 
wv_select_dialog {MeasurementTool} 
wv_select_combox_item {MeasurementTool} {} {Signal} "xi.x_pm_inv_out.v(18) inv.tr0" 1
wv_press_button {MeasurementTool} {} {Apply} 
wv_press_button {MeasurementTool} {} {Ok} 
wv_select_window {WaveView} 
wv_select_waveview 1 {waveview 1}
wv_select_wv_item WV1.MEAS3
wv_drag_item_to WV1 658 264
wv_move_wv_item WV1.MEAS3 480 540
wv_select_waveview 1 {waveview 1}
wv_select_wv_item WV1.MEAS3
wv_drag_item_to WV1 522 566
wv_move_wv_item WV1.MEAS3 530 572
wv_select_waveview 1 {waveview 1}
wv_select_wv_item WV1.MEAS4
wv_drag_item_to WV1 658 269
wv_move_wv_item WV1.MEAS4 1037 487
wv_select_waveview 1 {waveview 1}
wv_waveview_context_menu WV1.MEAS4
wv_select_waveview 1 {waveview 1}
wv_select_menu_item {WaveView} {waveview 1:1} {MeterPopMenu.Delete Measurement} 
wv_select_waveview 1 {waveview 1}
wv_select_wv_item WV1.MEAS3
wv_drag_item_to WV1 567 600
wv_move_wv_item WV1.MEAS3 458 581
wv_press_tool_button {WaveView} {} {WaveformMeasurementTool0} 
wv_select_dialog {MeasurementTool} 
wv_select_combox_item {MeasurementTool} {} {Signal} "xi.x_pm_inv_out.v(18) inv.tr0" 1
wv_set_radion {MeasurementTool} {} {FallEdge} 
wv_press_button {MeasurementTool} {} {Ok} 
wv_select_window {WaveView} 
wv_select_waveview 1 {waveview 1}
wv_select_wv_item WV1.MEAS4
wv_drag_item_to WV1 661 270
wv_move_wv_item WV1.MEAS4 1164 376
wv_select_waveview 1 {waveview 1}
wv_waveview_context_menu WV1.MEAS4
wv_select_waveview 1 {waveview 1}
wv_select_menu_item {WaveView} {waveview 1:1} {MeterPopMenu.Delete Measurement} 
wv_select_waveview 1 {waveview 1}
wv_select_panel WV1.PANEL1:1 4.12325e-09 0.657658
wv_select_waveview 1 {waveview 1}
wv_select_panel WV1.PANEL1:1 3.42937e-09 0.479901
wv_release_wv_item WV1 840 478
wv_select_window {WaveView} 
wv_select_waveview 1 {waveview 1}
wv_select_panel WV1.PANEL1:1 2.06936e-09 0.507125
wv_select_waveview 1 {waveview 1}
wv_waveview_context_menu WV1.MEAS3
wv_select_waveview 1 {waveview 1}
wv_select_menu_item {WaveView} {waveview 1:1} {MeterPopMenu.Delete Measurement} 
wv_select_waveview 1 {waveview 1}
wv_waveview_context_menu WV1.MEAS1
wv_select_waveview 1 {waveview 1}
wv_select_menu_item {WaveView} {waveview 1:1} {MeterPopMenu.Delete Measurement} 
wv_select_window {WaveView} 
wv_select_waveview 1 {waveview 1}
wv_select_panel WV1.PANEL1:1 2.08786e-09 0.750541
wv_press_tool_button {WaveView} {} {WaveformMeasurementTool0} 
wv_select_dialog {MeasurementTool} 
wv_select_tree_item {MeasurementTool} {} {TypeList} {General.Difference} {0} {+sep=.}
wv_set_check {MeasurementTool} {} {LockedLevel} 1
wv_move_window {MeasurementTool} {} 582 164
wv_move_window {MeasurementTool} {} 585 164
wv_move_window {MeasurementTool} {} 592 166
wv_move_window {MeasurementTool} {} 594 166
wv_move_window {MeasurementTool} {} 748 183
wv_move_window {MeasurementTool} {} 753 184
wv_move_window {MeasurementTool} {} 754 184
wv_move_window {MeasurementTool} {} 755 184
wv_move_window {MeasurementTool} {} 759 186
wv_move_window {MeasurementTool} {} 768 189
wv_move_window {MeasurementTool} {} 778 192
wv_move_window {MeasurementTool} {} 793 194
wv_move_window {MeasurementTool} {} 803 196
wv_move_window {MeasurementTool} {} 809 197
wv_move_window {MeasurementTool} {} 810 197
wv_select_dialog {MeasurementTool} 
wv_set_check {MeasurementTool} {} {GravitySnap} 0
wv_select_dialog {MeasurementTool} 
wv_press_button {MeasurementTool} {} {Ok} 
wv_select_window {WaveView} 
wv_select_waveview 1 {waveview 1}
wv_select_wv_item WV1.MEAS2.ANCHOR1
wv_drag_item_to WV1 343 403
wv_move_wv_item WV1.MEAS2.ANCHOR1 311 403
wv_select_waveview 1 {waveview 1}
wv_select_panel WV1.PANEL1:1 6.02448e-09 0.588797
wv_drag_item_to WV1 1400 409
wv_zoom WV1.PANEL1:1 6.02448e-09 0.588797 1.33385e-09 0.588797
wv_press_key "x" 1449 577
wv_select_waveview 1 {waveview 1}
wv_select_wv_item WV1.PANEL1:1.XAXIS1
wv_drag_item_to WV1 1054 813
wv_zoom_x WV1.PANEL1:1 7.42484e-09 -2.41394e-09
wv_select_waveview 1 {waveview 1}
wv_select_panel WV1.PANEL1:1 -1.75708e-10 1.21008
wv_drag_item_to WV1 516 23
wv_zoom WV1.PANEL1:1 -1.75708e-10 1.21008 6.83059e-09 -0.0421773
wv_press_key "x" 1569 842
wv_select_waveview 1 {waveview 1}
wv_select_panel WV1.PANEL1:1 6.63181e-09 -0.00432563
wv_drag_item_to WV1 916 756
wv_zoom WV1.PANEL1:1 6.63181e-09 -0.00432563 -9.41176e-10 1.25582
wv_press_key "x" 862 221
wv_select_waveview 1 {waveview 1}
wv_select_panel WV1.PANEL1:1 6.53595e-10 1.2022
wv_drag_item_to WV1 286 40
wv_zoom WV1.PANEL1:1 6.53595e-10 1.2022 6.60566e-09 -0.0200972
wv_select_waveview 1 {waveview 1}
wv_select_wv_item WV1.MEAS2.ANCHOR2
wv_drag_item_to WV1 1378 414
wv_move_wv_item WV1.MEAS2.ANCHOR2 310 414
wv_select_waveview 1 {waveview 1}
wv_waveview_context_menu WV1.MEAS2
wv_select_waveview 1 {waveview 1}
wv_select_menu_item {WaveView} {waveview 1:1} {MeterPopMenu.Delete Measurement} 
wv_press_tool_button {WaveView} {} {WaveformMeasurementTool0} 
wv_select_dialog {MeasurementTool} 
wv_press_button {MeasurementTool} {} {Ok} 
wv_select_window {WaveView} 
wv_select_waveview 1 {waveview 1}
wv_select_wv_item WV1.MEAS2.ANCHOR1
wv_drag_item_to WV1 312 412
wv_move_wv_item WV1.MEAS2.ANCHOR1 281 407
wv_select_waveview 1 {waveview 1}
wv_select_wv_item WV1.MEAS2.ANCHOR2
wv_drag_item_to WV1 1446 410
wv_move_wv_item WV1.MEAS2.ANCHOR2 309 415
wv_select_waveview 1 {waveview 1}
wv_select_wv_item WV1.MEAS2.ANCHOR2
wv_drag_item_to WV1 313 408
wv_move_wv_item WV1.MEAS2.ANCHOR2 298 410
wv_select_waveview 1 {waveview 1}
wv_waveview_context_menu WV1.MEAS2
wv_select_waveview 1 {waveview 1}
wv_select_menu_item {WaveView} {waveview 1:1} {MeterPopMenu.Delete Measurement} 
wv_press_tool_button {WaveView} {} {WaveformMeasurementTool0} 
wv_select_dialog {MeasurementTool} 
wv_press_button {MeasurementTool} {} {Ok} 
wv_select_window {WaveView} 
wv_select_waveview 1 {waveview 1}
wv_select_wv_item WV1.MEAS2.ANCHOR1
wv_drag_item_to WV1 311 408
wv_move_wv_item WV1.MEAS2.ANCHOR1 277 406
wv_select_waveview 1 {waveview 1}
wv_select_wv_item WV1.MEAS2.ANCHOR2
wv_drag_item_to WV1 1394 416
wv_move_wv_item WV1.MEAS2.ANCHOR2 313 411
wv_select_waveview 1 {waveview 1}
wv_select_wv_item WV1.MEAS2.ANCHOR2
wv_drag_item_to WV1 308 406
wv_move_wv_item WV1.MEAS2.ANCHOR2 1481 410
wv_select_waveview 1 {waveview 1}
wv_select_wv_item WV1.MEAS2.ANCHOR2
wv_drag_item_to WV1 1474 412
wv_move_wv_item WV1.MEAS2.ANCHOR2 320 407
wv_select_waveview 1 {waveview 1}
wv_select_wv_item WV1.MEAS2
wv_drag_item_to WV1 963 440
wv_move_wv_item WV1.MEAS2 330 422
wv_select_waveview 1 {waveview 1}
wv_select_panel WV1.PANEL1:1 1.58502e-09 0.388966
wv_press_key Esc 836 616
wv_select_waveview 1 {waveview 1}
wv_select_panel WV1.PANEL1:1 2.58638e-09 0.652229
wv_select_waveview 1 {waveview 1}
wv_select_panel WV1.PANEL1:1 2.19792e-09 0.617754
wv_select_waveview 1 {waveview 1}
wv_select_wv_item WV1.MEAS2
wv_drag_item_to WV1 413 444
wv_move_wv_item WV1.MEAS2 481 327
wv_select_waveview 1 {waveview 1}
wv_select_wv_item WV1.MEAS2.ANCHOR1
wv_drag_item_to WV1 310 413
wv_move_wv_item WV1.MEAS2.ANCHOR1 284 413
wv_select_waveview 1 {waveview 1}
wv_select_wv_item WV1.MEAS2
wv_drag_item_to WV1 519 366
wv_move_wv_item WV1.MEAS2 351 394
wv_select_waveview 1 {waveview 1}
wv_select_wv_item WV1.MEAS2.ANCHOR1
wv_drag_item_to WV1 310 410
wv_move_wv_item WV1.MEAS2.ANCHOR1 281 407
wv_select_waveview 1 {waveview 1}
wv_select_wv_item WV1.MEAS2
wv_drag_item_to WV1 407 423
wv_move_wv_item WV1.MEAS2 398 408
wv_select_waveview 1 {waveview 1}
wv_select_wv_item WV1.MEAS2
wv_move_wv_item WV1.MEAS2 463 428
wv_release_wv_item WV1 463 428
wv_select_waveview 1 {waveview 1}
wv_select_panel WV1.PANEL1:1 1.03686e-09 0.595816
wv_select_panel WV1.PANEL1:1 1.03686e-09 0.595816 btnup
wv_select_waveview 1 {waveview 1}
wv_select_wv_item WV1.MEAS2.ANCHOR1
wv_drag_item_to WV1 309 410
wv_move_wv_item WV1.MEAS2.ANCHOR1 284 408
wv_select_waveview 1 {waveview 1}
wv_select_wv_item WV1.MEAS2
wv_drag_item_to WV1 509 464
wv_move_wv_item WV1.MEAS2 374 406
wv_select_waveview 1 {waveview 1}
wv_waveview_context_menu WV1.PANEL1:1 1.75767e-09 0.606785
wv_select_waveview 1 {waveview 1}
wv_waveview_context_menu WV1.MEAS2
wv_select_waveview 1 {waveview 1}
wv_select_menu_item {WaveView} {waveview 1:1} {MeterPopMenu.Measure Results...} 
wv_select_dialog {MeasureResultsDialog} 
wv_close_dialog {MeasureResultsDialog} 
wv_select_window {WaveView} 
wv_select_waveview 1 {waveview 1}
wv_waveview_context_menu WV1.MEAS2
wv_select_waveview 1 {waveview 1}
wv_select_menu_item {WaveView} {waveview 1:1} {MeterPopMenu.Move Measurement} 
wv_select_waveview 1 {waveview 1}
wv_select_wv_item WV1.MEAS2
wv_drag_item_to WV1 470 436
wv_move_wv_item WV1.MEAS2 398 422
wv_select_waveview 1 {waveview 1}
wv_select_panel WV1.PANEL1:1 1.13182e-09 0.587981
wv_drag_item_to WV1 313 416
wv_zoom WV1.PANEL1:1 1.13182e-09 0.587981 6.01778e-09 0.591115
wv_press_key Ctrl_U 1087 342
wv_select_waveview 1 {waveview 1}
wv_waveview_context_menu WV1.MEAS2
wv_select_waveview 1 {waveview 1}
wv_select_menu_item {WaveView} {waveview 1:1} {MeterPopMenu.Delete Measurement} 
wv_select_waveview 1 {waveview 1}
wv_waveview_context_menu WV1.PANEL1:1 1.45122e-09 0.608352
wv_press_tool_button {WaveView} {} {WaveformMeasurementTool0} 
wv_select_dialog {MeasurementTool} 
wv_set_check {MeasurementTool} {} {LockPPercentage} 0
wv_set_check {MeasurementTool} {} {LockPPercentage} 1
wv_set_check {MeasurementTool} {} {MoveLabel} 1
wv_press_button {MeasurementTool} {} {Ok} 
wv_select_window {WaveView} 
wv_select_waveview 1 {waveview 1}
wv_select_panel WV1.PANEL1:1 1.09297e-09 0.602084
wv_drag_item_to WV1 302 407
wv_zoom WV1.PANEL1:1 1.09297e-09 0.602084 9.72117e-10 0.600517
wv_press_key Ctrl_U 673 594
wv_select_waveview 1 {waveview 1}
wv_select_wv_item WV1.MEAS2.ANCHOR1
wv_drag_item_to WV1 312 411
wv_move_wv_item WV1.MEAS2.ANCHOR1 286 411
wv_select_waveview 1 {waveview 1}
wv_select_wv_item WV1.MEAS2.ANCHOR2
wv_drag_item_to WV1 1451 410
wv_move_wv_item WV1.MEAS2.ANCHOR2 1451 410
wv_select_waveview 1 {waveview 1}
wv_select_panel WV1.PANEL1:1 1.13613e-09 0.597383
wv_select_waveview 1 {waveview 1}
wv_select_wv_item WV1.MEAS2.ANCHOR2
wv_drag_item_to WV1 1428 413
wv_move_wv_item WV1.MEAS2.ANCHOR2 313 409
wv_select_waveview 1 {waveview 1}
wv_select_wv_item WV1.MEAS2.ANCHOR2
wv_drag_item_to WV1 316 411
wv_move_wv_item WV1.MEAS2.ANCHOR2 313 413
wv_select_waveview 1 {waveview 1}
wv_select_wv_item WV1.MEAS2
wv_drag_item_to WV1 955 430
wv_move_wv_item WV1.MEAS2 380 410
wv_press_tool_button {WaveView} {} {WaveformMeasurementTool0} 
wv_select_dialog {MeasurementTool} 
wv_press_button {MeasurementTool} {} {Ok} 
wv_select_window {WaveView} 
wv_select_waveview 1 {waveview 1}
wv_select_wv_item WV1.MEAS3
wv_drag_item_to WV1 949 418
wv_move_wv_item WV1.MEAS3 1075 515
wv_select_waveview 1 {waveview 1}
wv_select_wv_item WV1.MEAS2.ANCHOR2
wv_drag_item_to WV1 314 412
wv_move_wv_item WV1.MEAS2.ANCHOR2 1479 411
wv_select_waveview 1 {waveview 1}
wv_select_wv_item WV1.MEAS3
wv_drag_item_to WV1 1158 543
wv_move_wv_item WV1.MEAS3 1133 475
wv_select_waveview 1 {waveview 1}
wv_select_wv_item WV1.MEAS2
wv_drag_item_to WV1 477 436
wv_move_wv_item WV1.MEAS2 530 223
wv_select_waveview 1 {waveview 1}
wv_select_wv_item WV1.MEAS3.ANCHOR1
wv_drag_item_to WV1 313 412
wv_move_wv_item WV1.MEAS3.ANCHOR1 1472 406
wv_select_waveview 1 {waveview 1}
wv_waveview_context_menu WV1.MEAS2
wv_select_waveview 1 {waveview 1}
wv_select_menu_item {WaveView} {waveview 1:1} {MeterPopMenu.Delete All Measurements} 
wv_select_waveview 1 {waveview 1}
wv_waveview_context_menu WV1.PANEL1:1 2.52164e-09 0.686704
wv_press_tool_button {WaveView} {} {WaveformMeasurementTool0} 
wv_select_dialog {MeasurementTool} 
wv_set_check {MeasurementTool} {} {MoveLabel} 0
wv_press_button {MeasurementTool} {} {Ok} 
wv_select_window {WaveView} 
wv_select_waveview 1 {waveview 1}
wv_select_wv_item WV1.MEAS1.ANCHOR1
wv_drag_item_to WV1 314 413
wv_move_wv_item WV1.MEAS1.ANCHOR1 279 409
wv_select_waveview 1 {waveview 1}
wv_select_wv_item WV1.MEAS1.ANCHOR2
wv_drag_item_to WV1 1444 409
wv_move_wv_item WV1.MEAS1.ANCHOR2 317 412
wv_select_waveview 1 {waveview 1}
wv_select_wv_item WV1.MEAS1
wv_drag_item_to WV1 992 442
wv_move_wv_item WV1.MEAS1 345 418
wv_select_waveview 1 {waveview 1}
wv_waveview_context_menu WV1.PANEL1:1 5.16317e-09 0.592682
wv_select_waveview 1 {waveview 1}
wv_select_wv_item WV1.MEAS1.ANCHOR1
wv_drag_item_to WV1 311 413
wv_move_wv_item WV1.MEAS1.ANCHOR1 284 409
wv_select_waveview 1 {waveview 1}
wv_waveview_context_menu WV1.PANEL1:1 4.83945e-09 0.758788
wv_select_waveview 1 {waveview 1}
wv_waveview_context_menu WV1.PANEL1:1 5.47394e-09 0.636559
wv_press_tool_button {WaveView} {} {WaveformMeasurementTool0} 
wv_select_dialog {MeasurementTool} 
wv_press_button {MeasurementTool} {} {Ok} 
wv_select_window {WaveView} 
wv_select_waveview 1 {waveview 1}
wv_select_wv_item WV1.MEAS2
wv_drag_item_to WV1 1009 427
wv_move_wv_item WV1.MEAS2 1231 496
wv_select_waveview 1 {waveview 1}
wv_select_wv_item WV1.MEAS2.ANCHOR1
wv_drag_item_to WV1 1446 410
wv_move_wv_item WV1.MEAS2.ANCHOR1 1479 411
wv_select_waveview 1 {waveview 1}
wv_select_wv_item WV1.MEAS2.ANCHOR1
wv_drag_item_to WV1 1464 413
wv_move_wv_item WV1.MEAS2.ANCHOR1 1447 411
wv_select_waveview 1 {waveview 1}
wv_select_wv_item WV1.MEAS2.ANCHOR1
wv_drag_item_to WV1 1446 414
wv_move_wv_item WV1.MEAS2.ANCHOR1 1484 409
wv_select_waveview 1 {waveview 1}
wv_select_wv_item WV1.MEAS2
wv_drag_item_to WV1 1282 488
wv_move_wv_item WV1.MEAS2 1201 410
wv_select_waveview 1 {waveview 1}
wv_select_wv_item WV1.MEAS1.ANCHOR1
wv_drag_item_to WV1 290 410
wv_move_wv_item WV1.MEAS1.ANCHOR1 312 410
wv_select_waveview 1 {waveview 1}
wv_select_panel WV1.PANEL1:1 1.02391e-09 0.600517
wv_select_waveview 1 {waveview 1}
wv_select_wv_item WV1.MEAS1
wv_drag_item_to WV1 372 443
wv_move_wv_item WV1.MEAS1 397 406
wv_select_waveview 1 {waveview 1}
wv_select_wv_item WV1.MEAS1.ANCHOR1
wv_drag_item_to WV1 314 411
wv_move_wv_item WV1.MEAS1.ANCHOR1 285 409
wv_select_waveview 1 {waveview 1}
wv_select_wv_item WV1.MEAS1
wv_drag_item_to WV1 459 442
wv_move_wv_item WV1.MEAS1 287 415
wv_select_waveview 1 {waveview 1}
wv_select_wv_item WV1.MEAS1.ANCHOR1
wv_drag_item_to WV1 289 411
wv_move_wv_item WV1.MEAS1.ANCHOR1 306 411
wv_select_waveview 1 {waveview 1}
wv_select_panel WV1.PANEL1:1 1.02823e-09 0.592682
wv_select_waveview 1 {waveview 1}
wv_select_wv_item WV1.MEAS1.ANCHOR1
wv_drag_item_to WV1 300 409
wv_move_wv_item WV1.MEAS1.ANCHOR1 294 408
wv_select_waveview 1 {waveview 1}
wv_select_wv_item WV1.MEAS1
wv_drag_item_to WV1 341 439
wv_move_wv_item WV1.MEAS1 392 409
wv_select_waveview 1 {waveview 1}
wv_waveview_context_menu WV1.PANEL1:1 2.63818e-09 0.776026
wv_select_waveview 1 {waveview 1}
wv_select_panel WV1.PANEL1:1 3.66112e-09 0.644394
wv_select_waveview 1 {waveview 1}
wv_waveview_context_menu WV1.PANEL1:1 2.74608e-09 0.877884
wv_press_tool_button {WaveView} {} {WaveformMeasurementTool0} 
wv_select_dialog {MeasurementTool} 
wv_set_check {MeasurementTool} {} {LockedLevel} 0
wv_set_check {MeasurementTool} {} {LockedLevel} 1
wv_select_tree_item {MeasurementTool} {} {TypeList} {Time Domain.Slew Rate} {0} {+sep=.}
wv_set_radion {MeasurementTool} {} {RiseEdge} 
wv_press_button {MeasurementTool} {} {Ok} 
wv_select_window {WaveView} 
wv_select_waveview 1 {waveview 1}
wv_select_wv_item WV1.MEAS3
wv_drag_item_to WV1 647 272
wv_move_wv_item WV1.MEAS3 1207 538
wv_select_waveview 1 {waveview 1}
wv_waveview_context_menu WV1.MEAS3
wv_select_waveview 1 {waveview 1}
wv_select_menu_item {WaveView} {waveview 1:1} {MeterPopMenu.Delete Measurement} 
wv_press_tool_button {WaveView} {} {WaveformMeasurementTool0} 
wv_select_dialog {MeasurementTool} 
wv_select_tree_item {MeasurementTool} {} {TypeList} {Time Domain.Slew Rate} {0} {+sep=.}
wv_select_combox_item {MeasurementTool} {} {Signal} "xi.x_pm_inv_out.v(18) inv.tr0" 1
wv_press_button {MeasurementTool} {} {Ok} 
wv_select_window {WaveView} 
wv_select_waveview 1 {waveview 1}
wv_select_wv_item WV1.MEAS3
wv_drag_item_to WV1 652 267
wv_move_wv_item WV1.MEAS3 393 350
wv_press_tool_button {WaveView} {} {WaveformMeasurementTool0} 
wv_select_dialog {MeasurementTool} 
wv_select_combox_item {MeasurementTool} {} {Signal} "xi.x_pm_inv_out.v(18) inv.tr0" 1
wv_set_radion {MeasurementTool} {} {FallEdge} 
wv_press_button {MeasurementTool} {} {Ok} 
wv_select_window {WaveView} 
wv_select_waveview 1 {waveview 1}
wv_select_wv_item WV1.MEAS4
wv_drag_item_to WV1 649 269
wv_move_wv_item WV1.MEAS4 1200 354
wv_select_waveview 1 {waveview 1}
wv_select_panel WV1.PANEL1:1 2.35331e-09 0.928029
wv_select_waveview 1 {waveview 1}
wv_select_panel WV1.PANEL1:1 3.42805e-09 0.791696
wv_select_tab {WaveView} {} {RBMenu} {Bar.File}
wv_press_tool_button {WaveView} {} {SaveSession0} 
wv_select_dialog {FileDialog} 
wv_close_dialog {FileDialog} 
wv_select_window {WaveView} 
wv_select_tab {WaveView} {} {RBMenu} {Bar.Waveform}
wv_press_tool_button {WaveView} {} {ExportWaveform0} 
wv_select_dialog {WaveformExportParameters} 
wv_move_window {WaveformExportParameters} {} 605 193
wv_close_dialog {WaveformExportParameters} 
wv_select_window {WaveView} 
wv_press_tool_button {WaveView} {} {DumpScreen0} 
wv_select_dialog {SaveScreenDump} 
wv_move_window {SaveScreenDump} {} 743 386
wv_press_button {SaveScreenDump} {} {SaveToFileBrowse} 
wv_select_dialog {FileDialog} 
wv_set_text {FileDialog} {} {FileName} "inv_waveform"
wv_press_button {FileDialog} {} {Ok} 
wv_select_dialog {SaveScreenDump} 
wv_press_button {SaveScreenDump} {} {Save} 
wv_select_window {WaveView} 
wv_select_waveview 1 {waveview 1}
wv_select_panel WV1.PANEL1:1 2.38784e-09 0.86378
wv_resize_browser {WaveView} {} {WV.Browser} 314 874
wv_resize_browser {WaveView} {} {waveview 1:1} 632 848
wv_resize_window {WaveView} 956 1017
wv_resize_browser {WaveView} {} {WV.Browser} 314 887
wv_resize_browser {WaveView} {} {waveview 1:1} 1596 861
wv_resize_window {WaveView} 1920 1030
wv_close_window {WaveView} 
wv_select_dialog {Confirmation} 
#wv_press_button {Confirmation} {} {Ok} 
