### WaveView ADV log file, revision W-2024.09-SP1-1 (build Dec 11, ) ###
### created at 12:51:29 on Mon Apr 14 2025 (Linux AMD64) ###
### Host Name: engnx05a.utdallas.edu   User ID: ebw220000   PID: 3338487   ###
wv_start_log
# (0) running in waveview only mode
# (0) SW_SX_PERL_LIB defined
# (0) SW_SX_TCL_LIB defined
# (0) HOME defined
wv_select_window {WaveView} 
wv_move_window {WaveView} {} 38 65
wv_move_window {WaveView} {} 0 27
wv_select_tab {WaveView} {} {RBMenu} {Bar.File}
wv_press_tool_button {WaveView} {} {OpenWaveform0} 
wv_select_dialog {FileDialog} 
wv_select_list_item {FileDialog} {} {FileList} {inv.tr0} 14
wv_press_button {FileDialog} {} {Ok} 
wv_select_window {WaveView} 
wv_expand_tree_item {WaveView} {} {hierview} {D0:inv.tr0(0)} {+sep=@}
wv_expand_tree_item {WaveView} {} {hierview} {D0:inv.tr0(0)@toplevel(0)} {+sep=@}
wv_collapse_tree_item {WaveView} {} {hierview} {D0:inv.tr0(0)@toplevel(0)} {+sep=@}
wv_expand_tree_item {WaveView} {} {hierview} {D0:inv.tr0(0)@toplevel(0)} {+sep=@}
wv_expand_tree_item {WaveView} {} {hierview} {D0:inv.tr0(0)@toplevel(0)@xu(0)} {+sep=@}
wv_drag_tree_item {WaveView} {} {hierview} {D0:inv.tr0(0)@toplevel(0)@xu(0)} {+sep=@}
wv_select_tree_item {WaveView} {} {hierview} {D0:inv.tr0(0)@toplevel(0)@xu(0)} {0} {+sep=@}
wv_select_tree_item {WaveView} {} {hierview} {D0:inv.tr0(0)@toplevel(0)@xu(0)@x_pm_inv%out(2)} {0} {+sep=@}
wv_select_tree_item {WaveView} {} {hierview} {D0:inv.tr0(0)@toplevel(0)@xu(0)@x_pm_inv%vdd!(3)} {0} {+sep=@}
wv_select_tree_item {WaveView} {} {hierview} {D0:inv.tr0(0)@toplevel(0)@xu(0)@x_pm_inv%gnd!(0)} {0} {+sep=@}
wv_select_tree_item {WaveView} {} {hierview} {D0:inv.tr0(0)@toplevel(0)} {0} {+sep=@}
wv_select_list_item {WaveView} {} {sigview} {v(ina)} 3
wv_select_list_item {WaveView} {} {sigview} {v(ina)} 3
wv_dclick_list_item {WaveView} {} {sigview} {v(ina)} 3
wv_select_list_item {WaveView} {} {sigview} {v(out)} 4
wv_dclick_list_item {WaveView} {} {sigview} {v(out)} 4
wv_select_waveview 1 {waveview 1}
wv_waveview_context_menu WV1.PANEL2:1 1.49506e-09 1.00183
wv_select_waveview 1 {waveview 1}
wv_select_menu_item {WaveView} {waveview 1:1} {PanelPopMenu.Delete} 
wv_select_dialog {Confirmation} 
wv_press_button {Confirmation} {} {Ok} 
wv_select_waveview 1 {waveview 1}
wv_select_panel WV1.PANEL1:1 1.81938e-09 0.627979
wv_select_waveview 1 {waveview 1}
wv_select_panel WV1.PANEL1:1 1.2261e-09 0.578238
wv_select_waveview 1 {waveview 1}
wv_select_panel WV1.PANEL1:1 1.89848e-09 0.760104
wv_select_waveview 1 {waveview 1}
wv_waveview_context_menu WV1.PANEL1:1 1.32103e-09 0.598446
wv_dclick_list_item {WaveView} {} {sigview} {v(out)} 4
wv_select_waveview 1 {waveview 1}
wv_select_panel WV1.PANEL2:1 8.06856e-10 1.00502
wv_select_waveview 1 {waveview 1}
wv_waveview_context_menu WV1.PANEL2:1 8.54318e-10 0.995459
wv_select_waveview 1 {waveview 1}
wv_select_menu_item {WaveView} {waveview 1:1} {PanelPopMenu.Delete} 
wv_select_dialog {Confirmation} 
wv_press_button {Confirmation} {} {Ok} 
wv_select_list_item {WaveView} {} {sigview} {v(out)} 4
wv_list_context_menu {WaveView} {} {sigview} {v(out)} 4 44 79
wv_select_menu_item {WaveView} {} {SigViewPopMenu.Plot Waveform to ....Append to Panel} 
wv_select_waveview 1 {waveview 1}
wv_select_panel WV1.PANEL1:1 2.78444e-09 0.518524
wv_select_waveview 1 {waveview 1}
wv_waveview_context_menu WV1.PANEL1:1 3.14832e-09 0.909407
wv_press_key "f" 746 387
wv_select_waveview 1 {waveview 1}
wv_waveview_context_menu WV1.PANEL1:1 4.14502e-09 0.857394
wv_select_waveview 1 {waveview 1}
wv_waveview_context_menu WV1.PANEL1:1.LEGEND
wv_select_waveview 1 {waveview 1}
wv_select_panel WV1.PANEL1:1 -1.58207e-11 1.2136
wv_drag_item_to WV1 125 22
wv_zoom_y WV1.PANEL1:1 1.2136 -0.0425821
wv_press_key Ctrl_Z 1247 784
wv_select_waveview 1 {waveview 1}
wv_waveview_context_menu WV1.PANEL1:1 6.6526e-09 0.277857
wv_select_waveview 1 {waveview 1}
wv_select_wv_item WV1.PANEL1:1.XAXIS1
wv_drag_item_to WV1 1061 804
wv_zoom_x WV1.PANEL1:1 7.39618e-09 -2.84773e-10
wv_select_waveview 1 {waveview 1}
wv_select_panel WV1.PANEL1:1 5.82174e-09 1.21516
wv_drag_item_to WV1 1333 24
wv_zoom WV1.PANEL1:1 5.82174e-09 1.21516 6.62574e-09 -0.184354
wv_press_key Ctrl_Z 1128 738
wv_select_waveview 1 {waveview 1}
wv_waveview_context_menu WV1.PANEL1:1 6.13845e-09 0.323403
wv_press_key "u" 713 399
wv_select_waveview 1 {waveview 1}
wv_select_panel WV1.PANEL1:1 2.84847e-09 0.587072
wv_select_waveview 1 {waveview 1}
wv_select_panel WV1.PANEL1:1 2.11527e-09 0.533926
wv_select_window {WaveView} 
wv_select_waveview 1 {waveview 1}
wv_select_panel WV1.PANEL1:1 3.64741e-09 0.100703
wv_close_window {WaveView} 
wv_select_dialog {Confirmation} 
#wv_press_button {Confirmation} {} {Ok} 
