1746729160.957536: 1476931-7f5526b3b0c0: cdpl_log.c:228: in cdpl_log_open(): info: @@start_of_log@@
1746729160.957563: 1476931-7f5526b3b0c0: cdpl_log.c:866: in cdpl_log_dump_sysinfo(): info: time: 2025/05/08 13:32:40 CDT -0500
1746729160.957568: 1476931-7f5526b3b0c0: cdpl_log.c:868: in cdpl_log_dump_sysinfo(): info: version: T-2022.03 
1746729160.957570: 1476931-7f5526b3b0c0: cdpl_log.c:870: in cdpl_log_dump_sysinfo(): info: system: Linux 4.18.0-553.46.1.el8_10.x86_64 #1 SMP Sat Mar 15 01:37:33 EDT 2025
1746729160.957573: 1476931-7f5526b3b0c0: cdpl_log.c:875: in cdpl_log_dump_sysinfo(): info: processor: x86_64 64-bits
1746729160.957575: 1476931-7f5526b3b0c0: cdpl_log.c:879: in cdpl_log_dump_sysinfo(): info: hostname: engnx05a.utdallas.edu
1746729160.957577: 1476931-7f5526b3b0c0: cdpl_log.c:230: in cdpl_log_open(): debug: path: /home/010/e/eb/ebw220000/cad/EE4325_UART_Project/gf65/primelib_gf65/NAND3/runtime/cdpl/pid1476931/master.2.engnx05a.utdallas.edu.1476931.log
1746729160.957580: 1476931-7f5526b3b0c0: cdpl_log.c:231: in cdpl_log_open(): debug: dir: /home/010/e/eb/ebw220000/cad/EE4325_UART_Project/gf65/primelib_gf65/NAND3/runtime/cdpl/pid1476931
1746729160.957596: 1476931-7f5526b3b0c0: cdpl_log.c:758: in cdpl_log_set_filter(): info: filter level 1
1746729160.957601: 1476931-7f5526b3b0c0: cdpl_server.c:543: in cdpl_sv_init(): info: new server S426377750
1746729160.957606: 1476931-7f5526b3b0c0: cdpl_ipc.c:3030: in cdpl_ipc_init(): info: requesting IPv4 protocol
1746729160.958335: 1476931-7f5526b3b0c0: cdpl_ipc.c:800: in _selectaddrfamily(): info: selected IPv4 protocol
1746729160.958897: 1476931-7f5526b3b0c0: cdpl_server.c:657: in cdpl_sv_new_master(): info: new master M1
1746729160.958912: 1476931-7f5526b3b0c0: cdpl_server.c:5494: in cdpl_sv_ctl_master(): info: Setting worker heartbeat to 60 seconds
1746729160.958915: 1476931-7f5526b3b0c0: cdpl_server.c:5503: in cdpl_sv_ctl_master(): info: Setting worker heartbeat timeout to 3 heartbeats
1746729160.958919: 1476931-7f5526b3b0c0: cdpl_compat_master.c:2407: in cdplInitMaster(): info: bcast dir is `/dev/null'
1746729160.958970: 1476931-7f5526b3b0c0: cdpl_server.c:5394: in cdpl_sv_ctl_master(): info: farm worker timeout set to 36000
1746729160.958973: 1476931-7f5526b3b0c0: cdpl_server.c:5410: in cdpl_sv_ctl_master(): info: grid worker timeout set to 36000
1746729160.958976: 1476931-7f5526b3b0c0: cdpl_server.c:5438: in cdpl_sv_ctl_master(): info: farm submit command failure threshold set to 100
1746729160.959004: 1476931-7f5526b3b0c0: cdpl_farm.c:2268: in cdpl_farm_new_sh(): info: creating SH farm on localhost
1746729160.959018: 1476931-7f5526b3b0c0: cdpl_compat_master.c:207: in _set_farm_env(): info: exporting CDPL_LOGDIR as `/home/010/e/eb/ebw220000/cad/EE4325_UART_Project/gf65/primelib_gf65/NAND3/runtime/cdpl/pid1476931'
1746729160.959021: 1476931-7f5526b3b0c0: cdpl_compat_master.c:213: in _set_farm_env(): info: exporting CDPL_TMPDIR as `/var/tmp'
1746729160.959024: 1476931-7f5526b3b0c0: cdpl_compat_master.c:220: in _set_farm_env(): info: exporting CDPL_HOME as `/proj/cad/synopsys/synopsys_2021/primelib/T-2022.03-SP1/cdpl_runtime_linux64'
1746729160.959027: 1476931-7f5526b3b0c0: cdpl_compat_master.c:227: in _set_farm_env(): info: exporting SNPSLMD_LICENSE_FILE as `1700@engdmv.utdallas.edu'
1746729160.959030: 1476931-7f5526b3b0c0: cdpl_compat_master.c:247: in _set_farm_env(): info: exporting CDPL_OPTIONS as `[filter][nowlogs]'
1746729160.959033: 1476931-7f5526b3b0c0: cdpl_compat_master.c:254: in _set_farm_env(): info: exporting DISPLAY as `:1052'
1746729160.959036: 1476931-7f5526b3b0c0: cdpl_compat_master.c:262: in _set_farm_env(): info: exporting CDPL_HEARTBEAT as `60'
1746729160.959040: 1476931-7f5526b3b0c0: cdpl_compat_master.c:348: in _set_farm_env(): info: exporting SIS_MALIBU as `2'
1746729160.959043: 1476931-7f5526b3b0c0: cdpl_compat_master.c:348: in _set_farm_env(): info: exporting SIS_CDPL as `5'
1746729161.043794: 1476931-7f5526b3b0c0: cdpl_server.c:738: in cdpl_sv_new_job(): info: new job J1 in M1
1746729161.043818: 1476931-7f5526b3b0c0: cdpl_compat_master.c:1314: in _add_worker(): info: new worker type 100, min:1, max:1, cmd:`/home/010/e/eb/ebw220000/cad/EE4325_UART_Project/gf65/primelib_gf65/NAND3/runtime/cdpl/pid1476931/run_1476931.sh'
1746729161.043832: 1476931-7f5526b3b0c0: cdpl_server.c:900: in cdpl_sv_new_bin_withfarm(): info: new bin B1 in J1
1746729161.049065: 1476931-7f5526b3b0c0: cdpl_server.c:3116: in cdpl_sv_start_job(): info: starting job J1
1746729161.061760: 1476931-7f5526b3b0c0: cdpl_server.c:1824: in _sv_gen_task(): info: new task T0 in B1 (prio 2)
1746729161.061771: 1476931-7f5526b3b0c0: cdpl_server.c:2558: in cdpl_sv_label_task_va(): info: setting task T0 label to "delay__INC__lh__OUT__hl__ACQ_1 of NAND3"
1746729161.061823: 1476931-7f5526b3b0c0: cdpl_server.c:1824: in _sv_gen_task(): info: new task T1 in B1 (prio 2)
1746729161.061919: 1476931-7f550cbea700: cdpl_server_sched.c:700: in _sv_launch_worker(): info: started worker W1 (as C1) in bin B1
1746729161.061947: 1476931-7f550c3e9700: cdpl_farm.c:1899: in _schedule(): info: worker submit failure threshold set to 100
1746729161.061979: 1476931-7f5526b3b0c0: cdpl_server.c:2558: in cdpl_sv_label_task_va(): info: setting task T1 label to "delay__INC__hl__OUT__lh__ACQ_1 of NAND3"
1746729161.061989: 1476931-7f550c3e9700: cdpl_sh.c:49: in _sh_detached_submit(): info: SH : /home/010/e/eb/ebw220000/cad/EE4325_UART_Project/gf65/primelib_gf65/NAND3/runtime/cdpl/pid1476931/run_1476931.sh
1746729161.067509: 1476931-7f5526b3b0c0: cdpl_server.c:1824: in _sv_gen_task(): info: new task T2 in B1 (prio 3)
1746729161.067541: 1476931-7f5526b3b0c0: cdpl_server.c:2558: in cdpl_sv_label_task_va(): info: setting task T2 label to "leakage_power__ACQ_1 of NAND3"
1746729161.068022: 1476931-7f5526b3b0c0: cdpl_server.c:1824: in _sv_gen_task(): info: new task T3 in B1 (prio 5)
1746729161.068028: 1476931-7f5526b3b0c0: cdpl_server.c:2558: in cdpl_sv_label_task_va(): info: setting task T3 label to "Cin__VSS__lh__ACQ_1 of NAND3"
1746729161.068197: 1476931-7f5526b3b0c0: cdpl_server.c:1824: in _sv_gen_task(): info: new task T4 in B1 (prio 5)
1746729161.068202: 1476931-7f5526b3b0c0: cdpl_server.c:2558: in cdpl_sv_label_task_va(): info: setting task T4 label to "Cin__VSS__hl__ACQ_1 of NAND3"
1746729161.068315: 1476931-7f5526b3b0c0: cdpl_server.c:1824: in _sv_gen_task(): info: new task T5 in B1 (prio 2)
1746729161.068319: 1476931-7f5526b3b0c0: cdpl_server.c:2558: in cdpl_sv_label_task_va(): info: setting task T5 label to "delay__INA__lh__OUT__hl__ACQ_1 of NAND3"
1746729161.068383: 1476931-7f5526b3b0c0: cdpl_server.c:1824: in _sv_gen_task(): info: new task T6 in B1 (prio 2)
1746729161.068388: 1476931-7f5526b3b0c0: cdpl_server.c:2558: in cdpl_sv_label_task_va(): info: setting task T6 label to "delay__INA__hl__OUT__lh__ACQ_1 of NAND3"
1746729161.068470: 1476931-7f5526b3b0c0: cdpl_server.c:1824: in _sv_gen_task(): info: new task T7 in B1 (prio 2)
1746729161.068475: 1476931-7f5526b3b0c0: cdpl_server.c:2558: in cdpl_sv_label_task_va(): info: setting task T7 label to "delay__INB__lh__OUT__hl__ACQ_1 of NAND3"
1746729161.068546: 1476931-7f5526b3b0c0: cdpl_server.c:1824: in _sv_gen_task(): info: new task T8 in B1 (prio 2)
1746729161.068550: 1476931-7f5526b3b0c0: cdpl_server.c:2558: in cdpl_sv_label_task_va(): info: setting task T8 label to "delay__INB__hl__OUT__lh__ACQ_1 of NAND3"
1746729161.068664: 1476931-7f5526b3b0c0: cdpl_server.c:1824: in _sv_gen_task(): info: new task T9 in B1 (prio 5)
1746729161.068669: 1476931-7f5526b3b0c0: cdpl_server.c:2558: in cdpl_sv_label_task_va(): info: setting task T9 label to "Cin__VDD__lh__ACQ_1 of NAND3"
1746729161.068755: 1476931-7f5526b3b0c0: cdpl_server.c:1824: in _sv_gen_task(): info: new task T10 in B1 (prio 5)
1746729161.068759: 1476931-7f5526b3b0c0: cdpl_server.c:2558: in cdpl_sv_label_task_va(): info: setting task T10 label to "Cin__VDD__hl__ACQ_1 of NAND3"
1746729161.889966: 1476931-7f550d3eb700: cdpl_server_ipc.c:452: in _sv_on_hello(): info: W1 is `10.182.66.70:59028'
1746729161.889989: 1476931-7f550d3eb700: cdpl_server_ipc.c:454: in _sv_on_hello(): info: W1 log file is /dev/null
1746729161.890004: 1476931-7f550d3eb700: cdpl_server_ipc.c:481: in _sv_on_hello(): info: up to 1 alive workers in B1
1746729161.890042: 1476931-7f550cbea700: cdpl_server_sched.c:955: in _assign(): info: assigning task T0 to worker W1
1746729169.943716: 1476931-7f550d3eb700: cdpl_server_ipc.c:857: in _sv_on_finish(): info: worker W1 completed task T0
1746729169.944380: 1476931-7f550cbea700: cdpl_server_sched.c:955: in _assign(): info: assigning task T1 to worker W1
1746729177.622693: 1476931-7f550d3eb700: cdpl_server_ipc.c:857: in _sv_on_finish(): info: worker W1 completed task T1
1746729177.622732: 1476931-7f550cbea700: cdpl_server_sched.c:955: in _assign(): info: assigning task T5 to worker W1
1746729185.408620: 1476931-7f550d3eb700: cdpl_server_ipc.c:857: in _sv_on_finish(): info: worker W1 completed task T5
1746729185.409282: 1476931-7f550cbea700: cdpl_server_sched.c:955: in _assign(): info: assigning task T6 to worker W1
1746729192.935635: 1476931-7f550d3eb700: cdpl_server_ipc.c:857: in _sv_on_finish(): info: worker W1 completed task T6
1746729192.935673: 1476931-7f550cbea700: cdpl_server_sched.c:955: in _assign(): info: assigning task T7 to worker W1
1746729200.441178: 1476931-7f550d3eb700: cdpl_server_ipc.c:857: in _sv_on_finish(): info: worker W1 completed task T7
1746729200.441204: 1476931-7f550cbea700: cdpl_server_sched.c:955: in _assign(): info: assigning task T8 to worker W1
1746729208.055712: 1476931-7f550d3eb700: cdpl_server_ipc.c:857: in _sv_on_finish(): info: worker W1 completed task T8
1746729208.060614: 1476931-7f550cbea700: cdpl_server_sched.c:955: in _assign(): info: assigning task T2 to worker W1
1746729215.626898: 1476931-7f550d3eb700: cdpl_server_ipc.c:857: in _sv_on_finish(): info: worker W1 completed task T2
1746729215.626936: 1476931-7f550cbea700: cdpl_server_sched.c:955: in _assign(): info: assigning task T3 to worker W1
1746729223.082890: 1476931-7f550d3eb700: cdpl_server_ipc.c:857: in _sv_on_finish(): info: worker W1 completed task T3
1746729223.082925: 1476931-7f550cbea700: cdpl_server_sched.c:955: in _assign(): info: assigning task T4 to worker W1
1746729230.665834: 1476931-7f550d3eb700: cdpl_server_ipc.c:857: in _sv_on_finish(): info: worker W1 completed task T4
1746729230.665879: 1476931-7f550cbea700: cdpl_server_sched.c:955: in _assign(): info: assigning task T9 to worker W1
1746729238.329830: 1476931-7f550d3eb700: cdpl_server_ipc.c:857: in _sv_on_finish(): info: worker W1 completed task T9
1746729238.329872: 1476931-7f550cbea700: cdpl_server_sched.c:955: in _assign(): info: assigning task T10 to worker W1
1746729245.995507: 1476931-7f550d3eb700: cdpl_server_ipc.c:857: in _sv_on_finish(): info: worker W1 completed task T10
1746729347.885725: 1476931-7f5526b3b0c0: cdpl_compat_master.c:5152: in cdplMasterLogInfo(): info: [non-CDPL log entry] Ending current CDPL job
1746729347.886321: 1476931-7f5526b3b0c0: cdpl_server.c:2890: in cdpl_sv_halt_job_errno(): info: stopping job J1
1746729347.886452: 1476931-7f550cbea700: cdpl_server_sched.c:2711: in _sv_drop_worker(): info: down to 0 alive workers in B1
1746729347.886496: 1476931-7f5526b3b0c0: cdpl_server.c:2875: in cdpl_sv_halt_job_errno(): info: killing job J1
1746729347.886507: 1476931-7f5526b3b0c0: cdpl_server.c:288: in _sv_free_job(): info: freeing job J1
1746729347.886531: 1476931-7f5526b3b0c0: cdpl_farm.c:2395: in cdpl_farm_free(): info: freeing farm
1746729347.886623: 1476931-7f5526b3b0c0: cdpl_server.c:3011: in cdpl_sv_free(): info: freeing server S426377750
1746729347.886626: 1476931-7f5526b3b0c0: cdpl_server.c:2976: in cdpl_sv_kill_errno(): info: killing server
1746729347.886721: 1476931-7f5526b3b0c0: cdpl_server.c:328: in _sv_free_master(): info: freeing master M1
1746729347.886765: 1476931-7f5526b3b0c0: cdpl_log.c:371: in cdpl_log_close(): info: @@end_of_log@@
