### WaveView ADV log file, revision W-2024.09-SP1-1 (build Dec 11, ) ###
### created at 16:42:31 on Tue Apr 15 2025 (Linux AMD64) ###
### Host Name: engnx05a.utdallas.edu   User ID: ebw220000   PID: 537954   ###
wv_start_log
# (0) running in waveview only mode
# (0) SW_SX_PERL_LIB defined
# (0) SW_SX_TCL_LIB defined
# (0) HOME defined
wv_select_window {WaveView} 
wv_move_window {WaveView} {} 38 65
wv_move_window {WaveView} {} 0 27
wv_select_tab {WaveView} {} {RBMenu} {Bar.File}
wv_press_tool_button {WaveView} {} {OpenWaveform0} 
wv_select_dialog {FileDialog} 
wv_select_list_item {FileDialog} {} {FileList} {xnor2.tr0} 13
wv_press_button {FileDialog} {} {Ok} 
wv_expand_tree_item {WaveView} {} {hierview} {D0:xnor2.tr0(0)} {+sep=@}
wv_select_tree_item {WaveView} {} {hierview} {D0:xnor2.tr0(0)@toplevel(0)} {0} {+sep=@}
wv_select_list_item {WaveView} {} {sigview} {v(ina)} 4
wv_select_list_item {WaveView} {} {sigview} {v(ina)} 4
wv_list_context_menu {WaveView} {} {sigview} {v(ina)} 4 39 83
wv_select_menu_item {WaveView} {} {SigViewPopMenu.Plot Waveform to ....Different Panel (SHIFT+P)} 
wv_select_list_item {WaveView} {} {sigview} {v(inb)} 5
wv_select_list_item {WaveView} {} {sigview} {v(inb)} 5
wv_list_context_menu {WaveView} {} {sigview} {v(inb)} 5 43 94
wv_select_menu_item {WaveView} {} {SigViewPopMenu.Plot Waveform to ....New Panel (SHIFT+O)} 
wv_select_list_item {WaveView} {} {sigview} {v(out)} 6
wv_select_list_item {WaveView} {} {sigview} {v(out)} 6
wv_list_context_menu {WaveView} {} {sigview} {v(out)} 6 50 117
wv_select_menu_item {WaveView} {} {SigViewPopMenu.Plot Waveform to ....New Panel (SHIFT+O)} 
wv_select_waveview 1 {waveview 1}
wv_select_panel WV1.PANEL2:1 1.50297e-08 0.333333
wv_select_waveview 1 {waveview 1}
wv_select_panel WV1.PANEL2:1 3.53329e-08 0.0761905
wv_drag_item_to WV1 262 521
wv_zoom WV1.PANEL2:1 3.53329e-08 0.0761905 1.06262e-07 -1.14762
wv_press_key "u" 675 805
wv_select_waveview 1 {waveview 1}
wv_select_panel WV1.PANEL3:1 8.12129e-08 0.502135
wv_select_waveview 1 {waveview 1}
wv_select_panel WV1.PANEL3:1 6.64469e-08 0.0226654
wv_drag_item_to WV1 378 788
wv_zoom WV1.PANEL3:1 6.64469e-08 0.0226654 3.74423e-08 1.33031
wv_select_waveview 1 {waveview 1}
wv_select_panel WV1.PANEL2:1 5.4345e-08 0.00952381
wv_drag_item_to WV1 1002 534
wv_zoom WV1.PANEL2:1 5.4345e-08 0.00952381 5.73046e-08 -1.32381
wv_press_key "u" 1301 869
wv_select_waveview 1 {waveview 1}
wv_select_panel WV1.PANEL3:1 5.54907e-08 0.461676
wv_select_waveview 1 {waveview 1}
wv_select_panel WV1.PANEL3:1 5.61399e-08 0.0643536
wv_drag_item_to WV1 1096 795
wv_zoom WV1.PANEL3:1 5.61399e-08 0.0643536 5.34666e-08 1.43235
wv_press_key "u" 1481 813
wv_press_key "u" 1481 813
wv_press_key "u" 1481 813
wv_press_key "u" 1481 813
wv_press_key "u" 1481 813
wv_close_window {WaveView} 
wv_select_dialog {Confirmation} 
#wv_press_button {Confirmation} {} {Ok} 
