1746761505.506874: 3329393-7f4980eb10c0: cdpl_log.c:228: in cdpl_log_open(): info: @@start_of_log@@
1746761505.506895: 3329393-7f4980eb10c0: cdpl_log.c:866: in cdpl_log_dump_sysinfo(): info: time: 2025/05/08 22:31:45 CDT -0500
1746761505.506899: 3329393-7f4980eb10c0: cdpl_log.c:868: in cdpl_log_dump_sysinfo(): info: version: T-2022.03 
1746761505.506901: 3329393-7f4980eb10c0: cdpl_log.c:870: in cdpl_log_dump_sysinfo(): info: system: Linux 4.18.0-553.46.1.el8_10.x86_64 #1 SMP Sat Mar 15 01:37:33 EDT 2025
1746761505.506904: 3329393-7f4980eb10c0: cdpl_log.c:875: in cdpl_log_dump_sysinfo(): info: processor: x86_64 64-bits
1746761505.506906: 3329393-7f4980eb10c0: cdpl_log.c:879: in cdpl_log_dump_sysinfo(): info: hostname: engnx05a.utdallas.edu
1746761505.506908: 3329393-7f4980eb10c0: cdpl_log.c:230: in cdpl_log_open(): debug: path: /home/010/e/eb/ebw220000/cad/EE4325_UART_Project/gf65/primelib_gf65/XNOR2/runtime/cdpl/pid3329393/master.engnx05a.utdallas.edu.3329393.log
1746761505.506911: 3329393-7f4980eb10c0: cdpl_log.c:231: in cdpl_log_open(): debug: dir: /home/010/e/eb/ebw220000/cad/EE4325_UART_Project/gf65/primelib_gf65/XNOR2/runtime/cdpl/pid3329393
1746761505.506919: 3329393-7f4980eb10c0: cdpl_log.c:758: in cdpl_log_set_filter(): info: filter level 1
1746761505.506939: 3329393-7f4980eb10c0: cdpl_server.c:543: in cdpl_sv_init(): info: new server S852726525
1746761505.506949: 3329393-7f4980eb10c0: cdpl_ipc.c:3030: in cdpl_ipc_init(): info: requesting IPv4 protocol
1746761505.507584: 3329393-7f4980eb10c0: cdpl_ipc.c:800: in _selectaddrfamily(): info: selected IPv4 protocol
1746761505.507963: 3329393-7f4980eb10c0: cdpl_server.c:657: in cdpl_sv_new_master(): info: new master M1
1746761505.507975: 3329393-7f4980eb10c0: cdpl_server.c:5494: in cdpl_sv_ctl_master(): info: Setting worker heartbeat to 60 seconds
1746761505.507978: 3329393-7f4980eb10c0: cdpl_server.c:5503: in cdpl_sv_ctl_master(): info: Setting worker heartbeat timeout to 3 heartbeats
1746761505.507982: 3329393-7f4980eb10c0: cdpl_compat_master.c:2407: in cdplInitMaster(): info: bcast dir is `/dev/null'
1746761505.508036: 3329393-7f4980eb10c0: cdpl_server.c:5394: in cdpl_sv_ctl_master(): info: farm worker timeout set to 36000
1746761505.508038: 3329393-7f4980eb10c0: cdpl_server.c:5410: in cdpl_sv_ctl_master(): info: grid worker timeout set to 36000
1746761505.508041: 3329393-7f4980eb10c0: cdpl_server.c:5438: in cdpl_sv_ctl_master(): info: farm submit command failure threshold set to 100
1746761505.508056: 3329393-7f4980eb10c0: cdpl_farm.c:2268: in cdpl_farm_new_sh(): info: creating SH farm on localhost
1746761505.508072: 3329393-7f4980eb10c0: cdpl_compat_master.c:207: in _set_farm_env(): info: exporting CDPL_LOGDIR as `/home/010/e/eb/ebw220000/cad/EE4325_UART_Project/gf65/primelib_gf65/XNOR2/runtime/cdpl/pid3329393'
1746761505.508075: 3329393-7f4980eb10c0: cdpl_compat_master.c:213: in _set_farm_env(): info: exporting CDPL_TMPDIR as `/var/tmp'
1746761505.508078: 3329393-7f4980eb10c0: cdpl_compat_master.c:220: in _set_farm_env(): info: exporting CDPL_HOME as `/proj/cad/synopsys/synopsys_2021/primelib/T-2022.03-SP1/cdpl_runtime_linux64'
1746761505.508080: 3329393-7f4980eb10c0: cdpl_compat_master.c:227: in _set_farm_env(): info: exporting SNPSLMD_LICENSE_FILE as `1700@engdmv.utdallas.edu'
1746761505.508084: 3329393-7f4980eb10c0: cdpl_compat_master.c:247: in _set_farm_env(): info: exporting CDPL_OPTIONS as `[filter][nowlogs]'
1746761505.508086: 3329393-7f4980eb10c0: cdpl_compat_master.c:254: in _set_farm_env(): info: exporting DISPLAY as `:1052'
1746761505.508089: 3329393-7f4980eb10c0: cdpl_compat_master.c:262: in _set_farm_env(): info: exporting CDPL_HEARTBEAT as `60'
1746761505.508092: 3329393-7f4980eb10c0: cdpl_compat_master.c:348: in _set_farm_env(): info: exporting SIS_MALIBU as `2'
1746761505.508094: 3329393-7f4980eb10c0: cdpl_compat_master.c:348: in _set_farm_env(): info: exporting SIS_CDPL as `5'
1746761505.581030: 3329393-7f4980eb10c0: cdpl_server.c:738: in cdpl_sv_new_job(): info: new job J1 in M1
1746761505.581052: 3329393-7f4980eb10c0: cdpl_compat_master.c:1314: in _add_worker(): info: new worker type 100, min:1, max:1, cmd:`/home/010/e/eb/ebw220000/cad/EE4325_UART_Project/gf65/primelib_gf65/XNOR2/runtime/cdpl/pid3329393/run_3329393.sh'
1746761505.581067: 3329393-7f4980eb10c0: cdpl_server.c:900: in cdpl_sv_new_bin_withfarm(): info: new bin B1 in J1
1746761505.586956: 3329393-7f4980eb10c0: cdpl_server.c:3116: in cdpl_sv_start_job(): info: starting job J1
1746761505.599657: 3329393-7f4980eb10c0: cdpl_server.c:1824: in _sv_gen_task(): info: new task T0 in B1 (prio 3)
1746761505.599679: 3329393-7f4980eb10c0: cdpl_server.c:2558: in cdpl_sv_label_task_va(): info: setting task T0 label to "leakage_power__ACQ_1 of XNOR2"
1746761505.599757: 3329393-7f4980eb10c0: cdpl_server.c:1824: in _sv_gen_task(): info: new task T1 in B1 (prio 5)
1746761505.600198: 3329393-7f4966f60700: cdpl_server_sched.c:700: in _sv_launch_worker(): info: started worker W1 (as C1) in bin B1
1746761505.600230: 3329393-7f4980eb10c0: cdpl_server.c:2558: in cdpl_sv_label_task_va(): info: setting task T1 label to "Cin__VSS__hl__ACQ_1 of XNOR2"
1746761505.600243: 3329393-7f496675f700: cdpl_farm.c:1899: in _schedule(): info: worker submit failure threshold set to 100
1746761505.600274: 3329393-7f4980eb10c0: cdpl_server.c:1824: in _sv_gen_task(): info: new task T2 in B1 (prio 5)
1746761505.600282: 3329393-7f4980eb10c0: cdpl_server.c:2558: in cdpl_sv_label_task_va(): info: setting task T2 label to "Cin__VSS__lh__ACQ_1 of XNOR2"
1746761505.600291: 3329393-7f496675f700: cdpl_sh.c:49: in _sh_detached_submit(): info: SH : /home/010/e/eb/ebw220000/cad/EE4325_UART_Project/gf65/primelib_gf65/XNOR2/runtime/cdpl/pid3329393/run_3329393.sh
1746761505.606322: 3329393-7f4980eb10c0: cdpl_server.c:1824: in _sv_gen_task(): info: new task T3 in B1 (prio 2)
1746761505.606365: 3329393-7f4980eb10c0: cdpl_server.c:2558: in cdpl_sv_label_task_va(): info: setting task T3 label to "delay__A__hl__OUT__hl__ACQ_1 of XNOR2"
1746761505.606659: 3329393-7f4980eb10c0: cdpl_server.c:1824: in _sv_gen_task(): info: new task T4 in B1 (prio 2)
1746761505.606665: 3329393-7f4980eb10c0: cdpl_server.c:2558: in cdpl_sv_label_task_va(): info: setting task T4 label to "delay__A__hl__OUT__lh__ACQ_1 of XNOR2"
1746761505.606729: 3329393-7f4980eb10c0: cdpl_server.c:1824: in _sv_gen_task(): info: new task T5 in B1 (prio 2)
1746761505.606734: 3329393-7f4980eb10c0: cdpl_server.c:2558: in cdpl_sv_label_task_va(): info: setting task T5 label to "delay__A__lh__OUT__hl__ACQ_1 of XNOR2"
1746761505.606779: 3329393-7f4980eb10c0: cdpl_server.c:1824: in _sv_gen_task(): info: new task T6 in B1 (prio 2)
1746761505.606782: 3329393-7f4980eb10c0: cdpl_server.c:2558: in cdpl_sv_label_task_va(): info: setting task T6 label to "delay__A__lh__OUT__lh__ACQ_1 of XNOR2"
1746761505.606822: 3329393-7f4980eb10c0: cdpl_server.c:1824: in _sv_gen_task(): info: new task T7 in B1 (prio 2)
1746761505.606826: 3329393-7f4980eb10c0: cdpl_server.c:2558: in cdpl_sv_label_task_va(): info: setting task T7 label to "delay__B__hl__OUT__hl__ACQ_1 of XNOR2"
1746761505.606850: 3329393-7f4980eb10c0: cdpl_server.c:1824: in _sv_gen_task(): info: new task T8 in B1 (prio 2)
1746761505.606853: 3329393-7f4980eb10c0: cdpl_server.c:2558: in cdpl_sv_label_task_va(): info: setting task T8 label to "delay__B__hl__OUT__lh__ACQ_1 of XNOR2"
1746761505.606880: 3329393-7f4980eb10c0: cdpl_server.c:1824: in _sv_gen_task(): info: new task T9 in B1 (prio 2)
1746761505.606883: 3329393-7f4980eb10c0: cdpl_server.c:2558: in cdpl_sv_label_task_va(): info: setting task T9 label to "delay__B__lh__OUT__hl__ACQ_1 of XNOR2"
1746761505.606933: 3329393-7f4980eb10c0: cdpl_server.c:1824: in _sv_gen_task(): info: new task T10 in B1 (prio 2)
1746761505.606937: 3329393-7f4980eb10c0: cdpl_server.c:2558: in cdpl_sv_label_task_va(): info: setting task T10 label to "delay__B__lh__OUT__lh__ACQ_1 of XNOR2"
1746761505.606970: 3329393-7f4980eb10c0: cdpl_server.c:1824: in _sv_gen_task(): info: new task T11 in B1 (prio 5)
1746761505.606975: 3329393-7f4980eb10c0: cdpl_server.c:2558: in cdpl_sv_label_task_va(): info: setting task T11 label to "Cin__VDD__hl__ACQ_1 of XNOR2"
1746761505.607027: 3329393-7f4980eb10c0: cdpl_server.c:1824: in _sv_gen_task(): info: new task T12 in B1 (prio 5)
1746761505.607031: 3329393-7f4980eb10c0: cdpl_server.c:2558: in cdpl_sv_label_task_va(): info: setting task T12 label to "Cin__VDD__lh__ACQ_1 of XNOR2"
1746761506.374906: 3329393-7f4967761700: cdpl_server_ipc.c:452: in _sv_on_hello(): info: W1 is `10.182.66.70:57222'
1746761506.374928: 3329393-7f4967761700: cdpl_server_ipc.c:454: in _sv_on_hello(): info: W1 log file is /dev/null
1746761506.374943: 3329393-7f4967761700: cdpl_server_ipc.c:481: in _sv_on_hello(): info: up to 1 alive workers in B1
1746761506.375000: 3329393-7f4966f60700: cdpl_server_sched.c:955: in _assign(): info: assigning task T3 to worker W1
1746761514.734584: 3329393-7f4967761700: cdpl_server_ipc.c:857: in _sv_on_finish(): info: worker W1 completed task T3
1746761514.734649: 3329393-7f4966f60700: cdpl_server_sched.c:955: in _assign(): info: assigning task T4 to worker W1
1746761522.832374: 3329393-7f4967761700: cdpl_server_ipc.c:857: in _sv_on_finish(): info: worker W1 completed task T4
1746761522.833002: 3329393-7f4966f60700: cdpl_server_sched.c:955: in _assign(): info: assigning task T5 to worker W1
1746761530.814494: 3329393-7f4967761700: cdpl_server_ipc.c:857: in _sv_on_finish(): info: worker W1 completed task T5
1746761530.814537: 3329393-7f4966f60700: cdpl_server_sched.c:955: in _assign(): info: assigning task T6 to worker W1
1746761538.925695: 3329393-7f4967761700: cdpl_server_ipc.c:857: in _sv_on_finish(): info: worker W1 completed task T6
1746761538.925756: 3329393-7f4966f60700: cdpl_server_sched.c:955: in _assign(): info: assigning task T7 to worker W1
1746761547.125314: 3329393-7f4967761700: cdpl_server_ipc.c:857: in _sv_on_finish(): info: worker W1 completed task T7
1746761547.125369: 3329393-7f4966f60700: cdpl_server_sched.c:955: in _assign(): info: assigning task T8 to worker W1
1746761555.374832: 3329393-7f4967761700: cdpl_server_ipc.c:857: in _sv_on_finish(): info: worker W1 completed task T8
1746761555.374875: 3329393-7f4966f60700: cdpl_server_sched.c:955: in _assign(): info: assigning task T9 to worker W1
1746761563.350831: 3329393-7f4967761700: cdpl_server_ipc.c:857: in _sv_on_finish(): info: worker W1 completed task T9
1746761563.350867: 3329393-7f4966f60700: cdpl_server_sched.c:955: in _assign(): info: assigning task T10 to worker W1
1746761571.701693: 3329393-7f4967761700: cdpl_server_ipc.c:857: in _sv_on_finish(): info: worker W1 completed task T10
1746761571.702292: 3329393-7f4966f60700: cdpl_server_sched.c:955: in _assign(): info: assigning task T0 to worker W1
1746761579.583971: 3329393-7f4967761700: cdpl_server_ipc.c:857: in _sv_on_finish(): info: worker W1 completed task T0
1746761579.584004: 3329393-7f4966f60700: cdpl_server_sched.c:955: in _assign(): info: assigning task T1 to worker W1
1746761587.197078: 3329393-7f4967761700: cdpl_server_ipc.c:857: in _sv_on_finish(): info: worker W1 completed task T1
1746761587.197106: 3329393-7f4966f60700: cdpl_server_sched.c:955: in _assign(): info: assigning task T2 to worker W1
1746761594.852110: 3329393-7f4967761700: cdpl_server_ipc.c:857: in _sv_on_finish(): info: worker W1 completed task T2
1746761594.852144: 3329393-7f4966f60700: cdpl_server_sched.c:955: in _assign(): info: assigning task T11 to worker W1
1746761602.534952: 3329393-7f4967761700: cdpl_server_ipc.c:857: in _sv_on_finish(): info: worker W1 completed task T11
1746761602.534993: 3329393-7f4966f60700: cdpl_server_sched.c:955: in _assign(): info: assigning task T12 to worker W1
1746761610.190009: 3329393-7f4967761700: cdpl_server_ipc.c:857: in _sv_on_finish(): info: worker W1 completed task T12
1746761679.145747: 3329393-7f4980eb10c0: cdpl_compat_master.c:5152: in cdplMasterLogInfo(): info: [non-CDPL log entry] Ending current CDPL job
1746761679.146998: 3329393-7f4980eb10c0: cdpl_server.c:2890: in cdpl_sv_halt_job_errno(): info: stopping job J1
1746761679.147080: 3329393-7f4966f60700: cdpl_server_sched.c:2711: in _sv_drop_worker(): info: down to 0 alive workers in B1
1746761679.147119: 3329393-7f4980eb10c0: cdpl_server.c:2875: in cdpl_sv_halt_job_errno(): info: killing job J1
1746761679.147131: 3329393-7f4980eb10c0: cdpl_server.c:288: in _sv_free_job(): info: freeing job J1
1746761679.147172: 3329393-7f4980eb10c0: cdpl_farm.c:2395: in cdpl_farm_free(): info: freeing farm
1746761679.147482: 3329393-7f4980eb10c0: cdpl_server.c:3011: in cdpl_sv_free(): info: freeing server S852726525
1746761679.147487: 3329393-7f4980eb10c0: cdpl_server.c:2976: in cdpl_sv_kill_errno(): info: killing server
1746761679.147554: 3329393-7f4980eb10c0: cdpl_server.c:328: in _sv_free_master(): info: freeing master M1
1746761679.147607: 3329393-7f4980eb10c0: cdpl_log.c:371: in cdpl_log_close(): info: @@end_of_log@@
