1746731159.860334: 1476931-7f5526b3b0c0: cdpl_log.c:228: in cdpl_log_open(): info: @@start_of_log@@
1746731159.860359: 1476931-7f5526b3b0c0: cdpl_log.c:866: in cdpl_log_dump_sysinfo(): info: time: 2025/05/08 14:05:59 CDT -0500
1746731159.860364: 1476931-7f5526b3b0c0: cdpl_log.c:868: in cdpl_log_dump_sysinfo(): info: version: T-2022.03 
1746731159.860366: 1476931-7f5526b3b0c0: cdpl_log.c:870: in cdpl_log_dump_sysinfo(): info: system: Linux 4.18.0-553.46.1.el8_10.x86_64 #1 SMP Sat Mar 15 01:37:33 EDT 2025
1746731159.860369: 1476931-7f5526b3b0c0: cdpl_log.c:875: in cdpl_log_dump_sysinfo(): info: processor: x86_64 64-bits
1746731159.860371: 1476931-7f5526b3b0c0: cdpl_log.c:879: in cdpl_log_dump_sysinfo(): info: hostname: engnx05a.utdallas.edu
1746731159.860374: 1476931-7f5526b3b0c0: cdpl_log.c:230: in cdpl_log_open(): debug: path: /home/010/e/eb/ebw220000/cad/EE4325_UART_Project/gf65/primelib_gf65/AOI22/runtime/cdpl/pid1476931/master.5.engnx05a.utdallas.edu.1476931.log
1746731159.860377: 1476931-7f5526b3b0c0: cdpl_log.c:231: in cdpl_log_open(): debug: dir: /home/010/e/eb/ebw220000/cad/EE4325_UART_Project/gf65/primelib_gf65/AOI22/runtime/cdpl/pid1476931
1746731159.860384: 1476931-7f5526b3b0c0: cdpl_log.c:758: in cdpl_log_set_filter(): info: filter level 1
1746731159.860390: 1476931-7f5526b3b0c0: cdpl_server.c:543: in cdpl_sv_init(): info: new server S973271625
1746731159.860396: 1476931-7f5526b3b0c0: cdpl_ipc.c:3030: in cdpl_ipc_init(): info: requesting IPv4 protocol
1746731159.861162: 1476931-7f5526b3b0c0: cdpl_ipc.c:800: in _selectaddrfamily(): info: selected IPv4 protocol
1746731159.861532: 1476931-7f5526b3b0c0: cdpl_server.c:657: in cdpl_sv_new_master(): info: new master M1
1746731159.861545: 1476931-7f5526b3b0c0: cdpl_server.c:5494: in cdpl_sv_ctl_master(): info: Setting worker heartbeat to 60 seconds
1746731159.861547: 1476931-7f5526b3b0c0: cdpl_server.c:5503: in cdpl_sv_ctl_master(): info: Setting worker heartbeat timeout to 3 heartbeats
1746731159.861550: 1476931-7f5526b3b0c0: cdpl_compat_master.c:2407: in cdplInitMaster(): info: bcast dir is `/dev/null'
1746731159.861583: 1476931-7f5526b3b0c0: cdpl_server.c:5394: in cdpl_sv_ctl_master(): info: farm worker timeout set to 36000
1746731159.861594: 1476931-7f5526b3b0c0: cdpl_server.c:5410: in cdpl_sv_ctl_master(): info: grid worker timeout set to 36000
1746731159.861597: 1476931-7f5526b3b0c0: cdpl_server.c:5438: in cdpl_sv_ctl_master(): info: farm submit command failure threshold set to 100
1746731159.861610: 1476931-7f5526b3b0c0: cdpl_farm.c:2268: in cdpl_farm_new_sh(): info: creating SH farm on localhost
1746731159.861623: 1476931-7f5526b3b0c0: cdpl_compat_master.c:207: in _set_farm_env(): info: exporting CDPL_LOGDIR as `/home/010/e/eb/ebw220000/cad/EE4325_UART_Project/gf65/primelib_gf65/AOI22/runtime/cdpl/pid1476931'
1746731159.861626: 1476931-7f5526b3b0c0: cdpl_compat_master.c:213: in _set_farm_env(): info: exporting CDPL_TMPDIR as `/var/tmp'
1746731159.861629: 1476931-7f5526b3b0c0: cdpl_compat_master.c:220: in _set_farm_env(): info: exporting CDPL_HOME as `/proj/cad/synopsys/synopsys_2021/primelib/T-2022.03-SP1/cdpl_runtime_linux64'
1746731159.861631: 1476931-7f5526b3b0c0: cdpl_compat_master.c:227: in _set_farm_env(): info: exporting SNPSLMD_LICENSE_FILE as `1700@engdmv.utdallas.edu'
1746731159.861634: 1476931-7f5526b3b0c0: cdpl_compat_master.c:247: in _set_farm_env(): info: exporting CDPL_OPTIONS as `[filter][nowlogs]'
1746731159.861637: 1476931-7f5526b3b0c0: cdpl_compat_master.c:254: in _set_farm_env(): info: exporting DISPLAY as `:1052'
1746731159.861639: 1476931-7f5526b3b0c0: cdpl_compat_master.c:262: in _set_farm_env(): info: exporting CDPL_HEARTBEAT as `60'
1746731159.861643: 1476931-7f5526b3b0c0: cdpl_compat_master.c:348: in _set_farm_env(): info: exporting SIS_MALIBU as `2'
1746731159.861645: 1476931-7f5526b3b0c0: cdpl_compat_master.c:348: in _set_farm_env(): info: exporting SIS_CDPL as `5'
1746731159.952920: 1476931-7f5526b3b0c0: cdpl_server.c:738: in cdpl_sv_new_job(): info: new job J1 in M1
1746731159.952936: 1476931-7f5526b3b0c0: cdpl_compat_master.c:1314: in _add_worker(): info: new worker type 100, min:1, max:1, cmd:`/home/010/e/eb/ebw220000/cad/EE4325_UART_Project/gf65/primelib_gf65/AOI22/runtime/cdpl/pid1476931/run_1476931.sh'
1746731159.952953: 1476931-7f5526b3b0c0: cdpl_server.c:900: in cdpl_sv_new_bin_withfarm(): info: new bin B1 in J1
1746731159.956178: 1476931-7f5526b3b0c0: cdpl_server.c:3116: in cdpl_sv_start_job(): info: starting job J1
1746731159.966240: 1476931-7f5526b3b0c0: cdpl_server.c:1824: in _sv_gen_task(): info: new task T0 in B1 (prio 3)
1746731159.966249: 1476931-7f5526b3b0c0: cdpl_server.c:2558: in cdpl_sv_label_task_va(): info: setting task T0 label to "leakage_power__ACQ_1 of AOI22"
1746731159.966289: 1476931-7f5526b3b0c0: cdpl_server.c:1824: in _sv_gen_task(): info: new task T1 in B1 (prio 5)
1746731159.966391: 1476931-7f550c3e9700: cdpl_server_sched.c:700: in _sv_launch_worker(): info: started worker W1 (as C1) in bin B1
1746731159.966426: 1476931-7f550cbea700: cdpl_farm.c:1899: in _schedule(): info: worker submit failure threshold set to 100
1746731159.966460: 1476931-7f550cbea700: cdpl_sh.c:49: in _sh_detached_submit(): info: SH : /home/010/e/eb/ebw220000/cad/EE4325_UART_Project/gf65/primelib_gf65/AOI22/runtime/cdpl/pid1476931/run_1476931.sh
1746731159.972995: 1476931-7f5526b3b0c0: cdpl_server.c:2558: in cdpl_sv_label_task_va(): info: setting task T1 label to "Cin__VSS__hl__ACQ_1 of AOI22"
1746731159.973598: 1476931-7f5526b3b0c0: cdpl_server.c:1824: in _sv_gen_task(): info: new task T2 in B1 (prio 5)
1746731159.973609: 1476931-7f5526b3b0c0: cdpl_server.c:2558: in cdpl_sv_label_task_va(): info: setting task T2 label to "Cin__VSS__lh__ACQ_1 of AOI22"
1746731159.973707: 1476931-7f5526b3b0c0: cdpl_server.c:1824: in _sv_gen_task(): info: new task T3 in B1 (prio 2)
1746731159.973711: 1476931-7f5526b3b0c0: cdpl_server.c:2558: in cdpl_sv_label_task_va(): info: setting task T3 label to "delay__INA__hl__OUT__lh__ACQ_1 of AOI22"
1746731159.973835: 1476931-7f5526b3b0c0: cdpl_server.c:1824: in _sv_gen_task(): info: new task T4 in B1 (prio 2)
1746731159.973839: 1476931-7f5526b3b0c0: cdpl_server.c:2558: in cdpl_sv_label_task_va(): info: setting task T4 label to "delay__INA__lh__OUT__hl__ACQ_1 of AOI22"
1746731159.973962: 1476931-7f5526b3b0c0: cdpl_server.c:1824: in _sv_gen_task(): info: new task T5 in B1 (prio 5)
1746731159.973966: 1476931-7f5526b3b0c0: cdpl_server.c:2558: in cdpl_sv_label_task_va(): info: setting task T5 label to "Cin__VDD__hl__ACQ_1 of AOI22"
1746731159.974010: 1476931-7f5526b3b0c0: cdpl_server.c:1824: in _sv_gen_task(): info: new task T6 in B1 (prio 5)
1746731159.974013: 1476931-7f5526b3b0c0: cdpl_server.c:2558: in cdpl_sv_label_task_va(): info: setting task T6 label to "Cin__VDD__lh__ACQ_1 of AOI22"
1746731159.974114: 1476931-7f5526b3b0c0: cdpl_server.c:1824: in _sv_gen_task(): info: new task T7 in B1 (prio 2)
1746731159.974118: 1476931-7f5526b3b0c0: cdpl_server.c:2558: in cdpl_sv_label_task_va(): info: setting task T7 label to "delay__INB__hl__OUT__lh__ACQ_1 of AOI22"
1746731159.974213: 1476931-7f5526b3b0c0: cdpl_server.c:1824: in _sv_gen_task(): info: new task T8 in B1 (prio 2)
1746731159.974216: 1476931-7f5526b3b0c0: cdpl_server.c:2558: in cdpl_sv_label_task_va(): info: setting task T8 label to "delay__INB__lh__OUT__hl__ACQ_1 of AOI22"
1746731159.974281: 1476931-7f5526b3b0c0: cdpl_server.c:1824: in _sv_gen_task(): info: new task T9 in B1 (prio 2)
1746731159.974286: 1476931-7f5526b3b0c0: cdpl_server.c:2558: in cdpl_sv_label_task_va(): info: setting task T9 label to "delay__INC__hl__OUT__lh__ACQ_1 of AOI22"
1746731159.974410: 1476931-7f5526b3b0c0: cdpl_server.c:1824: in _sv_gen_task(): info: new task T10 in B1 (prio 2)
1746731159.974414: 1476931-7f5526b3b0c0: cdpl_server.c:2558: in cdpl_sv_label_task_va(): info: setting task T10 label to "delay__INC__lh__OUT__hl__ACQ_1 of AOI22"
1746731159.974537: 1476931-7f5526b3b0c0: cdpl_server.c:1824: in _sv_gen_task(): info: new task T11 in B1 (prio 2)
1746731159.974541: 1476931-7f5526b3b0c0: cdpl_server.c:2558: in cdpl_sv_label_task_va(): info: setting task T11 label to "delay__IND__hl__OUT__lh__ACQ_1 of AOI22"
1746731159.974659: 1476931-7f5526b3b0c0: cdpl_server.c:1824: in _sv_gen_task(): info: new task T12 in B1 (prio 2)
1746731159.974664: 1476931-7f5526b3b0c0: cdpl_server.c:2558: in cdpl_sv_label_task_va(): info: setting task T12 label to "delay__IND__lh__OUT__hl__ACQ_1 of AOI22"
1746731160.794477: 1476931-7f550dbec700: cdpl_server_ipc.c:452: in _sv_on_hello(): info: W1 is `10.182.66.70:43258'
1746731160.794499: 1476931-7f550dbec700: cdpl_server_ipc.c:454: in _sv_on_hello(): info: W1 log file is /dev/null
1746731160.794513: 1476931-7f550dbec700: cdpl_server_ipc.c:481: in _sv_on_hello(): info: up to 1 alive workers in B1
1746731160.794543: 1476931-7f550c3e9700: cdpl_server_sched.c:955: in _assign(): info: assigning task T3 to worker W1
1746731169.229096: 1476931-7f550dbec700: cdpl_server_ipc.c:857: in _sv_on_finish(): info: worker W1 completed task T3
1746731169.229140: 1476931-7f550c3e9700: cdpl_server_sched.c:955: in _assign(): info: assigning task T4 to worker W1
1746731176.913058: 1476931-7f550dbec700: cdpl_server_ipc.c:857: in _sv_on_finish(): info: worker W1 completed task T4
1746731176.913685: 1476931-7f550c3e9700: cdpl_server_sched.c:955: in _assign(): info: assigning task T7 to worker W1
1746731184.834296: 1476931-7f550dbec700: cdpl_server_ipc.c:857: in _sv_on_finish(): info: worker W1 completed task T7
1746731184.834344: 1476931-7f550c3e9700: cdpl_server_sched.c:955: in _assign(): info: assigning task T8 to worker W1
1746731189.048348: 1476931-7f5526b3b0c0: cdpl_server.c:1824: in _sv_gen_task(): info: new task T13 in B1 (prio 2)
1746731189.048376: 1476931-7f5526b3b0c0: cdpl_server.c:2558: in cdpl_sv_label_task_va(): info: setting task T13 label to "delay__INA__hl__OUT__lh__ACQ_1 of AOI22"
1746731189.072135: 1476931-7f5526b3b0c0: cdpl_server.c:1824: in _sv_gen_task(): info: new task T14 in B1 (prio 2)
1746731189.072158: 1476931-7f5526b3b0c0: cdpl_server.c:2558: in cdpl_sv_label_task_va(): info: setting task T14 label to "delay__INA__lh__OUT__hl__ACQ_1 of AOI22"
1746731189.087313: 1476931-7f5526b3b0c0: cdpl_server.c:1824: in _sv_gen_task(): info: new task T15 in B1 (prio 2)
1746731189.087325: 1476931-7f5526b3b0c0: cdpl_server.c:2558: in cdpl_sv_label_task_va(): info: setting task T15 label to "delay__INB__hl__OUT__lh__ACQ_1 of AOI22"
1746731192.870795: 1476931-7f550dbec700: cdpl_server_ipc.c:857: in _sv_on_finish(): info: worker W1 completed task T8
1746731192.870836: 1476931-7f550c3e9700: cdpl_server_sched.c:955: in _assign(): info: assigning task T9 to worker W1
1746731201.005971: 1476931-7f550dbec700: cdpl_server_ipc.c:857: in _sv_on_finish(): info: worker W1 completed task T9
1746731201.006015: 1476931-7f550c3e9700: cdpl_server_sched.c:955: in _assign(): info: assigning task T10 to worker W1
1746731208.776262: 1476931-7f550dbec700: cdpl_server_ipc.c:857: in _sv_on_finish(): info: worker W1 completed task T10
1746731208.776295: 1476931-7f550c3e9700: cdpl_server_sched.c:955: in _assign(): info: assigning task T11 to worker W1
1746731216.681343: 1476931-7f550dbec700: cdpl_server_ipc.c:857: in _sv_on_finish(): info: worker W1 completed task T11
1746731216.681383: 1476931-7f550c3e9700: cdpl_server_sched.c:955: in _assign(): info: assigning task T12 to worker W1
1746731219.102210: 1476931-7f5526b3b0c0: cdpl_server.c:1824: in _sv_gen_task(): info: new task T16 in B1 (prio 2)
1746731219.102233: 1476931-7f5526b3b0c0: cdpl_server.c:2558: in cdpl_sv_label_task_va(): info: setting task T16 label to "delay__INB__lh__OUT__hl__ACQ_1 of AOI22"
1746731219.122167: 1476931-7f5526b3b0c0: cdpl_server.c:1824: in _sv_gen_task(): info: new task T17 in B1 (prio 2)
1746731219.122177: 1476931-7f5526b3b0c0: cdpl_server.c:2558: in cdpl_sv_label_task_va(): info: setting task T17 label to "delay__INC__hl__OUT__lh__ACQ_1 of AOI22"
1746731219.132877: 1476931-7f5526b3b0c0: cdpl_server.c:1824: in _sv_gen_task(): info: new task T18 in B1 (prio 2)
1746731219.132885: 1476931-7f5526b3b0c0: cdpl_server.c:2558: in cdpl_sv_label_task_va(): info: setting task T18 label to "delay__INC__lh__OUT__hl__ACQ_1 of AOI22"
1746731219.151894: 1476931-7f5526b3b0c0: cdpl_server.c:1824: in _sv_gen_task(): info: new task T19 in B1 (prio 2)
1746731219.151906: 1476931-7f5526b3b0c0: cdpl_server.c:2558: in cdpl_sv_label_task_va(): info: setting task T19 label to "delay__IND__hl__OUT__lh__ACQ_1 of AOI22"
1746731224.650891: 1476931-7f550dbec700: cdpl_server_ipc.c:857: in _sv_on_finish(): info: worker W1 completed task T12
1746731224.650929: 1476931-7f550c3e9700: cdpl_server_sched.c:955: in _assign(): info: assigning task T13 to worker W1
1746731232.703484: 1476931-7f550dbec700: cdpl_server_ipc.c:857: in _sv_on_finish(): info: worker W1 completed task T13
1746731232.704086: 1476931-7f550c3e9700: cdpl_server_sched.c:955: in _assign(): info: assigning task T14 to worker W1
1746731240.949653: 1476931-7f550dbec700: cdpl_server_ipc.c:857: in _sv_on_finish(): info: worker W1 completed task T14
1746731240.949691: 1476931-7f550c3e9700: cdpl_server_sched.c:955: in _assign(): info: assigning task T15 to worker W1
1746731249.165639: 1476931-7f5526b3b0c0: cdpl_server.c:1824: in _sv_gen_task(): info: new task T20 in B1 (prio 2)
1746731249.165657: 1476931-7f5526b3b0c0: cdpl_server.c:2558: in cdpl_sv_label_task_va(): info: setting task T20 label to "delay__IND__lh__OUT__hl__ACQ_1 of AOI22"
1746731249.213630: 1476931-7f550dbec700: cdpl_server_ipc.c:857: in _sv_on_finish(): info: worker W1 completed task T15
1746731249.213671: 1476931-7f550c3e9700: cdpl_server_sched.c:955: in _assign(): info: assigning task T16 to worker W1
1746731257.438213: 1476931-7f550dbec700: cdpl_server_ipc.c:857: in _sv_on_finish(): info: worker W1 completed task T16
1746731257.438250: 1476931-7f550c3e9700: cdpl_server_sched.c:955: in _assign(): info: assigning task T17 to worker W1
1746731265.242958: 1476931-7f550dbec700: cdpl_server_ipc.c:857: in _sv_on_finish(): info: worker W1 completed task T17
1746731265.243005: 1476931-7f550c3e9700: cdpl_server_sched.c:955: in _assign(): info: assigning task T18 to worker W1
1746731273.298246: 1476931-7f550dbec700: cdpl_server_ipc.c:857: in _sv_on_finish(): info: worker W1 completed task T18
1746731273.298292: 1476931-7f550c3e9700: cdpl_server_sched.c:955: in _assign(): info: assigning task T19 to worker W1
1746731281.401235: 1476931-7f550dbec700: cdpl_server_ipc.c:857: in _sv_on_finish(): info: worker W1 completed task T19
1746731281.401280: 1476931-7f550c3e9700: cdpl_server_sched.c:955: in _assign(): info: assigning task T20 to worker W1
1746731289.757689: 1476931-7f550dbec700: cdpl_server_ipc.c:857: in _sv_on_finish(): info: worker W1 completed task T20
1746731289.757730: 1476931-7f550c3e9700: cdpl_server_sched.c:955: in _assign(): info: assigning task T0 to worker W1
1746731297.513937: 1476931-7f550dbec700: cdpl_server_ipc.c:857: in _sv_on_finish(): info: worker W1 completed task T0
1746731297.513978: 1476931-7f550c3e9700: cdpl_server_sched.c:955: in _assign(): info: assigning task T1 to worker W1
1746731305.231064: 1476931-7f550dbec700: cdpl_server_ipc.c:857: in _sv_on_finish(): info: worker W1 completed task T1
1746731305.231108: 1476931-7f550c3e9700: cdpl_server_sched.c:955: in _assign(): info: assigning task T2 to worker W1
1746731313.065676: 1476931-7f550dbec700: cdpl_server_ipc.c:857: in _sv_on_finish(): info: worker W1 completed task T2
1746731313.065719: 1476931-7f550c3e9700: cdpl_server_sched.c:955: in _assign(): info: assigning task T5 to worker W1
1746731320.757991: 1476931-7f550dbec700: cdpl_server_ipc.c:857: in _sv_on_finish(): info: worker W1 completed task T5
1746731320.758019: 1476931-7f550c3e9700: cdpl_server_sched.c:955: in _assign(): info: assigning task T6 to worker W1
1746731321.203865: 1476931-7f5526b3b0c0: cdpl_compat_master.c:5152: in cdplMasterLogInfo(): info: [non-CDPL log entry] Ending current CDPL job
1746731321.203891: 1476931-7f5526b3b0c0: cdpl_server.c:2890: in cdpl_sv_halt_job_errno(): info: stopping job J1
1746731321.204030: 1476931-7f550c3e9700: cdpl_server_sched.c:2711: in _sv_drop_worker(): info: down to 0 alive workers in B1
1746731321.204074: 1476931-7f5526b3b0c0: cdpl_server.c:2875: in cdpl_sv_halt_job_errno(): info: killing job J1
1746731321.204085: 1476931-7f5526b3b0c0: cdpl_server.c:288: in _sv_free_job(): info: freeing job J1
1746731321.204121: 1476931-7f5526b3b0c0: cdpl_farm.c:2395: in cdpl_farm_free(): info: freeing farm
1746731321.204204: 1476931-7f5526b3b0c0: cdpl_server.c:3011: in cdpl_sv_free(): info: freeing server S973271625
1746731321.204210: 1476931-7f5526b3b0c0: cdpl_server.c:2976: in cdpl_sv_kill_errno(): info: killing server
1746731321.204442: 1476931-7f5526b3b0c0: cdpl_server.c:328: in _sv_free_master(): info: freeing master M1
1746731321.204496: 1476931-7f5526b3b0c0: cdpl_log.c:371: in cdpl_log_close(): info: @@end_of_log@@
