1746758656.424828: 3265426-7f246b4ef0c0: cdpl_log.c:228: in cdpl_log_open(): info: @@start_of_log@@
1746758656.424849: 3265426-7f246b4ef0c0: cdpl_log.c:866: in cdpl_log_dump_sysinfo(): info: time: 2025/05/08 21:44:16 CDT -0500
1746758656.424853: 3265426-7f246b4ef0c0: cdpl_log.c:868: in cdpl_log_dump_sysinfo(): info: version: T-2022.03 
1746758656.424855: 3265426-7f246b4ef0c0: cdpl_log.c:870: in cdpl_log_dump_sysinfo(): info: system: Linux 4.18.0-553.46.1.el8_10.x86_64 #1 SMP Sat Mar 15 01:37:33 EDT 2025
1746758656.424858: 3265426-7f246b4ef0c0: cdpl_log.c:875: in cdpl_log_dump_sysinfo(): info: processor: x86_64 64-bits
1746758656.424860: 3265426-7f246b4ef0c0: cdpl_log.c:879: in cdpl_log_dump_sysinfo(): info: hostname: engnx05a.utdallas.edu
1746758656.424862: 3265426-7f246b4ef0c0: cdpl_log.c:230: in cdpl_log_open(): debug: path: /home/010/e/eb/ebw220000/cad/EE4325_UART_Project/gf65/primelib_gf65/NAND3/runtime/cdpl/pid3265426/master.engnx05a.utdallas.edu.3265426.log
1746758656.424865: 3265426-7f246b4ef0c0: cdpl_log.c:231: in cdpl_log_open(): debug: dir: /home/010/e/eb/ebw220000/cad/EE4325_UART_Project/gf65/primelib_gf65/NAND3/runtime/cdpl/pid3265426
1746758656.424870: 3265426-7f246b4ef0c0: cdpl_log.c:758: in cdpl_log_set_filter(): info: filter level 1
1746758656.424890: 3265426-7f246b4ef0c0: cdpl_server.c:543: in cdpl_sv_init(): info: new server S1153392950
1746758656.424900: 3265426-7f246b4ef0c0: cdpl_ipc.c:3030: in cdpl_ipc_init(): info: requesting IPv4 protocol
1746758656.425658: 3265426-7f246b4ef0c0: cdpl_ipc.c:800: in _selectaddrfamily(): info: selected IPv4 protocol
1746758656.426024: 3265426-7f246b4ef0c0: cdpl_server.c:657: in cdpl_sv_new_master(): info: new master M1
1746758656.426038: 3265426-7f246b4ef0c0: cdpl_server.c:5494: in cdpl_sv_ctl_master(): info: Setting worker heartbeat to 60 seconds
1746758656.426040: 3265426-7f246b4ef0c0: cdpl_server.c:5503: in cdpl_sv_ctl_master(): info: Setting worker heartbeat timeout to 3 heartbeats
1746758656.426044: 3265426-7f246b4ef0c0: cdpl_compat_master.c:2407: in cdplInitMaster(): info: bcast dir is `/dev/null'
1746758656.426088: 3265426-7f246b4ef0c0: cdpl_server.c:5394: in cdpl_sv_ctl_master(): info: farm worker timeout set to 36000
1746758656.426093: 3265426-7f246b4ef0c0: cdpl_server.c:5410: in cdpl_sv_ctl_master(): info: grid worker timeout set to 36000
1746758656.426096: 3265426-7f246b4ef0c0: cdpl_server.c:5438: in cdpl_sv_ctl_master(): info: farm submit command failure threshold set to 100
1746758656.426111: 3265426-7f246b4ef0c0: cdpl_farm.c:2268: in cdpl_farm_new_sh(): info: creating SH farm on localhost
1746758656.426127: 3265426-7f246b4ef0c0: cdpl_compat_master.c:207: in _set_farm_env(): info: exporting CDPL_LOGDIR as `/home/010/e/eb/ebw220000/cad/EE4325_UART_Project/gf65/primelib_gf65/NAND3/runtime/cdpl/pid3265426'
1746758656.426130: 3265426-7f246b4ef0c0: cdpl_compat_master.c:213: in _set_farm_env(): info: exporting CDPL_TMPDIR as `/var/tmp'
1746758656.426133: 3265426-7f246b4ef0c0: cdpl_compat_master.c:220: in _set_farm_env(): info: exporting CDPL_HOME as `/proj/cad/synopsys/synopsys_2021/primelib/T-2022.03-SP1/cdpl_runtime_linux64'
1746758656.426136: 3265426-7f246b4ef0c0: cdpl_compat_master.c:227: in _set_farm_env(): info: exporting SNPSLMD_LICENSE_FILE as `1700@engdmv.utdallas.edu'
1746758656.426139: 3265426-7f246b4ef0c0: cdpl_compat_master.c:247: in _set_farm_env(): info: exporting CDPL_OPTIONS as `[filter][nowlogs]'
1746758656.426142: 3265426-7f246b4ef0c0: cdpl_compat_master.c:254: in _set_farm_env(): info: exporting DISPLAY as `:1052'
1746758656.426144: 3265426-7f246b4ef0c0: cdpl_compat_master.c:262: in _set_farm_env(): info: exporting CDPL_HEARTBEAT as `60'
1746758656.426148: 3265426-7f246b4ef0c0: cdpl_compat_master.c:348: in _set_farm_env(): info: exporting SIS_MALIBU as `2'
1746758656.426150: 3265426-7f246b4ef0c0: cdpl_compat_master.c:348: in _set_farm_env(): info: exporting SIS_CDPL as `5'
1746758656.503243: 3265426-7f246b4ef0c0: cdpl_server.c:738: in cdpl_sv_new_job(): info: new job J1 in M1
1746758656.503263: 3265426-7f246b4ef0c0: cdpl_compat_master.c:1314: in _add_worker(): info: new worker type 100, min:1, max:1, cmd:`/home/010/e/eb/ebw220000/cad/EE4325_UART_Project/gf65/primelib_gf65/NAND3/runtime/cdpl/pid3265426/run_3265426.sh'
1746758656.503274: 3265426-7f246b4ef0c0: cdpl_server.c:900: in cdpl_sv_new_bin_withfarm(): info: new bin B1 in J1
1746758656.509693: 3265426-7f246b4ef0c0: cdpl_server.c:3116: in cdpl_sv_start_job(): info: starting job J1
1746758656.520802: 3265426-7f246b4ef0c0: cdpl_server.c:1824: in _sv_gen_task(): info: new task T0 in B1 (prio 2)
1746758656.520811: 3265426-7f246b4ef0c0: cdpl_server.c:2558: in cdpl_sv_label_task_va(): info: setting task T0 label to "delay__B__lh__OUT__hl__ACQ_1 of NAND3"
1746758656.520874: 3265426-7f246b4ef0c0: cdpl_server.c:1824: in _sv_gen_task(): info: new task T1 in B1 (prio 2)
1746758656.520989: 3265426-7f245159e700: cdpl_server_sched.c:700: in _sv_launch_worker(): info: started worker W1 (as C1) in bin B1
1746758656.521015: 3265426-7f2450d9d700: cdpl_farm.c:1899: in _schedule(): info: worker submit failure threshold set to 100
1746758656.521034: 3265426-7f2450d9d700: cdpl_sh.c:49: in _sh_detached_submit(): info: SH : /home/010/e/eb/ebw220000/cad/EE4325_UART_Project/gf65/primelib_gf65/NAND3/runtime/cdpl/pid3265426/run_3265426.sh
1746758656.521040: 3265426-7f246b4ef0c0: cdpl_server.c:2558: in cdpl_sv_label_task_va(): info: setting task T1 label to "delay__B__hl__OUT__lh__ACQ_1 of NAND3"
1746758656.527408: 3265426-7f246b4ef0c0: cdpl_server.c:1824: in _sv_gen_task(): info: new task T2 in B1 (prio 3)
1746758656.527432: 3265426-7f246b4ef0c0: cdpl_server.c:2558: in cdpl_sv_label_task_va(): info: setting task T2 label to "leakage_power__ACQ_1 of NAND3"
1746758656.527692: 3265426-7f246b4ef0c0: cdpl_server.c:1824: in _sv_gen_task(): info: new task T3 in B1 (prio 2)
1746758656.527697: 3265426-7f246b4ef0c0: cdpl_server.c:2558: in cdpl_sv_label_task_va(): info: setting task T3 label to "delay__C__lh__OUT__hl__ACQ_1 of NAND3"
1746758656.527805: 3265426-7f246b4ef0c0: cdpl_server.c:1824: in _sv_gen_task(): info: new task T4 in B1 (prio 2)
1746758656.527809: 3265426-7f246b4ef0c0: cdpl_server.c:2558: in cdpl_sv_label_task_va(): info: setting task T4 label to "delay__C__hl__OUT__lh__ACQ_1 of NAND3"
1746758656.527856: 3265426-7f246b4ef0c0: cdpl_server.c:1824: in _sv_gen_task(): info: new task T5 in B1 (prio 5)
1746758656.527860: 3265426-7f246b4ef0c0: cdpl_server.c:2558: in cdpl_sv_label_task_va(): info: setting task T5 label to "Cin__VSS__lh__ACQ_1 of NAND3"
1746758656.527898: 3265426-7f246b4ef0c0: cdpl_server.c:1824: in _sv_gen_task(): info: new task T6 in B1 (prio 5)
1746758656.527902: 3265426-7f246b4ef0c0: cdpl_server.c:2558: in cdpl_sv_label_task_va(): info: setting task T6 label to "Cin__VSS__hl__ACQ_1 of NAND3"
1746758656.527942: 3265426-7f246b4ef0c0: cdpl_server.c:1824: in _sv_gen_task(): info: new task T7 in B1 (prio 2)
1746758656.527945: 3265426-7f246b4ef0c0: cdpl_server.c:2558: in cdpl_sv_label_task_va(): info: setting task T7 label to "delay__A__lh__OUT__hl__ACQ_1 of NAND3"
1746758656.527990: 3265426-7f246b4ef0c0: cdpl_server.c:1824: in _sv_gen_task(): info: new task T8 in B1 (prio 2)
1746758656.527994: 3265426-7f246b4ef0c0: cdpl_server.c:2558: in cdpl_sv_label_task_va(): info: setting task T8 label to "delay__A__hl__OUT__lh__ACQ_1 of NAND3"
1746758656.528031: 3265426-7f246b4ef0c0: cdpl_server.c:1824: in _sv_gen_task(): info: new task T9 in B1 (prio 5)
1746758656.528035: 3265426-7f246b4ef0c0: cdpl_server.c:2558: in cdpl_sv_label_task_va(): info: setting task T9 label to "Cin__VDD__lh__ACQ_1 of NAND3"
1746758656.528072: 3265426-7f246b4ef0c0: cdpl_server.c:1824: in _sv_gen_task(): info: new task T10 in B1 (prio 5)
1746758656.528076: 3265426-7f246b4ef0c0: cdpl_server.c:2558: in cdpl_sv_label_task_va(): info: setting task T10 label to "Cin__VDD__hl__ACQ_1 of NAND3"
1746758657.320537: 3265426-7f2451d9f700: cdpl_server_ipc.c:452: in _sv_on_hello(): info: W1 is `10.182.66.70:45946'
1746758657.320564: 3265426-7f2451d9f700: cdpl_server_ipc.c:454: in _sv_on_hello(): info: W1 log file is /dev/null
1746758657.320580: 3265426-7f2451d9f700: cdpl_server_ipc.c:481: in _sv_on_hello(): info: up to 1 alive workers in B1
1746758657.320669: 3265426-7f245159e700: cdpl_server_sched.c:955: in _assign(): info: assigning task T0 to worker W1
1746758665.374480: 3265426-7f2451d9f700: cdpl_server_ipc.c:857: in _sv_on_finish(): info: worker W1 completed task T0
1746758665.375048: 3265426-7f245159e700: cdpl_server_sched.c:955: in _assign(): info: assigning task T1 to worker W1
1746758673.026773: 3265426-7f2451d9f700: cdpl_server_ipc.c:857: in _sv_on_finish(): info: worker W1 completed task T1
1746758673.026819: 3265426-7f245159e700: cdpl_server_sched.c:955: in _assign(): info: assigning task T3 to worker W1
1746758680.667772: 3265426-7f2451d9f700: cdpl_server_ipc.c:857: in _sv_on_finish(): info: worker W1 completed task T3
1746758680.667833: 3265426-7f245159e700: cdpl_server_sched.c:955: in _assign(): info: assigning task T4 to worker W1
1746758688.400098: 3265426-7f2451d9f700: cdpl_server_ipc.c:857: in _sv_on_finish(): info: worker W1 completed task T4
1746758688.400140: 3265426-7f245159e700: cdpl_server_sched.c:955: in _assign(): info: assigning task T7 to worker W1
1746758696.098361: 3265426-7f2451d9f700: cdpl_server_ipc.c:857: in _sv_on_finish(): info: worker W1 completed task T7
1746758696.098426: 3265426-7f245159e700: cdpl_server_sched.c:955: in _assign(): info: assigning task T8 to worker W1
1746758704.037770: 3265426-7f2451d9f700: cdpl_server_ipc.c:857: in _sv_on_finish(): info: worker W1 completed task T8
1746758704.037822: 3265426-7f245159e700: cdpl_server_sched.c:955: in _assign(): info: assigning task T2 to worker W1
1746758712.152233: 3265426-7f2451d9f700: cdpl_server_ipc.c:857: in _sv_on_finish(): info: worker W1 completed task T2
1746758712.152286: 3265426-7f245159e700: cdpl_server_sched.c:955: in _assign(): info: assigning task T5 to worker W1
1746758720.160118: 3265426-7f2451d9f700: cdpl_server_ipc.c:857: in _sv_on_finish(): info: worker W1 completed task T5
1746758720.160913: 3265426-7f245159e700: cdpl_server_sched.c:955: in _assign(): info: assigning task T6 to worker W1
1746758728.281797: 3265426-7f2451d9f700: cdpl_server_ipc.c:857: in _sv_on_finish(): info: worker W1 completed task T6
1746758728.281850: 3265426-7f245159e700: cdpl_server_sched.c:955: in _assign(): info: assigning task T9 to worker W1
1746758736.274721: 3265426-7f2451d9f700: cdpl_server_ipc.c:857: in _sv_on_finish(): info: worker W1 completed task T9
1746758736.274760: 3265426-7f245159e700: cdpl_server_sched.c:955: in _assign(): info: assigning task T10 to worker W1
1746758745.063428: 3265426-7f2451d9f700: cdpl_server_ipc.c:857: in _sv_on_finish(): info: worker W1 completed task T10
1746759130.283891: 3265426-7f246b4ef0c0: cdpl_server.c:1824: in _sv_gen_task(): info: new task T11 in B1 (prio 2)
1746759130.284419: 3265426-7f246b4ef0c0: cdpl_server.c:2558: in cdpl_sv_label_task_va(): info: setting task T11 label to "delay__B__lh__OUT__hl__ACQ_1 of NOR2"
1746759130.284482: 3265426-7f245159e700: cdpl_server_sched.c:955: in _assign(): info: assigning task T11 to worker W1
1746759130.284518: 3265426-7f246b4ef0c0: cdpl_server.c:1824: in _sv_gen_task(): info: new task T12 in B1 (prio 2)
1746759130.284566: 3265426-7f246b4ef0c0: cdpl_server.c:2558: in cdpl_sv_label_task_va(): info: setting task T12 label to "delay__B__hl__OUT__lh__ACQ_1 of NOR2"
1746759130.284634: 3265426-7f246b4ef0c0: cdpl_server.c:1824: in _sv_gen_task(): info: new task T13 in B1 (prio 3)
1746759130.284638: 3265426-7f246b4ef0c0: cdpl_server.c:2558: in cdpl_sv_label_task_va(): info: setting task T13 label to "leakage_power__ACQ_1 of NOR2"
1746759130.284677: 3265426-7f246b4ef0c0: cdpl_server.c:1824: in _sv_gen_task(): info: new task T14 in B1 (prio 5)
1746759130.284680: 3265426-7f246b4ef0c0: cdpl_server.c:2558: in cdpl_sv_label_task_va(): info: setting task T14 label to "Cin__VSS__lh__ACQ_1 of NOR2"
1746759130.284701: 3265426-7f246b4ef0c0: cdpl_server.c:1824: in _sv_gen_task(): info: new task T15 in B1 (prio 5)
1746759130.284704: 3265426-7f246b4ef0c0: cdpl_server.c:2558: in cdpl_sv_label_task_va(): info: setting task T15 label to "Cin__VSS__hl__ACQ_1 of NOR2"
1746759130.284747: 3265426-7f246b4ef0c0: cdpl_server.c:1824: in _sv_gen_task(): info: new task T16 in B1 (prio 2)
1746759130.284750: 3265426-7f246b4ef0c0: cdpl_server.c:2558: in cdpl_sv_label_task_va(): info: setting task T16 label to "delay__A__lh__OUT__hl__ACQ_1 of NOR2"
1746759130.284772: 3265426-7f246b4ef0c0: cdpl_server.c:1824: in _sv_gen_task(): info: new task T17 in B1 (prio 2)
1746759130.284775: 3265426-7f246b4ef0c0: cdpl_server.c:2558: in cdpl_sv_label_task_va(): info: setting task T17 label to "delay__A__hl__OUT__lh__ACQ_1 of NOR2"
1746759130.284812: 3265426-7f246b4ef0c0: cdpl_server.c:1824: in _sv_gen_task(): info: new task T18 in B1 (prio 5)
1746759130.284815: 3265426-7f246b4ef0c0: cdpl_server.c:2558: in cdpl_sv_label_task_va(): info: setting task T18 label to "Cin__VDD__lh__ACQ_1 of NOR2"
1746759130.284835: 3265426-7f246b4ef0c0: cdpl_server.c:1824: in _sv_gen_task(): info: new task T19 in B1 (prio 5)
1746759130.284838: 3265426-7f246b4ef0c0: cdpl_server.c:2558: in cdpl_sv_label_task_va(): info: setting task T19 label to "Cin__VDD__hl__ACQ_1 of NOR2"
1746759138.161848: 3265426-7f2451d9f700: cdpl_server_ipc.c:857: in _sv_on_finish(): info: worker W1 completed task T11
1746759138.161891: 3265426-7f245159e700: cdpl_server_sched.c:955: in _assign(): info: assigning task T12 to worker W1
1746759145.902412: 3265426-7f2451d9f700: cdpl_server_ipc.c:857: in _sv_on_finish(): info: worker W1 completed task T12
1746759145.902459: 3265426-7f245159e700: cdpl_server_sched.c:955: in _assign(): info: assigning task T16 to worker W1
1746759153.465709: 3265426-7f2451d9f700: cdpl_server_ipc.c:857: in _sv_on_finish(): info: worker W1 completed task T16
1746759153.465750: 3265426-7f245159e700: cdpl_server_sched.c:955: in _assign(): info: assigning task T17 to worker W1
1746759161.404584: 3265426-7f2451d9f700: cdpl_server_ipc.c:857: in _sv_on_finish(): info: worker W1 completed task T17
1746759161.404655: 3265426-7f245159e700: cdpl_server_sched.c:955: in _assign(): info: assigning task T13 to worker W1
1746759168.791446: 3265426-7f2451d9f700: cdpl_server_ipc.c:857: in _sv_on_finish(): info: worker W1 completed task T13
1746759168.791473: 3265426-7f245159e700: cdpl_server_sched.c:955: in _assign(): info: assigning task T14 to worker W1
1746759176.174433: 3265426-7f2451d9f700: cdpl_server_ipc.c:857: in _sv_on_finish(): info: worker W1 completed task T14
1746759176.174479: 3265426-7f245159e700: cdpl_server_sched.c:955: in _assign(): info: assigning task T15 to worker W1
1746759183.815976: 3265426-7f2451d9f700: cdpl_server_ipc.c:857: in _sv_on_finish(): info: worker W1 completed task T15
1746759183.816004: 3265426-7f245159e700: cdpl_server_sched.c:955: in _assign(): info: assigning task T18 to worker W1
1746759191.344686: 3265426-7f2451d9f700: cdpl_server_ipc.c:857: in _sv_on_finish(): info: worker W1 completed task T18
1746759191.344720: 3265426-7f245159e700: cdpl_server_sched.c:955: in _assign(): info: assigning task T19 to worker W1
1746759199.060703: 3265426-7f2451d9f700: cdpl_server_ipc.c:857: in _sv_on_finish(): info: worker W1 completed task T19
1746759800.129396: 3265426-7f24525a0700: cdpl_ipc.c:738: in _readv(): warning: read(): EOF
1746759871.173459: 3265426-7f246b4ef0c0: cdpl_server.c:1824: in _sv_gen_task(): info: new task T20 in B1 (prio 3)
1746759871.174084: 3265426-7f246b4ef0c0: cdpl_server.c:2558: in cdpl_sv_label_task_va(): info: setting task T20 label to "leakage_power__ACQ_1 of OAI22"
1746759871.174182: 3265426-7f246b4ef0c0: cdpl_server.c:1824: in _sv_gen_task(): info: new task T21 in B1 (prio 5)
1746759871.174211: 3265426-7f245159e700: cdpl_server_sched.c:700: in _sv_launch_worker(): info: started worker W2 (as C2) in bin B1
1746759871.174254: 3265426-7f2450d9d700: cdpl_sh.c:49: in _sh_detached_submit(): info: SH : /home/010/e/eb/ebw220000/cad/EE4325_UART_Project/gf65/primelib_gf65/NAND3/runtime/cdpl/pid3265426/run_3265426.sh
1746759871.174258: 3265426-7f246b4ef0c0: cdpl_server.c:2558: in cdpl_sv_label_task_va(): info: setting task T21 label to "Cin__VSS__hl__ACQ_1 of OAI22"
1746759871.181483: 3265426-7f246b4ef0c0: cdpl_server.c:1824: in _sv_gen_task(): info: new task T22 in B1 (prio 5)
1746759871.181508: 3265426-7f246b4ef0c0: cdpl_server.c:2558: in cdpl_sv_label_task_va(): info: setting task T22 label to "Cin__VSS__lh__ACQ_1 of OAI22"
1746759871.181908: 3265426-7f246b4ef0c0: cdpl_server.c:1824: in _sv_gen_task(): info: new task T23 in B1 (prio 2)
1746759871.181913: 3265426-7f246b4ef0c0: cdpl_server.c:2558: in cdpl_sv_label_task_va(): info: setting task T23 label to "delay__A__hl__OUT__lh__ACQ_1 of OAI22"
1746759871.182040: 3265426-7f246b4ef0c0: cdpl_server.c:1824: in _sv_gen_task(): info: new task T24 in B1 (prio 2)
1746759871.182044: 3265426-7f246b4ef0c0: cdpl_server.c:2558: in cdpl_sv_label_task_va(): info: setting task T24 label to "delay__A__lh__OUT__hl__ACQ_1 of OAI22"
1746759871.182145: 3265426-7f246b4ef0c0: cdpl_server.c:1824: in _sv_gen_task(): info: new task T25 in B1 (prio 2)
1746759871.182150: 3265426-7f246b4ef0c0: cdpl_server.c:2558: in cdpl_sv_label_task_va(): info: setting task T25 label to "delay__B__hl__OUT__lh__ACQ_1 of OAI22"
1746759871.182217: 3265426-7f246b4ef0c0: cdpl_server.c:1824: in _sv_gen_task(): info: new task T26 in B1 (prio 2)
1746759871.182220: 3265426-7f246b4ef0c0: cdpl_server.c:2558: in cdpl_sv_label_task_va(): info: setting task T26 label to "delay__B__lh__OUT__hl__ACQ_1 of OAI22"
1746759871.182285: 3265426-7f246b4ef0c0: cdpl_server.c:1824: in _sv_gen_task(): info: new task T27 in B1 (prio 2)
1746759871.182288: 3265426-7f246b4ef0c0: cdpl_server.c:2558: in cdpl_sv_label_task_va(): info: setting task T27 label to "delay__C__hl__OUT__lh__ACQ_1 of OAI22"
1746759871.182369: 3265426-7f246b4ef0c0: cdpl_server.c:1824: in _sv_gen_task(): info: new task T28 in B1 (prio 2)
1746759871.182374: 3265426-7f246b4ef0c0: cdpl_server.c:2558: in cdpl_sv_label_task_va(): info: setting task T28 label to "delay__C__lh__OUT__hl__ACQ_1 of OAI22"
1746759871.182430: 3265426-7f246b4ef0c0: cdpl_server.c:1824: in _sv_gen_task(): info: new task T29 in B1 (prio 2)
1746759871.182434: 3265426-7f246b4ef0c0: cdpl_server.c:2558: in cdpl_sv_label_task_va(): info: setting task T29 label to "delay__D__hl__OUT__lh__ACQ_1 of OAI22"
1746759871.182471: 3265426-7f246b4ef0c0: cdpl_server.c:1824: in _sv_gen_task(): info: new task T30 in B1 (prio 2)
1746759871.182474: 3265426-7f246b4ef0c0: cdpl_server.c:2558: in cdpl_sv_label_task_va(): info: setting task T30 label to "delay__D__lh__OUT__hl__ACQ_1 of OAI22"
1746759871.182511: 3265426-7f246b4ef0c0: cdpl_server.c:1824: in _sv_gen_task(): info: new task T31 in B1 (prio 5)
1746759871.182515: 3265426-7f246b4ef0c0: cdpl_server.c:2558: in cdpl_sv_label_task_va(): info: setting task T31 label to "Cin__VDD__hl__ACQ_1 of OAI22"
1746759871.182547: 3265426-7f246b4ef0c0: cdpl_server.c:1824: in _sv_gen_task(): info: new task T32 in B1 (prio 5)
1746759871.182550: 3265426-7f246b4ef0c0: cdpl_server.c:2558: in cdpl_sv_label_task_va(): info: setting task T32 label to "Cin__VDD__lh__ACQ_1 of OAI22"
1746759871.984288: 3265426-7f2451d9f700: cdpl_server_ipc.c:452: in _sv_on_hello(): info: W2 is `10.182.66.70:34438'
1746759871.984315: 3265426-7f2451d9f700: cdpl_server_ipc.c:454: in _sv_on_hello(): info: W2 log file is /dev/null
1746759871.984330: 3265426-7f2451d9f700: cdpl_server_ipc.c:481: in _sv_on_hello(): info: up to 1 alive workers in B1
1746759871.984358: 3265426-7f245159e700: cdpl_server_sched.c:955: in _assign(): info: assigning task T23 to worker W2
1746759880.415827: 3265426-7f2451d9f700: cdpl_server_ipc.c:857: in _sv_on_finish(): info: worker W2 completed task T23
1746759880.415888: 3265426-7f245159e700: cdpl_server_sched.c:955: in _assign(): info: assigning task T24 to worker W2
1746759888.399516: 3265426-7f2451d9f700: cdpl_server_ipc.c:857: in _sv_on_finish(): info: worker W2 completed task T24
1746759888.399561: 3265426-7f245159e700: cdpl_server_sched.c:955: in _assign(): info: assigning task T25 to worker W2
1746759895.995933: 3265426-7f2451d9f700: cdpl_server_ipc.c:857: in _sv_on_finish(): info: worker W2 completed task T25
1746759895.996006: 3265426-7f245159e700: cdpl_server_sched.c:955: in _assign(): info: assigning task T26 to worker W2
1746759904.006351: 3265426-7f2451d9f700: cdpl_server_ipc.c:857: in _sv_on_finish(): info: worker W2 completed task T26
1746759904.006405: 3265426-7f245159e700: cdpl_server_sched.c:955: in _assign(): info: assigning task T27 to worker W2
1746759912.010867: 3265426-7f2451d9f700: cdpl_server_ipc.c:857: in _sv_on_finish(): info: worker W2 completed task T27
1746759912.010932: 3265426-7f245159e700: cdpl_server_sched.c:955: in _assign(): info: assigning task T28 to worker W2
1746759919.983594: 3265426-7f2451d9f700: cdpl_server_ipc.c:857: in _sv_on_finish(): info: worker W2 completed task T28
1746759919.983644: 3265426-7f245159e700: cdpl_server_sched.c:955: in _assign(): info: assigning task T29 to worker W2
1746759927.738754: 3265426-7f2451d9f700: cdpl_server_ipc.c:857: in _sv_on_finish(): info: worker W2 completed task T29
1746759927.738817: 3265426-7f245159e700: cdpl_server_sched.c:955: in _assign(): info: assigning task T30 to worker W2
1746759935.478634: 3265426-7f2451d9f700: cdpl_server_ipc.c:857: in _sv_on_finish(): info: worker W2 completed task T30
1746759935.478673: 3265426-7f245159e700: cdpl_server_sched.c:955: in _assign(): info: assigning task T20 to worker W2
1746759942.796827: 3265426-7f2451d9f700: cdpl_server_ipc.c:857: in _sv_on_finish(): info: worker W2 completed task T20
1746759942.796875: 3265426-7f245159e700: cdpl_server_sched.c:955: in _assign(): info: assigning task T21 to worker W2
1746759950.561848: 3265426-7f2451d9f700: cdpl_server_ipc.c:857: in _sv_on_finish(): info: worker W2 completed task T21
1746759950.561898: 3265426-7f245159e700: cdpl_server_sched.c:955: in _assign(): info: assigning task T22 to worker W2
1746759957.957920: 3265426-7f2451d9f700: cdpl_server_ipc.c:857: in _sv_on_finish(): info: worker W2 completed task T22
1746759957.957972: 3265426-7f245159e700: cdpl_server_sched.c:955: in _assign(): info: assigning task T31 to worker W2
1746759965.648709: 3265426-7f2451d9f700: cdpl_server_ipc.c:857: in _sv_on_finish(): info: worker W2 completed task T31
1746759965.648740: 3265426-7f245159e700: cdpl_server_sched.c:955: in _assign(): info: assigning task T32 to worker W2
1746759973.520639: 3265426-7f2451d9f700: cdpl_server_ipc.c:857: in _sv_on_finish(): info: worker W2 completed task T32
1746760574.670083: 3265426-7f24525a0700: cdpl_ipc.c:738: in _readv(): warning: read(): EOF
1746760916.702789: 3265426-7f246b4ef0c0: cdpl_server.c:1824: in _sv_gen_task(): info: new task T33 in B1 (prio 3)
1746760916.703355: 3265426-7f246b4ef0c0: cdpl_server.c:2558: in cdpl_sv_label_task_va(): info: setting task T33 label to "leakage_power__ACQ_1 of XNOR2"
1746760916.703423: 3265426-7f246b4ef0c0: cdpl_server.c:1824: in _sv_gen_task(): info: new task T34 in B1 (prio 5)
1746760916.703437: 3265426-7f245159e700: cdpl_server_sched.c:700: in _sv_launch_worker(): info: started worker W3 (as C3) in bin B1
1746760916.703466: 3265426-7f2450d9d700: cdpl_sh.c:49: in _sh_detached_submit(): info: SH : /home/010/e/eb/ebw220000/cad/EE4325_UART_Project/gf65/primelib_gf65/NAND3/runtime/cdpl/pid3265426/run_3265426.sh
1746760916.711627: 3265426-7f246b4ef0c0: cdpl_server.c:2558: in cdpl_sv_label_task_va(): info: setting task T34 label to "Cin__VSS__hl__ACQ_1 of XNOR2"
1746760916.712321: 3265426-7f246b4ef0c0: cdpl_server.c:1824: in _sv_gen_task(): info: new task T35 in B1 (prio 5)
1746760916.712327: 3265426-7f246b4ef0c0: cdpl_server.c:2558: in cdpl_sv_label_task_va(): info: setting task T35 label to "Cin__VSS__lh__ACQ_1 of XNOR2"
1746760916.712419: 3265426-7f246b4ef0c0: cdpl_server.c:1824: in _sv_gen_task(): info: new task T36 in B1 (prio 2)
1746760916.712423: 3265426-7f246b4ef0c0: cdpl_server.c:2558: in cdpl_sv_label_task_va(): info: setting task T36 label to "delay__A__hl__OUT__hl__ACQ_1 of XNOR2"
1746760916.712547: 3265426-7f246b4ef0c0: cdpl_server.c:1824: in _sv_gen_task(): info: new task T37 in B1 (prio 2)
1746760916.712552: 3265426-7f246b4ef0c0: cdpl_server.c:2558: in cdpl_sv_label_task_va(): info: setting task T37 label to "delay__A__hl__OUT__lh__ACQ_1 of XNOR2"
1746760916.712650: 3265426-7f246b4ef0c0: cdpl_server.c:1824: in _sv_gen_task(): info: new task T38 in B1 (prio 2)
1746760916.712664: 3265426-7f246b4ef0c0: cdpl_server.c:2558: in cdpl_sv_label_task_va(): info: setting task T38 label to "delay__A__lh__OUT__hl__ACQ_1 of XNOR2"
1746760916.712723: 3265426-7f246b4ef0c0: cdpl_server.c:1824: in _sv_gen_task(): info: new task T39 in B1 (prio 2)
1746760916.712726: 3265426-7f246b4ef0c0: cdpl_server.c:2558: in cdpl_sv_label_task_va(): info: setting task T39 label to "delay__A__lh__OUT__lh__ACQ_1 of XNOR2"
1746760916.712792: 3265426-7f246b4ef0c0: cdpl_server.c:1824: in _sv_gen_task(): info: new task T40 in B1 (prio 2)
1746760916.712795: 3265426-7f246b4ef0c0: cdpl_server.c:2558: in cdpl_sv_label_task_va(): info: setting task T40 label to "delay__B__hl__OUT__hl__ACQ_1 of XNOR2"
1746760916.712921: 3265426-7f246b4ef0c0: cdpl_server.c:1824: in _sv_gen_task(): info: new task T41 in B1 (prio 2)
1746760916.712924: 3265426-7f246b4ef0c0: cdpl_server.c:2558: in cdpl_sv_label_task_va(): info: setting task T41 label to "delay__B__hl__OUT__lh__ACQ_1 of XNOR2"
1746760916.713048: 3265426-7f246b4ef0c0: cdpl_server.c:1824: in _sv_gen_task(): info: new task T42 in B1 (prio 2)
1746760916.713051: 3265426-7f246b4ef0c0: cdpl_server.c:2558: in cdpl_sv_label_task_va(): info: setting task T42 label to "delay__B__lh__OUT__hl__ACQ_1 of XNOR2"
1746760916.713104: 3265426-7f246b4ef0c0: cdpl_server.c:1824: in _sv_gen_task(): info: new task T43 in B1 (prio 2)
1746760916.713108: 3265426-7f246b4ef0c0: cdpl_server.c:2558: in cdpl_sv_label_task_va(): info: setting task T43 label to "delay__B__lh__OUT__lh__ACQ_1 of XNOR2"
1746760916.713157: 3265426-7f246b4ef0c0: cdpl_server.c:1824: in _sv_gen_task(): info: new task T44 in B1 (prio 5)
1746760916.713160: 3265426-7f246b4ef0c0: cdpl_server.c:2558: in cdpl_sv_label_task_va(): info: setting task T44 label to "Cin__VDD__hl__ACQ_1 of XNOR2"
1746760916.713247: 3265426-7f246b4ef0c0: cdpl_server.c:1824: in _sv_gen_task(): info: new task T45 in B1 (prio 5)
1746760916.713250: 3265426-7f246b4ef0c0: cdpl_server.c:2558: in cdpl_sv_label_task_va(): info: setting task T45 label to "Cin__VDD__lh__ACQ_1 of XNOR2"
1746760917.538333: 3265426-7f2451d9f700: cdpl_server_ipc.c:452: in _sv_on_hello(): info: W3 is `10.182.66.70:50406'
1746760917.538359: 3265426-7f2451d9f700: cdpl_server_ipc.c:454: in _sv_on_hello(): info: W3 log file is /dev/null
1746760917.538375: 3265426-7f2451d9f700: cdpl_server_ipc.c:481: in _sv_on_hello(): info: up to 1 alive workers in B1
1746760917.538413: 3265426-7f245159e700: cdpl_server_sched.c:955: in _assign(): info: assigning task T36 to worker W3
1746760926.658737: 3265426-7f2451d9f700: cdpl_server_ipc.c:857: in _sv_on_finish(): info: worker W3 completed task T36
1746760926.658769: 3265426-7f245159e700: cdpl_server_sched.c:955: in _assign(): info: assigning task T37 to worker W3
1746760935.405082: 3265426-7f2451d9f700: cdpl_server_ipc.c:857: in _sv_on_finish(): info: worker W3 completed task T37
1746760935.405143: 3265426-7f245159e700: cdpl_server_sched.c:955: in _assign(): info: assigning task T38 to worker W3
1746760944.173426: 3265426-7f2451d9f700: cdpl_server_ipc.c:857: in _sv_on_finish(): info: worker W3 completed task T38
1746760944.173467: 3265426-7f245159e700: cdpl_server_sched.c:955: in _assign(): info: assigning task T39 to worker W3
1746760952.482209: 3265426-7f2451d9f700: cdpl_server_ipc.c:857: in _sv_on_finish(): info: worker W3 completed task T39
1746760952.482269: 3265426-7f245159e700: cdpl_server_sched.c:955: in _assign(): info: assigning task T40 to worker W3
1746760960.651323: 3265426-7f2451d9f700: cdpl_server_ipc.c:857: in _sv_on_finish(): info: worker W3 completed task T40
1746760960.651361: 3265426-7f245159e700: cdpl_server_sched.c:955: in _assign(): info: assigning task T41 to worker W3
1746760968.683799: 3265426-7f2451d9f700: cdpl_server_ipc.c:857: in _sv_on_finish(): info: worker W3 completed task T41
1746760968.683856: 3265426-7f245159e700: cdpl_server_sched.c:955: in _assign(): info: assigning task T42 to worker W3
1746760976.979431: 3265426-7f2451d9f700: cdpl_server_ipc.c:857: in _sv_on_finish(): info: worker W3 completed task T42
1746760976.979474: 3265426-7f245159e700: cdpl_server_sched.c:955: in _assign(): info: assigning task T43 to worker W3
1746760985.692964: 3265426-7f2451d9f700: cdpl_server_ipc.c:857: in _sv_on_finish(): info: worker W3 completed task T43
1746760985.693019: 3265426-7f245159e700: cdpl_server_sched.c:955: in _assign(): info: assigning task T33 to worker W3
1746760993.543881: 3265426-7f2451d9f700: cdpl_server_ipc.c:857: in _sv_on_finish(): info: worker W3 completed task T33
1746760993.543927: 3265426-7f245159e700: cdpl_server_sched.c:955: in _assign(): info: assigning task T34 to worker W3
1746761001.299104: 3265426-7f2451d9f700: cdpl_server_ipc.c:857: in _sv_on_finish(): info: worker W3 completed task T34
1746761001.299155: 3265426-7f245159e700: cdpl_server_sched.c:955: in _assign(): info: assigning task T35 to worker W3
1746761008.946021: 3265426-7f2451d9f700: cdpl_server_ipc.c:857: in _sv_on_finish(): info: worker W3 completed task T35
1746761008.946063: 3265426-7f245159e700: cdpl_server_sched.c:955: in _assign(): info: assigning task T44 to worker W3
1746761017.145560: 3265426-7f2451d9f700: cdpl_server_ipc.c:857: in _sv_on_finish(): info: worker W3 completed task T44
1746761017.145630: 3265426-7f245159e700: cdpl_server_sched.c:955: in _assign(): info: assigning task T45 to worker W3
1746761024.917724: 3265426-7f2451d9f700: cdpl_server_ipc.c:857: in _sv_on_finish(): info: worker W3 completed task T45
1746761184.739387: 3265426-7f246b4ef0c0: cdpl_compat_master.c:5152: in cdplMasterLogInfo(): info: [non-CDPL log entry] Ending current CDPL job
1746761184.739964: 3265426-7f246b4ef0c0: cdpl_server.c:2890: in cdpl_sv_halt_job_errno(): info: stopping job J1
1746761184.740110: 3265426-7f245159e700: cdpl_server_sched.c:2711: in _sv_drop_worker(): info: down to 0 alive workers in B1
1746761184.740158: 3265426-7f246b4ef0c0: cdpl_server.c:2875: in cdpl_sv_halt_job_errno(): info: killing job J1
1746761184.740167: 3265426-7f246b4ef0c0: cdpl_server.c:288: in _sv_free_job(): info: freeing job J1
1746761184.740412: 3265426-7f246b4ef0c0: cdpl_farm.c:2395: in cdpl_farm_free(): info: freeing farm
1746761184.740678: 3265426-7f246b4ef0c0: cdpl_server.c:3011: in cdpl_sv_free(): info: freeing server S1153392950
1746761184.740682: 3265426-7f246b4ef0c0: cdpl_server.c:2976: in cdpl_sv_kill_errno(): info: killing server
1746761184.740708: 3265426-7f246b4ef0c0: cdpl_server.c:328: in _sv_free_master(): info: freeing master M1
1746761184.740753: 3265426-7f246b4ef0c0: cdpl_log.c:371: in cdpl_log_close(): info: @@end_of_log@@
