1746984736.548253: 952132-7fd28eafa0c0: cdpl_log.c:228: in cdpl_log_open(): info: @@start_of_log@@
1746984736.548272: 952132-7fd28eafa0c0: cdpl_log.c:866: in cdpl_log_dump_sysinfo(): info: time: 2025/05/11 12:32:16 CDT -0500
1746984736.548276: 952132-7fd28eafa0c0: cdpl_log.c:868: in cdpl_log_dump_sysinfo(): info: version: T-2022.03 
1746984736.548278: 952132-7fd28eafa0c0: cdpl_log.c:870: in cdpl_log_dump_sysinfo(): info: system: Linux 4.18.0-553.46.1.el8_10.x86_64 #1 SMP Sat Mar 15 01:37:33 EDT 2025
1746984736.548280: 952132-7fd28eafa0c0: cdpl_log.c:875: in cdpl_log_dump_sysinfo(): info: processor: x86_64 64-bits
1746984736.548282: 952132-7fd28eafa0c0: cdpl_log.c:879: in cdpl_log_dump_sysinfo(): info: hostname: engnx05a.utdallas.edu
1746984736.548285: 952132-7fd28eafa0c0: cdpl_log.c:230: in cdpl_log_open(): debug: path: /home/010/e/eb/ebw220000/cad/EE4325_UART_Project/gf65/primelib_gf65/NAND3/runtime/cdpl/pid952132/master.engnx05a.utdallas.edu.952132.log
1746984736.548288: 952132-7fd28eafa0c0: cdpl_log.c:231: in cdpl_log_open(): debug: dir: /home/010/e/eb/ebw220000/cad/EE4325_UART_Project/gf65/primelib_gf65/NAND3/runtime/cdpl/pid952132
1746984736.548293: 952132-7fd28eafa0c0: cdpl_log.c:758: in cdpl_log_set_filter(): info: filter level 1
1746984736.548312: 952132-7fd28eafa0c0: cdpl_server.c:543: in cdpl_sv_init(): info: new server S1266501309
1746984736.548322: 952132-7fd28eafa0c0: cdpl_ipc.c:3030: in cdpl_ipc_init(): info: requesting IPv4 protocol
1746984736.548947: 952132-7fd28eafa0c0: cdpl_ipc.c:800: in _selectaddrfamily(): info: selected IPv4 protocol
1746984736.549407: 952132-7fd28eafa0c0: cdpl_server.c:657: in cdpl_sv_new_master(): info: new master M1
1746984736.549418: 952132-7fd28eafa0c0: cdpl_server.c:5494: in cdpl_sv_ctl_master(): info: Setting worker heartbeat to 60 seconds
1746984736.549420: 952132-7fd28eafa0c0: cdpl_server.c:5503: in cdpl_sv_ctl_master(): info: Setting worker heartbeat timeout to 3 heartbeats
1746984736.549424: 952132-7fd28eafa0c0: cdpl_compat_master.c:2407: in cdplInitMaster(): info: bcast dir is `/dev/null'
1746984736.549509: 952132-7fd28eafa0c0: cdpl_server.c:5394: in cdpl_sv_ctl_master(): info: farm worker timeout set to 36000
1746984736.549511: 952132-7fd28eafa0c0: cdpl_server.c:5410: in cdpl_sv_ctl_master(): info: grid worker timeout set to 36000
1746984736.549514: 952132-7fd28eafa0c0: cdpl_server.c:5438: in cdpl_sv_ctl_master(): info: farm submit command failure threshold set to 100
1746984736.549534: 952132-7fd28eafa0c0: cdpl_farm.c:2268: in cdpl_farm_new_sh(): info: creating SH farm on localhost
1746984736.549547: 952132-7fd28eafa0c0: cdpl_compat_master.c:207: in _set_farm_env(): info: exporting CDPL_LOGDIR as `/home/010/e/eb/ebw220000/cad/EE4325_UART_Project/gf65/primelib_gf65/NAND3/runtime/cdpl/pid952132'
1746984736.549550: 952132-7fd28eafa0c0: cdpl_compat_master.c:213: in _set_farm_env(): info: exporting CDPL_TMPDIR as `/var/tmp'
1746984736.549553: 952132-7fd28eafa0c0: cdpl_compat_master.c:220: in _set_farm_env(): info: exporting CDPL_HOME as `/proj/cad/synopsys/synopsys_2021/primelib/T-2022.03-SP1/cdpl_runtime_linux64'
1746984736.549556: 952132-7fd28eafa0c0: cdpl_compat_master.c:227: in _set_farm_env(): info: exporting SNPSLMD_LICENSE_FILE as `1700@engdmv.utdallas.edu'
1746984736.549559: 952132-7fd28eafa0c0: cdpl_compat_master.c:247: in _set_farm_env(): info: exporting CDPL_OPTIONS as `[filter][nowlogs]'
1746984736.549562: 952132-7fd28eafa0c0: cdpl_compat_master.c:254: in _set_farm_env(): info: exporting DISPLAY as `:1052'
1746984736.549564: 952132-7fd28eafa0c0: cdpl_compat_master.c:262: in _set_farm_env(): info: exporting CDPL_HEARTBEAT as `60'
1746984736.549568: 952132-7fd28eafa0c0: cdpl_compat_master.c:348: in _set_farm_env(): info: exporting SIS_MALIBU as `2'
1746984736.549570: 952132-7fd28eafa0c0: cdpl_compat_master.c:348: in _set_farm_env(): info: exporting SIS_CDPL as `5'
1746984736.620644: 952132-7fd28eafa0c0: cdpl_server.c:738: in cdpl_sv_new_job(): info: new job J1 in M1
1746984736.620659: 952132-7fd28eafa0c0: cdpl_compat_master.c:1314: in _add_worker(): info: new worker type 100, min:1, max:1, cmd:`/home/010/e/eb/ebw220000/cad/EE4325_UART_Project/gf65/primelib_gf65/NAND3/runtime/cdpl/pid952132/run_952132.sh'
1746984736.620671: 952132-7fd28eafa0c0: cdpl_server.c:900: in cdpl_sv_new_bin_withfarm(): info: new bin B1 in J1
1746984736.626825: 952132-7fd28eafa0c0: cdpl_server.c:3116: in cdpl_sv_start_job(): info: starting job J1
1746984736.638014: 952132-7fd28eafa0c0: cdpl_server.c:1824: in _sv_gen_task(): info: new task T0 in B1 (prio 2)
1746984736.638023: 952132-7fd28eafa0c0: cdpl_server.c:2558: in cdpl_sv_label_task_va(): info: setting task T0 label to "delay__B__lh__OUT__hl__ACQ_1 of NAND3"
1746984736.638075: 952132-7fd28eafa0c0: cdpl_server.c:1824: in _sv_gen_task(): info: new task T1 in B1 (prio 2)
1746984736.638188: 952132-7fd274ba9700: cdpl_server_sched.c:700: in _sv_launch_worker(): info: started worker W1 (as C1) in bin B1
1746984736.638206: 952132-7fd28eafa0c0: cdpl_server.c:2558: in cdpl_sv_label_task_va(): info: setting task T1 label to "delay__B__hl__OUT__lh__ACQ_1 of NAND3"
1746984736.638224: 952132-7fd2743a8700: cdpl_farm.c:1899: in _schedule(): info: worker submit failure threshold set to 100
1746984736.638245: 952132-7fd2743a8700: cdpl_sh.c:49: in _sh_detached_submit(): info: SH : /home/010/e/eb/ebw220000/cad/EE4325_UART_Project/gf65/primelib_gf65/NAND3/runtime/cdpl/pid952132/run_952132.sh
1746984736.645453: 952132-7fd28eafa0c0: cdpl_server.c:1824: in _sv_gen_task(): info: new task T2 in B1 (prio 3)
1746984736.645476: 952132-7fd28eafa0c0: cdpl_server.c:2558: in cdpl_sv_label_task_va(): info: setting task T2 label to "leakage_power__ACQ_1 of NAND3"
1746984736.645710: 952132-7fd28eafa0c0: cdpl_server.c:1824: in _sv_gen_task(): info: new task T3 in B1 (prio 2)
1746984736.645715: 952132-7fd28eafa0c0: cdpl_server.c:2558: in cdpl_sv_label_task_va(): info: setting task T3 label to "delay__C__lh__OUT__hl__ACQ_1 of NAND3"
1746984736.645766: 952132-7fd28eafa0c0: cdpl_server.c:1824: in _sv_gen_task(): info: new task T4 in B1 (prio 2)
1746984736.645770: 952132-7fd28eafa0c0: cdpl_server.c:2558: in cdpl_sv_label_task_va(): info: setting task T4 label to "delay__C__hl__OUT__lh__ACQ_1 of NAND3"
1746984736.645804: 952132-7fd28eafa0c0: cdpl_server.c:1824: in _sv_gen_task(): info: new task T5 in B1 (prio 5)
1746984736.645807: 952132-7fd28eafa0c0: cdpl_server.c:2558: in cdpl_sv_label_task_va(): info: setting task T5 label to "Cin__VSS__lh__ACQ_1 of NAND3"
1746984736.645843: 952132-7fd28eafa0c0: cdpl_server.c:1824: in _sv_gen_task(): info: new task T6 in B1 (prio 5)
1746984736.645846: 952132-7fd28eafa0c0: cdpl_server.c:2558: in cdpl_sv_label_task_va(): info: setting task T6 label to "Cin__VSS__hl__ACQ_1 of NAND3"
1746984736.645879: 952132-7fd28eafa0c0: cdpl_server.c:1824: in _sv_gen_task(): info: new task T7 in B1 (prio 2)
1746984736.645882: 952132-7fd28eafa0c0: cdpl_server.c:2558: in cdpl_sv_label_task_va(): info: setting task T7 label to "delay__A__lh__OUT__hl__ACQ_1 of NAND3"
1746984736.645914: 952132-7fd28eafa0c0: cdpl_server.c:1824: in _sv_gen_task(): info: new task T8 in B1 (prio 2)
1746984736.645917: 952132-7fd28eafa0c0: cdpl_server.c:2558: in cdpl_sv_label_task_va(): info: setting task T8 label to "delay__A__hl__OUT__lh__ACQ_1 of NAND3"
1746984736.645938: 952132-7fd28eafa0c0: cdpl_server.c:1824: in _sv_gen_task(): info: new task T9 in B1 (prio 5)
1746984736.645941: 952132-7fd28eafa0c0: cdpl_server.c:2558: in cdpl_sv_label_task_va(): info: setting task T9 label to "Cin__VDD__lh__ACQ_1 of NAND3"
1746984736.645961: 952132-7fd28eafa0c0: cdpl_server.c:1824: in _sv_gen_task(): info: new task T10 in B1 (prio 5)
1746984736.645964: 952132-7fd28eafa0c0: cdpl_server.c:2558: in cdpl_sv_label_task_va(): info: setting task T10 label to "Cin__VDD__hl__ACQ_1 of NAND3"
1746984737.422199: 952132-7fd2753aa700: cdpl_server_ipc.c:452: in _sv_on_hello(): info: W1 is `10.182.66.70:42356'
1746984737.422228: 952132-7fd2753aa700: cdpl_server_ipc.c:454: in _sv_on_hello(): info: W1 log file is /dev/null
1746984737.422244: 952132-7fd2753aa700: cdpl_server_ipc.c:481: in _sv_on_hello(): info: up to 1 alive workers in B1
1746984737.422323: 952132-7fd274ba9700: cdpl_server_sched.c:955: in _assign(): info: assigning task T0 to worker W1
1746984745.544695: 952132-7fd2753aa700: cdpl_server_ipc.c:857: in _sv_on_finish(): info: worker W1 completed task T0
1746984745.544742: 952132-7fd274ba9700: cdpl_server_sched.c:955: in _assign(): info: assigning task T1 to worker W1
1746984753.392383: 952132-7fd2753aa700: cdpl_server_ipc.c:857: in _sv_on_finish(): info: worker W1 completed task T1
1746984753.392434: 952132-7fd274ba9700: cdpl_server_sched.c:955: in _assign(): info: assigning task T3 to worker W1
1746984761.004306: 952132-7fd2753aa700: cdpl_server_ipc.c:857: in _sv_on_finish(): info: worker W1 completed task T3
1746984761.004347: 952132-7fd274ba9700: cdpl_server_sched.c:955: in _assign(): info: assigning task T4 to worker W1
1746984768.668100: 952132-7fd2753aa700: cdpl_server_ipc.c:857: in _sv_on_finish(): info: worker W1 completed task T4
1746984768.668151: 952132-7fd274ba9700: cdpl_server_sched.c:955: in _assign(): info: assigning task T7 to worker W1
1746984776.187335: 952132-7fd2753aa700: cdpl_server_ipc.c:857: in _sv_on_finish(): info: worker W1 completed task T7
1746984776.187383: 952132-7fd274ba9700: cdpl_server_sched.c:955: in _assign(): info: assigning task T8 to worker W1
1746984783.807368: 952132-7fd2753aa700: cdpl_server_ipc.c:857: in _sv_on_finish(): info: worker W1 completed task T8
1746984783.807413: 952132-7fd274ba9700: cdpl_server_sched.c:955: in _assign(): info: assigning task T2 to worker W1
1746984791.299138: 952132-7fd2753aa700: cdpl_server_ipc.c:857: in _sv_on_finish(): info: worker W1 completed task T2
1746984791.299181: 952132-7fd274ba9700: cdpl_server_sched.c:955: in _assign(): info: assigning task T5 to worker W1
1746984798.857292: 952132-7fd2753aa700: cdpl_server_ipc.c:857: in _sv_on_finish(): info: worker W1 completed task T5
1746984798.857332: 952132-7fd274ba9700: cdpl_server_sched.c:955: in _assign(): info: assigning task T6 to worker W1
1746984806.257051: 952132-7fd2753aa700: cdpl_server_ipc.c:857: in _sv_on_finish(): info: worker W1 completed task T6
1746984806.257091: 952132-7fd274ba9700: cdpl_server_sched.c:955: in _assign(): info: assigning task T9 to worker W1
1746984813.704544: 952132-7fd2753aa700: cdpl_server_ipc.c:857: in _sv_on_finish(): info: worker W1 completed task T9
1746984813.704613: 952132-7fd274ba9700: cdpl_server_sched.c:955: in _assign(): info: assigning task T10 to worker W1
1746984821.122099: 952132-7fd2753aa700: cdpl_server_ipc.c:857: in _sv_on_finish(): info: worker W1 completed task T10
1746984930.243470: 952132-7fd28eafa0c0: cdpl_server.c:1824: in _sv_gen_task(): info: new task T11 in B1 (prio 2)
1746984930.244024: 952132-7fd28eafa0c0: cdpl_server.c:2558: in cdpl_sv_label_task_va(): info: setting task T11 label to "delay__B__lh__OUT__hl__ACQ_1 of NOR2"
1746984930.244071: 952132-7fd28eafa0c0: cdpl_server.c:1824: in _sv_gen_task(): info: new task T12 in B1 (prio 2)
1746984930.244077: 952132-7fd274ba9700: cdpl_server_sched.c:955: in _assign(): info: assigning task T11 to worker W1
1746984930.244135: 952132-7fd28eafa0c0: cdpl_server.c:2558: in cdpl_sv_label_task_va(): info: setting task T12 label to "delay__B__hl__OUT__lh__ACQ_1 of NOR2"
1746984930.244167: 952132-7fd28eafa0c0: cdpl_server.c:1824: in _sv_gen_task(): info: new task T13 in B1 (prio 3)
1746984930.244170: 952132-7fd28eafa0c0: cdpl_server.c:2558: in cdpl_sv_label_task_va(): info: setting task T13 label to "leakage_power__ACQ_1 of NOR2"
1746984930.244195: 952132-7fd28eafa0c0: cdpl_server.c:1824: in _sv_gen_task(): info: new task T14 in B1 (prio 5)
1746984930.244198: 952132-7fd28eafa0c0: cdpl_server.c:2558: in cdpl_sv_label_task_va(): info: setting task T14 label to "Cin__VSS__lh__ACQ_1 of NOR2"
1746984930.244219: 952132-7fd28eafa0c0: cdpl_server.c:1824: in _sv_gen_task(): info: new task T15 in B1 (prio 5)
1746984930.244222: 952132-7fd28eafa0c0: cdpl_server.c:2558: in cdpl_sv_label_task_va(): info: setting task T15 label to "Cin__VSS__hl__ACQ_1 of NOR2"
1746984930.244247: 952132-7fd28eafa0c0: cdpl_server.c:1824: in _sv_gen_task(): info: new task T16 in B1 (prio 2)
1746984930.244254: 952132-7fd28eafa0c0: cdpl_server.c:2558: in cdpl_sv_label_task_va(): info: setting task T16 label to "delay__A__lh__OUT__hl__ACQ_1 of NOR2"
1746984930.244279: 952132-7fd28eafa0c0: cdpl_server.c:1824: in _sv_gen_task(): info: new task T17 in B1 (prio 2)
1746984930.244282: 952132-7fd28eafa0c0: cdpl_server.c:2558: in cdpl_sv_label_task_va(): info: setting task T17 label to "delay__A__hl__OUT__lh__ACQ_1 of NOR2"
1746984930.244301: 952132-7fd28eafa0c0: cdpl_server.c:1824: in _sv_gen_task(): info: new task T18 in B1 (prio 5)
1746984930.244304: 952132-7fd28eafa0c0: cdpl_server.c:2558: in cdpl_sv_label_task_va(): info: setting task T18 label to "Cin__VDD__lh__ACQ_1 of NOR2"
1746984930.244322: 952132-7fd28eafa0c0: cdpl_server.c:1824: in _sv_gen_task(): info: new task T19 in B1 (prio 5)
1746984930.244324: 952132-7fd28eafa0c0: cdpl_server.c:2558: in cdpl_sv_label_task_va(): info: setting task T19 label to "Cin__VDD__hl__ACQ_1 of NOR2"
1746984937.970736: 952132-7fd2753aa700: cdpl_server_ipc.c:857: in _sv_on_finish(): info: worker W1 completed task T11
1746984937.970765: 952132-7fd274ba9700: cdpl_server_sched.c:955: in _assign(): info: assigning task T12 to worker W1
1746984945.440730: 952132-7fd2753aa700: cdpl_server_ipc.c:857: in _sv_on_finish(): info: worker W1 completed task T12
1746984945.440768: 952132-7fd274ba9700: cdpl_server_sched.c:955: in _assign(): info: assigning task T16 to worker W1
1746984953.159138: 952132-7fd2753aa700: cdpl_server_ipc.c:857: in _sv_on_finish(): info: worker W1 completed task T16
1746984953.159172: 952132-7fd274ba9700: cdpl_server_sched.c:955: in _assign(): info: assigning task T17 to worker W1
1746984960.751068: 952132-7fd2753aa700: cdpl_server_ipc.c:857: in _sv_on_finish(): info: worker W1 completed task T17
1746984960.751108: 952132-7fd274ba9700: cdpl_server_sched.c:955: in _assign(): info: assigning task T13 to worker W1
1746985034.591882: 952132-7fd2753aa700: cdpl_server_ipc.c:857: in _sv_on_finish(): info: worker W1 completed task T13
1746985034.592595: 952132-7fd274ba9700: cdpl_server_sched.c:955: in _assign(): info: assigning task T14 to worker W1
1746985042.149628: 952132-7fd2753aa700: cdpl_server_ipc.c:857: in _sv_on_finish(): info: worker W1 completed task T14
1746985042.149671: 952132-7fd274ba9700: cdpl_server_sched.c:955: in _assign(): info: assigning task T15 to worker W1
1746985049.703249: 952132-7fd2753aa700: cdpl_server_ipc.c:857: in _sv_on_finish(): info: worker W1 completed task T15
1746985049.703297: 952132-7fd274ba9700: cdpl_server_sched.c:955: in _assign(): info: assigning task T18 to worker W1
1746985057.268718: 952132-7fd2753aa700: cdpl_server_ipc.c:857: in _sv_on_finish(): info: worker W1 completed task T18
1746985057.268758: 952132-7fd274ba9700: cdpl_server_sched.c:955: in _assign(): info: assigning task T19 to worker W1
1746985064.619410: 952132-7fd2753aa700: cdpl_server_ipc.c:857: in _sv_on_finish(): info: worker W1 completed task T19
1746985273.231146: 952132-7fd28eafa0c0: cdpl_compat_master.c:5152: in cdplMasterLogInfo(): info: [non-CDPL log entry] Ending current CDPL job
1746985273.231842: 952132-7fd28eafa0c0: cdpl_server.c:2890: in cdpl_sv_halt_job_errno(): info: stopping job J1
1746985273.232011: 952132-7fd274ba9700: cdpl_server_sched.c:2711: in _sv_drop_worker(): info: down to 0 alive workers in B1
1746985273.232061: 952132-7fd28eafa0c0: cdpl_server.c:2875: in cdpl_sv_halt_job_errno(): info: killing job J1
1746985273.232083: 952132-7fd28eafa0c0: cdpl_server.c:288: in _sv_free_job(): info: freeing job J1
1746985273.232123: 952132-7fd28eafa0c0: cdpl_farm.c:2395: in cdpl_farm_free(): info: freeing farm
1746985273.232658: 952132-7fd28eafa0c0: cdpl_server.c:3011: in cdpl_sv_free(): info: freeing server S1266501309
1746985273.232661: 952132-7fd28eafa0c0: cdpl_server.c:2976: in cdpl_sv_kill_errno(): info: killing server
1746985273.232699: 952132-7fd28eafa0c0: cdpl_server.c:328: in _sv_free_master(): info: freeing master M1
1746985273.232754: 952132-7fd28eafa0c0: cdpl_log.c:371: in cdpl_log_close(): info: @@end_of_log@@
