1746735348.256421: 2728338-7f08aa14c0c0: cdpl_log.c:228: in cdpl_log_open(): info: @@start_of_log@@
1746735348.256438: 2728338-7f08aa14c0c0: cdpl_log.c:866: in cdpl_log_dump_sysinfo(): info: time: 2025/05/08 15:15:48 CDT -0500
1746735348.256442: 2728338-7f08aa14c0c0: cdpl_log.c:868: in cdpl_log_dump_sysinfo(): info: version: T-2022.03 
1746735348.256444: 2728338-7f08aa14c0c0: cdpl_log.c:870: in cdpl_log_dump_sysinfo(): info: system: Linux 4.18.0-553.46.1.el8_10.x86_64 #1 SMP Sat Mar 15 01:37:33 EDT 2025
1746735348.256447: 2728338-7f08aa14c0c0: cdpl_log.c:875: in cdpl_log_dump_sysinfo(): info: processor: x86_64 64-bits
1746735348.256449: 2728338-7f08aa14c0c0: cdpl_log.c:879: in cdpl_log_dump_sysinfo(): info: hostname: engnx05a.utdallas.edu
1746735348.256452: 2728338-7f08aa14c0c0: cdpl_log.c:230: in cdpl_log_open(): debug: path: /home/010/e/eb/ebw220000/cad/EE4325_UART_Project/gf65/primelib_gf65/DFF2/runtime/cdpl/pid2728338/master.engnx05a.utdallas.edu.2728338.log
1746735348.256455: 2728338-7f08aa14c0c0: cdpl_log.c:231: in cdpl_log_open(): debug: dir: /home/010/e/eb/ebw220000/cad/EE4325_UART_Project/gf65/primelib_gf65/DFF2/runtime/cdpl/pid2728338
1746735348.256459: 2728338-7f08aa14c0c0: cdpl_log.c:758: in cdpl_log_set_filter(): info: filter level 1
1746735348.256480: 2728338-7f08aa14c0c0: cdpl_server.c:543: in cdpl_sv_init(): info: new server S1395401489
1746735348.256490: 2728338-7f08aa14c0c0: cdpl_ipc.c:3030: in cdpl_ipc_init(): info: requesting IPv4 protocol
1746735348.257171: 2728338-7f08aa14c0c0: cdpl_ipc.c:800: in _selectaddrfamily(): info: selected IPv4 protocol
1746735348.257578: 2728338-7f08aa14c0c0: cdpl_server.c:657: in cdpl_sv_new_master(): info: new master M1
1746735348.257602: 2728338-7f08aa14c0c0: cdpl_server.c:5494: in cdpl_sv_ctl_master(): info: Setting worker heartbeat to 60 seconds
1746735348.257605: 2728338-7f08aa14c0c0: cdpl_server.c:5503: in cdpl_sv_ctl_master(): info: Setting worker heartbeat timeout to 3 heartbeats
1746735348.257610: 2728338-7f08aa14c0c0: cdpl_compat_master.c:2407: in cdplInitMaster(): info: bcast dir is `/dev/null'
1746735348.257659: 2728338-7f08aa14c0c0: cdpl_server.c:5394: in cdpl_sv_ctl_master(): info: farm worker timeout set to 36000
1746735348.257662: 2728338-7f08aa14c0c0: cdpl_server.c:5410: in cdpl_sv_ctl_master(): info: grid worker timeout set to 36000
1746735348.257665: 2728338-7f08aa14c0c0: cdpl_server.c:5438: in cdpl_sv_ctl_master(): info: farm submit command failure threshold set to 100
1746735348.257681: 2728338-7f08aa14c0c0: cdpl_farm.c:2268: in cdpl_farm_new_sh(): info: creating SH farm on localhost
1746735348.257695: 2728338-7f08aa14c0c0: cdpl_compat_master.c:207: in _set_farm_env(): info: exporting CDPL_LOGDIR as `/home/010/e/eb/ebw220000/cad/EE4325_UART_Project/gf65/primelib_gf65/DFF2/runtime/cdpl/pid2728338'
1746735348.257698: 2728338-7f08aa14c0c0: cdpl_compat_master.c:213: in _set_farm_env(): info: exporting CDPL_TMPDIR as `/var/tmp'
1746735348.257701: 2728338-7f08aa14c0c0: cdpl_compat_master.c:220: in _set_farm_env(): info: exporting CDPL_HOME as `/proj/cad/synopsys/synopsys_2021/primelib/T-2022.03-SP1/cdpl_runtime_linux64'
1746735348.257704: 2728338-7f08aa14c0c0: cdpl_compat_master.c:227: in _set_farm_env(): info: exporting SNPSLMD_LICENSE_FILE as `1700@engdmv.utdallas.edu'
1746735348.257707: 2728338-7f08aa14c0c0: cdpl_compat_master.c:247: in _set_farm_env(): info: exporting CDPL_OPTIONS as `[filter][nowlogs]'
1746735348.257710: 2728338-7f08aa14c0c0: cdpl_compat_master.c:254: in _set_farm_env(): info: exporting DISPLAY as `:1052'
1746735348.257712: 2728338-7f08aa14c0c0: cdpl_compat_master.c:262: in _set_farm_env(): info: exporting CDPL_HEARTBEAT as `60'
1746735348.257716: 2728338-7f08aa14c0c0: cdpl_compat_master.c:348: in _set_farm_env(): info: exporting SIS_MALIBU as `2'
1746735348.257718: 2728338-7f08aa14c0c0: cdpl_compat_master.c:348: in _set_farm_env(): info: exporting SIS_CDPL as `5'
1746735348.324339: 2728338-7f08aa14c0c0: cdpl_server.c:738: in cdpl_sv_new_job(): info: new job J1 in M1
1746735348.324354: 2728338-7f08aa14c0c0: cdpl_compat_master.c:1314: in _add_worker(): info: new worker type 100, min:1, max:1, cmd:`/home/010/e/eb/ebw220000/cad/EE4325_UART_Project/gf65/primelib_gf65/DFF2/runtime/cdpl/pid2728338/run_2728338.sh'
1746735348.324365: 2728338-7f08aa14c0c0: cdpl_server.c:900: in cdpl_sv_new_bin_withfarm(): info: new bin B1 in J1
1746735348.338454: 2728338-7f08aa14c0c0: cdpl_server.c:3116: in cdpl_sv_start_job(): info: starting job J1
1746735348.349398: 2728338-7f08aa14c0c0: cdpl_server.c:1824: in _sv_gen_task(): info: new task T0 in B1 (prio -1)
1746735348.349406: 2728338-7f08aa14c0c0: cdpl_server.c:2558: in cdpl_sv_label_task_va(): info: setting task T0 label to "initialization__ACQ_6 of DFF2"
1746735348.349467: 2728338-7f08aa14c0c0: cdpl_server.c:1824: in _sv_gen_task(): info: new task T1 in B1 (prio -1)
1746735348.349471: 2728338-7f08aa14c0c0: cdpl_server.c:2558: in cdpl_sv_label_task_va(): info: setting task T1 label to "setup_hbm__D__lh__CLK__lh__ACQ_1 of DFF2"
1746735348.349502: 2728338-7f08aa14c0c0: cdpl_server.c:1824: in _sv_gen_task(): info: new task T2 in B1 (prio -1)
1746735348.349506: 2728338-7f08aa14c0c0: cdpl_server.c:2558: in cdpl_sv_label_task_va(): info: setting task T2 label to "initialization__ACQ_5 of DFF2"
1746735348.349526: 2728338-7f08aa14c0c0: cdpl_server.c:1824: in _sv_gen_task(): info: new task T3 in B1 (prio -1)
1746735348.349529: 2728338-7f08aa14c0c0: cdpl_server.c:2558: in cdpl_sv_label_task_va(): info: setting task T3 label to "setup_hbm__D__hl__CLK__lh__ACQ_1 of DFF2"
1746735348.349692: 2728338-7f08901fb700: cdpl_server_sched.c:700: in _sv_launch_worker(): info: started worker W1 (as C1) in bin B1
1746735348.349718: 2728338-7f088f9fa700: cdpl_farm.c:1899: in _schedule(): info: worker submit failure threshold set to 100
1746735348.349745: 2728338-7f08aa14c0c0: cdpl_server.c:1824: in _sv_gen_task(): info: new task T4 in B1 (prio -1)
1746735348.349752: 2728338-7f08aa14c0c0: cdpl_server.c:2558: in cdpl_sv_label_task_va(): info: setting task T4 label to "initialization__ACQ_3 of DFF2"
1746735348.349758: 2728338-7f088f9fa700: cdpl_sh.c:49: in _sh_detached_submit(): info: SH : /home/010/e/eb/ebw220000/cad/EE4325_UART_Project/gf65/primelib_gf65/DFF2/runtime/cdpl/pid2728338/run_2728338.sh
1746735348.349775: 2728338-7f08aa14c0c0: cdpl_server.c:1824: in _sv_gen_task(): info: new task T5 in B1 (prio 3)
1746735348.349780: 2728338-7f08aa14c0c0: cdpl_server.c:2558: in cdpl_sv_label_task_va(): info: setting task T5 label to "leakage_power__ACQ_1 of DFF2"
1746735348.360219: 2728338-7f08aa14c0c0: cdpl_server.c:1824: in _sv_gen_task(): info: new task T6 in B1 (prio 5)
1746735348.360238: 2728338-7f08aa14c0c0: cdpl_server.c:2558: in cdpl_sv_label_task_va(): info: setting task T6 label to "Cin__D__hl__ACQ_1 of DFF2"
1746735348.360271: 2728338-7f08aa14c0c0: cdpl_server.c:1824: in _sv_gen_task(): info: new task T7 in B1 (prio 5)
1746735348.360275: 2728338-7f08aa14c0c0: cdpl_server.c:2558: in cdpl_sv_label_task_va(): info: setting task T7 label to "Cin__D__lh__ACQ_1 of DFF2"
1746735348.360306: 2728338-7f08aa14c0c0: cdpl_server.c:1824: in _sv_gen_task(): info: new task T8 in B1 (prio 5)
1746735348.360309: 2728338-7f08aa14c0c0: cdpl_server.c:2558: in cdpl_sv_label_task_va(): info: setting task T8 label to "Cin__VSS__hl__ACQ_1 of DFF2"
1746735348.360331: 2728338-7f08aa14c0c0: cdpl_server.c:1824: in _sv_gen_task(): info: new task T9 in B1 (prio 5)
1746735348.360334: 2728338-7f08aa14c0c0: cdpl_server.c:2558: in cdpl_sv_label_task_va(): info: setting task T9 label to "Cin__VSS__lh__ACQ_1 of DFF2"
1746735348.360380: 2728338-7f08aa14c0c0: cdpl_server.c:1824: in _sv_gen_task(): info: new task T10 in B1 (prio -1)
1746735348.360384: 2728338-7f08aa14c0c0: cdpl_server.c:2558: in cdpl_sv_label_task_va(): info: setting task T10 label to "initialization__ACQ_4 of DFF2"
1746735348.360431: 2728338-7f08aa14c0c0: cdpl_server.c:1824: in _sv_gen_task(): info: new task T11 in B1 (prio -1)
1746735348.360435: 2728338-7f08aa14c0c0: cdpl_server.c:2558: in cdpl_sv_label_task_va(): info: setting task T11 label to "ncmpw_hbm__CLK__hl__CLK__lh__ACQ_1 of DFF2"
1746735348.360476: 2728338-7f08aa14c0c0: cdpl_server.c:1824: in _sv_gen_task(): info: new task T12 in B1 (prio -1)
1746735348.360484: 2728338-7f08aa14c0c0: cdpl_server.c:2558: in cdpl_sv_label_task_va(): info: setting task T12 label to "removal_hbm__R__hl__CLK__lh__ACQ_1 of DFF2"
1746735348.360526: 2728338-7f08aa14c0c0: cdpl_server.c:1824: in _sv_gen_task(): info: new task T13 in B1 (prio -1)
1746735348.360530: 2728338-7f08aa14c0c0: cdpl_server.c:2558: in cdpl_sv_label_task_va(): info: setting task T13 label to "recover_hbm__R__hl__CLK__lh__ACQ_1 of DFF2"
1746735348.360578: 2728338-7f08aa14c0c0: cdpl_server.c:1824: in _sv_gen_task(): info: new task T14 in B1 (prio -1)
1746735348.360582: 2728338-7f08aa14c0c0: cdpl_server.c:2558: in cdpl_sv_label_task_va(): info: setting task T14 label to "initialization__ACQ_1 of DFF2"
1746735348.360639: 2728338-7f08aa14c0c0: cdpl_server.c:1824: in _sv_gen_task(): info: new task T15 in B1 (prio -1)
1746735348.360642: 2728338-7f08aa14c0c0: cdpl_server.c:2558: in cdpl_sv_label_task_va(): info: setting task T15 label to "initialization__ACQ_2 of DFF2"
1746735348.360693: 2728338-7f08aa14c0c0: cdpl_server.c:1824: in _sv_gen_task(): info: new task T16 in B1 (prio -1)
1746735348.360696: 2728338-7f08aa14c0c0: cdpl_server.c:2558: in cdpl_sv_label_task_va(): info: setting task T16 label to "cmpw_hbm__CLK__lh__CLK__hl__ACQ_1 of DFF2"
1746735348.360731: 2728338-7f08aa14c0c0: cdpl_server.c:1824: in _sv_gen_task(): info: new task T17 in B1 (prio -1)
1746735348.360734: 2728338-7f08aa14c0c0: cdpl_server.c:2558: in cdpl_sv_label_task_va(): info: setting task T17 label to "cmpw_hbm__R__lh__R__hl__ACQ_1 of DFF2"
1746735348.360765: 2728338-7f08aa14c0c0: cdpl_server.c:1824: in _sv_gen_task(): info: new task T18 in B1 (prio 2)
1746735348.360768: 2728338-7f08aa14c0c0: cdpl_server.c:2558: in cdpl_sv_label_task_va(): info: setting task T18 label to "delay__CLK__lh__Q__hl__ACQ_1 of DFF2"
1746735348.360803: 2728338-7f08aa14c0c0: cdpl_server.c:1824: in _sv_gen_task(): info: new task T19 in B1 (prio 2)
1746735348.360806: 2728338-7f08aa14c0c0: cdpl_server.c:2558: in cdpl_sv_label_task_va(): info: setting task T19 label to "delay__CLK__lh__Q__lh__ACQ_1 of DFF2"
1746735348.360869: 2728338-7f08aa14c0c0: cdpl_server.c:1824: in _sv_gen_task(): info: new task T20 in B1 (prio -1)
1746735348.360874: 2728338-7f08aa14c0c0: cdpl_server.c:2558: in cdpl_sv_label_task_va(): info: setting task T20 label to "hold_hbm__D__lh__CLK__lh__ACQ_1 of DFF2"
1746735348.360909: 2728338-7f08aa14c0c0: cdpl_server.c:1824: in _sv_gen_task(): info: new task T21 in B1 (prio -1)
1746735348.360912: 2728338-7f08aa14c0c0: cdpl_server.c:2558: in cdpl_sv_label_task_va(): info: setting task T21 label to "hold_hbm__D__hl__CLK__lh__ACQ_1 of DFF2"
1746735348.360936: 2728338-7f08aa14c0c0: cdpl_server.c:1824: in _sv_gen_task(): info: new task T22 in B1 (prio 5)
1746735348.360939: 2728338-7f08aa14c0c0: cdpl_server.c:2558: in cdpl_sv_label_task_va(): info: setting task T22 label to "Cin__CLK__hl__ACQ_1 of DFF2"
1746735348.360966: 2728338-7f08aa14c0c0: cdpl_server.c:1824: in _sv_gen_task(): info: new task T23 in B1 (prio 5)
1746735348.360969: 2728338-7f08aa14c0c0: cdpl_server.c:2558: in cdpl_sv_label_task_va(): info: setting task T23 label to "Cin__VDD__hl__ACQ_1 of DFF2"
1746735348.360992: 2728338-7f08aa14c0c0: cdpl_server.c:1824: in _sv_gen_task(): info: new task T24 in B1 (prio 5)
1746735348.360995: 2728338-7f08aa14c0c0: cdpl_server.c:2558: in cdpl_sv_label_task_va(): info: setting task T24 label to "Cin__VDD__lh__ACQ_1 of DFF2"
1746735348.361041: 2728338-7f08aa14c0c0: cdpl_server.c:1824: in _sv_gen_task(): info: new task T25 in B1 (prio 2)
1746735348.361045: 2728338-7f08aa14c0c0: cdpl_server.c:2558: in cdpl_sv_label_task_va(): info: setting task T25 label to "delay__R__lh__Q__hl__ACQ_1 of DFF2"
1746735348.361065: 2728338-7f08aa14c0c0: cdpl_server.c:1824: in _sv_gen_task(): info: new task T26 in B1 (prio 5)
1746735348.361068: 2728338-7f08aa14c0c0: cdpl_server.c:2558: in cdpl_sv_label_task_va(): info: setting task T26 label to "Cin__R__hl__ACQ_1 of DFF2"
1746735349.131666: 2728338-7f08909fc700: cdpl_server_ipc.c:452: in _sv_on_hello(): info: W1 is `10.182.66.70:51508'
1746735349.131700: 2728338-7f08909fc700: cdpl_server_ipc.c:454: in _sv_on_hello(): info: W1 log file is /dev/null
1746735349.131716: 2728338-7f08909fc700: cdpl_server_ipc.c:481: in _sv_on_hello(): info: up to 1 alive workers in B1
1746735349.131805: 2728338-7f08901fb700: cdpl_server_sched.c:955: in _assign(): info: assigning task T0 to worker W1
1746735357.450646: 2728338-7f08909fc700: cdpl_server_ipc.c:857: in _sv_on_finish(): info: worker W1 completed task T0
1746735357.450691: 2728338-7f08901fb700: cdpl_server_sched.c:955: in _assign(): info: assigning task T2 to worker W1
1746735365.445812: 2728338-7f08909fc700: cdpl_server_ipc.c:857: in _sv_on_finish(): info: worker W1 completed task T2
1746735365.446467: 2728338-7f08901fb700: cdpl_server_sched.c:955: in _assign(): info: assigning task T4 to worker W1
1746735373.150472: 2728338-7f08909fc700: cdpl_server_ipc.c:857: in _sv_on_finish(): info: worker W1 completed task T4
1746735373.150525: 2728338-7f08901fb700: cdpl_server_sched.c:955: in _assign(): info: assigning task T10 to worker W1
1746735380.790976: 2728338-7f08909fc700: cdpl_server_ipc.c:857: in _sv_on_finish(): info: worker W1 completed task T10
1746735380.791026: 2728338-7f08901fb700: cdpl_server_sched.c:955: in _assign(): info: assigning task T12 to worker W1
1746735401.195783: 2728338-7f08909fc700: cdpl_server_ipc.c:857: in _sv_on_finish(): info: worker W1 completed task T12
1746735401.196375: 2728338-7f08901fb700: cdpl_server_sched.c:955: in _assign(): info: assigning task T13 to worker W1
1746735419.521078: 2728338-7f08909fc700: cdpl_server_ipc.c:857: in _sv_on_finish(): info: worker W1 completed task T13
1746735419.521129: 2728338-7f08901fb700: cdpl_server_sched.c:955: in _assign(): info: assigning task T14 to worker W1
1746735427.397070: 2728338-7f08909fc700: cdpl_server_ipc.c:857: in _sv_on_finish(): info: worker W1 completed task T14
1746735427.397111: 2728338-7f08901fb700: cdpl_server_sched.c:955: in _assign(): info: assigning task T15 to worker W1
1746735435.471772: 2728338-7f08909fc700: cdpl_server_ipc.c:857: in _sv_on_finish(): info: worker W1 completed task T15
1746735435.472349: 2728338-7f08901fb700: cdpl_server_sched.c:955: in _assign(): info: assigning task T1 to worker W1
1746735459.324139: 2728338-7f08909fc700: cdpl_server_ipc.c:857: in _sv_on_finish(): info: worker W1 completed task T1
1746735459.324177: 2728338-7f08901fb700: cdpl_server_sched.c:955: in _assign(): info: assigning task T3 to worker W1
1746735479.565845: 2728338-7f08909fc700: cdpl_server_ipc.c:857: in _sv_on_finish(): info: worker W1 completed task T3
1746735479.565891: 2728338-7f08901fb700: cdpl_server_sched.c:955: in _assign(): info: assigning task T11 to worker W1
1746735487.976514: 2728338-7f08909fc700: cdpl_server_ipc.c:857: in _sv_on_finish(): info: worker W1 completed task T11
1746735487.976557: 2728338-7f08901fb700: cdpl_server_sched.c:955: in _assign(): info: assigning task T16 to worker W1
1746735496.548019: 2728338-7f08909fc700: cdpl_server_ipc.c:857: in _sv_on_finish(): info: worker W1 completed task T16
1746735496.548066: 2728338-7f08901fb700: cdpl_server_sched.c:955: in _assign(): info: assigning task T21 to worker W1
1746735515.149475: 2728338-7f08909fc700: cdpl_server_ipc.c:857: in _sv_on_finish(): info: worker W1 completed task T21
1746735515.149518: 2728338-7f08901fb700: cdpl_server_sched.c:955: in _assign(): info: assigning task T17 to worker W1
1746735522.981306: 2728338-7f08909fc700: cdpl_server_ipc.c:857: in _sv_on_finish(): info: worker W1 completed task T17
1746735522.981344: 2728338-7f08901fb700: cdpl_server_sched.c:955: in _assign(): info: assigning task T20 to worker W1
1746735543.039209: 2728338-7f08909fc700: cdpl_server_ipc.c:857: in _sv_on_finish(): info: worker W1 completed task T20
1746735543.039262: 2728338-7f08901fb700: cdpl_server_sched.c:955: in _assign(): info: assigning task T19 to worker W1
1746735552.416474: 2728338-7f08909fc700: cdpl_server_ipc.c:857: in _sv_on_finish(): info: worker W1 completed task T19
1746735552.416523: 2728338-7f08901fb700: cdpl_server_sched.c:955: in _assign(): info: assigning task T18 to worker W1
1746735561.667130: 2728338-7f08909fc700: cdpl_server_ipc.c:857: in _sv_on_finish(): info: worker W1 completed task T18
1746735561.667163: 2728338-7f08901fb700: cdpl_server_sched.c:955: in _assign(): info: assigning task T25 to worker W1
1746735570.645679: 2728338-7f08909fc700: cdpl_server_ipc.c:857: in _sv_on_finish(): info: worker W1 completed task T25
1746735570.645707: 2728338-7f08901fb700: cdpl_server_sched.c:955: in _assign(): info: assigning task T5 to worker W1
1746735578.342469: 2728338-7f08909fc700: cdpl_server_ipc.c:857: in _sv_on_finish(): info: worker W1 completed task T5
1746735578.342505: 2728338-7f08901fb700: cdpl_server_sched.c:955: in _assign(): info: assigning task T6 to worker W1
1746735586.108050: 2728338-7f08909fc700: cdpl_server_ipc.c:857: in _sv_on_finish(): info: worker W1 completed task T6
1746735586.108094: 2728338-7f08901fb700: cdpl_server_sched.c:955: in _assign(): info: assigning task T7 to worker W1
1746735593.710030: 2728338-7f08909fc700: cdpl_server_ipc.c:857: in _sv_on_finish(): info: worker W1 completed task T7
1746735593.710077: 2728338-7f08901fb700: cdpl_server_sched.c:955: in _assign(): info: assigning task T8 to worker W1
1746735601.423098: 2728338-7f08909fc700: cdpl_server_ipc.c:857: in _sv_on_finish(): info: worker W1 completed task T8
1746735601.423133: 2728338-7f08901fb700: cdpl_server_sched.c:955: in _assign(): info: assigning task T9 to worker W1
1746735609.137549: 2728338-7f08909fc700: cdpl_server_ipc.c:857: in _sv_on_finish(): info: worker W1 completed task T9
1746735609.137606: 2728338-7f08901fb700: cdpl_server_sched.c:955: in _assign(): info: assigning task T22 to worker W1
1746735616.958484: 2728338-7f08909fc700: cdpl_server_ipc.c:857: in _sv_on_finish(): info: worker W1 completed task T22
1746735616.958519: 2728338-7f08901fb700: cdpl_server_sched.c:955: in _assign(): info: assigning task T23 to worker W1
1746735624.666238: 2728338-7f08909fc700: cdpl_server_ipc.c:857: in _sv_on_finish(): info: worker W1 completed task T23
1746735624.666275: 2728338-7f08901fb700: cdpl_server_sched.c:955: in _assign(): info: assigning task T24 to worker W1
1746735632.470517: 2728338-7f08909fc700: cdpl_server_ipc.c:857: in _sv_on_finish(): info: worker W1 completed task T24
1746735632.470550: 2728338-7f08901fb700: cdpl_server_sched.c:955: in _assign(): info: assigning task T26 to worker W1
1746735639.913280: 2728338-7f08909fc700: cdpl_server_ipc.c:857: in _sv_on_finish(): info: worker W1 completed task T26
1746736240.987405: 2728338-7f08911fd700: cdpl_ipc.c:738: in _readv(): warning: read(): EOF
1746736678.468243: 2728338-7f08aa14c0c0: cdpl_compat_master.c:5152: in cdplMasterLogInfo(): info: [non-CDPL log entry] Ending current CDPL job
1746736678.468903: 2728338-7f08aa14c0c0: cdpl_server.c:2890: in cdpl_sv_halt_job_errno(): info: stopping job J1
1746736678.468933: 2728338-7f08aa14c0c0: cdpl_server.c:2875: in cdpl_sv_halt_job_errno(): info: killing job J1
1746736678.468938: 2728338-7f08aa14c0c0: cdpl_server.c:288: in _sv_free_job(): info: freeing job J1
1746736678.468979: 2728338-7f08aa14c0c0: cdpl_farm.c:2395: in cdpl_farm_free(): info: freeing farm
1746736678.469318: 2728338-7f08aa14c0c0: cdpl_server.c:3011: in cdpl_sv_free(): info: freeing server S1395401489
1746736678.469323: 2728338-7f08aa14c0c0: cdpl_server.c:2976: in cdpl_sv_kill_errno(): info: killing server
1746736678.469390: 2728338-7f08aa14c0c0: cdpl_server.c:328: in _sv_free_master(): info: freeing master M1
1746736678.469442: 2728338-7f08aa14c0c0: cdpl_log.c:371: in cdpl_log_close(): info: @@end_of_log@@
