Virtuoso Framework License (111) was checked out successfully. Total checkout time was 0.02s.

Loading cmos10lpe Procedures for Cadence Version "6.1.8-64b"
Loading Display Resources File  '/proj/cad/library/mosis/GF65_LPe/cmos10lpe_CDS_oa_dl064_11_20160415/cmos10lpe/display.drf'
Loading context file pdk.cxt
cmos10lpe setting techfile rules
Inductor table created
Loading esd10lpe/libInit.il ...
	Loading esd10lpe/loadCxt.ile ... done!
	Loading context 'esd10lpe' from library 'esd10lpe' ... done!
	Loading context 'pdkUtils' from library 'esd10lpe' ... done!
	Loading esd10lpe/libInitCktPro.il ... done!
	Loading esd10lpe/libInitCustomExit.il ... done!
Loaded esd10lpe/libInit.il successfully!
	Loading esd10lpe/libInit.il ... Loading esd10lpe/libInit.il ...
	Loading esd10lpe/libInitCktPro.il ... done!
	Loading esd10lpe/libInitCustomExit.il ... done!
Loaded esd10lpe/libInit.il successfully!
Loading libInit.il for esd10lpe done!
Enabling auCdlCDFPinCntrl and auCdlPrintEmptySUBCKT

Loading hnlInit.cxt 
Running Artist Hierarchical Netlisting ...

End netlisting Apr 13 20:46:20 2025

