1746997600.207418: 1382462-7ff455c220c0: cdpl_log.c:228: in cdpl_log_open(): info: @@start_of_log@@
1746997600.207442: 1382462-7ff455c220c0: cdpl_log.c:866: in cdpl_log_dump_sysinfo(): info: time: 2025/05/11 16:06:40 CDT -0500
1746997600.207446: 1382462-7ff455c220c0: cdpl_log.c:868: in cdpl_log_dump_sysinfo(): info: version: T-2022.03 
1746997600.207449: 1382462-7ff455c220c0: cdpl_log.c:870: in cdpl_log_dump_sysinfo(): info: system: Linux 4.18.0-553.46.1.el8_10.x86_64 #1 SMP Sat Mar 15 01:37:33 EDT 2025
1746997600.207452: 1382462-7ff455c220c0: cdpl_log.c:875: in cdpl_log_dump_sysinfo(): info: processor: x86_64 64-bits
1746997600.207454: 1382462-7ff455c220c0: cdpl_log.c:879: in cdpl_log_dump_sysinfo(): info: hostname: engnx05a.utdallas.edu
1746997600.207457: 1382462-7ff455c220c0: cdpl_log.c:230: in cdpl_log_open(): debug: path: /home/010/e/eb/ebw220000/cad/EE4325_UART_Project/gf65/primelib_gf65/INV/runtime/cdpl/pid1382462/master.engnx05a.utdallas.edu.1382462.log
1746997600.207460: 1382462-7ff455c220c0: cdpl_log.c:231: in cdpl_log_open(): debug: dir: /home/010/e/eb/ebw220000/cad/EE4325_UART_Project/gf65/primelib_gf65/INV/runtime/cdpl/pid1382462
1746997600.207465: 1382462-7ff455c220c0: cdpl_log.c:758: in cdpl_log_set_filter(): info: filter level 1
1746997600.215018: 1382462-7ff455c220c0: cdpl_server.c:543: in cdpl_sv_init(): info: new server S43013706
1746997600.243477: 1382462-7ff455c220c0: cdpl_ipc.c:3030: in cdpl_ipc_init(): info: requesting IPv4 protocol
1746997600.248606: 1382462-7ff455c220c0: cdpl_ipc.c:800: in _selectaddrfamily(): info: selected IPv4 protocol
1746997600.287758: 1382462-7ff455c220c0: cdpl_server.c:657: in cdpl_sv_new_master(): info: new master M1
1746997600.287789: 1382462-7ff455c220c0: cdpl_server.c:5494: in cdpl_sv_ctl_master(): info: Setting worker heartbeat to 60 seconds
1746997600.287792: 1382462-7ff455c220c0: cdpl_server.c:5503: in cdpl_sv_ctl_master(): info: Setting worker heartbeat timeout to 3 heartbeats
1746997600.287798: 1382462-7ff455c220c0: cdpl_compat_master.c:2407: in cdplInitMaster(): info: bcast dir is `/dev/null'
1746997600.287895: 1382462-7ff455c220c0: cdpl_server.c:5394: in cdpl_sv_ctl_master(): info: farm worker timeout set to 36000
1746997600.287899: 1382462-7ff455c220c0: cdpl_server.c:5410: in cdpl_sv_ctl_master(): info: grid worker timeout set to 36000
1746997600.287901: 1382462-7ff455c220c0: cdpl_server.c:5438: in cdpl_sv_ctl_master(): info: farm submit command failure threshold set to 100
1746997600.288927: 1382462-7ff455c220c0: cdpl_farm.c:2268: in cdpl_farm_new_sh(): info: creating SH farm on localhost
1746997600.288944: 1382462-7ff455c220c0: cdpl_compat_master.c:207: in _set_farm_env(): info: exporting CDPL_LOGDIR as `/home/010/e/eb/ebw220000/cad/EE4325_UART_Project/gf65/primelib_gf65/INV/runtime/cdpl/pid1382462'
1746997600.288947: 1382462-7ff455c220c0: cdpl_compat_master.c:213: in _set_farm_env(): info: exporting CDPL_TMPDIR as `/var/tmp'
1746997600.288950: 1382462-7ff455c220c0: cdpl_compat_master.c:220: in _set_farm_env(): info: exporting CDPL_HOME as `/proj/cad/synopsys/synopsys_2021/primelib/T-2022.03-SP1/cdpl_runtime_linux64'
1746997600.288954: 1382462-7ff455c220c0: cdpl_compat_master.c:227: in _set_farm_env(): info: exporting SNPSLMD_LICENSE_FILE as `1700@engdmv.utdallas.edu'
1746997600.288957: 1382462-7ff455c220c0: cdpl_compat_master.c:247: in _set_farm_env(): info: exporting CDPL_OPTIONS as `[filter][nowlogs]'
1746997600.288961: 1382462-7ff455c220c0: cdpl_compat_master.c:254: in _set_farm_env(): info: exporting DISPLAY as `:1052'
1746997600.288964: 1382462-7ff455c220c0: cdpl_compat_master.c:262: in _set_farm_env(): info: exporting CDPL_HEARTBEAT as `60'
1746997600.288969: 1382462-7ff455c220c0: cdpl_compat_master.c:348: in _set_farm_env(): info: exporting SIS_MALIBU as `2'
1746997600.288972: 1382462-7ff455c220c0: cdpl_compat_master.c:348: in _set_farm_env(): info: exporting SIS_CDPL as `5'
1746997601.729660: 1382462-7ff455c220c0: cdpl_server.c:738: in cdpl_sv_new_job(): info: new job J1 in M1
1746997601.729699: 1382462-7ff455c220c0: cdpl_compat_master.c:1314: in _add_worker(): info: new worker type 100, min:1, max:1, cmd:`/home/010/e/eb/ebw220000/cad/EE4325_UART_Project/gf65/primelib_gf65/INV/runtime/cdpl/pid1382462/run_1382462.sh'
1746997601.729717: 1382462-7ff455c220c0: cdpl_server.c:900: in cdpl_sv_new_bin_withfarm(): info: new bin B1 in J1
1746997602.002717: 1382462-7ff455c220c0: cdpl_server.c:3116: in cdpl_sv_start_job(): info: starting job J1
1746997602.098249: 1382462-7ff455c220c0: cdpl_server.c:1824: in _sv_gen_task(): info: new task T0 in B1 (prio 3)
1746997602.098270: 1382462-7ff455c220c0: cdpl_server.c:2558: in cdpl_sv_label_task_va(): info: setting task T0 label to "leakage_power__ACQ_1 of INV"
1746997602.100102: 1382462-7ff43bcd1700: cdpl_server_sched.c:700: in _sv_launch_worker(): info: started worker W1 (as C1) in bin B1
1746997602.100138: 1382462-7ff43b4d0700: cdpl_farm.c:1899: in _schedule(): info: worker submit failure threshold set to 100
1746997602.100162: 1382462-7ff43b4d0700: cdpl_sh.c:49: in _sh_detached_submit(): info: SH : /home/010/e/eb/ebw220000/cad/EE4325_UART_Project/gf65/primelib_gf65/INV/runtime/cdpl/pid1382462/run_1382462.sh
1746997602.359852: 1382462-7ff455c220c0: cdpl_server.c:1824: in _sv_gen_task(): info: new task T1 in B1 (prio 2)
1746997602.359897: 1382462-7ff455c220c0: cdpl_server.c:2558: in cdpl_sv_label_task_va(): info: setting task T1 label to "delay__IN__lh__OUT__hl__ACQ_1 of INV"
1746997602.359970: 1382462-7ff455c220c0: cdpl_server.c:1824: in _sv_gen_task(): info: new task T2 in B1 (prio 2)
1746997602.359975: 1382462-7ff455c220c0: cdpl_server.c:2558: in cdpl_sv_label_task_va(): info: setting task T2 label to "delay__IN__hl__OUT__lh__ACQ_1 of INV"
1746997602.360049: 1382462-7ff455c220c0: cdpl_server.c:1824: in _sv_gen_task(): info: new task T3 in B1 (prio 5)
1746997602.360053: 1382462-7ff455c220c0: cdpl_server.c:2558: in cdpl_sv_label_task_va(): info: setting task T3 label to "Cin__VSS__lh__ACQ_1 of INV"
1746997602.360100: 1382462-7ff455c220c0: cdpl_server.c:1824: in _sv_gen_task(): info: new task T4 in B1 (prio 5)
1746997602.360103: 1382462-7ff455c220c0: cdpl_server.c:2558: in cdpl_sv_label_task_va(): info: setting task T4 label to "Cin__VSS__hl__ACQ_1 of INV"
1746997602.360145: 1382462-7ff455c220c0: cdpl_server.c:1824: in _sv_gen_task(): info: new task T5 in B1 (prio 5)
1746997602.360149: 1382462-7ff455c220c0: cdpl_server.c:2558: in cdpl_sv_label_task_va(): info: setting task T5 label to "Cin__VDD__lh__ACQ_1 of INV"
1746997602.360178: 1382462-7ff455c220c0: cdpl_server.c:1824: in _sv_gen_task(): info: new task T6 in B1 (prio 5)
1746997602.360181: 1382462-7ff455c220c0: cdpl_server.c:2558: in cdpl_sv_label_task_va(): info: setting task T6 label to "Cin__VDD__hl__ACQ_1 of INV"
1746997604.372316: 1382462-7ff43c4d2700: cdpl_server_ipc.c:452: in _sv_on_hello(): info: W1 is `10.182.66.70:36656'
1746997604.372341: 1382462-7ff43c4d2700: cdpl_server_ipc.c:454: in _sv_on_hello(): info: W1 log file is /dev/null
1746997604.372354: 1382462-7ff43c4d2700: cdpl_server_ipc.c:481: in _sv_on_hello(): info: up to 1 alive workers in B1
1746997604.372417: 1382462-7ff43bcd1700: cdpl_server_sched.c:955: in _assign(): info: assigning task T1 to worker W1
1746997609.278434: 1382462-7ff43c4d2700: cdpl_server_ipc.c:857: in _sv_on_finish(): info: worker W1 completed task T1
1746997609.278994: 1382462-7ff43bcd1700: cdpl_server_sched.c:955: in _assign(): info: assigning task T2 to worker W1
1746997610.283232: 1382462-7ff43c4d2700: cdpl_server_ipc.c:857: in _sv_on_finish(): info: worker W1 completed task T2
1746997610.283279: 1382462-7ff43bcd1700: cdpl_server_sched.c:955: in _assign(): info: assigning task T0 to worker W1
1746997610.794690: 1382462-7ff43c4d2700: cdpl_server_ipc.c:857: in _sv_on_finish(): info: worker W1 completed task T0
1746997610.794740: 1382462-7ff43bcd1700: cdpl_server_sched.c:955: in _assign(): info: assigning task T3 to worker W1
1746997611.322786: 1382462-7ff43c4d2700: cdpl_server_ipc.c:857: in _sv_on_finish(): info: worker W1 completed task T3
1746997611.322829: 1382462-7ff43bcd1700: cdpl_server_sched.c:955: in _assign(): info: assigning task T4 to worker W1
1746997611.897909: 1382462-7ff43c4d2700: cdpl_server_ipc.c:857: in _sv_on_finish(): info: worker W1 completed task T4
1746997611.897949: 1382462-7ff43bcd1700: cdpl_server_sched.c:955: in _assign(): info: assigning task T5 to worker W1
1746997612.473053: 1382462-7ff43c4d2700: cdpl_server_ipc.c:857: in _sv_on_finish(): info: worker W1 completed task T5
1746997612.473094: 1382462-7ff43bcd1700: cdpl_server_sched.c:955: in _assign(): info: assigning task T6 to worker W1
1746997613.016742: 1382462-7ff43c4d2700: cdpl_server_ipc.c:857: in _sv_on_finish(): info: worker W1 completed task T6
1746997632.512705: 1382462-7ff455c220c0: cdpl_server.c:1824: in _sv_gen_task(): info: new task T7 in B1 (prio 3)
1746997632.512743: 1382462-7ff455c220c0: cdpl_server.c:2558: in cdpl_sv_label_task_va(): info: setting task T7 label to "leakage_power__ACQ_1 of INV"
1746997632.512773: 1382462-7ff43bcd1700: cdpl_server_sched.c:955: in _assign(): info: assigning task T7 to worker W1
1746997632.527571: 1382462-7ff455c220c0: cdpl_server.c:1824: in _sv_gen_task(): info: new task T8 in B1 (prio 2)
1746997632.527598: 1382462-7ff455c220c0: cdpl_server.c:2558: in cdpl_sv_label_task_va(): info: setting task T8 label to "delay__IN__lh__OUT__hl__ACQ_1 of INV"
1746997632.542253: 1382462-7ff455c220c0: cdpl_server.c:1824: in _sv_gen_task(): info: new task T9 in B1 (prio 2)
1746997632.542276: 1382462-7ff455c220c0: cdpl_server.c:2558: in cdpl_sv_label_task_va(): info: setting task T9 label to "delay__IN__hl__OUT__lh__ACQ_1 of INV"
1746997632.552548: 1382462-7ff455c220c0: cdpl_server.c:1824: in _sv_gen_task(): info: new task T10 in B1 (prio 5)
1746997632.552566: 1382462-7ff455c220c0: cdpl_server.c:2558: in cdpl_sv_label_task_va(): info: setting task T10 label to "Cin__VSS__lh__ACQ_1 of INV"
1746997632.569652: 1382462-7ff455c220c0: cdpl_server.c:1824: in _sv_gen_task(): info: new task T11 in B1 (prio 5)
1746997632.569687: 1382462-7ff455c220c0: cdpl_server.c:2558: in cdpl_sv_label_task_va(): info: setting task T11 label to "Cin__VSS__hl__ACQ_1 of INV"
1746997632.583433: 1382462-7ff455c220c0: cdpl_server.c:1824: in _sv_gen_task(): info: new task T12 in B1 (prio 5)
1746997632.583456: 1382462-7ff455c220c0: cdpl_server.c:2558: in cdpl_sv_label_task_va(): info: setting task T12 label to "Cin__VDD__lh__ACQ_1 of INV"
1746997632.593489: 1382462-7ff455c220c0: cdpl_server.c:1824: in _sv_gen_task(): info: new task T13 in B1 (prio 5)
1746997632.593504: 1382462-7ff455c220c0: cdpl_server.c:2558: in cdpl_sv_label_task_va(): info: setting task T13 label to "Cin__VDD__hl__ACQ_1 of INV"
1746997634.671776: 1382462-7ff43c4d2700: cdpl_server_ipc.c:857: in _sv_on_finish(): info: worker W1 completed task T7
1746997634.671819: 1382462-7ff43bcd1700: cdpl_server_sched.c:955: in _assign(): info: assigning task T8 to worker W1
1746997635.263993: 1382462-7ff43c4d2700: cdpl_server_ipc.c:857: in _sv_on_finish(): info: worker W1 completed task T8
1746997635.264036: 1382462-7ff43bcd1700: cdpl_server_sched.c:955: in _assign(): info: assigning task T9 to worker W1
1746997635.875131: 1382462-7ff43c4d2700: cdpl_server_ipc.c:857: in _sv_on_finish(): info: worker W1 completed task T9
1746997635.875175: 1382462-7ff43bcd1700: cdpl_server_sched.c:955: in _assign(): info: assigning task T10 to worker W1
1746997636.427874: 1382462-7ff43c4d2700: cdpl_server_ipc.c:857: in _sv_on_finish(): info: worker W1 completed task T10
1746997636.427922: 1382462-7ff43bcd1700: cdpl_server_sched.c:955: in _assign(): info: assigning task T11 to worker W1
1746997636.998596: 1382462-7ff43c4d2700: cdpl_server_ipc.c:857: in _sv_on_finish(): info: worker W1 completed task T11
1746997636.998636: 1382462-7ff43bcd1700: cdpl_server_sched.c:955: in _assign(): info: assigning task T12 to worker W1
1746997637.533652: 1382462-7ff43c4d2700: cdpl_server_ipc.c:857: in _sv_on_finish(): info: worker W1 completed task T12
1746997637.533706: 1382462-7ff43bcd1700: cdpl_server_sched.c:955: in _assign(): info: assigning task T13 to worker W1
1746997638.039473: 1382462-7ff43c4d2700: cdpl_server_ipc.c:857: in _sv_on_finish(): info: worker W1 completed task T13
