1746984169.962417: 933682-7f0aeaa2b0c0: cdpl_log.c:228: in cdpl_log_open(): info: @@start_of_log@@
1746984169.962436: 933682-7f0aeaa2b0c0: cdpl_log.c:866: in cdpl_log_dump_sysinfo(): info: time: 2025/05/11 12:22:49 CDT -0500
1746984169.962440: 933682-7f0aeaa2b0c0: cdpl_log.c:868: in cdpl_log_dump_sysinfo(): info: version: T-2022.03 
1746984169.962443: 933682-7f0aeaa2b0c0: cdpl_log.c:870: in cdpl_log_dump_sysinfo(): info: system: Linux 4.18.0-553.46.1.el8_10.x86_64 #1 SMP Sat Mar 15 01:37:33 EDT 2025
1746984169.962446: 933682-7f0aeaa2b0c0: cdpl_log.c:875: in cdpl_log_dump_sysinfo(): info: processor: x86_64 64-bits
1746984169.962448: 933682-7f0aeaa2b0c0: cdpl_log.c:879: in cdpl_log_dump_sysinfo(): info: hostname: engnx05a.utdallas.edu
1746984169.962451: 933682-7f0aeaa2b0c0: cdpl_log.c:230: in cdpl_log_open(): debug: path: /home/010/e/eb/ebw220000/cad/EE4325_UART_Project/gf65/primelib_gf65/DFF/runtime/cdpl/pid933682/master.engnx05a.utdallas.edu.933682.log
1746984169.962454: 933682-7f0aeaa2b0c0: cdpl_log.c:231: in cdpl_log_open(): debug: dir: /home/010/e/eb/ebw220000/cad/EE4325_UART_Project/gf65/primelib_gf65/DFF/runtime/cdpl/pid933682
1746984169.962459: 933682-7f0aeaa2b0c0: cdpl_log.c:758: in cdpl_log_set_filter(): info: filter level 1
1746984169.962480: 933682-7f0aeaa2b0c0: cdpl_server.c:543: in cdpl_sv_init(): info: new server S1241359643
1746984169.962489: 933682-7f0aeaa2b0c0: cdpl_ipc.c:3030: in cdpl_ipc_init(): info: requesting IPv4 protocol
1746984169.963158: 933682-7f0aeaa2b0c0: cdpl_ipc.c:800: in _selectaddrfamily(): info: selected IPv4 protocol
1746984169.963577: 933682-7f0aeaa2b0c0: cdpl_server.c:657: in cdpl_sv_new_master(): info: new master M1
1746984169.963598: 933682-7f0aeaa2b0c0: cdpl_server.c:5494: in cdpl_sv_ctl_master(): info: Setting worker heartbeat to 60 seconds
1746984169.963601: 933682-7f0aeaa2b0c0: cdpl_server.c:5503: in cdpl_sv_ctl_master(): info: Setting worker heartbeat timeout to 3 heartbeats
1746984169.963605: 933682-7f0aeaa2b0c0: cdpl_compat_master.c:2407: in cdplInitMaster(): info: bcast dir is `/dev/null'
1746984169.963683: 933682-7f0aeaa2b0c0: cdpl_server.c:5394: in cdpl_sv_ctl_master(): info: farm worker timeout set to 36000
1746984169.963687: 933682-7f0aeaa2b0c0: cdpl_server.c:5410: in cdpl_sv_ctl_master(): info: grid worker timeout set to 36000
1746984169.963690: 933682-7f0aeaa2b0c0: cdpl_server.c:5438: in cdpl_sv_ctl_master(): info: farm submit command failure threshold set to 100
1746984169.963704: 933682-7f0aeaa2b0c0: cdpl_farm.c:2268: in cdpl_farm_new_sh(): info: creating SH farm on localhost
1746984169.963721: 933682-7f0aeaa2b0c0: cdpl_compat_master.c:207: in _set_farm_env(): info: exporting CDPL_LOGDIR as `/home/010/e/eb/ebw220000/cad/EE4325_UART_Project/gf65/primelib_gf65/DFF/runtime/cdpl/pid933682'
1746984169.963724: 933682-7f0aeaa2b0c0: cdpl_compat_master.c:213: in _set_farm_env(): info: exporting CDPL_TMPDIR as `/var/tmp'
1746984169.963727: 933682-7f0aeaa2b0c0: cdpl_compat_master.c:220: in _set_farm_env(): info: exporting CDPL_HOME as `/proj/cad/synopsys/synopsys_2021/primelib/T-2022.03-SP1/cdpl_runtime_linux64'
1746984169.963730: 933682-7f0aeaa2b0c0: cdpl_compat_master.c:227: in _set_farm_env(): info: exporting SNPSLMD_LICENSE_FILE as `1700@engdmv.utdallas.edu'
1746984169.963734: 933682-7f0aeaa2b0c0: cdpl_compat_master.c:247: in _set_farm_env(): info: exporting CDPL_OPTIONS as `[filter][nowlogs]'
1746984169.963737: 933682-7f0aeaa2b0c0: cdpl_compat_master.c:254: in _set_farm_env(): info: exporting DISPLAY as `:1052'
1746984169.963739: 933682-7f0aeaa2b0c0: cdpl_compat_master.c:262: in _set_farm_env(): info: exporting CDPL_HEARTBEAT as `60'
1746984169.963745: 933682-7f0aeaa2b0c0: cdpl_compat_master.c:348: in _set_farm_env(): info: exporting SIS_MALIBU as `2'
1746984169.963748: 933682-7f0aeaa2b0c0: cdpl_compat_master.c:348: in _set_farm_env(): info: exporting SIS_CDPL as `5'
1746984170.047383: 933682-7f0aeaa2b0c0: cdpl_server.c:738: in cdpl_sv_new_job(): info: new job J1 in M1
1746984170.047400: 933682-7f0aeaa2b0c0: cdpl_compat_master.c:1314: in _add_worker(): info: new worker type 100, min:1, max:1, cmd:`/home/010/e/eb/ebw220000/cad/EE4325_UART_Project/gf65/primelib_gf65/DFF/runtime/cdpl/pid933682/run_933682.sh'
1746984170.047411: 933682-7f0aeaa2b0c0: cdpl_server.c:900: in cdpl_sv_new_bin_withfarm(): info: new bin B1 in J1
1746984170.063330: 933682-7f0aeaa2b0c0: cdpl_server.c:3116: in cdpl_sv_start_job(): info: starting job J1
1746984170.075864: 933682-7f0aeaa2b0c0: cdpl_server.c:1824: in _sv_gen_task(): info: new task T0 in B1 (prio -1)
1746984170.075874: 933682-7f0aeaa2b0c0: cdpl_server.c:2558: in cdpl_sv_label_task_va(): info: setting task T0 label to "initialization__ACQ_6 of DFF"
1746984170.075936: 933682-7f0aeaa2b0c0: cdpl_server.c:1824: in _sv_gen_task(): info: new task T1 in B1 (prio -1)
1746984170.076010: 933682-7f0ad0ada700: cdpl_server_sched.c:700: in _sv_launch_worker(): info: started worker W1 (as C1) in bin B1
1746984170.076036: 933682-7f0aeaa2b0c0: cdpl_server.c:2558: in cdpl_sv_label_task_va(): info: setting task T1 label to "setup_hbm__D__lh__CLK__lh__ACQ_1 of DFF"
1746984170.076051: 933682-7f0ad02d9700: cdpl_farm.c:1899: in _schedule(): info: worker submit failure threshold set to 100
1746984170.076080: 933682-7f0aeaa2b0c0: cdpl_server.c:1824: in _sv_gen_task(): info: new task T2 in B1 (prio -1)
1746984170.076090: 933682-7f0aeaa2b0c0: cdpl_server.c:2558: in cdpl_sv_label_task_va(): info: setting task T2 label to "initialization__ACQ_5 of DFF"
1746984170.076093: 933682-7f0ad02d9700: cdpl_sh.c:49: in _sh_detached_submit(): info: SH : /home/010/e/eb/ebw220000/cad/EE4325_UART_Project/gf65/primelib_gf65/DFF/runtime/cdpl/pid933682/run_933682.sh
1746984170.076117: 933682-7f0aeaa2b0c0: cdpl_server.c:1824: in _sv_gen_task(): info: new task T3 in B1 (prio -1)
1746984170.076123: 933682-7f0aeaa2b0c0: cdpl_server.c:2558: in cdpl_sv_label_task_va(): info: setting task T3 label to "setup_hbm__D__hl__CLK__lh__ACQ_1 of DFF"
1746984170.082845: 933682-7f0aeaa2b0c0: cdpl_server.c:1824: in _sv_gen_task(): info: new task T4 in B1 (prio -1)
1746984170.082875: 933682-7f0aeaa2b0c0: cdpl_server.c:2558: in cdpl_sv_label_task_va(): info: setting task T4 label to "initialization__ACQ_3 of DFF"
1746984170.083123: 933682-7f0aeaa2b0c0: cdpl_server.c:1824: in _sv_gen_task(): info: new task T5 in B1 (prio 3)
1746984170.083128: 933682-7f0aeaa2b0c0: cdpl_server.c:2558: in cdpl_sv_label_task_va(): info: setting task T5 label to "leakage_power__ACQ_1 of DFF"
1746984170.083196: 933682-7f0aeaa2b0c0: cdpl_server.c:1824: in _sv_gen_task(): info: new task T6 in B1 (prio 5)
1746984170.083199: 933682-7f0aeaa2b0c0: cdpl_server.c:2558: in cdpl_sv_label_task_va(): info: setting task T6 label to "Cin__D__hl__ACQ_1 of DFF"
1746984170.083229: 933682-7f0aeaa2b0c0: cdpl_server.c:1824: in _sv_gen_task(): info: new task T7 in B1 (prio 5)
1746984170.083232: 933682-7f0aeaa2b0c0: cdpl_server.c:2558: in cdpl_sv_label_task_va(): info: setting task T7 label to "Cin__D__lh__ACQ_1 of DFF"
1746984170.083252: 933682-7f0aeaa2b0c0: cdpl_server.c:1824: in _sv_gen_task(): info: new task T8 in B1 (prio 5)
1746984170.083255: 933682-7f0aeaa2b0c0: cdpl_server.c:2558: in cdpl_sv_label_task_va(): info: setting task T8 label to "Cin__VSS__hl__ACQ_1 of DFF"
1746984170.083280: 933682-7f0aeaa2b0c0: cdpl_server.c:1824: in _sv_gen_task(): info: new task T9 in B1 (prio 5)
1746984170.083283: 933682-7f0aeaa2b0c0: cdpl_server.c:2558: in cdpl_sv_label_task_va(): info: setting task T9 label to "Cin__VSS__lh__ACQ_1 of DFF"
1746984170.083324: 933682-7f0aeaa2b0c0: cdpl_server.c:1824: in _sv_gen_task(): info: new task T10 in B1 (prio -1)
1746984170.083328: 933682-7f0aeaa2b0c0: cdpl_server.c:2558: in cdpl_sv_label_task_va(): info: setting task T10 label to "initialization__ACQ_4 of DFF"
1746984170.083369: 933682-7f0aeaa2b0c0: cdpl_server.c:1824: in _sv_gen_task(): info: new task T11 in B1 (prio -1)
1746984170.083373: 933682-7f0aeaa2b0c0: cdpl_server.c:2558: in cdpl_sv_label_task_va(): info: setting task T11 label to "ncmpw_hbm__CLK__hl__CLK__lh__ACQ_1 of DFF"
1746984170.083407: 933682-7f0aeaa2b0c0: cdpl_server.c:1824: in _sv_gen_task(): info: new task T12 in B1 (prio -1)
1746984170.083418: 933682-7f0aeaa2b0c0: cdpl_server.c:2558: in cdpl_sv_label_task_va(): info: setting task T12 label to "removal_hbm__R__hl__CLK__lh__ACQ_1 of DFF"
1746984170.083443: 933682-7f0aeaa2b0c0: cdpl_server.c:1824: in _sv_gen_task(): info: new task T13 in B1 (prio -1)
1746984170.083446: 933682-7f0aeaa2b0c0: cdpl_server.c:2558: in cdpl_sv_label_task_va(): info: setting task T13 label to "recover_hbm__R__hl__CLK__lh__ACQ_1 of DFF"
1746984170.083502: 933682-7f0aeaa2b0c0: cdpl_server.c:1824: in _sv_gen_task(): info: new task T14 in B1 (prio -1)
1746984170.083506: 933682-7f0aeaa2b0c0: cdpl_server.c:2558: in cdpl_sv_label_task_va(): info: setting task T14 label to "initialization__ACQ_1 of DFF"
1746984170.083527: 933682-7f0aeaa2b0c0: cdpl_server.c:1824: in _sv_gen_task(): info: new task T15 in B1 (prio -1)
1746984170.083530: 933682-7f0aeaa2b0c0: cdpl_server.c:2558: in cdpl_sv_label_task_va(): info: setting task T15 label to "initialization__ACQ_2 of DFF"
1746984170.083582: 933682-7f0aeaa2b0c0: cdpl_server.c:1824: in _sv_gen_task(): info: new task T16 in B1 (prio -1)
1746984170.083591: 933682-7f0aeaa2b0c0: cdpl_server.c:2558: in cdpl_sv_label_task_va(): info: setting task T16 label to "cmpw_hbm__CLK__lh__CLK__hl__ACQ_1 of DFF"
1746984170.083619: 933682-7f0aeaa2b0c0: cdpl_server.c:1824: in _sv_gen_task(): info: new task T17 in B1 (prio -1)
1746984170.083622: 933682-7f0aeaa2b0c0: cdpl_server.c:2558: in cdpl_sv_label_task_va(): info: setting task T17 label to "cmpw_hbm__R__lh__R__hl__ACQ_1 of DFF"
1746984170.083691: 933682-7f0aeaa2b0c0: cdpl_server.c:1824: in _sv_gen_task(): info: new task T18 in B1 (prio 2)
1746984170.083695: 933682-7f0aeaa2b0c0: cdpl_server.c:2558: in cdpl_sv_label_task_va(): info: setting task T18 label to "delay__CLK__lh__Q__hl__ACQ_1 of DFF"
1746984170.083726: 933682-7f0aeaa2b0c0: cdpl_server.c:1824: in _sv_gen_task(): info: new task T19 in B1 (prio 2)
1746984170.083729: 933682-7f0aeaa2b0c0: cdpl_server.c:2558: in cdpl_sv_label_task_va(): info: setting task T19 label to "delay__CLK__lh__Q__lh__ACQ_1 of DFF"
1746984170.083754: 933682-7f0aeaa2b0c0: cdpl_server.c:1824: in _sv_gen_task(): info: new task T20 in B1 (prio -1)
1746984170.083757: 933682-7f0aeaa2b0c0: cdpl_server.c:2558: in cdpl_sv_label_task_va(): info: setting task T20 label to "hold_hbm__D__lh__CLK__lh__ACQ_1 of DFF"
1746984170.083795: 933682-7f0aeaa2b0c0: cdpl_server.c:1824: in _sv_gen_task(): info: new task T21 in B1 (prio -1)
1746984170.083800: 933682-7f0aeaa2b0c0: cdpl_server.c:2558: in cdpl_sv_label_task_va(): info: setting task T21 label to "hold_hbm__D__hl__CLK__lh__ACQ_1 of DFF"
1746984170.083840: 933682-7f0aeaa2b0c0: cdpl_server.c:1824: in _sv_gen_task(): info: new task T22 in B1 (prio 5)
1746984170.083843: 933682-7f0aeaa2b0c0: cdpl_server.c:2558: in cdpl_sv_label_task_va(): info: setting task T22 label to "Cin__CLK__hl__ACQ_1 of DFF"
1746984170.083872: 933682-7f0aeaa2b0c0: cdpl_server.c:1824: in _sv_gen_task(): info: new task T23 in B1 (prio 5)
1746984170.083875: 933682-7f0aeaa2b0c0: cdpl_server.c:2558: in cdpl_sv_label_task_va(): info: setting task T23 label to "Cin__VDD__hl__ACQ_1 of DFF"
1746984170.083904: 933682-7f0aeaa2b0c0: cdpl_server.c:1824: in _sv_gen_task(): info: new task T24 in B1 (prio 5)
1746984170.083907: 933682-7f0aeaa2b0c0: cdpl_server.c:2558: in cdpl_sv_label_task_va(): info: setting task T24 label to "Cin__VDD__lh__ACQ_1 of DFF"
1746984170.083939: 933682-7f0aeaa2b0c0: cdpl_server.c:1824: in _sv_gen_task(): info: new task T25 in B1 (prio 2)
1746984170.083941: 933682-7f0aeaa2b0c0: cdpl_server.c:2558: in cdpl_sv_label_task_va(): info: setting task T25 label to "delay__R__lh__Q__hl__ACQ_1 of DFF"
1746984170.083961: 933682-7f0aeaa2b0c0: cdpl_server.c:1824: in _sv_gen_task(): info: new task T26 in B1 (prio 5)
1746984170.083964: 933682-7f0aeaa2b0c0: cdpl_server.c:2558: in cdpl_sv_label_task_va(): info: setting task T26 label to "Cin__R__hl__ACQ_1 of DFF"
1746984170.847163: 933682-7f0ad12db700: cdpl_server_ipc.c:452: in _sv_on_hello(): info: W1 is `10.182.66.70:42464'
1746984170.847186: 933682-7f0ad12db700: cdpl_server_ipc.c:454: in _sv_on_hello(): info: W1 log file is /dev/null
1746984170.847204: 933682-7f0ad12db700: cdpl_server_ipc.c:481: in _sv_on_hello(): info: up to 1 alive workers in B1
1746984170.847258: 933682-7f0ad0ada700: cdpl_server_sched.c:955: in _assign(): info: assigning task T0 to worker W1
1746984178.715199: 933682-7f0ad12db700: cdpl_server_ipc.c:857: in _sv_on_finish(): info: worker W1 completed task T0
1746984178.716915: 933682-7f0ad0ada700: cdpl_server_sched.c:955: in _assign(): info: assigning task T2 to worker W1
1746984186.506623: 933682-7f0ad12db700: cdpl_server_ipc.c:857: in _sv_on_finish(): info: worker W1 completed task T2
1746984186.506671: 933682-7f0ad0ada700: cdpl_server_sched.c:955: in _assign(): info: assigning task T4 to worker W1
1746984194.027216: 933682-7f0ad12db700: cdpl_server_ipc.c:857: in _sv_on_finish(): info: worker W1 completed task T4
1746984194.027856: 933682-7f0ad0ada700: cdpl_server_sched.c:955: in _assign(): info: assigning task T10 to worker W1
1746984201.604173: 933682-7f0ad12db700: cdpl_server_ipc.c:857: in _sv_on_finish(): info: worker W1 completed task T10
1746984201.604221: 933682-7f0ad0ada700: cdpl_server_sched.c:955: in _assign(): info: assigning task T12 to worker W1
1746984222.002999: 933682-7f0ad12db700: cdpl_server_ipc.c:857: in _sv_on_finish(): info: worker W1 completed task T12
1746984222.003710: 933682-7f0ad0ada700: cdpl_server_sched.c:955: in _assign(): info: assigning task T13 to worker W1
1746984239.662427: 933682-7f0ad12db700: cdpl_server_ipc.c:857: in _sv_on_finish(): info: worker W1 completed task T13
1746984239.662487: 933682-7f0ad0ada700: cdpl_server_sched.c:955: in _assign(): info: assigning task T14 to worker W1
1746984247.143368: 933682-7f0ad12db700: cdpl_server_ipc.c:857: in _sv_on_finish(): info: worker W1 completed task T14
1746984247.143428: 933682-7f0ad0ada700: cdpl_server_sched.c:955: in _assign(): info: assigning task T15 to worker W1
1746984254.867375: 933682-7f0ad12db700: cdpl_server_ipc.c:857: in _sv_on_finish(): info: worker W1 completed task T15
1746984254.867512: 933682-7f0ad0ada700: cdpl_server_sched.c:955: in _assign(): info: assigning task T1 to worker W1
1746984277.655579: 933682-7f0ad12db700: cdpl_server_ipc.c:857: in _sv_on_finish(): info: worker W1 completed task T1
1746984277.655644: 933682-7f0ad0ada700: cdpl_server_sched.c:955: in _assign(): info: assigning task T3 to worker W1
1746984297.140940: 933682-7f0ad12db700: cdpl_server_ipc.c:857: in _sv_on_finish(): info: worker W1 completed task T3
1746984297.141002: 933682-7f0ad0ada700: cdpl_server_sched.c:955: in _assign(): info: assigning task T11 to worker W1
1746984305.346575: 933682-7f0ad12db700: cdpl_server_ipc.c:857: in _sv_on_finish(): info: worker W1 completed task T11
1746984305.346641: 933682-7f0ad0ada700: cdpl_server_sched.c:955: in _assign(): info: assigning task T16 to worker W1
1746984313.485617: 933682-7f0ad12db700: cdpl_server_ipc.c:857: in _sv_on_finish(): info: worker W1 completed task T16
1746984313.485664: 933682-7f0ad0ada700: cdpl_server_sched.c:955: in _assign(): info: assigning task T21 to worker W1
1746984332.684615: 933682-7f0ad12db700: cdpl_server_ipc.c:857: in _sv_on_finish(): info: worker W1 completed task T21
1746984332.684665: 933682-7f0ad0ada700: cdpl_server_sched.c:955: in _assign(): info: assigning task T17 to worker W1
1746984340.603026: 933682-7f0ad12db700: cdpl_server_ipc.c:857: in _sv_on_finish(): info: worker W1 completed task T17
1746984340.603072: 933682-7f0ad0ada700: cdpl_server_sched.c:955: in _assign(): info: assigning task T20 to worker W1
1746984360.853796: 933682-7f0ad12db700: cdpl_server_ipc.c:857: in _sv_on_finish(): info: worker W1 completed task T20
1746984360.853848: 933682-7f0ad0ada700: cdpl_server_sched.c:955: in _assign(): info: assigning task T19 to worker W1
1746984370.086465: 933682-7f0ad12db700: cdpl_server_ipc.c:857: in _sv_on_finish(): info: worker W1 completed task T19
1746984370.086508: 933682-7f0ad0ada700: cdpl_server_sched.c:955: in _assign(): info: assigning task T18 to worker W1
1746984379.277184: 933682-7f0ad12db700: cdpl_server_ipc.c:857: in _sv_on_finish(): info: worker W1 completed task T18
1746984379.277241: 933682-7f0ad0ada700: cdpl_server_sched.c:955: in _assign(): info: assigning task T25 to worker W1
1746984388.110338: 933682-7f0ad12db700: cdpl_server_ipc.c:857: in _sv_on_finish(): info: worker W1 completed task T25
1746984388.110387: 933682-7f0ad0ada700: cdpl_server_sched.c:955: in _assign(): info: assigning task T5 to worker W1
1746984395.745879: 933682-7f0ad12db700: cdpl_server_ipc.c:857: in _sv_on_finish(): info: worker W1 completed task T5
1746984395.745920: 933682-7f0ad0ada700: cdpl_server_sched.c:955: in _assign(): info: assigning task T6 to worker W1
1746984403.439716: 933682-7f0ad12db700: cdpl_server_ipc.c:857: in _sv_on_finish(): info: worker W1 completed task T6
1746984403.439762: 933682-7f0ad0ada700: cdpl_server_sched.c:955: in _assign(): info: assigning task T7 to worker W1
1746984410.915600: 933682-7f0ad12db700: cdpl_server_ipc.c:857: in _sv_on_finish(): info: worker W1 completed task T7
1746984410.915643: 933682-7f0ad0ada700: cdpl_server_sched.c:955: in _assign(): info: assigning task T8 to worker W1
1746984418.404663: 933682-7f0ad12db700: cdpl_server_ipc.c:857: in _sv_on_finish(): info: worker W1 completed task T8
1746984418.404701: 933682-7f0ad0ada700: cdpl_server_sched.c:955: in _assign(): info: assigning task T9 to worker W1
1746984426.123738: 933682-7f0ad12db700: cdpl_server_ipc.c:857: in _sv_on_finish(): info: worker W1 completed task T9
1746984426.123788: 933682-7f0ad0ada700: cdpl_server_sched.c:955: in _assign(): info: assigning task T22 to worker W1
1746984434.002613: 933682-7f0ad12db700: cdpl_server_ipc.c:857: in _sv_on_finish(): info: worker W1 completed task T22
1746984434.002670: 933682-7f0ad0ada700: cdpl_server_sched.c:955: in _assign(): info: assigning task T23 to worker W1
1746984441.994308: 933682-7f0ad12db700: cdpl_server_ipc.c:857: in _sv_on_finish(): info: worker W1 completed task T23
1746984441.994362: 933682-7f0ad0ada700: cdpl_server_sched.c:955: in _assign(): info: assigning task T24 to worker W1
1746984449.927890: 933682-7f0ad12db700: cdpl_server_ipc.c:857: in _sv_on_finish(): info: worker W1 completed task T24
1746984449.927933: 933682-7f0ad0ada700: cdpl_server_sched.c:955: in _assign(): info: assigning task T26 to worker W1
1746984457.886113: 933682-7f0ad12db700: cdpl_server_ipc.c:857: in _sv_on_finish(): info: worker W1 completed task T26
1746984603.612379: 933682-7f0aeaa2b0c0: cdpl_server.c:1824: in _sv_gen_task(): info: new task T27 in B1 (prio 2)
1746984603.613006: 933682-7f0aeaa2b0c0: cdpl_server.c:2558: in cdpl_sv_label_task_va(): info: setting task T27 label to "delay__B__lh__OUT__hl__ACQ_1 of NAND2"
1746984603.613054: 933682-7f0ad0ada700: cdpl_server_sched.c:955: in _assign(): info: assigning task T27 to worker W1
1746984603.613087: 933682-7f0aeaa2b0c0: cdpl_server.c:1824: in _sv_gen_task(): info: new task T28 in B1 (prio 2)
1746984603.613118: 933682-7f0aeaa2b0c0: cdpl_server.c:2558: in cdpl_sv_label_task_va(): info: setting task T28 label to "delay__B__hl__OUT__lh__ACQ_1 of NAND2"
1746984603.613161: 933682-7f0aeaa2b0c0: cdpl_server.c:1824: in _sv_gen_task(): info: new task T29 in B1 (prio 3)
1746984603.613165: 933682-7f0aeaa2b0c0: cdpl_server.c:2558: in cdpl_sv_label_task_va(): info: setting task T29 label to "leakage_power__ACQ_1 of NAND2"
1746984603.613191: 933682-7f0aeaa2b0c0: cdpl_server.c:1824: in _sv_gen_task(): info: new task T30 in B1 (prio 5)
1746984603.613194: 933682-7f0aeaa2b0c0: cdpl_server.c:2558: in cdpl_sv_label_task_va(): info: setting task T30 label to "Cin__VSS__lh__ACQ_1 of NAND2"
1746984603.613216: 933682-7f0aeaa2b0c0: cdpl_server.c:1824: in _sv_gen_task(): info: new task T31 in B1 (prio 5)
1746984603.613219: 933682-7f0aeaa2b0c0: cdpl_server.c:2558: in cdpl_sv_label_task_va(): info: setting task T31 label to "Cin__VSS__hl__ACQ_1 of NAND2"
1746984603.613240: 933682-7f0aeaa2b0c0: cdpl_server.c:1824: in _sv_gen_task(): info: new task T32 in B1 (prio 2)
1746984603.613244: 933682-7f0aeaa2b0c0: cdpl_server.c:2558: in cdpl_sv_label_task_va(): info: setting task T32 label to "delay__A__lh__OUT__hl__ACQ_1 of NAND2"
1746984603.613273: 933682-7f0aeaa2b0c0: cdpl_server.c:1824: in _sv_gen_task(): info: new task T33 in B1 (prio 2)
1746984603.613277: 933682-7f0aeaa2b0c0: cdpl_server.c:2558: in cdpl_sv_label_task_va(): info: setting task T33 label to "delay__A__hl__OUT__lh__ACQ_1 of NAND2"
1746984603.613296: 933682-7f0aeaa2b0c0: cdpl_server.c:1824: in _sv_gen_task(): info: new task T34 in B1 (prio 5)
1746984603.613299: 933682-7f0aeaa2b0c0: cdpl_server.c:2558: in cdpl_sv_label_task_va(): info: setting task T34 label to "Cin__VDD__lh__ACQ_1 of NAND2"
1746984603.613317: 933682-7f0aeaa2b0c0: cdpl_server.c:1824: in _sv_gen_task(): info: new task T35 in B1 (prio 5)
1746984603.613320: 933682-7f0aeaa2b0c0: cdpl_server.c:2558: in cdpl_sv_label_task_va(): info: setting task T35 label to "Cin__VDD__hl__ACQ_1 of NAND2"
1746984611.565498: 933682-7f0ad12db700: cdpl_server_ipc.c:857: in _sv_on_finish(): info: worker W1 completed task T27
1746984611.565541: 933682-7f0ad0ada700: cdpl_server_sched.c:955: in _assign(): info: assigning task T28 to worker W1
1746984619.144692: 933682-7f0ad12db700: cdpl_server_ipc.c:857: in _sv_on_finish(): info: worker W1 completed task T28
1746984619.144738: 933682-7f0ad0ada700: cdpl_server_sched.c:955: in _assign(): info: assigning task T32 to worker W1
1746984626.790270: 933682-7f0ad12db700: cdpl_server_ipc.c:857: in _sv_on_finish(): info: worker W1 completed task T32
1746984626.790313: 933682-7f0ad0ada700: cdpl_server_sched.c:955: in _assign(): info: assigning task T33 to worker W1
1746984634.297516: 933682-7f0ad12db700: cdpl_server_ipc.c:857: in _sv_on_finish(): info: worker W1 completed task T33
1746984634.297562: 933682-7f0ad0ada700: cdpl_server_sched.c:955: in _assign(): info: assigning task T29 to worker W1
1746984641.688195: 933682-7f0ad12db700: cdpl_server_ipc.c:857: in _sv_on_finish(): info: worker W1 completed task T29
1746984641.688246: 933682-7f0ad0ada700: cdpl_server_sched.c:955: in _assign(): info: assigning task T30 to worker W1
1746984649.266853: 933682-7f0ad12db700: cdpl_server_ipc.c:857: in _sv_on_finish(): info: worker W1 completed task T30
1746984649.266905: 933682-7f0ad0ada700: cdpl_server_sched.c:955: in _assign(): info: assigning task T31 to worker W1
1746984656.775276: 933682-7f0ad12db700: cdpl_server_ipc.c:857: in _sv_on_finish(): info: worker W1 completed task T31
1746984656.775327: 933682-7f0ad0ada700: cdpl_server_sched.c:955: in _assign(): info: assigning task T34 to worker W1
1746984664.146573: 933682-7f0ad12db700: cdpl_server_ipc.c:857: in _sv_on_finish(): info: worker W1 completed task T34
1746984664.146636: 933682-7f0ad0ada700: cdpl_server_sched.c:955: in _assign(): info: assigning task T35 to worker W1
1746984671.731886: 933682-7f0ad12db700: cdpl_server_ipc.c:857: in _sv_on_finish(): info: worker W1 completed task T35
1746984993.130914: 933682-7f0aeaa2b0c0: cdpl_server.c:1824: in _sv_gen_task(): info: new task T36 in B1 (prio 3)
1746984993.131444: 933682-7f0aeaa2b0c0: cdpl_server.c:2558: in cdpl_sv_label_task_va(): info: setting task T36 label to "leakage_power__ACQ_1 of OAI22"
1746984993.131492: 933682-7f0aeaa2b0c0: cdpl_server.c:1824: in _sv_gen_task(): info: new task T37 in B1 (prio 5)
1746984993.131502: 933682-7f0ad0ada700: cdpl_server_sched.c:955: in _assign(): info: assigning task T36 to worker W1
1746984993.131558: 933682-7f0aeaa2b0c0: cdpl_server.c:2558: in cdpl_sv_label_task_va(): info: setting task T37 label to "Cin__VSS__hl__ACQ_1 of OAI22"
1746984993.131607: 933682-7f0aeaa2b0c0: cdpl_server.c:1824: in _sv_gen_task(): info: new task T38 in B1 (prio 5)
1746984993.131612: 933682-7f0aeaa2b0c0: cdpl_server.c:2558: in cdpl_sv_label_task_va(): info: setting task T38 label to "Cin__VSS__lh__ACQ_1 of OAI22"
1746984993.131643: 933682-7f0aeaa2b0c0: cdpl_server.c:1824: in _sv_gen_task(): info: new task T39 in B1 (prio 2)
1746984993.131646: 933682-7f0aeaa2b0c0: cdpl_server.c:2558: in cdpl_sv_label_task_va(): info: setting task T39 label to "delay__A__hl__OUT__lh__ACQ_1 of OAI22"
1746984993.131670: 933682-7f0aeaa2b0c0: cdpl_server.c:1824: in _sv_gen_task(): info: new task T40 in B1 (prio 2)
1746984993.131678: 933682-7f0aeaa2b0c0: cdpl_server.c:2558: in cdpl_sv_label_task_va(): info: setting task T40 label to "delay__A__lh__OUT__hl__ACQ_1 of OAI22"
1746984993.131701: 933682-7f0aeaa2b0c0: cdpl_server.c:1824: in _sv_gen_task(): info: new task T41 in B1 (prio 2)
1746984993.131704: 933682-7f0aeaa2b0c0: cdpl_server.c:2558: in cdpl_sv_label_task_va(): info: setting task T41 label to "delay__B__hl__OUT__lh__ACQ_1 of OAI22"
1746984993.131725: 933682-7f0aeaa2b0c0: cdpl_server.c:1824: in _sv_gen_task(): info: new task T42 in B1 (prio 2)
1746984993.131728: 933682-7f0aeaa2b0c0: cdpl_server.c:2558: in cdpl_sv_label_task_va(): info: setting task T42 label to "delay__B__lh__OUT__hl__ACQ_1 of OAI22"
1746984993.131748: 933682-7f0aeaa2b0c0: cdpl_server.c:1824: in _sv_gen_task(): info: new task T43 in B1 (prio 2)
1746984993.131751: 933682-7f0aeaa2b0c0: cdpl_server.c:2558: in cdpl_sv_label_task_va(): info: setting task T43 label to "delay__C__hl__OUT__lh__ACQ_1 of OAI22"
1746984993.131770: 933682-7f0aeaa2b0c0: cdpl_server.c:1824: in _sv_gen_task(): info: new task T44 in B1 (prio 2)
1746984993.131773: 933682-7f0aeaa2b0c0: cdpl_server.c:2558: in cdpl_sv_label_task_va(): info: setting task T44 label to "delay__C__lh__OUT__hl__ACQ_1 of OAI22"
1746984993.131792: 933682-7f0aeaa2b0c0: cdpl_server.c:1824: in _sv_gen_task(): info: new task T45 in B1 (prio 2)
1746984993.131795: 933682-7f0aeaa2b0c0: cdpl_server.c:2558: in cdpl_sv_label_task_va(): info: setting task T45 label to "delay__D__hl__OUT__lh__ACQ_1 of OAI22"
1746984993.131814: 933682-7f0aeaa2b0c0: cdpl_server.c:1824: in _sv_gen_task(): info: new task T46 in B1 (prio 2)
1746984993.131817: 933682-7f0aeaa2b0c0: cdpl_server.c:2558: in cdpl_sv_label_task_va(): info: setting task T46 label to "delay__D__lh__OUT__hl__ACQ_1 of OAI22"
1746984993.131835: 933682-7f0aeaa2b0c0: cdpl_server.c:1824: in _sv_gen_task(): info: new task T47 in B1 (prio 5)
1746984993.131838: 933682-7f0aeaa2b0c0: cdpl_server.c:2558: in cdpl_sv_label_task_va(): info: setting task T47 label to "Cin__VDD__hl__ACQ_1 of OAI22"
1746984993.131856: 933682-7f0aeaa2b0c0: cdpl_server.c:1824: in _sv_gen_task(): info: new task T48 in B1 (prio 5)
1746984993.131859: 933682-7f0aeaa2b0c0: cdpl_server.c:2558: in cdpl_sv_label_task_va(): info: setting task T48 label to "Cin__VDD__lh__ACQ_1 of OAI22"
1746985000.558536: 933682-7f0ad12db700: cdpl_server_ipc.c:857: in _sv_on_finish(): info: worker W1 completed task T36
1746985000.558578: 933682-7f0ad0ada700: cdpl_server_sched.c:955: in _assign(): info: assigning task T39 to worker W1
1746985008.170223: 933682-7f0ad12db700: cdpl_server_ipc.c:857: in _sv_on_finish(): info: worker W1 completed task T39
1746985008.170263: 933682-7f0ad0ada700: cdpl_server_sched.c:955: in _assign(): info: assigning task T40 to worker W1
1746985015.800246: 933682-7f0ad12db700: cdpl_server_ipc.c:857: in _sv_on_finish(): info: worker W1 completed task T40
1746985015.800292: 933682-7f0ad0ada700: cdpl_server_sched.c:955: in _assign(): info: assigning task T41 to worker W1
1746985023.419725: 933682-7f0ad12db700: cdpl_server_ipc.c:857: in _sv_on_finish(): info: worker W1 completed task T41
1746985023.419761: 933682-7f0ad0ada700: cdpl_server_sched.c:955: in _assign(): info: assigning task T42 to worker W1
1746985031.035011: 933682-7f0ad12db700: cdpl_server_ipc.c:857: in _sv_on_finish(): info: worker W1 completed task T42
1746985031.035054: 933682-7f0ad0ada700: cdpl_server_sched.c:955: in _assign(): info: assigning task T43 to worker W1
1746985038.877662: 933682-7f0ad12db700: cdpl_server_ipc.c:857: in _sv_on_finish(): info: worker W1 completed task T43
1746985038.877699: 933682-7f0ad0ada700: cdpl_server_sched.c:955: in _assign(): info: assigning task T44 to worker W1
1746985046.564619: 933682-7f0ad12db700: cdpl_server_ipc.c:857: in _sv_on_finish(): info: worker W1 completed task T44
1746985046.564654: 933682-7f0ad0ada700: cdpl_server_sched.c:955: in _assign(): info: assigning task T45 to worker W1
1746985054.141487: 933682-7f0ad12db700: cdpl_server_ipc.c:857: in _sv_on_finish(): info: worker W1 completed task T45
1746985054.141545: 933682-7f0ad0ada700: cdpl_server_sched.c:955: in _assign(): info: assigning task T46 to worker W1
1746985061.883029: 933682-7f0ad12db700: cdpl_server_ipc.c:857: in _sv_on_finish(): info: worker W1 completed task T46
1746985061.883070: 933682-7f0ad0ada700: cdpl_server_sched.c:955: in _assign(): info: assigning task T37 to worker W1
1746985069.588001: 933682-7f0ad12db700: cdpl_server_ipc.c:857: in _sv_on_finish(): info: worker W1 completed task T37
1746985069.588035: 933682-7f0ad0ada700: cdpl_server_sched.c:955: in _assign(): info: assigning task T38 to worker W1
1746985077.008834: 933682-7f0ad12db700: cdpl_server_ipc.c:857: in _sv_on_finish(): info: worker W1 completed task T38
1746985077.008869: 933682-7f0ad0ada700: cdpl_server_sched.c:955: in _assign(): info: assigning task T47 to worker W1
1746985084.443784: 933682-7f0ad12db700: cdpl_server_ipc.c:857: in _sv_on_finish(): info: worker W1 completed task T47
1746985084.443817: 933682-7f0ad0ada700: cdpl_server_sched.c:955: in _assign(): info: assigning task T48 to worker W1
1746985092.327325: 933682-7f0ad12db700: cdpl_server_ipc.c:857: in _sv_on_finish(): info: worker W1 completed task T48
1746985259.834657: 933682-7f0aeaa2b0c0: cdpl_server.c:1824: in _sv_gen_task(): info: new task T49 in B1 (prio 3)
1746985259.835246: 933682-7f0aeaa2b0c0: cdpl_server.c:2558: in cdpl_sv_label_task_va(): info: setting task T49 label to "leakage_power__ACQ_1 of XNOR2"
1746985259.835293: 933682-7f0ad0ada700: cdpl_server_sched.c:955: in _assign(): info: assigning task T49 to worker W1
1746985259.835334: 933682-7f0aeaa2b0c0: cdpl_server.c:1824: in _sv_gen_task(): info: new task T50 in B1 (prio 5)
1746985259.835340: 933682-7f0aeaa2b0c0: cdpl_server.c:2558: in cdpl_sv_label_task_va(): info: setting task T50 label to "Cin__VSS__hl__ACQ_1 of XNOR2"
1746985259.835380: 933682-7f0aeaa2b0c0: cdpl_server.c:1824: in _sv_gen_task(): info: new task T51 in B1 (prio 5)
1746985259.835385: 933682-7f0aeaa2b0c0: cdpl_server.c:2558: in cdpl_sv_label_task_va(): info: setting task T51 label to "Cin__VSS__lh__ACQ_1 of XNOR2"
1746985259.835441: 933682-7f0aeaa2b0c0: cdpl_server.c:1824: in _sv_gen_task(): info: new task T52 in B1 (prio 2)
1746985259.835445: 933682-7f0aeaa2b0c0: cdpl_server.c:2558: in cdpl_sv_label_task_va(): info: setting task T52 label to "delay__A__hl__OUT__hl__ACQ_1 of XNOR2"
1746985259.835480: 933682-7f0aeaa2b0c0: cdpl_server.c:1824: in _sv_gen_task(): info: new task T53 in B1 (prio 2)
1746985259.835483: 933682-7f0aeaa2b0c0: cdpl_server.c:2558: in cdpl_sv_label_task_va(): info: setting task T53 label to "delay__A__hl__OUT__lh__ACQ_1 of XNOR2"
1746985259.835510: 933682-7f0aeaa2b0c0: cdpl_server.c:1824: in _sv_gen_task(): info: new task T54 in B1 (prio 2)
1746985259.835513: 933682-7f0aeaa2b0c0: cdpl_server.c:2558: in cdpl_sv_label_task_va(): info: setting task T54 label to "delay__A__lh__OUT__hl__ACQ_1 of XNOR2"
1746985259.835541: 933682-7f0aeaa2b0c0: cdpl_server.c:1824: in _sv_gen_task(): info: new task T55 in B1 (prio 2)
1746985259.835544: 933682-7f0aeaa2b0c0: cdpl_server.c:2558: in cdpl_sv_label_task_va(): info: setting task T55 label to "delay__A__lh__OUT__lh__ACQ_1 of XNOR2"
1746985259.835565: 933682-7f0aeaa2b0c0: cdpl_server.c:1824: in _sv_gen_task(): info: new task T56 in B1 (prio 2)
1746985259.835568: 933682-7f0aeaa2b0c0: cdpl_server.c:2558: in cdpl_sv_label_task_va(): info: setting task T56 label to "delay__B__hl__OUT__hl__ACQ_1 of XNOR2"
1746985259.835600: 933682-7f0aeaa2b0c0: cdpl_server.c:1824: in _sv_gen_task(): info: new task T57 in B1 (prio 2)
1746985259.835603: 933682-7f0aeaa2b0c0: cdpl_server.c:2558: in cdpl_sv_label_task_va(): info: setting task T57 label to "delay__B__hl__OUT__lh__ACQ_1 of XNOR2"
1746985259.835624: 933682-7f0aeaa2b0c0: cdpl_server.c:1824: in _sv_gen_task(): info: new task T58 in B1 (prio 2)
1746985259.835627: 933682-7f0aeaa2b0c0: cdpl_server.c:2558: in cdpl_sv_label_task_va(): info: setting task T58 label to "delay__B__lh__OUT__hl__ACQ_1 of XNOR2"
1746985259.835646: 933682-7f0aeaa2b0c0: cdpl_server.c:1824: in _sv_gen_task(): info: new task T59 in B1 (prio 2)
1746985259.835653: 933682-7f0aeaa2b0c0: cdpl_server.c:2558: in cdpl_sv_label_task_va(): info: setting task T59 label to "delay__B__lh__OUT__lh__ACQ_1 of XNOR2"
1746985259.835672: 933682-7f0aeaa2b0c0: cdpl_server.c:1824: in _sv_gen_task(): info: new task T60 in B1 (prio 5)
1746985259.835674: 933682-7f0aeaa2b0c0: cdpl_server.c:2558: in cdpl_sv_label_task_va(): info: setting task T60 label to "Cin__VDD__hl__ACQ_1 of XNOR2"
1746985259.835693: 933682-7f0aeaa2b0c0: cdpl_server.c:1824: in _sv_gen_task(): info: new task T61 in B1 (prio 5)
1746985259.835696: 933682-7f0aeaa2b0c0: cdpl_server.c:2558: in cdpl_sv_label_task_va(): info: setting task T61 label to "Cin__VDD__lh__ACQ_1 of XNOR2"
1746985267.549504: 933682-7f0ad12db700: cdpl_server_ipc.c:857: in _sv_on_finish(): info: worker W1 completed task T49
1746985267.549548: 933682-7f0ad0ada700: cdpl_server_sched.c:955: in _assign(): info: assigning task T52 to worker W1
1746985275.311521: 933682-7f0ad12db700: cdpl_server_ipc.c:857: in _sv_on_finish(): info: worker W1 completed task T52
1746985275.311564: 933682-7f0ad0ada700: cdpl_server_sched.c:955: in _assign(): info: assigning task T53 to worker W1
1746985283.075506: 933682-7f0ad12db700: cdpl_server_ipc.c:857: in _sv_on_finish(): info: worker W1 completed task T53
1746985283.075559: 933682-7f0ad0ada700: cdpl_server_sched.c:955: in _assign(): info: assigning task T54 to worker W1
1746985291.242057: 933682-7f0ad12db700: cdpl_server_ipc.c:857: in _sv_on_finish(): info: worker W1 completed task T54
1746985291.242106: 933682-7f0ad0ada700: cdpl_server_sched.c:955: in _assign(): info: assigning task T55 to worker W1
1746985299.021780: 933682-7f0ad12db700: cdpl_server_ipc.c:857: in _sv_on_finish(): info: worker W1 completed task T55
1746985299.021819: 933682-7f0ad0ada700: cdpl_server_sched.c:955: in _assign(): info: assigning task T56 to worker W1
1746985306.908633: 933682-7f0ad12db700: cdpl_server_ipc.c:857: in _sv_on_finish(): info: worker W1 completed task T56
1746985306.908683: 933682-7f0ad0ada700: cdpl_server_sched.c:955: in _assign(): info: assigning task T57 to worker W1
1746985314.753930: 933682-7f0ad12db700: cdpl_server_ipc.c:857: in _sv_on_finish(): info: worker W1 completed task T57
1746985314.753971: 933682-7f0ad0ada700: cdpl_server_sched.c:955: in _assign(): info: assigning task T58 to worker W1
1746985322.625153: 933682-7f0ad12db700: cdpl_server_ipc.c:857: in _sv_on_finish(): info: worker W1 completed task T58
1746985322.625192: 933682-7f0ad0ada700: cdpl_server_sched.c:955: in _assign(): info: assigning task T59 to worker W1
1746985330.631099: 933682-7f0ad12db700: cdpl_server_ipc.c:857: in _sv_on_finish(): info: worker W1 completed task T59
1746985330.631125: 933682-7f0ad0ada700: cdpl_server_sched.c:955: in _assign(): info: assigning task T50 to worker W1
1746985338.004990: 933682-7f0ad12db700: cdpl_server_ipc.c:857: in _sv_on_finish(): info: worker W1 completed task T50
1746985338.005025: 933682-7f0ad0ada700: cdpl_server_sched.c:955: in _assign(): info: assigning task T51 to worker W1
1746985345.425010: 933682-7f0ad12db700: cdpl_server_ipc.c:857: in _sv_on_finish(): info: worker W1 completed task T51
1746985345.425049: 933682-7f0ad0ada700: cdpl_server_sched.c:955: in _assign(): info: assigning task T60 to worker W1
1746985353.037281: 933682-7f0ad12db700: cdpl_server_ipc.c:857: in _sv_on_finish(): info: worker W1 completed task T60
1746985353.037307: 933682-7f0ad0ada700: cdpl_server_sched.c:955: in _assign(): info: assigning task T61 to worker W1
1746985360.742759: 933682-7f0ad12db700: cdpl_server_ipc.c:857: in _sv_on_finish(): info: worker W1 completed task T61
1746985490.527559: 933682-7f0aeaa2b0c0: cdpl_compat_master.c:5152: in cdplMasterLogInfo(): info: [non-CDPL log entry] Ending current CDPL job
1746985490.528254: 933682-7f0aeaa2b0c0: cdpl_server.c:2890: in cdpl_sv_halt_job_errno(): info: stopping job J1
1746985490.528450: 933682-7f0ad0ada700: cdpl_server_sched.c:2711: in _sv_drop_worker(): info: down to 0 alive workers in B1
1746985490.528523: 933682-7f0aeaa2b0c0: cdpl_server.c:2875: in cdpl_sv_halt_job_errno(): info: killing job J1
1746985490.528543: 933682-7f0aeaa2b0c0: cdpl_server.c:288: in _sv_free_job(): info: freeing job J1
1746985490.528631: 933682-7f0aeaa2b0c0: cdpl_farm.c:2395: in cdpl_farm_free(): info: freeing farm
1746985490.529760: 933682-7f0aeaa2b0c0: cdpl_server.c:3011: in cdpl_sv_free(): info: freeing server S1241359643
1746985490.529765: 933682-7f0aeaa2b0c0: cdpl_server.c:2976: in cdpl_sv_kill_errno(): info: killing server
1746985490.530253: 933682-7f0aeaa2b0c0: cdpl_server.c:328: in _sv_free_master(): info: freeing master M1
1746985490.530305: 933682-7f0aeaa2b0c0: cdpl_log.c:371: in cdpl_log_close(): info: @@end_of_log@@
