1747005849.501560: 2661669-7fdc3255c0c0: cdpl_log.c:228: in cdpl_log_open(): info: @@start_of_log@@
1747005849.501581: 2661669-7fdc3255c0c0: cdpl_log.c:866: in cdpl_log_dump_sysinfo(): info: time: 2025/05/11 18:24:09 CDT -0500
1747005849.501585: 2661669-7fdc3255c0c0: cdpl_log.c:868: in cdpl_log_dump_sysinfo(): info: version: T-2022.03 
1747005849.501587: 2661669-7fdc3255c0c0: cdpl_log.c:870: in cdpl_log_dump_sysinfo(): info: system: Linux 4.18.0-553.46.1.el8_10.x86_64 #1 SMP Sat Mar 15 01:37:33 EDT 2025
1747005849.501589: 2661669-7fdc3255c0c0: cdpl_log.c:875: in cdpl_log_dump_sysinfo(): info: processor: x86_64 64-bits
1747005849.501591: 2661669-7fdc3255c0c0: cdpl_log.c:879: in cdpl_log_dump_sysinfo(): info: hostname: engnx04a.utdallas.edu
1747005849.501594: 2661669-7fdc3255c0c0: cdpl_log.c:230: in cdpl_log_open(): debug: path: /home/010/e/eb/ebw220000/cad/EE4325_UART_Project/gf65/primelib_gf65/DFF/runtime/cdpl/pid2661669/master.engnx04a.utdallas.edu.2661669.log
1747005849.501597: 2661669-7fdc3255c0c0: cdpl_log.c:231: in cdpl_log_open(): debug: dir: /home/010/e/eb/ebw220000/cad/EE4325_UART_Project/gf65/primelib_gf65/DFF/runtime/cdpl/pid2661669
1747005849.501602: 2661669-7fdc3255c0c0: cdpl_log.c:758: in cdpl_log_set_filter(): info: filter level 1
1747005849.501619: 2661669-7fdc3255c0c0: cdpl_server.c:543: in cdpl_sv_init(): info: new server S1624191782
1747005849.501630: 2661669-7fdc3255c0c0: cdpl_ipc.c:3030: in cdpl_ipc_init(): info: requesting IPv4 protocol
1747005849.502418: 2661669-7fdc3255c0c0: cdpl_ipc.c:800: in _selectaddrfamily(): info: selected IPv4 protocol
1747005849.502788: 2661669-7fdc3255c0c0: cdpl_server.c:657: in cdpl_sv_new_master(): info: new master M1
1747005849.502801: 2661669-7fdc3255c0c0: cdpl_server.c:5494: in cdpl_sv_ctl_master(): info: Setting worker heartbeat to 60 seconds
1747005849.502804: 2661669-7fdc3255c0c0: cdpl_server.c:5503: in cdpl_sv_ctl_master(): info: Setting worker heartbeat timeout to 3 heartbeats
1747005849.502807: 2661669-7fdc3255c0c0: cdpl_compat_master.c:2407: in cdplInitMaster(): info: bcast dir is `/dev/null'
1747005849.502859: 2661669-7fdc3255c0c0: cdpl_server.c:5394: in cdpl_sv_ctl_master(): info: farm worker timeout set to 36000
1747005849.502863: 2661669-7fdc3255c0c0: cdpl_server.c:5410: in cdpl_sv_ctl_master(): info: grid worker timeout set to 36000
1747005849.502866: 2661669-7fdc3255c0c0: cdpl_server.c:5438: in cdpl_sv_ctl_master(): info: farm submit command failure threshold set to 100
1747005849.502883: 2661669-7fdc3255c0c0: cdpl_farm.c:2268: in cdpl_farm_new_sh(): info: creating SH farm on localhost
1747005849.502900: 2661669-7fdc3255c0c0: cdpl_compat_master.c:207: in _set_farm_env(): info: exporting CDPL_LOGDIR as `/home/010/e/eb/ebw220000/cad/EE4325_UART_Project/gf65/primelib_gf65/DFF/runtime/cdpl/pid2661669'
1747005849.502904: 2661669-7fdc3255c0c0: cdpl_compat_master.c:213: in _set_farm_env(): info: exporting CDPL_TMPDIR as `/var/tmp'
1747005849.502907: 2661669-7fdc3255c0c0: cdpl_compat_master.c:220: in _set_farm_env(): info: exporting CDPL_HOME as `/proj/cad/synopsys/synopsys_2021/primelib/T-2022.03-SP1/cdpl_runtime_linux64'
1747005849.502910: 2661669-7fdc3255c0c0: cdpl_compat_master.c:227: in _set_farm_env(): info: exporting SNPSLMD_LICENSE_FILE as `1700@engdmv.utdallas.edu'
1747005849.502914: 2661669-7fdc3255c0c0: cdpl_compat_master.c:247: in _set_farm_env(): info: exporting CDPL_OPTIONS as `[filter][nowlogs]'
1747005849.502916: 2661669-7fdc3255c0c0: cdpl_compat_master.c:254: in _set_farm_env(): info: exporting DISPLAY as `:1073'
1747005849.502919: 2661669-7fdc3255c0c0: cdpl_compat_master.c:262: in _set_farm_env(): info: exporting CDPL_HEARTBEAT as `60'
1747005849.502924: 2661669-7fdc3255c0c0: cdpl_compat_master.c:348: in _set_farm_env(): info: exporting SIS_MALIBU as `2'
1747005849.502926: 2661669-7fdc3255c0c0: cdpl_compat_master.c:348: in _set_farm_env(): info: exporting SIS_CDPL as `5'
1747005849.566512: 2661669-7fdc3255c0c0: cdpl_server.c:738: in cdpl_sv_new_job(): info: new job J1 in M1
1747005849.566529: 2661669-7fdc3255c0c0: cdpl_compat_master.c:1314: in _add_worker(): info: new worker type 100, min:1, max:1, cmd:`/home/010/e/eb/ebw220000/cad/EE4325_UART_Project/gf65/primelib_gf65/DFF/runtime/cdpl/pid2661669/run_2661669.sh'
1747005849.566543: 2661669-7fdc3255c0c0: cdpl_server.c:900: in cdpl_sv_new_bin_withfarm(): info: new bin B1 in J1
1747005849.571824: 2661669-7fdc3255c0c0: cdpl_server.c:3116: in cdpl_sv_start_job(): info: starting job J1
1747005849.583081: 2661669-7fdc3255c0c0: cdpl_server.c:1824: in _sv_gen_task(): info: new task T0 in B1 (prio -1)
1747005849.583089: 2661669-7fdc3255c0c0: cdpl_server.c:2558: in cdpl_sv_label_task_va(): info: setting task T0 label to "initialization__ACQ_6 of DFF"
1747005849.583149: 2661669-7fdc3255c0c0: cdpl_server.c:1824: in _sv_gen_task(): info: new task T1 in B1 (prio -1)
1747005849.583213: 2661669-7fdc1860b700: cdpl_server_sched.c:700: in _sv_launch_worker(): info: started worker W1 (as C1) in bin B1
1747005849.583233: 2661669-7fdc3255c0c0: cdpl_server.c:2558: in cdpl_sv_label_task_va(): info: setting task T1 label to "setup_hbm__D__lh__CLK__lh__ACQ_1 of DFF"
1747005849.583248: 2661669-7fdc17e0a700: cdpl_farm.c:1899: in _schedule(): info: worker submit failure threshold set to 100
1747005849.583266: 2661669-7fdc17e0a700: cdpl_sh.c:49: in _sh_detached_submit(): info: SH : /home/010/e/eb/ebw220000/cad/EE4325_UART_Project/gf65/primelib_gf65/DFF/runtime/cdpl/pid2661669/run_2661669.sh
1747005849.583269: 2661669-7fdc3255c0c0: cdpl_server.c:1824: in _sv_gen_task(): info: new task T2 in B1 (prio -1)
1747005849.583274: 2661669-7fdc3255c0c0: cdpl_server.c:2558: in cdpl_sv_label_task_va(): info: setting task T2 label to "initialization__ACQ_5 of DFF"
1747005849.588641: 2661669-7fdc3255c0c0: cdpl_server.c:1824: in _sv_gen_task(): info: new task T3 in B1 (prio -1)
1747005849.588663: 2661669-7fdc3255c0c0: cdpl_server.c:2558: in cdpl_sv_label_task_va(): info: setting task T3 label to "setup_hbm__D__hl__CLK__lh__ACQ_1 of DFF"
1747005849.588879: 2661669-7fdc3255c0c0: cdpl_server.c:1824: in _sv_gen_task(): info: new task T4 in B1 (prio -1)
1747005849.588883: 2661669-7fdc3255c0c0: cdpl_server.c:2558: in cdpl_sv_label_task_va(): info: setting task T4 label to "initialization__ACQ_3 of DFF"
1747005849.588975: 2661669-7fdc3255c0c0: cdpl_server.c:1824: in _sv_gen_task(): info: new task T5 in B1 (prio 3)
1747005849.588979: 2661669-7fdc3255c0c0: cdpl_server.c:2558: in cdpl_sv_label_task_va(): info: setting task T5 label to "leakage_power__ACQ_1 of DFF"
1747005849.589008: 2661669-7fdc3255c0c0: cdpl_server.c:1824: in _sv_gen_task(): info: new task T6 in B1 (prio 5)
1747005849.589011: 2661669-7fdc3255c0c0: cdpl_server.c:2558: in cdpl_sv_label_task_va(): info: setting task T6 label to "Cin__D__hl__ACQ_1 of DFF"
1747005849.589050: 2661669-7fdc3255c0c0: cdpl_server.c:1824: in _sv_gen_task(): info: new task T7 in B1 (prio 5)
1747005849.589053: 2661669-7fdc3255c0c0: cdpl_server.c:2558: in cdpl_sv_label_task_va(): info: setting task T7 label to "Cin__D__lh__ACQ_1 of DFF"
1747005849.589077: 2661669-7fdc3255c0c0: cdpl_server.c:1824: in _sv_gen_task(): info: new task T8 in B1 (prio 5)
1747005849.589080: 2661669-7fdc3255c0c0: cdpl_server.c:2558: in cdpl_sv_label_task_va(): info: setting task T8 label to "Cin__VSS__hl__ACQ_1 of DFF"
1747005849.589108: 2661669-7fdc3255c0c0: cdpl_server.c:1824: in _sv_gen_task(): info: new task T9 in B1 (prio 5)
1747005849.589111: 2661669-7fdc3255c0c0: cdpl_server.c:2558: in cdpl_sv_label_task_va(): info: setting task T9 label to "Cin__VSS__lh__ACQ_1 of DFF"
1747005849.589151: 2661669-7fdc3255c0c0: cdpl_server.c:1824: in _sv_gen_task(): info: new task T10 in B1 (prio -1)
1747005849.589154: 2661669-7fdc3255c0c0: cdpl_server.c:2558: in cdpl_sv_label_task_va(): info: setting task T10 label to "initialization__ACQ_4 of DFF"
1747005849.589186: 2661669-7fdc3255c0c0: cdpl_server.c:1824: in _sv_gen_task(): info: new task T11 in B1 (prio -1)
1747005849.589189: 2661669-7fdc3255c0c0: cdpl_server.c:2558: in cdpl_sv_label_task_va(): info: setting task T11 label to "ncmpw_hbm__CLK__hl__CLK__lh__ACQ_1 of DFF"
1747005849.589222: 2661669-7fdc3255c0c0: cdpl_server.c:1824: in _sv_gen_task(): info: new task T12 in B1 (prio -1)
1747005849.589229: 2661669-7fdc3255c0c0: cdpl_server.c:2558: in cdpl_sv_label_task_va(): info: setting task T12 label to "removal_hbm__R__hl__CLK__lh__ACQ_1 of DFF"
1747005849.589268: 2661669-7fdc3255c0c0: cdpl_server.c:1824: in _sv_gen_task(): info: new task T13 in B1 (prio -1)
1747005849.589271: 2661669-7fdc3255c0c0: cdpl_server.c:2558: in cdpl_sv_label_task_va(): info: setting task T13 label to "recover_hbm__R__hl__CLK__lh__ACQ_1 of DFF"
1747005849.589315: 2661669-7fdc3255c0c0: cdpl_server.c:1824: in _sv_gen_task(): info: new task T14 in B1 (prio -1)
1747005849.589318: 2661669-7fdc3255c0c0: cdpl_server.c:2558: in cdpl_sv_label_task_va(): info: setting task T14 label to "initialization__ACQ_1 of DFF"
1747005849.589346: 2661669-7fdc3255c0c0: cdpl_server.c:1824: in _sv_gen_task(): info: new task T15 in B1 (prio -1)
1747005849.589349: 2661669-7fdc3255c0c0: cdpl_server.c:2558: in cdpl_sv_label_task_va(): info: setting task T15 label to "initialization__ACQ_2 of DFF"
1747005849.589411: 2661669-7fdc3255c0c0: cdpl_server.c:1824: in _sv_gen_task(): info: new task T16 in B1 (prio -1)
1747005849.589414: 2661669-7fdc3255c0c0: cdpl_server.c:2558: in cdpl_sv_label_task_va(): info: setting task T16 label to "cmpw_hbm__CLK__lh__CLK__hl__ACQ_1 of DFF"
1747005849.589446: 2661669-7fdc3255c0c0: cdpl_server.c:1824: in _sv_gen_task(): info: new task T17 in B1 (prio -1)
1747005849.589449: 2661669-7fdc3255c0c0: cdpl_server.c:2558: in cdpl_sv_label_task_va(): info: setting task T17 label to "cmpw_hbm__R__lh__R__hl__ACQ_1 of DFF"
1747005849.589482: 2661669-7fdc3255c0c0: cdpl_server.c:1824: in _sv_gen_task(): info: new task T18 in B1 (prio 2)
1747005849.589486: 2661669-7fdc3255c0c0: cdpl_server.c:2558: in cdpl_sv_label_task_va(): info: setting task T18 label to "delay__CLK__lh__Q__hl__ACQ_1 of DFF"
1747005849.589519: 2661669-7fdc3255c0c0: cdpl_server.c:1824: in _sv_gen_task(): info: new task T19 in B1 (prio 2)
1747005849.589527: 2661669-7fdc3255c0c0: cdpl_server.c:2558: in cdpl_sv_label_task_va(): info: setting task T19 label to "delay__CLK__lh__Q__lh__ACQ_1 of DFF"
1747005849.589594: 2661669-7fdc3255c0c0: cdpl_server.c:1824: in _sv_gen_task(): info: new task T20 in B1 (prio -1)
1747005849.589598: 2661669-7fdc3255c0c0: cdpl_server.c:2558: in cdpl_sv_label_task_va(): info: setting task T20 label to "hold_hbm__D__lh__CLK__lh__ACQ_1 of DFF"
1747005849.589634: 2661669-7fdc3255c0c0: cdpl_server.c:1824: in _sv_gen_task(): info: new task T21 in B1 (prio -1)
1747005849.589639: 2661669-7fdc3255c0c0: cdpl_server.c:2558: in cdpl_sv_label_task_va(): info: setting task T21 label to "hold_hbm__D__hl__CLK__lh__ACQ_1 of DFF"
1747005849.589669: 2661669-7fdc3255c0c0: cdpl_server.c:1824: in _sv_gen_task(): info: new task T22 in B1 (prio 5)
1747005849.589674: 2661669-7fdc3255c0c0: cdpl_server.c:2558: in cdpl_sv_label_task_va(): info: setting task T22 label to "Cin__CLK__hl__ACQ_1 of DFF"
1747005849.589714: 2661669-7fdc3255c0c0: cdpl_server.c:1824: in _sv_gen_task(): info: new task T23 in B1 (prio 5)
1747005849.589718: 2661669-7fdc3255c0c0: cdpl_server.c:2558: in cdpl_sv_label_task_va(): info: setting task T23 label to "Cin__VDD__hl__ACQ_1 of DFF"
1747005849.589740: 2661669-7fdc3255c0c0: cdpl_server.c:1824: in _sv_gen_task(): info: new task T24 in B1 (prio 5)
1747005849.589743: 2661669-7fdc3255c0c0: cdpl_server.c:2558: in cdpl_sv_label_task_va(): info: setting task T24 label to "Cin__VDD__lh__ACQ_1 of DFF"
1747005849.589797: 2661669-7fdc3255c0c0: cdpl_server.c:1824: in _sv_gen_task(): info: new task T25 in B1 (prio 2)
1747005849.589800: 2661669-7fdc3255c0c0: cdpl_server.c:2558: in cdpl_sv_label_task_va(): info: setting task T25 label to "delay__R__lh__Q__hl__ACQ_1 of DFF"
1747005849.589825: 2661669-7fdc3255c0c0: cdpl_server.c:1824: in _sv_gen_task(): info: new task T26 in B1 (prio 5)
1747005849.589828: 2661669-7fdc3255c0c0: cdpl_server.c:2558: in cdpl_sv_label_task_va(): info: setting task T26 label to "Cin__R__hl__ACQ_1 of DFF"
1747005850.334582: 2661669-7fdc18e0c700: cdpl_server_ipc.c:452: in _sv_on_hello(): info: W1 is `10.182.66.69:35528'
1747005850.334606: 2661669-7fdc18e0c700: cdpl_server_ipc.c:454: in _sv_on_hello(): info: W1 log file is /dev/null
1747005850.334620: 2661669-7fdc18e0c700: cdpl_server_ipc.c:481: in _sv_on_hello(): info: up to 1 alive workers in B1
1747005850.334673: 2661669-7fdc1860b700: cdpl_server_sched.c:955: in _assign(): info: assigning task T0 to worker W1
1747005858.275523: 2661669-7fdc18e0c700: cdpl_server_ipc.c:857: in _sv_on_finish(): info: worker W1 completed task T0
1747005858.276159: 2661669-7fdc1860b700: cdpl_server_sched.c:955: in _assign(): info: assigning task T2 to worker W1
1747005865.882982: 2661669-7fdc18e0c700: cdpl_server_ipc.c:857: in _sv_on_finish(): info: worker W1 completed task T2
1747005865.883025: 2661669-7fdc1860b700: cdpl_server_sched.c:955: in _assign(): info: assigning task T4 to worker W1
1747005873.464391: 2661669-7fdc18e0c700: cdpl_server_ipc.c:857: in _sv_on_finish(): info: worker W1 completed task T4
1747005873.464436: 2661669-7fdc1860b700: cdpl_server_sched.c:955: in _assign(): info: assigning task T10 to worker W1
1747005881.060238: 2661669-7fdc18e0c700: cdpl_server_ipc.c:857: in _sv_on_finish(): info: worker W1 completed task T10
1747005881.060284: 2661669-7fdc1860b700: cdpl_server_sched.c:955: in _assign(): info: assigning task T12 to worker W1
1747005901.640057: 2661669-7fdc18e0c700: cdpl_server_ipc.c:857: in _sv_on_finish(): info: worker W1 completed task T12
1747005901.640689: 2661669-7fdc1860b700: cdpl_server_sched.c:955: in _assign(): info: assigning task T13 to worker W1
1747005919.646667: 2661669-7fdc18e0c700: cdpl_server_ipc.c:857: in _sv_on_finish(): info: worker W1 completed task T13
1747005919.646721: 2661669-7fdc1860b700: cdpl_server_sched.c:955: in _assign(): info: assigning task T14 to worker W1
1747005927.323697: 2661669-7fdc18e0c700: cdpl_server_ipc.c:857: in _sv_on_finish(): info: worker W1 completed task T14
1747005927.323734: 2661669-7fdc1860b700: cdpl_server_sched.c:955: in _assign(): info: assigning task T15 to worker W1
1747005935.386851: 2661669-7fdc18e0c700: cdpl_server_ipc.c:857: in _sv_on_finish(): info: worker W1 completed task T15
1747005935.386893: 2661669-7fdc1860b700: cdpl_server_sched.c:955: in _assign(): info: assigning task T1 to worker W1
1747005957.846189: 2661669-7fdc18e0c700: cdpl_server_ipc.c:857: in _sv_on_finish(): info: worker W1 completed task T1
1747005957.846232: 2661669-7fdc1860b700: cdpl_server_sched.c:955: in _assign(): info: assigning task T3 to worker W1
1747005977.702065: 2661669-7fdc18e0c700: cdpl_server_ipc.c:857: in _sv_on_finish(): info: worker W1 completed task T3
1747005977.702112: 2661669-7fdc1860b700: cdpl_server_sched.c:955: in _assign(): info: assigning task T11 to worker W1
1747005985.847627: 2661669-7fdc18e0c700: cdpl_server_ipc.c:857: in _sv_on_finish(): info: worker W1 completed task T11
1747005985.847668: 2661669-7fdc1860b700: cdpl_server_sched.c:955: in _assign(): info: assigning task T16 to worker W1
1747005994.256497: 2661669-7fdc18e0c700: cdpl_server_ipc.c:857: in _sv_on_finish(): info: worker W1 completed task T16
1747005994.256546: 2661669-7fdc1860b700: cdpl_server_sched.c:955: in _assign(): info: assigning task T21 to worker W1
1747006012.928090: 2661669-7fdc18e0c700: cdpl_server_ipc.c:857: in _sv_on_finish(): info: worker W1 completed task T21
1747006012.928127: 2661669-7fdc1860b700: cdpl_server_sched.c:955: in _assign(): info: assigning task T17 to worker W1
1747006021.214807: 2661669-7fdc18e0c700: cdpl_server_ipc.c:857: in _sv_on_finish(): info: worker W1 completed task T17
1747006021.214858: 2661669-7fdc1860b700: cdpl_server_sched.c:955: in _assign(): info: assigning task T20 to worker W1
1747006041.797204: 2661669-7fdc18e0c700: cdpl_server_ipc.c:857: in _sv_on_finish(): info: worker W1 completed task T20
1747006041.797246: 2661669-7fdc1860b700: cdpl_server_sched.c:955: in _assign(): info: assigning task T19 to worker W1
1747006051.450327: 2661669-7fdc18e0c700: cdpl_server_ipc.c:857: in _sv_on_finish(): info: worker W1 completed task T19
1747006051.450377: 2661669-7fdc1860b700: cdpl_server_sched.c:955: in _assign(): info: assigning task T18 to worker W1
1747006060.966836: 2661669-7fdc18e0c700: cdpl_server_ipc.c:857: in _sv_on_finish(): info: worker W1 completed task T18
1747006060.966877: 2661669-7fdc1860b700: cdpl_server_sched.c:955: in _assign(): info: assigning task T25 to worker W1
1747006070.486574: 2661669-7fdc18e0c700: cdpl_server_ipc.c:857: in _sv_on_finish(): info: worker W1 completed task T25
1747006070.486616: 2661669-7fdc1860b700: cdpl_server_sched.c:955: in _assign(): info: assigning task T5 to worker W1
1747006078.365820: 2661669-7fdc18e0c700: cdpl_server_ipc.c:857: in _sv_on_finish(): info: worker W1 completed task T5
1747006078.365849: 2661669-7fdc1860b700: cdpl_server_sched.c:955: in _assign(): info: assigning task T6 to worker W1
1747006086.624782: 2661669-7fdc18e0c700: cdpl_server_ipc.c:857: in _sv_on_finish(): info: worker W1 completed task T6
1747006086.631328: 2661669-7fdc1860b700: cdpl_server_sched.c:955: in _assign(): info: assigning task T7 to worker W1
1747006094.896281: 2661669-7fdc18e0c700: cdpl_server_ipc.c:857: in _sv_on_finish(): info: worker W1 completed task T7
1747006094.896324: 2661669-7fdc1860b700: cdpl_server_sched.c:955: in _assign(): info: assigning task T8 to worker W1
1747006102.749533: 2661669-7fdc18e0c700: cdpl_server_ipc.c:857: in _sv_on_finish(): info: worker W1 completed task T8
1747006102.749572: 2661669-7fdc1860b700: cdpl_server_sched.c:955: in _assign(): info: assigning task T9 to worker W1
1747006110.916005: 2661669-7fdc18e0c700: cdpl_server_ipc.c:857: in _sv_on_finish(): info: worker W1 completed task T9
1747006110.916044: 2661669-7fdc1860b700: cdpl_server_sched.c:955: in _assign(): info: assigning task T22 to worker W1
1747006119.058240: 2661669-7fdc18e0c700: cdpl_server_ipc.c:857: in _sv_on_finish(): info: worker W1 completed task T22
1747006119.058268: 2661669-7fdc1860b700: cdpl_server_sched.c:955: in _assign(): info: assigning task T23 to worker W1
1747006127.400955: 2661669-7fdc18e0c700: cdpl_server_ipc.c:857: in _sv_on_finish(): info: worker W1 completed task T23
1747006127.401002: 2661669-7fdc1860b700: cdpl_server_sched.c:955: in _assign(): info: assigning task T24 to worker W1
1747006135.137332: 2661669-7fdc18e0c700: cdpl_server_ipc.c:857: in _sv_on_finish(): info: worker W1 completed task T24
1747006135.137388: 2661669-7fdc1860b700: cdpl_server_sched.c:955: in _assign(): info: assigning task T26 to worker W1
1747006143.128501: 2661669-7fdc18e0c700: cdpl_server_ipc.c:857: in _sv_on_finish(): info: worker W1 completed task T26
1747006232.063973: 2661669-7fdc3255c0c0: cdpl_server.c:1824: in _sv_gen_task(): info: new task T27 in B1 (prio 2)
1747006232.064457: 2661669-7fdc3255c0c0: cdpl_server.c:2558: in cdpl_sv_label_task_va(): info: setting task T27 label to "delay__B__lh__OUT__hl__ACQ_1 of NOR2"
1747006232.064498: 2661669-7fdc1860b700: cdpl_server_sched.c:955: in _assign(): info: assigning task T27 to worker W1
1747006232.064527: 2661669-7fdc3255c0c0: cdpl_server.c:1824: in _sv_gen_task(): info: new task T28 in B1 (prio 2)
1747006232.064546: 2661669-7fdc3255c0c0: cdpl_server.c:2558: in cdpl_sv_label_task_va(): info: setting task T28 label to "delay__B__hl__OUT__lh__ACQ_1 of NOR2"
1747006232.064575: 2661669-7fdc3255c0c0: cdpl_server.c:1824: in _sv_gen_task(): info: new task T29 in B1 (prio 3)
1747006232.064579: 2661669-7fdc3255c0c0: cdpl_server.c:2558: in cdpl_sv_label_task_va(): info: setting task T29 label to "leakage_power__ACQ_1 of NOR2"
1747006232.064602: 2661669-7fdc3255c0c0: cdpl_server.c:1824: in _sv_gen_task(): info: new task T30 in B1 (prio 5)
1747006232.064605: 2661669-7fdc3255c0c0: cdpl_server.c:2558: in cdpl_sv_label_task_va(): info: setting task T30 label to "Cin__VSS__lh__ACQ_1 of NOR2"
1747006232.064625: 2661669-7fdc3255c0c0: cdpl_server.c:1824: in _sv_gen_task(): info: new task T31 in B1 (prio 5)
1747006232.064628: 2661669-7fdc3255c0c0: cdpl_server.c:2558: in cdpl_sv_label_task_va(): info: setting task T31 label to "Cin__VSS__hl__ACQ_1 of NOR2"
1747006232.064650: 2661669-7fdc3255c0c0: cdpl_server.c:1824: in _sv_gen_task(): info: new task T32 in B1 (prio 2)
1747006232.064658: 2661669-7fdc3255c0c0: cdpl_server.c:2558: in cdpl_sv_label_task_va(): info: setting task T32 label to "delay__A__lh__OUT__hl__ACQ_1 of NOR2"
1747006232.064681: 2661669-7fdc3255c0c0: cdpl_server.c:1824: in _sv_gen_task(): info: new task T33 in B1 (prio 2)
1747006232.064684: 2661669-7fdc3255c0c0: cdpl_server.c:2558: in cdpl_sv_label_task_va(): info: setting task T33 label to "delay__A__hl__OUT__lh__ACQ_1 of NOR2"
1747006232.064703: 2661669-7fdc3255c0c0: cdpl_server.c:1824: in _sv_gen_task(): info: new task T34 in B1 (prio 5)
1747006232.064706: 2661669-7fdc3255c0c0: cdpl_server.c:2558: in cdpl_sv_label_task_va(): info: setting task T34 label to "Cin__VDD__lh__ACQ_1 of NOR2"
1747006232.064724: 2661669-7fdc3255c0c0: cdpl_server.c:1824: in _sv_gen_task(): info: new task T35 in B1 (prio 5)
1747006232.064727: 2661669-7fdc3255c0c0: cdpl_server.c:2558: in cdpl_sv_label_task_va(): info: setting task T35 label to "Cin__VDD__hl__ACQ_1 of NOR2"
1747006240.112044: 2661669-7fdc18e0c700: cdpl_server_ipc.c:857: in _sv_on_finish(): info: worker W1 completed task T27
1747006240.112101: 2661669-7fdc1860b700: cdpl_server_sched.c:955: in _assign(): info: assigning task T28 to worker W1
1747006247.827155: 2661669-7fdc18e0c700: cdpl_server_ipc.c:857: in _sv_on_finish(): info: worker W1 completed task T28
1747006247.827204: 2661669-7fdc1860b700: cdpl_server_sched.c:955: in _assign(): info: assigning task T32 to worker W1
1747006255.530782: 2661669-7fdc18e0c700: cdpl_server_ipc.c:857: in _sv_on_finish(): info: worker W1 completed task T32
1747006255.530827: 2661669-7fdc1860b700: cdpl_server_sched.c:955: in _assign(): info: assigning task T33 to worker W1
1747006263.184156: 2661669-7fdc18e0c700: cdpl_server_ipc.c:857: in _sv_on_finish(): info: worker W1 completed task T33
1747006263.184207: 2661669-7fdc1860b700: cdpl_server_sched.c:955: in _assign(): info: assigning task T29 to worker W1
1747006271.221349: 2661669-7fdc18e0c700: cdpl_server_ipc.c:857: in _sv_on_finish(): info: worker W1 completed task T29
1747006271.221390: 2661669-7fdc1860b700: cdpl_server_sched.c:955: in _assign(): info: assigning task T30 to worker W1
1747006279.059497: 2661669-7fdc18e0c700: cdpl_server_ipc.c:857: in _sv_on_finish(): info: worker W1 completed task T30
1747006279.059547: 2661669-7fdc1860b700: cdpl_server_sched.c:955: in _assign(): info: assigning task T31 to worker W1
1747006286.765240: 2661669-7fdc18e0c700: cdpl_server_ipc.c:857: in _sv_on_finish(): info: worker W1 completed task T31
1747006286.765288: 2661669-7fdc1860b700: cdpl_server_sched.c:955: in _assign(): info: assigning task T34 to worker W1
1747006294.474013: 2661669-7fdc18e0c700: cdpl_server_ipc.c:857: in _sv_on_finish(): info: worker W1 completed task T34
1747006294.474061: 2661669-7fdc1860b700: cdpl_server_sched.c:955: in _assign(): info: assigning task T35 to worker W1
1747006302.041084: 2661669-7fdc18e0c700: cdpl_server_ipc.c:857: in _sv_on_finish(): info: worker W1 completed task T35
1747006382.314650: 2661669-7fdc3255c0c0: cdpl_compat_master.c:5152: in cdplMasterLogInfo(): info: [non-CDPL log entry] Ending current CDPL job
1747006382.315634: 2661669-7fdc3255c0c0: cdpl_server.c:2890: in cdpl_sv_halt_job_errno(): info: stopping job J1
1747006382.315813: 2661669-7fdc1860b700: cdpl_server_sched.c:2711: in _sv_drop_worker(): info: down to 0 alive workers in B1
1747006382.315870: 2661669-7fdc3255c0c0: cdpl_server.c:2875: in cdpl_sv_halt_job_errno(): info: killing job J1
1747006382.315895: 2661669-7fdc3255c0c0: cdpl_server.c:288: in _sv_free_job(): info: freeing job J1
1747006382.316031: 2661669-7fdc3255c0c0: cdpl_farm.c:2395: in cdpl_farm_free(): info: freeing farm
1747006382.316405: 2661669-7fdc3255c0c0: cdpl_server.c:3011: in cdpl_sv_free(): info: freeing server S1624191782
1747006382.316411: 2661669-7fdc3255c0c0: cdpl_server.c:2976: in cdpl_sv_kill_errno(): info: killing server
1747006382.316570: 2661669-7fdc3255c0c0: cdpl_server.c:328: in _sv_free_master(): info: freeing master M1
1747006382.316632: 2661669-7fdc3255c0c0: cdpl_log.c:371: in cdpl_log_close(): info: @@end_of_log@@
