1746740548.962231: 2837900-7f6a6b37c0c0: cdpl_log.c:228: in cdpl_log_open(): info: @@start_of_log@@
1746740548.962252: 2837900-7f6a6b37c0c0: cdpl_log.c:866: in cdpl_log_dump_sysinfo(): info: time: 2025/05/08 16:42:28 CDT -0500
1746740548.962256: 2837900-7f6a6b37c0c0: cdpl_log.c:868: in cdpl_log_dump_sysinfo(): info: version: T-2022.03 
1746740548.962258: 2837900-7f6a6b37c0c0: cdpl_log.c:870: in cdpl_log_dump_sysinfo(): info: system: Linux 4.18.0-553.46.1.el8_10.x86_64 #1 SMP Sat Mar 15 01:37:33 EDT 2025
1746740548.962260: 2837900-7f6a6b37c0c0: cdpl_log.c:875: in cdpl_log_dump_sysinfo(): info: processor: x86_64 64-bits
1746740548.962262: 2837900-7f6a6b37c0c0: cdpl_log.c:879: in cdpl_log_dump_sysinfo(): info: hostname: engnx05a.utdallas.edu
1746740548.962265: 2837900-7f6a6b37c0c0: cdpl_log.c:230: in cdpl_log_open(): debug: path: /home/010/e/eb/ebw220000/cad/EE4325_UART_Project/gf65/primelib_gf65/NOR2/runtime/cdpl/pid2837900/master.engnx05a.utdallas.edu.2837900.log
1746740548.962268: 2837900-7f6a6b37c0c0: cdpl_log.c:231: in cdpl_log_open(): debug: dir: /home/010/e/eb/ebw220000/cad/EE4325_UART_Project/gf65/primelib_gf65/NOR2/runtime/cdpl/pid2837900
1746740548.962272: 2837900-7f6a6b37c0c0: cdpl_log.c:758: in cdpl_log_set_filter(): info: filter level 1
1746740548.962291: 2837900-7f6a6b37c0c0: cdpl_server.c:543: in cdpl_sv_init(): info: new server S1369873941
1746740548.962301: 2837900-7f6a6b37c0c0: cdpl_ipc.c:3030: in cdpl_ipc_init(): info: requesting IPv4 protocol
1746740548.962990: 2837900-7f6a6b37c0c0: cdpl_ipc.c:800: in _selectaddrfamily(): info: selected IPv4 protocol
1746740548.963453: 2837900-7f6a6b37c0c0: cdpl_server.c:657: in cdpl_sv_new_master(): info: new master M1
1746740548.963465: 2837900-7f6a6b37c0c0: cdpl_server.c:5494: in cdpl_sv_ctl_master(): info: Setting worker heartbeat to 60 seconds
1746740548.963468: 2837900-7f6a6b37c0c0: cdpl_server.c:5503: in cdpl_sv_ctl_master(): info: Setting worker heartbeat timeout to 3 heartbeats
1746740548.963471: 2837900-7f6a6b37c0c0: cdpl_compat_master.c:2407: in cdplInitMaster(): info: bcast dir is `/dev/null'
1746740548.963522: 2837900-7f6a6b37c0c0: cdpl_server.c:5394: in cdpl_sv_ctl_master(): info: farm worker timeout set to 36000
1746740548.963525: 2837900-7f6a6b37c0c0: cdpl_server.c:5410: in cdpl_sv_ctl_master(): info: grid worker timeout set to 36000
1746740548.963527: 2837900-7f6a6b37c0c0: cdpl_server.c:5438: in cdpl_sv_ctl_master(): info: farm submit command failure threshold set to 100
1746740548.963542: 2837900-7f6a6b37c0c0: cdpl_farm.c:2268: in cdpl_farm_new_sh(): info: creating SH farm on localhost
1746740548.963553: 2837900-7f6a6b37c0c0: cdpl_compat_master.c:207: in _set_farm_env(): info: exporting CDPL_LOGDIR as `/home/010/e/eb/ebw220000/cad/EE4325_UART_Project/gf65/primelib_gf65/NOR2/runtime/cdpl/pid2837900'
1746740548.963556: 2837900-7f6a6b37c0c0: cdpl_compat_master.c:213: in _set_farm_env(): info: exporting CDPL_TMPDIR as `/var/tmp'
1746740548.963559: 2837900-7f6a6b37c0c0: cdpl_compat_master.c:220: in _set_farm_env(): info: exporting CDPL_HOME as `/proj/cad/synopsys/synopsys_2021/primelib/T-2022.03-SP1/cdpl_runtime_linux64'
1746740548.963562: 2837900-7f6a6b37c0c0: cdpl_compat_master.c:227: in _set_farm_env(): info: exporting SNPSLMD_LICENSE_FILE as `1700@engdmv.utdallas.edu'
1746740548.963565: 2837900-7f6a6b37c0c0: cdpl_compat_master.c:247: in _set_farm_env(): info: exporting CDPL_OPTIONS as `[filter][nowlogs]'
1746740548.963568: 2837900-7f6a6b37c0c0: cdpl_compat_master.c:254: in _set_farm_env(): info: exporting DISPLAY as `:1052'
1746740548.963570: 2837900-7f6a6b37c0c0: cdpl_compat_master.c:262: in _set_farm_env(): info: exporting CDPL_HEARTBEAT as `60'
1746740548.963574: 2837900-7f6a6b37c0c0: cdpl_compat_master.c:348: in _set_farm_env(): info: exporting SIS_MALIBU as `2'
1746740548.963576: 2837900-7f6a6b37c0c0: cdpl_compat_master.c:348: in _set_farm_env(): info: exporting SIS_CDPL as `5'
1746740549.032160: 2837900-7f6a6b37c0c0: cdpl_server.c:738: in cdpl_sv_new_job(): info: new job J1 in M1
1746740549.032177: 2837900-7f6a6b37c0c0: cdpl_compat_master.c:1314: in _add_worker(): info: new worker type 100, min:1, max:1, cmd:`/home/010/e/eb/ebw220000/cad/EE4325_UART_Project/gf65/primelib_gf65/NOR2/runtime/cdpl/pid2837900/run_2837900.sh'
1746740549.032188: 2837900-7f6a6b37c0c0: cdpl_server.c:900: in cdpl_sv_new_bin_withfarm(): info: new bin B1 in J1
1746740549.037516: 2837900-7f6a6b37c0c0: cdpl_server.c:3116: in cdpl_sv_start_job(): info: starting job J1
1746740549.047294: 2837900-7f6a6b37c0c0: cdpl_server.c:1824: in _sv_gen_task(): info: new task T0 in B1 (prio 3)
1746740549.047302: 2837900-7f6a6b37c0c0: cdpl_server.c:2558: in cdpl_sv_label_task_va(): info: setting task T0 label to "leakage_power__ACQ_1 of NOR2"
1746740549.047371: 2837900-7f6a6b37c0c0: cdpl_server.c:1824: in _sv_gen_task(): info: new task T1 in B1 (prio 5)
1746740549.047465: 2837900-7f6a5142b700: cdpl_server_sched.c:700: in _sv_launch_worker(): info: started worker W1 (as C1) in bin B1
1746740549.047490: 2837900-7f6a6b37c0c0: cdpl_server.c:2558: in cdpl_sv_label_task_va(): info: setting task T1 label to "Cin__VSS__lh__ACQ_1 of NOR2"
1746740549.047501: 2837900-7f6a50c2a700: cdpl_farm.c:1899: in _schedule(): info: worker submit failure threshold set to 100
1746740549.047530: 2837900-7f6a6b37c0c0: cdpl_server.c:1824: in _sv_gen_task(): info: new task T2 in B1 (prio 5)
1746740549.047537: 2837900-7f6a6b37c0c0: cdpl_server.c:2558: in cdpl_sv_label_task_va(): info: setting task T2 label to "Cin__VSS__hl__ACQ_1 of NOR2"
1746740549.047542: 2837900-7f6a50c2a700: cdpl_sh.c:49: in _sh_detached_submit(): info: SH : /home/010/e/eb/ebw220000/cad/EE4325_UART_Project/gf65/primelib_gf65/NOR2/runtime/cdpl/pid2837900/run_2837900.sh
1746740549.054196: 2837900-7f6a6b37c0c0: cdpl_server.c:1824: in _sv_gen_task(): info: new task T3 in B1 (prio 2)
1746740549.054229: 2837900-7f6a6b37c0c0: cdpl_server.c:2558: in cdpl_sv_label_task_va(): info: setting task T3 label to "delay__INA__lh__OUT__hl__ACQ_1 of NOR2"
1746740549.054484: 2837900-7f6a6b37c0c0: cdpl_server.c:1824: in _sv_gen_task(): info: new task T4 in B1 (prio 2)
1746740549.054488: 2837900-7f6a6b37c0c0: cdpl_server.c:2558: in cdpl_sv_label_task_va(): info: setting task T4 label to "delay__INA__hl__OUT__lh__ACQ_1 of NOR2"
1746740549.054520: 2837900-7f6a6b37c0c0: cdpl_server.c:1824: in _sv_gen_task(): info: new task T5 in B1 (prio 2)
1746740549.054523: 2837900-7f6a6b37c0c0: cdpl_server.c:2558: in cdpl_sv_label_task_va(): info: setting task T5 label to "delay__INB__lh__OUT__hl__ACQ_1 of NOR2"
1746740549.054549: 2837900-7f6a6b37c0c0: cdpl_server.c:1824: in _sv_gen_task(): info: new task T6 in B1 (prio 2)
1746740549.054552: 2837900-7f6a6b37c0c0: cdpl_server.c:2558: in cdpl_sv_label_task_va(): info: setting task T6 label to "delay__INB__hl__OUT__lh__ACQ_1 of NOR2"
1746740549.054578: 2837900-7f6a6b37c0c0: cdpl_server.c:1824: in _sv_gen_task(): info: new task T7 in B1 (prio 5)
1746740549.054581: 2837900-7f6a6b37c0c0: cdpl_server.c:2558: in cdpl_sv_label_task_va(): info: setting task T7 label to "Cin__VDD__lh__ACQ_1 of NOR2"
1746740549.054610: 2837900-7f6a6b37c0c0: cdpl_server.c:1824: in _sv_gen_task(): info: new task T8 in B1 (prio 5)
1746740549.054613: 2837900-7f6a6b37c0c0: cdpl_server.c:2558: in cdpl_sv_label_task_va(): info: setting task T8 label to "Cin__VDD__hl__ACQ_1 of NOR2"
1746740549.798678: 2837900-7f6a51c2c700: cdpl_server_ipc.c:452: in _sv_on_hello(): info: W1 is `10.182.66.70:40212'
1746740549.798704: 2837900-7f6a51c2c700: cdpl_server_ipc.c:454: in _sv_on_hello(): info: W1 log file is /dev/null
1746740549.798720: 2837900-7f6a51c2c700: cdpl_server_ipc.c:481: in _sv_on_hello(): info: up to 1 alive workers in B1
1746740549.798782: 2837900-7f6a5142b700: cdpl_server_sched.c:955: in _assign(): info: assigning task T3 to worker W1
1746740557.563731: 2837900-7f6a51c2c700: cdpl_server_ipc.c:857: in _sv_on_finish(): info: worker W1 completed task T3
1746740557.563778: 2837900-7f6a5142b700: cdpl_server_sched.c:955: in _assign(): info: assigning task T4 to worker W1
1746740565.202044: 2837900-7f6a51c2c700: cdpl_server_ipc.c:857: in _sv_on_finish(): info: worker W1 completed task T4
1746740565.202083: 2837900-7f6a5142b700: cdpl_server_sched.c:955: in _assign(): info: assigning task T5 to worker W1
1746740573.090040: 2837900-7f6a51c2c700: cdpl_server_ipc.c:857: in _sv_on_finish(): info: worker W1 completed task T5
1746740573.090068: 2837900-7f6a5142b700: cdpl_server_sched.c:955: in _assign(): info: assigning task T6 to worker W1
1746740580.731512: 2837900-7f6a51c2c700: cdpl_server_ipc.c:857: in _sv_on_finish(): info: worker W1 completed task T6
1746740580.731555: 2837900-7f6a5142b700: cdpl_server_sched.c:955: in _assign(): info: assigning task T0 to worker W1
1746740588.260873: 2837900-7f6a51c2c700: cdpl_server_ipc.c:857: in _sv_on_finish(): info: worker W1 completed task T0
1746740588.260923: 2837900-7f6a5142b700: cdpl_server_sched.c:955: in _assign(): info: assigning task T1 to worker W1
1746740595.663268: 2837900-7f6a51c2c700: cdpl_server_ipc.c:857: in _sv_on_finish(): info: worker W1 completed task T1
1746740595.663313: 2837900-7f6a5142b700: cdpl_server_sched.c:955: in _assign(): info: assigning task T2 to worker W1
1746740603.049922: 2837900-7f6a51c2c700: cdpl_server_ipc.c:857: in _sv_on_finish(): info: worker W1 completed task T2
1746740603.049974: 2837900-7f6a5142b700: cdpl_server_sched.c:955: in _assign(): info: assigning task T7 to worker W1
1746740610.531002: 2837900-7f6a51c2c700: cdpl_server_ipc.c:857: in _sv_on_finish(): info: worker W1 completed task T7
1746740610.531043: 2837900-7f6a5142b700: cdpl_server_sched.c:955: in _assign(): info: assigning task T8 to worker W1
1746740618.146862: 2837900-7f6a51c2c700: cdpl_server_ipc.c:857: in _sv_on_finish(): info: worker W1 completed task T8
1746740681.222800: 2837900-7f6a6b37c0c0: cdpl_compat_master.c:5152: in cdplMasterLogInfo(): info: [non-CDPL log entry] Ending current CDPL job
1746740681.223434: 2837900-7f6a6b37c0c0: cdpl_server.c:2890: in cdpl_sv_halt_job_errno(): info: stopping job J1
1746740681.223551: 2837900-7f6a5142b700: cdpl_server_sched.c:2711: in _sv_drop_worker(): info: down to 0 alive workers in B1
1746740681.223609: 2837900-7f6a6b37c0c0: cdpl_server.c:2875: in cdpl_sv_halt_job_errno(): info: killing job J1
1746740681.223620: 2837900-7f6a6b37c0c0: cdpl_server.c:288: in _sv_free_job(): info: freeing job J1
1746740681.223674: 2837900-7f6a6b37c0c0: cdpl_farm.c:2395: in cdpl_farm_free(): info: freeing farm
1746740681.224032: 2837900-7f6a6b37c0c0: cdpl_server.c:3011: in cdpl_sv_free(): info: freeing server S1369873941
1746740681.224038: 2837900-7f6a6b37c0c0: cdpl_server.c:2976: in cdpl_sv_kill_errno(): info: killing server
1746740681.224073: 2837900-7f6a6b37c0c0: cdpl_server.c:328: in _sv_free_master(): info: freeing master M1
1746740681.224145: 2837900-7f6a6b37c0c0: cdpl_log.c:371: in cdpl_log_close(): info: @@end_of_log@@
