1747006084.920884: 2673799-7ff3a9bc80c0: cdpl_log.c:228: in cdpl_log_open(): info: @@start_of_log@@
1747006084.920904: 2673799-7ff3a9bc80c0: cdpl_log.c:866: in cdpl_log_dump_sysinfo(): info: time: 2025/05/11 18:28:04 CDT -0500
1747006084.920907: 2673799-7ff3a9bc80c0: cdpl_log.c:868: in cdpl_log_dump_sysinfo(): info: version: T-2022.03 
1747006084.920910: 2673799-7ff3a9bc80c0: cdpl_log.c:870: in cdpl_log_dump_sysinfo(): info: system: Linux 4.18.0-553.46.1.el8_10.x86_64 #1 SMP Sat Mar 15 01:37:33 EDT 2025
1747006084.920912: 2673799-7ff3a9bc80c0: cdpl_log.c:875: in cdpl_log_dump_sysinfo(): info: processor: x86_64 64-bits
1747006084.920914: 2673799-7ff3a9bc80c0: cdpl_log.c:879: in cdpl_log_dump_sysinfo(): info: hostname: engnx04a.utdallas.edu
1747006084.920917: 2673799-7ff3a9bc80c0: cdpl_log.c:230: in cdpl_log_open(): debug: path: /home/010/e/eb/ebw220000/cad/EE4325_UART_Project/gf65/primelib_gf65/NAND3/runtime/cdpl/pid2673799/master.engnx04a.utdallas.edu.2673799.log
1747006084.920920: 2673799-7ff3a9bc80c0: cdpl_log.c:231: in cdpl_log_open(): debug: dir: /home/010/e/eb/ebw220000/cad/EE4325_UART_Project/gf65/primelib_gf65/NAND3/runtime/cdpl/pid2673799
1747006084.920927: 2673799-7ff3a9bc80c0: cdpl_log.c:758: in cdpl_log_set_filter(): info: filter level 1
1747006084.920943: 2673799-7ff3a9bc80c0: cdpl_server.c:543: in cdpl_sv_init(): info: new server S695120035
1747006084.920953: 2673799-7ff3a9bc80c0: cdpl_ipc.c:3030: in cdpl_ipc_init(): info: requesting IPv4 protocol
1747006084.921579: 2673799-7ff3a9bc80c0: cdpl_ipc.c:800: in _selectaddrfamily(): info: selected IPv4 protocol
1747006084.921981: 2673799-7ff3a9bc80c0: cdpl_server.c:657: in cdpl_sv_new_master(): info: new master M1
1747006084.921994: 2673799-7ff3a9bc80c0: cdpl_server.c:5494: in cdpl_sv_ctl_master(): info: Setting worker heartbeat to 60 seconds
1747006084.921997: 2673799-7ff3a9bc80c0: cdpl_server.c:5503: in cdpl_sv_ctl_master(): info: Setting worker heartbeat timeout to 3 heartbeats
1747006084.922000: 2673799-7ff3a9bc80c0: cdpl_compat_master.c:2407: in cdplInitMaster(): info: bcast dir is `/dev/null'
1747006084.922050: 2673799-7ff3a9bc80c0: cdpl_server.c:5394: in cdpl_sv_ctl_master(): info: farm worker timeout set to 36000
1747006084.922052: 2673799-7ff3a9bc80c0: cdpl_server.c:5410: in cdpl_sv_ctl_master(): info: grid worker timeout set to 36000
1747006084.922055: 2673799-7ff3a9bc80c0: cdpl_server.c:5438: in cdpl_sv_ctl_master(): info: farm submit command failure threshold set to 100
1747006084.922068: 2673799-7ff3a9bc80c0: cdpl_farm.c:2268: in cdpl_farm_new_sh(): info: creating SH farm on localhost
1747006084.922083: 2673799-7ff3a9bc80c0: cdpl_compat_master.c:207: in _set_farm_env(): info: exporting CDPL_LOGDIR as `/home/010/e/eb/ebw220000/cad/EE4325_UART_Project/gf65/primelib_gf65/NAND3/runtime/cdpl/pid2673799'
1747006084.922086: 2673799-7ff3a9bc80c0: cdpl_compat_master.c:213: in _set_farm_env(): info: exporting CDPL_TMPDIR as `/var/tmp'
1747006084.922089: 2673799-7ff3a9bc80c0: cdpl_compat_master.c:220: in _set_farm_env(): info: exporting CDPL_HOME as `/proj/cad/synopsys/synopsys_2021/primelib/T-2022.03-SP1/cdpl_runtime_linux64'
1747006084.922092: 2673799-7ff3a9bc80c0: cdpl_compat_master.c:227: in _set_farm_env(): info: exporting SNPSLMD_LICENSE_FILE as `1700@engdmv.utdallas.edu'
1747006084.922094: 2673799-7ff3a9bc80c0: cdpl_compat_master.c:247: in _set_farm_env(): info: exporting CDPL_OPTIONS as `[filter][nowlogs]'
1747006084.922097: 2673799-7ff3a9bc80c0: cdpl_compat_master.c:254: in _set_farm_env(): info: exporting DISPLAY as `:1073'
1747006084.922099: 2673799-7ff3a9bc80c0: cdpl_compat_master.c:262: in _set_farm_env(): info: exporting CDPL_HEARTBEAT as `60'
1747006084.922103: 2673799-7ff3a9bc80c0: cdpl_compat_master.c:348: in _set_farm_env(): info: exporting SIS_MALIBU as `2'
1747006084.922105: 2673799-7ff3a9bc80c0: cdpl_compat_master.c:348: in _set_farm_env(): info: exporting SIS_CDPL as `5'
1747006084.984564: 2673799-7ff3a9bc80c0: cdpl_server.c:738: in cdpl_sv_new_job(): info: new job J1 in M1
1747006084.984581: 2673799-7ff3a9bc80c0: cdpl_compat_master.c:1314: in _add_worker(): info: new worker type 100, min:1, max:1, cmd:`/home/010/e/eb/ebw220000/cad/EE4325_UART_Project/gf65/primelib_gf65/NAND3/runtime/cdpl/pid2673799/run_2673799.sh'
1747006084.984595: 2673799-7ff3a9bc80c0: cdpl_server.c:900: in cdpl_sv_new_bin_withfarm(): info: new bin B1 in J1
1747006084.989837: 2673799-7ff3a9bc80c0: cdpl_server.c:3116: in cdpl_sv_start_job(): info: starting job J1
1747006085.000667: 2673799-7ff3a9bc80c0: cdpl_server.c:1824: in _sv_gen_task(): info: new task T0 in B1 (prio 2)
1747006085.000679: 2673799-7ff3a9bc80c0: cdpl_server.c:2558: in cdpl_sv_label_task_va(): info: setting task T0 label to "delay__B__lh__OUT__hl__ACQ_1 of NAND3"
1747006085.000729: 2673799-7ff3a9bc80c0: cdpl_server.c:1824: in _sv_gen_task(): info: new task T1 in B1 (prio 2)
1747006085.000816: 2673799-7ff38fc77700: cdpl_server_sched.c:700: in _sv_launch_worker(): info: started worker W1 (as C1) in bin B1
1747006085.000842: 2673799-7ff3a9bc80c0: cdpl_server.c:2558: in cdpl_sv_label_task_va(): info: setting task T1 label to "delay__B__hl__OUT__lh__ACQ_1 of NAND3"
1747006085.000857: 2673799-7ff38f476700: cdpl_farm.c:1899: in _schedule(): info: worker submit failure threshold set to 100
1747006085.000881: 2673799-7ff3a9bc80c0: cdpl_server.c:1824: in _sv_gen_task(): info: new task T2 in B1 (prio 3)
1747006085.000888: 2673799-7ff3a9bc80c0: cdpl_server.c:2558: in cdpl_sv_label_task_va(): info: setting task T2 label to "leakage_power__ACQ_1 of NAND3"
1747006085.000893: 2673799-7ff38f476700: cdpl_sh.c:49: in _sh_detached_submit(): info: SH : /home/010/e/eb/ebw220000/cad/EE4325_UART_Project/gf65/primelib_gf65/NAND3/runtime/cdpl/pid2673799/run_2673799.sh
1747006085.000910: 2673799-7ff3a9bc80c0: cdpl_server.c:1824: in _sv_gen_task(): info: new task T3 in B1 (prio 2)
1747006085.000915: 2673799-7ff3a9bc80c0: cdpl_server.c:2558: in cdpl_sv_label_task_va(): info: setting task T3 label to "delay__C__lh__OUT__hl__ACQ_1 of NAND3"
1747006085.006281: 2673799-7ff3a9bc80c0: cdpl_server.c:1824: in _sv_gen_task(): info: new task T4 in B1 (prio 2)
1747006085.006297: 2673799-7ff3a9bc80c0: cdpl_server.c:2558: in cdpl_sv_label_task_va(): info: setting task T4 label to "delay__C__hl__OUT__lh__ACQ_1 of NAND3"
1747006085.006354: 2673799-7ff3a9bc80c0: cdpl_server.c:1824: in _sv_gen_task(): info: new task T5 in B1 (prio 5)
1747006085.006358: 2673799-7ff3a9bc80c0: cdpl_server.c:2558: in cdpl_sv_label_task_va(): info: setting task T5 label to "Cin__VSS__lh__ACQ_1 of NAND3"
1747006085.006415: 2673799-7ff3a9bc80c0: cdpl_server.c:1824: in _sv_gen_task(): info: new task T6 in B1 (prio 5)
1747006085.006418: 2673799-7ff3a9bc80c0: cdpl_server.c:2558: in cdpl_sv_label_task_va(): info: setting task T6 label to "Cin__VSS__hl__ACQ_1 of NAND3"
1747006085.006471: 2673799-7ff3a9bc80c0: cdpl_server.c:1824: in _sv_gen_task(): info: new task T7 in B1 (prio 2)
1747006085.006474: 2673799-7ff3a9bc80c0: cdpl_server.c:2558: in cdpl_sv_label_task_va(): info: setting task T7 label to "delay__A__lh__OUT__hl__ACQ_1 of NAND3"
1747006085.006504: 2673799-7ff3a9bc80c0: cdpl_server.c:1824: in _sv_gen_task(): info: new task T8 in B1 (prio 2)
1747006085.006507: 2673799-7ff3a9bc80c0: cdpl_server.c:2558: in cdpl_sv_label_task_va(): info: setting task T8 label to "delay__A__hl__OUT__lh__ACQ_1 of NAND3"
1747006085.006536: 2673799-7ff3a9bc80c0: cdpl_server.c:1824: in _sv_gen_task(): info: new task T9 in B1 (prio 5)
1747006085.006539: 2673799-7ff3a9bc80c0: cdpl_server.c:2558: in cdpl_sv_label_task_va(): info: setting task T9 label to "Cin__VDD__lh__ACQ_1 of NAND3"
1747006085.006566: 2673799-7ff3a9bc80c0: cdpl_server.c:1824: in _sv_gen_task(): info: new task T10 in B1 (prio 5)
1747006085.006569: 2673799-7ff3a9bc80c0: cdpl_server.c:2558: in cdpl_sv_label_task_va(): info: setting task T10 label to "Cin__VDD__hl__ACQ_1 of NAND3"
1747006085.771910: 2673799-7ff390478700: cdpl_server_ipc.c:452: in _sv_on_hello(): info: W1 is `10.182.66.69:36392'
1747006085.771929: 2673799-7ff390478700: cdpl_server_ipc.c:454: in _sv_on_hello(): info: W1 log file is /dev/null
1747006085.771943: 2673799-7ff390478700: cdpl_server_ipc.c:481: in _sv_on_hello(): info: up to 1 alive workers in B1
1747006085.772016: 2673799-7ff38fc77700: cdpl_server_sched.c:955: in _assign(): info: assigning task T0 to worker W1
1747006093.859232: 2673799-7ff390478700: cdpl_server_ipc.c:857: in _sv_on_finish(): info: worker W1 completed task T0
1747006093.859835: 2673799-7ff38fc77700: cdpl_server_sched.c:955: in _assign(): info: assigning task T1 to worker W1
1747006101.640098: 2673799-7ff390478700: cdpl_server_ipc.c:857: in _sv_on_finish(): info: worker W1 completed task T1
1747006101.640143: 2673799-7ff38fc77700: cdpl_server_sched.c:955: in _assign(): info: assigning task T3 to worker W1
1747006109.719551: 2673799-7ff390478700: cdpl_server_ipc.c:857: in _sv_on_finish(): info: worker W1 completed task T3
1747006109.720146: 2673799-7ff38fc77700: cdpl_server_sched.c:955: in _assign(): info: assigning task T4 to worker W1
1747006117.415530: 2673799-7ff390478700: cdpl_server_ipc.c:857: in _sv_on_finish(): info: worker W1 completed task T4
1747006117.415582: 2673799-7ff38fc77700: cdpl_server_sched.c:955: in _assign(): info: assigning task T7 to worker W1
1747006125.378898: 2673799-7ff390478700: cdpl_server_ipc.c:857: in _sv_on_finish(): info: worker W1 completed task T7
1747006125.378954: 2673799-7ff38fc77700: cdpl_server_sched.c:955: in _assign(): info: assigning task T8 to worker W1
1747006133.016396: 2673799-7ff390478700: cdpl_server_ipc.c:857: in _sv_on_finish(): info: worker W1 completed task T8
1747006133.016443: 2673799-7ff38fc77700: cdpl_server_sched.c:955: in _assign(): info: assigning task T2 to worker W1
1747006140.539917: 2673799-7ff390478700: cdpl_server_ipc.c:857: in _sv_on_finish(): info: worker W1 completed task T2
1747006140.539974: 2673799-7ff38fc77700: cdpl_server_sched.c:955: in _assign(): info: assigning task T5 to worker W1
1747006148.266903: 2673799-7ff390478700: cdpl_server_ipc.c:857: in _sv_on_finish(): info: worker W1 completed task T5
1747006148.266958: 2673799-7ff38fc77700: cdpl_server_sched.c:955: in _assign(): info: assigning task T6 to worker W1
1747006155.876756: 2673799-7ff390478700: cdpl_server_ipc.c:857: in _sv_on_finish(): info: worker W1 completed task T6
1747006155.876794: 2673799-7ff38fc77700: cdpl_server_sched.c:955: in _assign(): info: assigning task T9 to worker W1
1747006163.339950: 2673799-7ff390478700: cdpl_server_ipc.c:857: in _sv_on_finish(): info: worker W1 completed task T9
1747006163.340600: 2673799-7ff38fc77700: cdpl_server_sched.c:955: in _assign(): info: assigning task T10 to worker W1
1747006170.831922: 2673799-7ff390478700: cdpl_server_ipc.c:857: in _sv_on_finish(): info: worker W1 completed task T10
