1746984503.828238: 946777-7f4a2f7ce0c0: cdpl_log.c:228: in cdpl_log_open(): info: @@start_of_log@@
1746984503.828258: 946777-7f4a2f7ce0c0: cdpl_log.c:866: in cdpl_log_dump_sysinfo(): info: time: 2025/05/11 12:28:23 CDT -0500
1746984503.828262: 946777-7f4a2f7ce0c0: cdpl_log.c:868: in cdpl_log_dump_sysinfo(): info: version: T-2022.03 
1746984503.828264: 946777-7f4a2f7ce0c0: cdpl_log.c:870: in cdpl_log_dump_sysinfo(): info: system: Linux 4.18.0-553.46.1.el8_10.x86_64 #1 SMP Sat Mar 15 01:37:33 EDT 2025
1746984503.828267: 946777-7f4a2f7ce0c0: cdpl_log.c:875: in cdpl_log_dump_sysinfo(): info: processor: x86_64 64-bits
1746984503.828269: 946777-7f4a2f7ce0c0: cdpl_log.c:879: in cdpl_log_dump_sysinfo(): info: hostname: engnx05a.utdallas.edu
1746984503.828272: 946777-7f4a2f7ce0c0: cdpl_log.c:230: in cdpl_log_open(): debug: path: /home/010/e/eb/ebw220000/cad/EE4325_UART_Project/gf65/primelib_gf65/INV/runtime/cdpl/pid946777/master.engnx05a.utdallas.edu.946777.log
1746984503.828275: 946777-7f4a2f7ce0c0: cdpl_log.c:231: in cdpl_log_open(): debug: dir: /home/010/e/eb/ebw220000/cad/EE4325_UART_Project/gf65/primelib_gf65/INV/runtime/cdpl/pid946777
1746984503.828279: 946777-7f4a2f7ce0c0: cdpl_log.c:758: in cdpl_log_set_filter(): info: filter level 1
1746984503.828302: 946777-7f4a2f7ce0c0: cdpl_server.c:543: in cdpl_sv_init(): info: new server S230063770
1746984503.828315: 946777-7f4a2f7ce0c0: cdpl_ipc.c:3030: in cdpl_ipc_init(): info: requesting IPv4 protocol
1746984503.829211: 946777-7f4a2f7ce0c0: cdpl_ipc.c:800: in _selectaddrfamily(): info: selected IPv4 protocol
1746984503.829637: 946777-7f4a2f7ce0c0: cdpl_server.c:657: in cdpl_sv_new_master(): info: new master M1
1746984503.829652: 946777-7f4a2f7ce0c0: cdpl_server.c:5494: in cdpl_sv_ctl_master(): info: Setting worker heartbeat to 60 seconds
1746984503.829655: 946777-7f4a2f7ce0c0: cdpl_server.c:5503: in cdpl_sv_ctl_master(): info: Setting worker heartbeat timeout to 3 heartbeats
1746984503.829659: 946777-7f4a2f7ce0c0: cdpl_compat_master.c:2407: in cdplInitMaster(): info: bcast dir is `/dev/null'
1746984503.829729: 946777-7f4a2f7ce0c0: cdpl_server.c:5394: in cdpl_sv_ctl_master(): info: farm worker timeout set to 36000
1746984503.829732: 946777-7f4a2f7ce0c0: cdpl_server.c:5410: in cdpl_sv_ctl_master(): info: grid worker timeout set to 36000
1746984503.829734: 946777-7f4a2f7ce0c0: cdpl_server.c:5438: in cdpl_sv_ctl_master(): info: farm submit command failure threshold set to 100
1746984503.829751: 946777-7f4a2f7ce0c0: cdpl_farm.c:2268: in cdpl_farm_new_sh(): info: creating SH farm on localhost
1746984503.829761: 946777-7f4a2f7ce0c0: cdpl_compat_master.c:207: in _set_farm_env(): info: exporting CDPL_LOGDIR as `/home/010/e/eb/ebw220000/cad/EE4325_UART_Project/gf65/primelib_gf65/INV/runtime/cdpl/pid946777'
1746984503.829764: 946777-7f4a2f7ce0c0: cdpl_compat_master.c:213: in _set_farm_env(): info: exporting CDPL_TMPDIR as `/var/tmp'
1746984503.829766: 946777-7f4a2f7ce0c0: cdpl_compat_master.c:220: in _set_farm_env(): info: exporting CDPL_HOME as `/proj/cad/synopsys/synopsys_2021/primelib/T-2022.03-SP1/cdpl_runtime_linux64'
1746984503.829769: 946777-7f4a2f7ce0c0: cdpl_compat_master.c:227: in _set_farm_env(): info: exporting SNPSLMD_LICENSE_FILE as `1700@engdmv.utdallas.edu'
1746984503.829772: 946777-7f4a2f7ce0c0: cdpl_compat_master.c:247: in _set_farm_env(): info: exporting CDPL_OPTIONS as `[filter][nowlogs]'
1746984503.829775: 946777-7f4a2f7ce0c0: cdpl_compat_master.c:254: in _set_farm_env(): info: exporting DISPLAY as `:1052'
1746984503.829777: 946777-7f4a2f7ce0c0: cdpl_compat_master.c:262: in _set_farm_env(): info: exporting CDPL_HEARTBEAT as `60'
1746984503.829783: 946777-7f4a2f7ce0c0: cdpl_compat_master.c:348: in _set_farm_env(): info: exporting SIS_MALIBU as `2'
1746984503.829785: 946777-7f4a2f7ce0c0: cdpl_compat_master.c:348: in _set_farm_env(): info: exporting SIS_CDPL as `5'
1746984503.899296: 946777-7f4a2f7ce0c0: cdpl_server.c:738: in cdpl_sv_new_job(): info: new job J1 in M1
1746984503.899314: 946777-7f4a2f7ce0c0: cdpl_compat_master.c:1314: in _add_worker(): info: new worker type 100, min:1, max:1, cmd:`/home/010/e/eb/ebw220000/cad/EE4325_UART_Project/gf65/primelib_gf65/INV/runtime/cdpl/pid946777/run_946777.sh'
1746984503.899325: 946777-7f4a2f7ce0c0: cdpl_server.c:900: in cdpl_sv_new_bin_withfarm(): info: new bin B1 in J1
1746984503.904736: 946777-7f4a2f7ce0c0: cdpl_server.c:3116: in cdpl_sv_start_job(): info: starting job J1
1746984503.915979: 946777-7f4a2f7ce0c0: cdpl_server.c:1824: in _sv_gen_task(): info: new task T0 in B1 (prio 3)
1746984503.915987: 946777-7f4a2f7ce0c0: cdpl_server.c:2558: in cdpl_sv_label_task_va(): info: setting task T0 label to "leakage_power__ACQ_1 of INV"
1746984503.916045: 946777-7f4a2f7ce0c0: cdpl_server.c:1824: in _sv_gen_task(): info: new task T1 in B1 (prio 2)
1746984503.916138: 946777-7f4a1587d700: cdpl_server_sched.c:700: in _sv_launch_worker(): info: started worker W1 (as C1) in bin B1
1746984503.916164: 946777-7f4a2f7ce0c0: cdpl_server.c:2558: in cdpl_sv_label_task_va(): info: setting task T1 label to "delay__IN__lh__OUT__hl__ACQ_1 of INV"
1746984503.916183: 946777-7f4a1507c700: cdpl_farm.c:1899: in _schedule(): info: worker submit failure threshold set to 100
1746984503.916213: 946777-7f4a1507c700: cdpl_sh.c:49: in _sh_detached_submit(): info: SH : /home/010/e/eb/ebw220000/cad/EE4325_UART_Project/gf65/primelib_gf65/INV/runtime/cdpl/pid946777/run_946777.sh
1746984503.916221: 946777-7f4a2f7ce0c0: cdpl_server.c:1824: in _sv_gen_task(): info: new task T2 in B1 (prio 2)
1746984503.916227: 946777-7f4a2f7ce0c0: cdpl_server.c:2558: in cdpl_sv_label_task_va(): info: setting task T2 label to "delay__IN__hl__OUT__lh__ACQ_1 of INV"
1746984503.924974: 946777-7f4a2f7ce0c0: cdpl_server.c:1824: in _sv_gen_task(): info: new task T3 in B1 (prio 5)
1746984503.924992: 946777-7f4a2f7ce0c0: cdpl_server.c:2558: in cdpl_sv_label_task_va(): info: setting task T3 label to "Cin__VSS__lh__ACQ_1 of INV"
1746984503.925245: 946777-7f4a2f7ce0c0: cdpl_server.c:1824: in _sv_gen_task(): info: new task T4 in B1 (prio 5)
1746984503.925249: 946777-7f4a2f7ce0c0: cdpl_server.c:2558: in cdpl_sv_label_task_va(): info: setting task T4 label to "Cin__VSS__hl__ACQ_1 of INV"
1746984503.925283: 946777-7f4a2f7ce0c0: cdpl_server.c:1824: in _sv_gen_task(): info: new task T5 in B1 (prio 5)
1746984503.925286: 946777-7f4a2f7ce0c0: cdpl_server.c:2558: in cdpl_sv_label_task_va(): info: setting task T5 label to "Cin__VDD__lh__ACQ_1 of INV"
1746984503.925343: 946777-7f4a2f7ce0c0: cdpl_server.c:1824: in _sv_gen_task(): info: new task T6 in B1 (prio 5)
1746984503.925347: 946777-7f4a2f7ce0c0: cdpl_server.c:2558: in cdpl_sv_label_task_va(): info: setting task T6 label to "Cin__VDD__hl__ACQ_1 of INV"
1746984504.732506: 946777-7f4a1607e700: cdpl_server_ipc.c:452: in _sv_on_hello(): info: W1 is `10.182.66.70:34276'
1746984504.732536: 946777-7f4a1607e700: cdpl_server_ipc.c:454: in _sv_on_hello(): info: W1 log file is /dev/null
1746984504.732551: 946777-7f4a1607e700: cdpl_server_ipc.c:481: in _sv_on_hello(): info: up to 1 alive workers in B1
1746984504.732653: 946777-7f4a1587d700: cdpl_server_sched.c:955: in _assign(): info: assigning task T1 to worker W1
1746984512.554845: 946777-7f4a1607e700: cdpl_server_ipc.c:857: in _sv_on_finish(): info: worker W1 completed task T1
1746984512.554897: 946777-7f4a1587d700: cdpl_server_sched.c:955: in _assign(): info: assigning task T2 to worker W1
1746984520.049637: 946777-7f4a1607e700: cdpl_server_ipc.c:857: in _sv_on_finish(): info: worker W1 completed task T2
1746984520.049686: 946777-7f4a1587d700: cdpl_server_sched.c:955: in _assign(): info: assigning task T0 to worker W1
1746984527.382075: 946777-7f4a1607e700: cdpl_server_ipc.c:857: in _sv_on_finish(): info: worker W1 completed task T0
1746984527.382122: 946777-7f4a1587d700: cdpl_server_sched.c:955: in _assign(): info: assigning task T3 to worker W1
1746984534.943331: 946777-7f4a1607e700: cdpl_server_ipc.c:857: in _sv_on_finish(): info: worker W1 completed task T3
1746984534.943383: 946777-7f4a1587d700: cdpl_server_sched.c:955: in _assign(): info: assigning task T4 to worker W1
1746984542.576283: 946777-7f4a1607e700: cdpl_server_ipc.c:857: in _sv_on_finish(): info: worker W1 completed task T4
1746984542.576934: 946777-7f4a1587d700: cdpl_server_sched.c:955: in _assign(): info: assigning task T5 to worker W1
1746984550.053674: 946777-7f4a1607e700: cdpl_server_ipc.c:857: in _sv_on_finish(): info: worker W1 completed task T5
1746984550.053725: 946777-7f4a1587d700: cdpl_server_sched.c:955: in _assign(): info: assigning task T6 to worker W1
1746984557.423018: 946777-7f4a1607e700: cdpl_server_ipc.c:857: in _sv_on_finish(): info: worker W1 completed task T6
1746984631.443161: 946777-7f4a2f7ce0c0: cdpl_compat_master.c:5152: in cdplMasterLogInfo(): info: [non-CDPL log entry] Ending current CDPL job
1746984631.443799: 946777-7f4a2f7ce0c0: cdpl_server.c:2890: in cdpl_sv_halt_job_errno(): info: stopping job J1
1746984631.443973: 946777-7f4a1587d700: cdpl_server_sched.c:2711: in _sv_drop_worker(): info: down to 0 alive workers in B1
1746984631.444030: 946777-7f4a2f7ce0c0: cdpl_server.c:2875: in cdpl_sv_halt_job_errno(): info: killing job J1
1746984631.444038: 946777-7f4a2f7ce0c0: cdpl_server.c:288: in _sv_free_job(): info: freeing job J1
1746984631.444081: 946777-7f4a2f7ce0c0: cdpl_farm.c:2395: in cdpl_farm_free(): info: freeing farm
1746984631.444260: 946777-7f4a2f7ce0c0: cdpl_server.c:3011: in cdpl_sv_free(): info: freeing server S230063770
1746984631.444264: 946777-7f4a2f7ce0c0: cdpl_server.c:2976: in cdpl_sv_kill_errno(): info: killing server
1746984631.444392: 946777-7f4a2f7ce0c0: cdpl_server.c:328: in _sv_free_master(): info: freeing master M1
1746984631.444437: 946777-7f4a2f7ce0c0: cdpl_log.c:371: in cdpl_log_close(): info: @@end_of_log@@
