1746756264.217431: 3224281-7fa14ce530c0: cdpl_log.c:228: in cdpl_log_open(): info: @@start_of_log@@
1746756264.217453: 3224281-7fa14ce530c0: cdpl_log.c:866: in cdpl_log_dump_sysinfo(): info: time: 2025/05/08 21:04:24 CDT -0500
1746756264.217457: 3224281-7fa14ce530c0: cdpl_log.c:868: in cdpl_log_dump_sysinfo(): info: version: T-2022.03 
1746756264.217460: 3224281-7fa14ce530c0: cdpl_log.c:870: in cdpl_log_dump_sysinfo(): info: system: Linux 4.18.0-553.46.1.el8_10.x86_64 #1 SMP Sat Mar 15 01:37:33 EDT 2025
1746756264.217462: 3224281-7fa14ce530c0: cdpl_log.c:875: in cdpl_log_dump_sysinfo(): info: processor: x86_64 64-bits
1746756264.217464: 3224281-7fa14ce530c0: cdpl_log.c:879: in cdpl_log_dump_sysinfo(): info: hostname: engnx05a.utdallas.edu
1746756264.217466: 3224281-7fa14ce530c0: cdpl_log.c:230: in cdpl_log_open(): debug: path: /home/010/e/eb/ebw220000/cad/EE4325_UART_Project/gf65/primelib_gf65/INV/runtime/cdpl/pid3224281/master.engnx05a.utdallas.edu.3224281.log
1746756264.217469: 3224281-7fa14ce530c0: cdpl_log.c:231: in cdpl_log_open(): debug: dir: /home/010/e/eb/ebw220000/cad/EE4325_UART_Project/gf65/primelib_gf65/INV/runtime/cdpl/pid3224281
1746756264.217473: 3224281-7fa14ce530c0: cdpl_log.c:758: in cdpl_log_set_filter(): info: filter level 1
1746756264.217491: 3224281-7fa14ce530c0: cdpl_server.c:543: in cdpl_sv_init(): info: new server S1737591713
1746756264.217500: 3224281-7fa14ce530c0: cdpl_ipc.c:3030: in cdpl_ipc_init(): info: requesting IPv4 protocol
1746756264.218223: 3224281-7fa14ce530c0: cdpl_ipc.c:800: in _selectaddrfamily(): info: selected IPv4 protocol
1746756264.218790: 3224281-7fa14ce530c0: cdpl_server.c:657: in cdpl_sv_new_master(): info: new master M1
1746756264.218804: 3224281-7fa14ce530c0: cdpl_server.c:5494: in cdpl_sv_ctl_master(): info: Setting worker heartbeat to 60 seconds
1746756264.218807: 3224281-7fa14ce530c0: cdpl_server.c:5503: in cdpl_sv_ctl_master(): info: Setting worker heartbeat timeout to 3 heartbeats
1746756264.218812: 3224281-7fa14ce530c0: cdpl_compat_master.c:2407: in cdplInitMaster(): info: bcast dir is `/dev/null'
1746756264.218888: 3224281-7fa14ce530c0: cdpl_server.c:5394: in cdpl_sv_ctl_master(): info: farm worker timeout set to 36000
1746756264.218891: 3224281-7fa14ce530c0: cdpl_server.c:5410: in cdpl_sv_ctl_master(): info: grid worker timeout set to 36000
1746756264.218894: 3224281-7fa14ce530c0: cdpl_server.c:5438: in cdpl_sv_ctl_master(): info: farm submit command failure threshold set to 100
1746756264.218929: 3224281-7fa14ce530c0: cdpl_farm.c:2268: in cdpl_farm_new_sh(): info: creating SH farm on localhost
1746756264.218940: 3224281-7fa14ce530c0: cdpl_compat_master.c:207: in _set_farm_env(): info: exporting CDPL_LOGDIR as `/home/010/e/eb/ebw220000/cad/EE4325_UART_Project/gf65/primelib_gf65/INV/runtime/cdpl/pid3224281'
1746756264.218943: 3224281-7fa14ce530c0: cdpl_compat_master.c:213: in _set_farm_env(): info: exporting CDPL_TMPDIR as `/var/tmp'
1746756264.218945: 3224281-7fa14ce530c0: cdpl_compat_master.c:220: in _set_farm_env(): info: exporting CDPL_HOME as `/proj/cad/synopsys/synopsys_2021/primelib/T-2022.03-SP1/cdpl_runtime_linux64'
1746756264.218948: 3224281-7fa14ce530c0: cdpl_compat_master.c:227: in _set_farm_env(): info: exporting SNPSLMD_LICENSE_FILE as `1700@engdmv.utdallas.edu'
1746756264.218951: 3224281-7fa14ce530c0: cdpl_compat_master.c:247: in _set_farm_env(): info: exporting CDPL_OPTIONS as `[filter][nowlogs]'
1746756264.218953: 3224281-7fa14ce530c0: cdpl_compat_master.c:254: in _set_farm_env(): info: exporting DISPLAY as `:1052'
1746756264.218955: 3224281-7fa14ce530c0: cdpl_compat_master.c:262: in _set_farm_env(): info: exporting CDPL_HEARTBEAT as `60'
1746756264.218961: 3224281-7fa14ce530c0: cdpl_compat_master.c:348: in _set_farm_env(): info: exporting SIS_MALIBU as `2'
1746756264.218963: 3224281-7fa14ce530c0: cdpl_compat_master.c:348: in _set_farm_env(): info: exporting SIS_CDPL as `5'
1746756264.317754: 3224281-7fa14ce530c0: cdpl_server.c:738: in cdpl_sv_new_job(): info: new job J1 in M1
1746756264.317770: 3224281-7fa14ce530c0: cdpl_compat_master.c:1314: in _add_worker(): info: new worker type 100, min:1, max:1, cmd:`/home/010/e/eb/ebw220000/cad/EE4325_UART_Project/gf65/primelib_gf65/INV/runtime/cdpl/pid3224281/run_3224281.sh'
1746756264.317782: 3224281-7fa14ce530c0: cdpl_server.c:900: in cdpl_sv_new_bin_withfarm(): info: new bin B1 in J1
1746756264.323539: 3224281-7fa14ce530c0: cdpl_server.c:3116: in cdpl_sv_start_job(): info: starting job J1
1746756264.339858: 3224281-7fa14ce530c0: cdpl_server.c:1824: in _sv_gen_task(): info: new task T0 in B1 (prio 3)
1746756264.339868: 3224281-7fa14ce530c0: cdpl_server.c:2558: in cdpl_sv_label_task_va(): info: setting task T0 label to "leakage_power__ACQ_1 of INV"
1746756264.339933: 3224281-7fa14ce530c0: cdpl_server.c:1824: in _sv_gen_task(): info: new task T1 in B1 (prio 5)
1746756264.340092: 3224281-7fa132f02700: cdpl_server_sched.c:700: in _sv_launch_worker(): info: started worker W1 (as C1) in bin B1
1746756264.340123: 3224281-7fa132701700: cdpl_farm.c:1899: in _schedule(): info: worker submit failure threshold set to 100
1746756264.340144: 3224281-7fa14ce530c0: cdpl_server.c:2558: in cdpl_sv_label_task_va(): info: setting task T1 label to "Cin__VSS__lh__ACQ_1 of INV"
1746756264.340154: 3224281-7fa132701700: cdpl_sh.c:49: in _sh_detached_submit(): info: SH : /home/010/e/eb/ebw220000/cad/EE4325_UART_Project/gf65/primelib_gf65/INV/runtime/cdpl/pid3224281/run_3224281.sh
1746756264.340174: 3224281-7fa14ce530c0: cdpl_server.c:1824: in _sv_gen_task(): info: new task T2 in B1 (prio 5)
1746756264.340179: 3224281-7fa14ce530c0: cdpl_server.c:2558: in cdpl_sv_label_task_va(): info: setting task T2 label to "Cin__VSS__hl__ACQ_1 of INV"
1746756264.349853: 3224281-7fa14ce530c0: cdpl_server.c:1824: in _sv_gen_task(): info: new task T3 in B1 (prio 2)
1746756264.349874: 3224281-7fa14ce530c0: cdpl_server.c:2558: in cdpl_sv_label_task_va(): info: setting task T3 label to "delay__A__lh__OUT__hl__ACQ_1 of INV"
1746756264.350063: 3224281-7fa14ce530c0: cdpl_server.c:1824: in _sv_gen_task(): info: new task T4 in B1 (prio 2)
1746756264.350067: 3224281-7fa14ce530c0: cdpl_server.c:2558: in cdpl_sv_label_task_va(): info: setting task T4 label to "delay__A__hl__OUT__lh__ACQ_1 of INV"
1746756264.350152: 3224281-7fa14ce530c0: cdpl_server.c:1824: in _sv_gen_task(): info: new task T5 in B1 (prio 5)
1746756264.350156: 3224281-7fa14ce530c0: cdpl_server.c:2558: in cdpl_sv_label_task_va(): info: setting task T5 label to "Cin__VDD__lh__ACQ_1 of INV"
1746756264.350188: 3224281-7fa14ce530c0: cdpl_server.c:1824: in _sv_gen_task(): info: new task T6 in B1 (prio 5)
1746756264.350191: 3224281-7fa14ce530c0: cdpl_server.c:2558: in cdpl_sv_label_task_va(): info: setting task T6 label to "Cin__VDD__hl__ACQ_1 of INV"
1746756265.189733: 3224281-7fa133703700: cdpl_server_ipc.c:452: in _sv_on_hello(): info: W1 is `10.182.66.70:58284'
1746756265.189751: 3224281-7fa133703700: cdpl_server_ipc.c:454: in _sv_on_hello(): info: W1 log file is /dev/null
1746756265.189760: 3224281-7fa133703700: cdpl_server_ipc.c:481: in _sv_on_hello(): info: up to 1 alive workers in B1
1746756265.189821: 3224281-7fa132f02700: cdpl_server_sched.c:955: in _assign(): info: assigning task T3 to worker W1
1746756265.665246: 3224281-7fa133703700: cdpl_server_ipc.c:857: in _sv_on_finish(): info: worker W1 completed task T3
1746756265.665282: 3224281-7fa132f02700: cdpl_server_sched.c:955: in _assign(): info: assigning task T4 to worker W1
1746756265.751057: 3224281-7fa133703700: cdpl_server_ipc.c:857: in _sv_on_finish(): info: worker W1 completed task T4
1746756265.751087: 3224281-7fa132f02700: cdpl_server_sched.c:955: in _assign(): info: assigning task T0 to worker W1
1746756273.266839: 3224281-7fa133703700: cdpl_server_ipc.c:857: in _sv_on_finish(): info: worker W1 completed task T0
1746756273.266874: 3224281-7fa132f02700: cdpl_server_sched.c:955: in _assign(): info: assigning task T1 to worker W1
1746756280.737334: 3224281-7fa133703700: cdpl_server_ipc.c:857: in _sv_on_finish(): info: worker W1 completed task T1
1746756280.737377: 3224281-7fa132f02700: cdpl_server_sched.c:955: in _assign(): info: assigning task T2 to worker W1
1746756288.349003: 3224281-7fa133703700: cdpl_server_ipc.c:857: in _sv_on_finish(): info: worker W1 completed task T2
1746756288.349044: 3224281-7fa132f02700: cdpl_server_sched.c:955: in _assign(): info: assigning task T5 to worker W1
1746756294.399486: 3224281-7fa14ce530c0: cdpl_server.c:1824: in _sv_gen_task(): info: new task T7 in B1 (prio 2)
1746756294.399499: 3224281-7fa14ce530c0: cdpl_server.c:2558: in cdpl_sv_label_task_va(): info: setting task T7 label to "delay__A__lh__OUT__hl__ACQ_1 of INV"
1746756294.423832: 3224281-7fa14ce530c0: cdpl_server.c:1824: in _sv_gen_task(): info: new task T8 in B1 (prio 2)
1746756294.423844: 3224281-7fa14ce530c0: cdpl_server.c:2558: in cdpl_sv_label_task_va(): info: setting task T8 label to "delay__A__hl__OUT__lh__ACQ_1 of INV"
1746756296.121052: 3224281-7fa133703700: cdpl_server_ipc.c:857: in _sv_on_finish(): info: worker W1 completed task T5
1746756296.121078: 3224281-7fa132f02700: cdpl_server_sched.c:955: in _assign(): info: assigning task T7 to worker W1
1746756296.198684: 3224281-7fa133703700: cdpl_server_ipc.c:857: in _sv_on_finish(): info: worker W1 completed task T7
1746756296.198705: 3224281-7fa132f02700: cdpl_server_sched.c:955: in _assign(): info: assigning task T8 to worker W1
1746756296.272503: 3224281-7fa133703700: cdpl_server_ipc.c:857: in _sv_on_finish(): info: worker W1 completed task T8
1746756296.272531: 3224281-7fa132f02700: cdpl_server_sched.c:955: in _assign(): info: assigning task T6 to worker W1
1746756304.104452: 3224281-7fa133703700: cdpl_server_ipc.c:857: in _sv_on_finish(): info: worker W1 completed task T6
1746756412.522324: 3224281-7fa14ce530c0: cdpl_server.c:1824: in _sv_gen_task(): info: new task T9 in B1 (prio 3)
1746756412.522789: 3224281-7fa14ce530c0: cdpl_server.c:2558: in cdpl_sv_label_task_va(): info: setting task T9 label to "leakage_power__ACQ_1 of INV"
1746756412.522820: 3224281-7fa132f02700: cdpl_server_sched.c:955: in _assign(): info: assigning task T9 to worker W1
1746756412.522843: 3224281-7fa14ce530c0: cdpl_server.c:1824: in _sv_gen_task(): info: new task T10 in B1 (prio 5)
1746756412.522865: 3224281-7fa14ce530c0: cdpl_server.c:2558: in cdpl_sv_label_task_va(): info: setting task T10 label to "Cin__VSS__lh__ACQ_1 of INV"
1746756412.522887: 3224281-7fa14ce530c0: cdpl_server.c:1824: in _sv_gen_task(): info: new task T11 in B1 (prio 5)
1746756412.522890: 3224281-7fa14ce530c0: cdpl_server.c:2558: in cdpl_sv_label_task_va(): info: setting task T11 label to "Cin__VSS__hl__ACQ_1 of INV"
1746756412.522912: 3224281-7fa14ce530c0: cdpl_server.c:1824: in _sv_gen_task(): info: new task T12 in B1 (prio 2)
1746756412.522916: 3224281-7fa14ce530c0: cdpl_server.c:2558: in cdpl_sv_label_task_va(): info: setting task T12 label to "delay__A__lh__OUT__hl__ACQ_1 of INV"
1746756412.522937: 3224281-7fa14ce530c0: cdpl_server.c:1824: in _sv_gen_task(): info: new task T13 in B1 (prio 2)
1746756412.522941: 3224281-7fa14ce530c0: cdpl_server.c:2558: in cdpl_sv_label_task_va(): info: setting task T13 label to "delay__A__hl__OUT__lh__ACQ_1 of INV"
1746756412.522959: 3224281-7fa14ce530c0: cdpl_server.c:1824: in _sv_gen_task(): info: new task T14 in B1 (prio 5)
1746756412.522962: 3224281-7fa14ce530c0: cdpl_server.c:2558: in cdpl_sv_label_task_va(): info: setting task T14 label to "Cin__VDD__lh__ACQ_1 of INV"
1746756412.522980: 3224281-7fa14ce530c0: cdpl_server.c:1824: in _sv_gen_task(): info: new task T15 in B1 (prio 5)
1746756412.522983: 3224281-7fa14ce530c0: cdpl_server.c:2558: in cdpl_sv_label_task_va(): info: setting task T15 label to "Cin__VDD__hl__ACQ_1 of INV"
1746756412.679743: 3224281-7fa133703700: cdpl_server_ipc.c:857: in _sv_on_finish(): info: worker W1 completed task T9
1746756412.679781: 3224281-7fa132f02700: cdpl_server_sched.c:955: in _assign(): info: assigning task T12 to worker W1
1746756412.702070: 3224281-7fa133703700: cdpl_server_ipc.c:857: in _sv_on_finish(): info: worker W1 completed task T12
1746756412.702081: 3224281-7fa132f02700: cdpl_server_sched.c:955: in _assign(): info: assigning task T13 to worker W1
1746756412.723996: 3224281-7fa133703700: cdpl_server_ipc.c:857: in _sv_on_finish(): info: worker W1 completed task T13
1746756412.724015: 3224281-7fa132f02700: cdpl_server_sched.c:955: in _assign(): info: assigning task T10 to worker W1
1746756412.746212: 3224281-7fa133703700: cdpl_server_ipc.c:857: in _sv_on_finish(): info: worker W1 completed task T10
1746756412.746223: 3224281-7fa132f02700: cdpl_server_sched.c:955: in _assign(): info: assigning task T11 to worker W1
1746756412.766634: 3224281-7fa133703700: cdpl_server_ipc.c:857: in _sv_on_finish(): info: worker W1 completed task T11
1746756412.766648: 3224281-7fa132f02700: cdpl_server_sched.c:955: in _assign(): info: assigning task T14 to worker W1
1746756412.786557: 3224281-7fa133703700: cdpl_server_ipc.c:857: in _sv_on_finish(): info: worker W1 completed task T14
1746756412.786569: 3224281-7fa132f02700: cdpl_server_sched.c:955: in _assign(): info: assigning task T15 to worker W1
1746756412.806137: 3224281-7fa133703700: cdpl_server_ipc.c:857: in _sv_on_finish(): info: worker W1 completed task T15
1746756442.543796: 3224281-7fa14ce530c0: cdpl_server.c:1824: in _sv_gen_task(): info: new task T16 in B1 (prio 3)
1746756442.543812: 3224281-7fa14ce530c0: cdpl_server.c:2558: in cdpl_sv_label_task_va(): info: setting task T16 label to "leakage_power__ACQ_1 of INV"
1746756442.543844: 3224281-7fa132f02700: cdpl_server_sched.c:955: in _assign(): info: assigning task T16 to worker W1
1746756442.545925: 3224281-7fa14ce530c0: cdpl_server.c:1824: in _sv_gen_task(): info: new task T17 in B1 (prio 5)
1746756442.545932: 3224281-7fa14ce530c0: cdpl_server.c:2558: in cdpl_sv_label_task_va(): info: setting task T17 label to "Cin__VSS__lh__ACQ_1 of INV"
1746756442.548208: 3224281-7fa14ce530c0: cdpl_server.c:1824: in _sv_gen_task(): info: new task T18 in B1 (prio 5)
1746756442.548213: 3224281-7fa14ce530c0: cdpl_server.c:2558: in cdpl_sv_label_task_va(): info: setting task T18 label to "Cin__VSS__hl__ACQ_1 of INV"
1746756442.550001: 3224281-7fa14ce530c0: cdpl_server.c:1824: in _sv_gen_task(): info: new task T19 in B1 (prio 2)
1746756442.550006: 3224281-7fa14ce530c0: cdpl_server.c:2558: in cdpl_sv_label_task_va(): info: setting task T19 label to "delay__A__lh__OUT__hl__ACQ_1 of INV"
1746756442.551921: 3224281-7fa14ce530c0: cdpl_server.c:1824: in _sv_gen_task(): info: new task T20 in B1 (prio 2)
1746756442.551926: 3224281-7fa14ce530c0: cdpl_server.c:2558: in cdpl_sv_label_task_va(): info: setting task T20 label to "delay__A__hl__OUT__lh__ACQ_1 of INV"
1746756442.553907: 3224281-7fa14ce530c0: cdpl_server.c:1824: in _sv_gen_task(): info: new task T21 in B1 (prio 5)
1746756442.553911: 3224281-7fa14ce530c0: cdpl_server.c:2558: in cdpl_sv_label_task_va(): info: setting task T21 label to "Cin__VDD__lh__ACQ_1 of INV"
1746756442.555686: 3224281-7fa14ce530c0: cdpl_server.c:1824: in _sv_gen_task(): info: new task T22 in B1 (prio 5)
1746756442.555691: 3224281-7fa14ce530c0: cdpl_server.c:2558: in cdpl_sv_label_task_va(): info: setting task T22 label to "Cin__VDD__hl__ACQ_1 of INV"
1746756442.566344: 3224281-7fa133703700: cdpl_server_ipc.c:857: in _sv_on_finish(): info: worker W1 completed task T16
1746756442.566360: 3224281-7fa132f02700: cdpl_server_sched.c:955: in _assign(): info: assigning task T19 to worker W1
1746756442.594775: 3224281-7fa133703700: cdpl_server_ipc.c:857: in _sv_on_finish(): info: worker W1 completed task T19
1746756442.594788: 3224281-7fa132f02700: cdpl_server_sched.c:955: in _assign(): info: assigning task T20 to worker W1
1746756442.624999: 3224281-7fa133703700: cdpl_server_ipc.c:857: in _sv_on_finish(): info: worker W1 completed task T20
1746756442.625011: 3224281-7fa132f02700: cdpl_server_sched.c:955: in _assign(): info: assigning task T17 to worker W1
1746756442.645911: 3224281-7fa133703700: cdpl_server_ipc.c:857: in _sv_on_finish(): info: worker W1 completed task T17
1746756442.645949: 3224281-7fa132f02700: cdpl_server_sched.c:955: in _assign(): info: assigning task T18 to worker W1
1746756442.665761: 3224281-7fa133703700: cdpl_server_ipc.c:857: in _sv_on_finish(): info: worker W1 completed task T18
1746756442.665772: 3224281-7fa132f02700: cdpl_server_sched.c:955: in _assign(): info: assigning task T21 to worker W1
1746756442.686721: 3224281-7fa133703700: cdpl_server_ipc.c:857: in _sv_on_finish(): info: worker W1 completed task T21
1746756442.686733: 3224281-7fa132f02700: cdpl_server_sched.c:955: in _assign(): info: assigning task T22 to worker W1
1746756442.707919: 3224281-7fa133703700: cdpl_server_ipc.c:857: in _sv_on_finish(): info: worker W1 completed task T22
1746756478.167219: 3224281-7fa14ce530c0: cdpl_compat_master.c:5152: in cdplMasterLogInfo(): info: [non-CDPL log entry] Ending current CDPL job
1746756478.167249: 3224281-7fa14ce530c0: cdpl_server.c:2890: in cdpl_sv_halt_job_errno(): info: stopping job J1
1746756478.167391: 3224281-7fa132f02700: cdpl_server_sched.c:2711: in _sv_drop_worker(): info: down to 0 alive workers in B1
1746756478.167437: 3224281-7fa14ce530c0: cdpl_server.c:2875: in cdpl_sv_halt_job_errno(): info: killing job J1
1746756478.167448: 3224281-7fa14ce530c0: cdpl_server.c:288: in _sv_free_job(): info: freeing job J1
1746756478.167510: 3224281-7fa14ce530c0: cdpl_farm.c:2395: in cdpl_farm_free(): info: freeing farm
1746756478.167718: 3224281-7fa14ce530c0: cdpl_server.c:3011: in cdpl_sv_free(): info: freeing server S1737591713
1746756478.167723: 3224281-7fa14ce530c0: cdpl_server.c:2976: in cdpl_sv_kill_errno(): info: killing server
1746756478.167895: 3224281-7fa14ce530c0: cdpl_server.c:328: in _sv_free_master(): info: freeing master M1
1746756478.167948: 3224281-7fa14ce530c0: cdpl_log.c:371: in cdpl_log_close(): info: @@end_of_log@@
