### WaveView ADV log file, revision W-2024.09-SP1-1 (build Dec 11, ) ###
### created at 16:36:07 on Tue Apr 15 2025 (Linux AMD64) ###
### Host Name: engnx05a.utdallas.edu   User ID: ebw220000   PID: 531770   ###
wv_start_log
# (0) running in waveview only mode
# (0) SW_SX_PERL_LIB defined
# (0) SW_SX_TCL_LIB defined
# (0) HOME defined
wv_select_window {WaveView} 
wv_move_window {WaveView} {} 38 65
wv_move_window {WaveView} {} 0 27
wv_press_tool_button {WaveView} {} {OpenWaveform0} 
wv_select_dialog {FileDialog} 
wv_select_list_item {FileDialog} {} {FileList} {nor2.st0} 11
wv_select_list_item {FileDialog} {} {FileList} {nor2.tr0} 12
wv_press_button {FileDialog} {} {Ok} 
wv_select_window {WaveView} 
wv_expand_tree_item {WaveView} {} {hierview} {D0:nor2.tr0(0)} {+sep=@}
wv_select_tree_item {WaveView} {} {hierview} {D0:nor2.tr0(0)@toplevel(0)} {0} {+sep=@}
wv_select_list_item {WaveView} {} {sigview} {v(ina)} 4
wv_select_list_item {WaveView} {} {sigview} {v(ina)} 4
wv_list_context_menu {WaveView} {} {sigview} {v(ina)} 4 43 78
wv_select_menu_item {WaveView} {} {SigViewPopMenu.Plot Waveform to ....New Panel (SHIFT+O)} 
wv_select_list_item {WaveView} {} {sigview} {v(inb)} 5
wv_select_list_item {WaveView} {} {sigview} {v(inb)} 5
wv_list_context_menu {WaveView} {} {sigview} {v(inb)} 5 35 102
wv_select_menu_item {WaveView} {} {SigViewPopMenu.Plot Waveform to ....New Panel (SHIFT+O)} 
wv_select_list_item {WaveView} {} {sigview} {v(out)} 6
wv_select_list_item {WaveView} {} {sigview} {v(out)} 6
wv_list_context_menu {WaveView} {} {sigview} {v(out)} 6 53 115
wv_select_menu_item {WaveView} {} {SigViewPopMenu.Plot Waveform to ....New Panel (SHIFT+O)} 
wv_close_window {WaveView} 
wv_select_dialog {Confirmation} 
wv_press_button {Confirmation} {} {Cancel} 
wv_select_window {WaveView} 
wv_close_window {WaveView} 
wv_select_dialog {Confirmation} 
#wv_press_button {Confirmation} {} {Ok} 
