1746735010.384656: 2683461-7f380cd2d0c0: cdpl_log.c:228: in cdpl_log_open(): info: @@start_of_log@@
1746735010.384673: 2683461-7f380cd2d0c0: cdpl_log.c:866: in cdpl_log_dump_sysinfo(): info: time: 2025/05/08 15:10:10 CDT -0500
1746735010.384676: 2683461-7f380cd2d0c0: cdpl_log.c:868: in cdpl_log_dump_sysinfo(): info: version: T-2022.03 
1746735010.384678: 2683461-7f380cd2d0c0: cdpl_log.c:870: in cdpl_log_dump_sysinfo(): info: system: Linux 4.18.0-553.46.1.el8_10.x86_64 #1 SMP Sat Mar 15 01:37:33 EDT 2025
1746735010.384681: 2683461-7f380cd2d0c0: cdpl_log.c:875: in cdpl_log_dump_sysinfo(): info: processor: x86_64 64-bits
1746735010.384683: 2683461-7f380cd2d0c0: cdpl_log.c:879: in cdpl_log_dump_sysinfo(): info: hostname: engnx05a.utdallas.edu
1746735010.384685: 2683461-7f380cd2d0c0: cdpl_log.c:230: in cdpl_log_open(): debug: path: /home/010/e/eb/ebw220000/cad/EE4325_UART_Project/gf65/primelib_gf65/DFF2/runtime/cdpl/pid2683461/master.1.engnx05a.utdallas.edu.2683461.log
1746735010.384688: 2683461-7f380cd2d0c0: cdpl_log.c:231: in cdpl_log_open(): debug: dir: /home/010/e/eb/ebw220000/cad/EE4325_UART_Project/gf65/primelib_gf65/DFF2/runtime/cdpl/pid2683461
1746735010.384693: 2683461-7f380cd2d0c0: cdpl_log.c:758: in cdpl_log_set_filter(): info: filter level 1
1746735010.384698: 2683461-7f380cd2d0c0: cdpl_server.c:543: in cdpl_sv_init(): info: new server S1964354236
1746735010.384702: 2683461-7f380cd2d0c0: cdpl_ipc.c:3030: in cdpl_ipc_init(): info: requesting IPv4 protocol
1746735010.385247: 2683461-7f380cd2d0c0: cdpl_ipc.c:800: in _selectaddrfamily(): info: selected IPv4 protocol
1746735010.385660: 2683461-7f380cd2d0c0: cdpl_server.c:657: in cdpl_sv_new_master(): info: new master M1
1746735010.385671: 2683461-7f380cd2d0c0: cdpl_server.c:5494: in cdpl_sv_ctl_master(): info: Setting worker heartbeat to 60 seconds
1746735010.385674: 2683461-7f380cd2d0c0: cdpl_server.c:5503: in cdpl_sv_ctl_master(): info: Setting worker heartbeat timeout to 3 heartbeats
1746735010.385677: 2683461-7f380cd2d0c0: cdpl_compat_master.c:2407: in cdplInitMaster(): info: bcast dir is `/dev/null'
1746735010.385729: 2683461-7f380cd2d0c0: cdpl_server.c:5394: in cdpl_sv_ctl_master(): info: farm worker timeout set to 36000
1746735010.385732: 2683461-7f380cd2d0c0: cdpl_server.c:5410: in cdpl_sv_ctl_master(): info: grid worker timeout set to 36000
1746735010.385734: 2683461-7f380cd2d0c0: cdpl_server.c:5438: in cdpl_sv_ctl_master(): info: farm submit command failure threshold set to 100
1746735010.385752: 2683461-7f380cd2d0c0: cdpl_farm.c:2268: in cdpl_farm_new_sh(): info: creating SH farm on localhost
1746735010.385762: 2683461-7f380cd2d0c0: cdpl_compat_master.c:207: in _set_farm_env(): info: exporting CDPL_LOGDIR as `/home/010/e/eb/ebw220000/cad/EE4325_UART_Project/gf65/primelib_gf65/DFF2/runtime/cdpl/pid2683461'
1746735010.385764: 2683461-7f380cd2d0c0: cdpl_compat_master.c:213: in _set_farm_env(): info: exporting CDPL_TMPDIR as `/var/tmp'
1746735010.385767: 2683461-7f380cd2d0c0: cdpl_compat_master.c:220: in _set_farm_env(): info: exporting CDPL_HOME as `/proj/cad/synopsys/synopsys_2021/primelib/T-2022.03-SP1/cdpl_runtime_linux64'
1746735010.385770: 2683461-7f380cd2d0c0: cdpl_compat_master.c:227: in _set_farm_env(): info: exporting SNPSLMD_LICENSE_FILE as `1700@engdmv.utdallas.edu'
1746735010.385772: 2683461-7f380cd2d0c0: cdpl_compat_master.c:247: in _set_farm_env(): info: exporting CDPL_OPTIONS as `[filter][nowlogs]'
1746735010.385775: 2683461-7f380cd2d0c0: cdpl_compat_master.c:254: in _set_farm_env(): info: exporting DISPLAY as `:1052'
1746735010.385777: 2683461-7f380cd2d0c0: cdpl_compat_master.c:262: in _set_farm_env(): info: exporting CDPL_HEARTBEAT as `60'
1746735010.385781: 2683461-7f380cd2d0c0: cdpl_compat_master.c:348: in _set_farm_env(): info: exporting SIS_MALIBU as `2'
1746735010.385783: 2683461-7f380cd2d0c0: cdpl_compat_master.c:348: in _set_farm_env(): info: exporting SIS_CDPL as `5'
1746735010.458848: 2683461-7f380cd2d0c0: cdpl_server.c:738: in cdpl_sv_new_job(): info: new job J1 in M1
1746735010.458868: 2683461-7f380cd2d0c0: cdpl_compat_master.c:1314: in _add_worker(): info: new worker type 100, min:1, max:1, cmd:`/home/010/e/eb/ebw220000/cad/EE4325_UART_Project/gf65/primelib_gf65/DFF2/runtime/cdpl/pid2683461/run_2683461.sh'
1746735010.458883: 2683461-7f380cd2d0c0: cdpl_server.c:900: in cdpl_sv_new_bin_withfarm(): info: new bin B1 in J1
1746735010.462293: 2683461-7f380cd2d0c0: cdpl_server.c:3116: in cdpl_sv_start_job(): info: starting job J1
1746735010.473606: 2683461-7f380cd2d0c0: cdpl_server.c:1824: in _sv_gen_task(): info: new task T0 in B1 (prio -1)
1746735010.473616: 2683461-7f380cd2d0c0: cdpl_server.c:2558: in cdpl_sv_label_task_va(): info: setting task T0 label to "initialization__ACQ_6 of DFF2"
1746735010.473786: 2683461-7f37f25db700: cdpl_server_sched.c:700: in _sv_launch_worker(): info: started worker W1 (as C1) in bin B1
1746735010.473838: 2683461-7f37f2ddc700: cdpl_farm.c:1899: in _schedule(): info: worker submit failure threshold set to 100
1746735010.473859: 2683461-7f37f2ddc700: cdpl_sh.c:49: in _sh_detached_submit(): info: SH : /home/010/e/eb/ebw220000/cad/EE4325_UART_Project/gf65/primelib_gf65/DFF2/runtime/cdpl/pid2683461/run_2683461.sh
1746735010.481502: 2683461-7f380cd2d0c0: cdpl_server.c:1824: in _sv_gen_task(): info: new task T1 in B1 (prio -1)
1746735010.481547: 2683461-7f380cd2d0c0: cdpl_server.c:2558: in cdpl_sv_label_task_va(): info: setting task T1 label to "setup_hbm__D__lh__CLK__lh__ACQ_1 of DFF2"
1746735010.482097: 2683461-7f380cd2d0c0: cdpl_server.c:1824: in _sv_gen_task(): info: new task T2 in B1 (prio -1)
1746735010.482101: 2683461-7f380cd2d0c0: cdpl_server.c:2558: in cdpl_sv_label_task_va(): info: setting task T2 label to "initialization__ACQ_5 of DFF2"
1746735010.482283: 2683461-7f380cd2d0c0: cdpl_server.c:1824: in _sv_gen_task(): info: new task T3 in B1 (prio -1)
1746735010.482287: 2683461-7f380cd2d0c0: cdpl_server.c:2558: in cdpl_sv_label_task_va(): info: setting task T3 label to "setup_hbm__D__hl__CLK__lh__ACQ_1 of DFF2"
1746735010.482399: 2683461-7f380cd2d0c0: cdpl_server.c:1824: in _sv_gen_task(): info: new task T4 in B1 (prio -1)
1746735010.482403: 2683461-7f380cd2d0c0: cdpl_server.c:2558: in cdpl_sv_label_task_va(): info: setting task T4 label to "initialization__ACQ_3 of DFF2"
1746735010.482488: 2683461-7f380cd2d0c0: cdpl_server.c:1824: in _sv_gen_task(): info: new task T5 in B1 (prio 3)
1746735010.482491: 2683461-7f380cd2d0c0: cdpl_server.c:2558: in cdpl_sv_label_task_va(): info: setting task T5 label to "leakage_power__ACQ_1 of DFF2"
1746735010.482558: 2683461-7f380cd2d0c0: cdpl_server.c:1824: in _sv_gen_task(): info: new task T6 in B1 (prio 5)
1746735010.482561: 2683461-7f380cd2d0c0: cdpl_server.c:2558: in cdpl_sv_label_task_va(): info: setting task T6 label to "Cin__D__hl__ACQ_1 of DFF2"
1746735010.482673: 2683461-7f380cd2d0c0: cdpl_server.c:1824: in _sv_gen_task(): info: new task T7 in B1 (prio 5)
1746735010.482677: 2683461-7f380cd2d0c0: cdpl_server.c:2558: in cdpl_sv_label_task_va(): info: setting task T7 label to "Cin__D__lh__ACQ_1 of DFF2"
1746735010.482769: 2683461-7f380cd2d0c0: cdpl_server.c:1824: in _sv_gen_task(): info: new task T8 in B1 (prio 5)
1746735010.482772: 2683461-7f380cd2d0c0: cdpl_server.c:2558: in cdpl_sv_label_task_va(): info: setting task T8 label to "Cin__VSS__hl__ACQ_1 of DFF2"
1746735010.482845: 2683461-7f380cd2d0c0: cdpl_server.c:1824: in _sv_gen_task(): info: new task T9 in B1 (prio 5)
1746735010.482848: 2683461-7f380cd2d0c0: cdpl_server.c:2558: in cdpl_sv_label_task_va(): info: setting task T9 label to "Cin__VSS__lh__ACQ_1 of DFF2"
1746735010.482922: 2683461-7f380cd2d0c0: cdpl_server.c:1824: in _sv_gen_task(): info: new task T10 in B1 (prio -1)
1746735010.482925: 2683461-7f380cd2d0c0: cdpl_server.c:2558: in cdpl_sv_label_task_va(): info: setting task T10 label to "initialization__ACQ_4 of DFF2"
1746735010.483023: 2683461-7f380cd2d0c0: cdpl_server.c:1824: in _sv_gen_task(): info: new task T11 in B1 (prio -1)
1746735010.483027: 2683461-7f380cd2d0c0: cdpl_server.c:2558: in cdpl_sv_label_task_va(): info: setting task T11 label to "ncmpw_hbm__CLK__hl__CLK__lh__ACQ_1 of DFF2"
1746735010.483087: 2683461-7f380cd2d0c0: cdpl_server.c:1824: in _sv_gen_task(): info: new task T12 in B1 (prio -1)
1746735010.483100: 2683461-7f380cd2d0c0: cdpl_server.c:2558: in cdpl_sv_label_task_va(): info: setting task T12 label to "removal_hbm__R__hl__CLK__lh__ACQ_1 of DFF2"
1746735010.483134: 2683461-7f380cd2d0c0: cdpl_server.c:1824: in _sv_gen_task(): info: new task T13 in B1 (prio -1)
1746735010.483137: 2683461-7f380cd2d0c0: cdpl_server.c:2558: in cdpl_sv_label_task_va(): info: setting task T13 label to "recover_hbm__R__hl__CLK__lh__ACQ_1 of DFF2"
1746735010.483180: 2683461-7f380cd2d0c0: cdpl_server.c:1824: in _sv_gen_task(): info: new task T14 in B1 (prio -1)
1746735010.483183: 2683461-7f380cd2d0c0: cdpl_server.c:2558: in cdpl_sv_label_task_va(): info: setting task T14 label to "initialization__ACQ_1 of DFF2"
1746735010.483235: 2683461-7f380cd2d0c0: cdpl_server.c:1824: in _sv_gen_task(): info: new task T15 in B1 (prio -1)
1746735010.483238: 2683461-7f380cd2d0c0: cdpl_server.c:2558: in cdpl_sv_label_task_va(): info: setting task T15 label to "initialization__ACQ_2 of DFF2"
1746735010.483314: 2683461-7f380cd2d0c0: cdpl_server.c:1824: in _sv_gen_task(): info: new task T16 in B1 (prio -1)
1746735010.483318: 2683461-7f380cd2d0c0: cdpl_server.c:2558: in cdpl_sv_label_task_va(): info: setting task T16 label to "cmpw_hbm__CLK__lh__CLK__hl__ACQ_1 of DFF2"
1746735010.483374: 2683461-7f380cd2d0c0: cdpl_server.c:1824: in _sv_gen_task(): info: new task T17 in B1 (prio -1)
1746735010.483377: 2683461-7f380cd2d0c0: cdpl_server.c:2558: in cdpl_sv_label_task_va(): info: setting task T17 label to "cmpw_hbm__R__lh__R__hl__ACQ_1 of DFF2"
1746735010.483446: 2683461-7f380cd2d0c0: cdpl_server.c:1824: in _sv_gen_task(): info: new task T18 in B1 (prio 2)
1746735010.483449: 2683461-7f380cd2d0c0: cdpl_server.c:2558: in cdpl_sv_label_task_va(): info: setting task T18 label to "delay__CLK__lh__Q__hl__ACQ_1 of DFF2"
1746735010.483508: 2683461-7f380cd2d0c0: cdpl_server.c:1824: in _sv_gen_task(): info: new task T19 in B1 (prio 2)
1746735010.483511: 2683461-7f380cd2d0c0: cdpl_server.c:2558: in cdpl_sv_label_task_va(): info: setting task T19 label to "delay__CLK__lh__Q__lh__ACQ_1 of DFF2"
1746735010.483573: 2683461-7f380cd2d0c0: cdpl_server.c:1824: in _sv_gen_task(): info: new task T20 in B1 (prio -1)
1746735010.483576: 2683461-7f380cd2d0c0: cdpl_server.c:2558: in cdpl_sv_label_task_va(): info: setting task T20 label to "hold_hbm__D__lh__CLK__lh__ACQ_1 of DFF2"
1746735010.483649: 2683461-7f380cd2d0c0: cdpl_server.c:1824: in _sv_gen_task(): info: new task T21 in B1 (prio -1)
1746735010.483653: 2683461-7f380cd2d0c0: cdpl_server.c:2558: in cdpl_sv_label_task_va(): info: setting task T21 label to "hold_hbm__D__hl__CLK__lh__ACQ_1 of DFF2"
1746735010.483674: 2683461-7f380cd2d0c0: cdpl_server.c:1824: in _sv_gen_task(): info: new task T22 in B1 (prio 5)
1746735010.483677: 2683461-7f380cd2d0c0: cdpl_server.c:2558: in cdpl_sv_label_task_va(): info: setting task T22 label to "Cin__CLK__hl__ACQ_1 of DFF2"
1746735010.483711: 2683461-7f380cd2d0c0: cdpl_server.c:1824: in _sv_gen_task(): info: new task T23 in B1 (prio 5)
1746735010.483715: 2683461-7f380cd2d0c0: cdpl_server.c:2558: in cdpl_sv_label_task_va(): info: setting task T23 label to "Cin__VDD__hl__ACQ_1 of DFF2"
1746735010.483745: 2683461-7f380cd2d0c0: cdpl_server.c:1824: in _sv_gen_task(): info: new task T24 in B1 (prio 5)
1746735010.483748: 2683461-7f380cd2d0c0: cdpl_server.c:2558: in cdpl_sv_label_task_va(): info: setting task T24 label to "Cin__VDD__lh__ACQ_1 of DFF2"
1746735010.483795: 2683461-7f380cd2d0c0: cdpl_server.c:1824: in _sv_gen_task(): info: new task T25 in B1 (prio 2)
1746735010.483798: 2683461-7f380cd2d0c0: cdpl_server.c:2558: in cdpl_sv_label_task_va(): info: setting task T25 label to "delay__R__lh__Q__hl__ACQ_1 of DFF2"
1746735010.483824: 2683461-7f380cd2d0c0: cdpl_server.c:1824: in _sv_gen_task(): info: new task T26 in B1 (prio 5)
1746735010.483827: 2683461-7f380cd2d0c0: cdpl_server.c:2558: in cdpl_sv_label_task_va(): info: setting task T26 label to "Cin__R__hl__ACQ_1 of DFF2"
1746735011.262835: 2683461-7f37f3dde700: cdpl_server_ipc.c:452: in _sv_on_hello(): info: W1 is `10.182.66.70:34512'
1746735011.262865: 2683461-7f37f3dde700: cdpl_server_ipc.c:454: in _sv_on_hello(): info: W1 log file is /dev/null
1746735011.262879: 2683461-7f37f3dde700: cdpl_server_ipc.c:481: in _sv_on_hello(): info: up to 1 alive workers in B1
1746735011.262899: 2683461-7f37f25db700: cdpl_server_sched.c:955: in _assign(): info: assigning task T0 to worker W1
1746735019.474749: 2683461-7f37f3dde700: cdpl_server_ipc.c:857: in _sv_on_finish(): info: worker W1 completed task T0
1746735019.475382: 2683461-7f37f25db700: cdpl_server_sched.c:955: in _assign(): info: assigning task T2 to worker W1
1746735027.299508: 2683461-7f37f3dde700: cdpl_server_ipc.c:857: in _sv_on_finish(): info: worker W1 completed task T2
1746735027.300078: 2683461-7f37f25db700: cdpl_server_sched.c:955: in _assign(): info: assigning task T4 to worker W1
1746735035.168085: 2683461-7f37f3dde700: cdpl_server_ipc.c:857: in _sv_on_finish(): info: worker W1 completed task T4
1746735035.168119: 2683461-7f37f25db700: cdpl_server_sched.c:955: in _assign(): info: assigning task T10 to worker W1
1746735043.064810: 2683461-7f37f3dde700: cdpl_server_ipc.c:857: in _sv_on_finish(): info: worker W1 completed task T10
1746735043.065447: 2683461-7f37f25db700: cdpl_server_sched.c:955: in _assign(): info: assigning task T12 to worker W1
1746735087.611123: 2683461-7f37f3dde700: cdpl_server_ipc.c:857: in _sv_on_finish(): info: worker W1 completed task T12
1746735087.611168: 2683461-7f37f25db700: cdpl_server_sched.c:955: in _assign(): info: assigning task T13 to worker W1
1746735138.395461: 2683461-7f37f3dde700: cdpl_server_ipc.c:857: in _sv_on_finish(): info: worker W1 completed task T13
1746735138.395498: 2683461-7f37f25db700: cdpl_server_sched.c:955: in _assign(): info: assigning task T14 to worker W1
1746735145.836972: 2683461-7f37f3dde700: cdpl_server_ipc.c:857: in _sv_on_finish(): info: worker W1 completed task T14
1746735145.837020: 2683461-7f37f25db700: cdpl_server_sched.c:955: in _assign(): info: assigning task T15 to worker W1
1746735153.493149: 2683461-7f37f3dde700: cdpl_server_ipc.c:857: in _sv_on_finish(): info: worker W1 completed task T15
1746735153.493193: 2683461-7f37f25db700: cdpl_server_sched.c:955: in _assign(): info: assigning task T1 to worker W1
1746735160.526086: 2683461-7f380cd2d0c0: cdpl_server.c:1824: in _sv_gen_task(): info: new task T27 in B1 (prio -1)
1746735160.526101: 2683461-7f380cd2d0c0: cdpl_server.c:2558: in cdpl_sv_label_task_va(): info: setting task T27 label to "recover_hbm__R__hl__CLK__lh__ACQ_1 of DFF2"
1746735209.593807: 2683461-7f37f3dde700: cdpl_server_ipc.c:857: in _sv_on_finish(): info: worker W1 completed task T1
1746735209.593846: 2683461-7f37f25db700: cdpl_server_sched.c:955: in _assign(): info: assigning task T3 to worker W1
1746735220.546268: 2683461-7f380cd2d0c0: cdpl_server.c:1824: in _sv_gen_task(): info: new task T28 in B1 (prio -1)
1746735220.546281: 2683461-7f380cd2d0c0: cdpl_server.c:2558: in cdpl_sv_label_task_va(): info: setting task T28 label to "setup_hbm__D__lh__CLK__lh__ACQ_1 of DFF2"
1746735256.495995: 2683461-7f37f3dde700: cdpl_server_ipc.c:857: in _sv_on_finish(): info: worker W1 completed task T3
1746735256.496067: 2683461-7f37f25db700: cdpl_server_sched.c:955: in _assign(): info: assigning task T11 to worker W1
1746735264.379764: 2683461-7f37f3dde700: cdpl_server_ipc.c:857: in _sv_on_finish(): info: worker W1 completed task T11
1746735264.379792: 2683461-7f37f25db700: cdpl_server_sched.c:955: in _assign(): info: assigning task T16 to worker W1
1746735265.448663: 2683461-7f380cd2d0c0: cdpl_server.c:1824: in _sv_gen_task(): info: new task T29 in B1 (prio -1)
1746735265.448683: 2683461-7f380cd2d0c0: cdpl_server.c:2558: in cdpl_sv_label_task_va(): info: setting task T29 label to "setup_hbm__D__hl__CLK__lh__ACQ_1 of DFF2"
1746735265.464338: 2683461-7f380cd2d0c0: cdpl_server.c:1824: in _sv_gen_task(): info: new task T30 in B1 (prio -1)
1746735265.464348: 2683461-7f380cd2d0c0: cdpl_server.c:2558: in cdpl_sv_label_task_va(): info: setting task T30 label to "ncmpw_hbm__CLK__hl__CLK__lh__ACQ_1 of DFF2"
1746735268.183451: 2683461-7f380cd2d0c0: cdpl_compat_master.c:5152: in cdplMasterLogInfo(): info: [non-CDPL log entry] Ending current CDPL job
1746735268.183473: 2683461-7f380cd2d0c0: cdpl_server.c:2890: in cdpl_sv_halt_job_errno(): info: stopping job J1
1746735268.183603: 2683461-7f37f25db700: cdpl_server_sched.c:2711: in _sv_drop_worker(): info: down to 0 alive workers in B1
1746735268.183639: 2683461-7f380cd2d0c0: cdpl_server.c:2875: in cdpl_sv_halt_job_errno(): info: killing job J1
1746735268.183646: 2683461-7f380cd2d0c0: cdpl_server.c:288: in _sv_free_job(): info: freeing job J1
1746735268.183670: 2683461-7f380cd2d0c0: cdpl_farm.c:2395: in cdpl_farm_free(): info: freeing farm
1746735268.183767: 2683461-7f380cd2d0c0: cdpl_server.c:3011: in cdpl_sv_free(): info: freeing server S1964354236
1746735268.183771: 2683461-7f380cd2d0c0: cdpl_server.c:2976: in cdpl_sv_kill_errno(): info: killing server
1746735268.183864: 2683461-7f380cd2d0c0: cdpl_server.c:328: in _sv_free_master(): info: freeing master M1
1746735268.183898: 2683461-7f380cd2d0c0: cdpl_log.c:371: in cdpl_log_close(): info: @@end_of_log@@
