### WaveView ADV log file, revision W-2024.09-SP1-1 (build Dec 11, ) ###
### created at 14:06:09 on Tue Apr 15 2025 (Linux AMD64) ###
### Host Name: engnx05a.utdallas.edu   User ID: ebw220000   PID: 421396   ###
wv_start_log
# (0) running in waveview only mode
# (0) SW_SX_PERL_LIB defined
# (0) SW_SX_TCL_LIB defined
# (0) HOME defined
wv_select_window {WaveView} 
wv_move_window {WaveView} {} 38 65
wv_move_window {WaveView} {} 0 27
wv_press_tool_button {WaveView} {} {OpenWaveform0} 
wv_select_dialog {FileDialog} 
wv_select_list_item {FileDialog} {} {FileList} {nand2.tr0} 17
wv_press_button {FileDialog} {} {Ok} 
wv_select_window {WaveView} 
wv_expand_tree_item {WaveView} {} {hierview} {D0:nand2.tr0(0)} {+sep=@}
wv_expand_tree_item {WaveView} {} {hierview} {D0:nand2.tr0(0)@toplevel(0)} {+sep=@}
wv_select_tree_item {WaveView} {} {hierview} {D0:nand2.tr0(0)@toplevel(0)} {0} {+sep=@}
wv_collapse_tree_item {WaveView} {} {hierview} {D0:nand2.tr0(0)@toplevel(0)} {+sep=@}
wv_select_list_item {WaveView} {} {sigview} {v(out)} 6
wv_select_list_item {WaveView} {} {sigview} {v(out)} 6
wv_list_context_menu {WaveView} {} {sigview} {v(out)} 6 50 112
wv_select_menu_item {WaveView} {} {SigViewPopMenu.Plot Waveform to ....New Panel (SHIFT+O)} 
wv_select_waveview 1 {waveview 1}
wv_select_wv_item WV1.PANEL1:1.LEGEND
wv_select_panel WV1.PANEL1:1.LEGEND
wv_select_waveview 1 {waveview 1}
wv_select_wv_item WV1.PANEL1:1.LINE1
wv_select_line WV1.PANEL1:1.LINE1
wv_press_key Delete 290 197
wv_select_dialog {Confirmation} 
wv_press_button {Confirmation} {} {Ok} 
wv_select_list_item {WaveView} {} {sigview} {v(ina)} 4
wv_select_list_item {WaveView} {} {sigview} {v(ina)} 4
wv_list_context_menu {WaveView} {} {sigview} {v(ina)} 4 51 83
wv_select_list_item {WaveView} {} {sigview} {v(ina)} 4
wv_list_context_menu {WaveView} {} {sigview} {v(ina)} 4 49 83
wv_select_menu_item {WaveView} {} {SigViewPopMenu.Plot Waveform to ....New Panel (SHIFT+O)} 
wv_select_list_item {WaveView} {} {sigview} {v(inb)} 5
wv_select_list_item {WaveView} {} {sigview} {v(inb)} 5
wv_list_context_menu {WaveView} {} {sigview} {v(inb)} 5 42 99
wv_select_menu_item {WaveView} {} {SigViewPopMenu.Plot Waveform to ....New Panel (SHIFT+O)} 
wv_select_list_item {WaveView} {} {sigview} {v(out)} 6
wv_select_list_item {WaveView} {} {sigview} {v(out)} 6
wv_list_context_menu {WaveView} {} {sigview} {v(out)} 6 47 114
wv_select_menu_item {WaveView} {} {SigViewPopMenu.Plot Waveform to ....New Panel (SHIFT+O)} 
wv_select_waveview 1 {waveview 1}
wv_select_panel WV1.PANEL3:1 2.52604e-07 0.80174
wv_select_waveview 1 {waveview 1}
wv_select_wv_item WV1.PANEL1:1.XAXIS1
wv_drag_item_to WV1 506 17
wv_zoom_x WV1.PANEL1:1 9.96704e-08 3.10086e-07
wv_select_waveview 1 {waveview 1}
wv_waveview_context_menu WV1.PANEL2:1 1.81531e-07 0.395238
wv_select_waveview 1 {waveview 1}
wv_select_panel WV1.PANEL3:1 1.1601e-07 1.17855
wv_select_panel WV1.PANEL3:1 1.1601e-07 1.17855 btnup
wv_select_waveview 1 {waveview 1}
wv_waveview_context_menu WV1.PANEL3:1 1.1601e-07 1.17855
wv_select_waveview 1 {waveview 1}
wv_waveview_context_menu WV1.PANEL3:1 1.1601e-07 1.17855
wv_select_waveview 1 {waveview 1}
wv_select_panel WV1.PANEL3:1 1.05482e-07 1.1544
wv_select_waveview 1 {waveview 1}
wv_select_panel WV1.PANEL3:1 1.04928e-07 1.08194
wv_release_wv_item WV1 167 573
wv_select_waveview 1 {waveview 1}
wv_select_panel WV1.PANEL3:1 1.05759e-07 1.06261
wv_select_waveview 1 {waveview 1}
wv_select_panel WV1.PANEL3:1 1.06452e-07 1.04812
wv_select_waveview 1 {waveview 1}
wv_select_panel WV1.PANEL3:1 1.0562e-07 1.03363
wv_select_waveview 1 {waveview 1}
wv_select_panel WV1.PANEL3:1 1.05066e-07 1.03363
wv_select_waveview 1 {waveview 1}
wv_select_panel WV1.PANEL3:1 1.05759e-07 1.03363
wv_select_waveview 1 {waveview 1}
wv_waveview_context_menu WV1.PANEL3:1 1.05066e-07 1.03363
wv_select_waveview 1 {waveview 1}
wv_select_wv_item WV1.PANEL3:1.LINE1
wv_select_line WV1.PANEL3:1.LINE1
wv_select_waveview 1 {waveview 1}
wv_waveview_context_menu WV1.PANEL3:1.LINE1
wv_select_waveview 1 {waveview 1}
wv_select_panel WV1.PANEL1:1 1.14763e-07 0.0857143
wv_drag_item_to WV1 236 258
wv_select_waveview 1 {waveview 1}
wv_select_panel WV1.PANEL2:1 1.11438e-07 0.876191
wv_select_tab {WaveView} {} {RBMenu} {Bar.File}
wv_select_tab {WaveView} {} {RBMenu} {Bar.Waveform}
wv_close_window {WaveView} 
wv_select_dialog {Confirmation} 
wv_press_button {Confirmation} {} {Cancel} 
wv_select_window {WaveView} 
wv_close_window {WaveView} 
wv_select_dialog {Confirmation} 
#wv_press_button {Confirmation} {} {Ok} 
