1746671944.224573: 1476931-7f5526b3b0c0: cdpl_log.c:228: in cdpl_log_open(): info: @@start_of_log@@
1746671944.224597: 1476931-7f5526b3b0c0: cdpl_log.c:866: in cdpl_log_dump_sysinfo(): info: time: 2025/05/07 21:39:04 CDT -0500
1746671944.224601: 1476931-7f5526b3b0c0: cdpl_log.c:868: in cdpl_log_dump_sysinfo(): info: version: T-2022.03 
1746671944.224603: 1476931-7f5526b3b0c0: cdpl_log.c:870: in cdpl_log_dump_sysinfo(): info: system: Linux 4.18.0-553.46.1.el8_10.x86_64 #1 SMP Sat Mar 15 01:37:33 EDT 2025
1746671944.224606: 1476931-7f5526b3b0c0: cdpl_log.c:875: in cdpl_log_dump_sysinfo(): info: processor: x86_64 64-bits
1746671944.224608: 1476931-7f5526b3b0c0: cdpl_log.c:879: in cdpl_log_dump_sysinfo(): info: hostname: engnx05a.utdallas.edu
1746671944.224611: 1476931-7f5526b3b0c0: cdpl_log.c:230: in cdpl_log_open(): debug: path: /home/010/e/eb/ebw220000/cad/EE4325_UART_Project/gf65/primelib_gf65/INV/runtime/cdpl/pid1476931/master.engnx05a.utdallas.edu.1476931.log
1746671944.224613: 1476931-7f5526b3b0c0: cdpl_log.c:231: in cdpl_log_open(): debug: dir: /home/010/e/eb/ebw220000/cad/EE4325_UART_Project/gf65/primelib_gf65/INV/runtime/cdpl/pid1476931
1746671944.224618: 1476931-7f5526b3b0c0: cdpl_log.c:758: in cdpl_log_set_filter(): info: filter level 1
1746671944.224638: 1476931-7f5526b3b0c0: cdpl_server.c:543: in cdpl_sv_init(): info: new server S562499836
1746671944.224648: 1476931-7f5526b3b0c0: cdpl_ipc.c:3030: in cdpl_ipc_init(): info: requesting IPv4 protocol
1746671944.225191: 1476931-7f5526b3b0c0: cdpl_ipc.c:800: in _selectaddrfamily(): info: selected IPv4 protocol
1746671944.225596: 1476931-7f5526b3b0c0: cdpl_server.c:657: in cdpl_sv_new_master(): info: new master M1
1746671944.225612: 1476931-7f5526b3b0c0: cdpl_server.c:5494: in cdpl_sv_ctl_master(): info: Setting worker heartbeat to 60 seconds
1746671944.225614: 1476931-7f5526b3b0c0: cdpl_server.c:5503: in cdpl_sv_ctl_master(): info: Setting worker heartbeat timeout to 3 heartbeats
1746671944.225619: 1476931-7f5526b3b0c0: cdpl_compat_master.c:2407: in cdplInitMaster(): info: bcast dir is `/dev/null'
1746671944.225665: 1476931-7f5526b3b0c0: cdpl_server.c:5394: in cdpl_sv_ctl_master(): info: farm worker timeout set to 36000
1746671944.225668: 1476931-7f5526b3b0c0: cdpl_server.c:5410: in cdpl_sv_ctl_master(): info: grid worker timeout set to 36000
1746671944.225671: 1476931-7f5526b3b0c0: cdpl_server.c:5438: in cdpl_sv_ctl_master(): info: farm submit command failure threshold set to 100
1746671944.225685: 1476931-7f5526b3b0c0: cdpl_farm.c:2268: in cdpl_farm_new_sh(): info: creating SH farm on localhost
1746671944.225699: 1476931-7f5526b3b0c0: cdpl_compat_master.c:207: in _set_farm_env(): info: exporting CDPL_LOGDIR as `/home/010/e/eb/ebw220000/cad/EE4325_UART_Project/gf65/primelib_gf65/INV/runtime/cdpl/pid1476931'
1746671944.225703: 1476931-7f5526b3b0c0: cdpl_compat_master.c:213: in _set_farm_env(): info: exporting CDPL_TMPDIR as `/var/tmp'
1746671944.225706: 1476931-7f5526b3b0c0: cdpl_compat_master.c:220: in _set_farm_env(): info: exporting CDPL_HOME as `/proj/cad/synopsys/synopsys_2021/primelib/T-2022.03-SP1/cdpl_runtime_linux64'
1746671944.225709: 1476931-7f5526b3b0c0: cdpl_compat_master.c:227: in _set_farm_env(): info: exporting SNPSLMD_LICENSE_FILE as `1700@engdmv.utdallas.edu'
1746671944.225713: 1476931-7f5526b3b0c0: cdpl_compat_master.c:247: in _set_farm_env(): info: exporting CDPL_OPTIONS as `[filter][nowlogs]'
1746671944.225716: 1476931-7f5526b3b0c0: cdpl_compat_master.c:254: in _set_farm_env(): info: exporting DISPLAY as `:1052'
1746671944.225718: 1476931-7f5526b3b0c0: cdpl_compat_master.c:262: in _set_farm_env(): info: exporting CDPL_HEARTBEAT as `60'
1746671944.225723: 1476931-7f5526b3b0c0: cdpl_compat_master.c:348: in _set_farm_env(): info: exporting SIS_MALIBU as `2'
1746671944.225725: 1476931-7f5526b3b0c0: cdpl_compat_master.c:348: in _set_farm_env(): info: exporting SIS_CDPL as `5'
1746671944.279717: 1476931-7f5526b3b0c0: cdpl_server.c:738: in cdpl_sv_new_job(): info: new job J1 in M1
1746671944.279737: 1476931-7f5526b3b0c0: cdpl_compat_master.c:1314: in _add_worker(): info: new worker type 100, min:1, max:1, cmd:`/home/010/e/eb/ebw220000/cad/EE4325_UART_Project/gf65/primelib_gf65/INV/runtime/cdpl/pid1476931/run_1476931.sh'
1746671944.279749: 1476931-7f5526b3b0c0: cdpl_server.c:900: in cdpl_sv_new_bin_withfarm(): info: new bin B1 in J1
1746671944.285966: 1476931-7f5526b3b0c0: cdpl_server.c:3116: in cdpl_sv_start_job(): info: starting job J1
1746671944.296526: 1476931-7f5526b3b0c0: cdpl_server.c:1824: in _sv_gen_task(): info: new task T0 in B1 (prio 3)
1746671944.296536: 1476931-7f5526b3b0c0: cdpl_server.c:2558: in cdpl_sv_label_task_va(): info: setting task T0 label to "leakage_power__ACQ_1 of INV"
1746671944.296603: 1476931-7f5526b3b0c0: cdpl_server.c:1824: in _sv_gen_task(): info: new task T1 in B1 (prio 5)
1746671944.296705: 1476931-7f550cbea700: cdpl_server_sched.c:700: in _sv_launch_worker(): info: started worker W1 (as C1) in bin B1
1746671944.296720: 1476931-7f550c3e9700: cdpl_farm.c:1899: in _schedule(): info: worker submit failure threshold set to 100
1746671944.296736: 1476931-7f550c3e9700: cdpl_sh.c:49: in _sh_detached_submit(): info: SH : /home/010/e/eb/ebw220000/cad/EE4325_UART_Project/gf65/primelib_gf65/INV/runtime/cdpl/pid1476931/run_1476931.sh
1746671944.296745: 1476931-7f5526b3b0c0: cdpl_server.c:2558: in cdpl_sv_label_task_va(): info: setting task T1 label to "Cin__VSS__lh__ACQ_1 of INV"
1746671944.299632: 1476931-7f5526b3b0c0: cdpl_server.c:1824: in _sv_gen_task(): info: new task T2 in B1 (prio 5)
1746671944.299649: 1476931-7f5526b3b0c0: cdpl_server.c:2558: in cdpl_sv_label_task_va(): info: setting task T2 label to "Cin__VSS__hl__ACQ_1 of INV"
1746671944.299700: 1476931-7f5526b3b0c0: cdpl_server.c:1824: in _sv_gen_task(): info: new task T3 in B1 (prio 2)
1746671944.299703: 1476931-7f5526b3b0c0: cdpl_server.c:2558: in cdpl_sv_label_task_va(): info: setting task T3 label to "delay__INA__lh__OUT__hl__ACQ_1 of INV"
1746671944.299759: 1476931-7f5526b3b0c0: cdpl_server.c:1824: in _sv_gen_task(): info: new task T4 in B1 (prio 2)
1746671944.299764: 1476931-7f5526b3b0c0: cdpl_server.c:2558: in cdpl_sv_label_task_va(): info: setting task T4 label to "delay__INA__hl__OUT__lh__ACQ_1 of INV"
1746671944.299808: 1476931-7f5526b3b0c0: cdpl_server.c:1824: in _sv_gen_task(): info: new task T5 in B1 (prio 5)
1746671944.299813: 1476931-7f5526b3b0c0: cdpl_server.c:2558: in cdpl_sv_label_task_va(): info: setting task T5 label to "Cin__VDD__lh__ACQ_1 of INV"
1746671944.299869: 1476931-7f5526b3b0c0: cdpl_server.c:1824: in _sv_gen_task(): info: new task T6 in B1 (prio 5)
1746671944.299874: 1476931-7f5526b3b0c0: cdpl_server.c:2558: in cdpl_sv_label_task_va(): info: setting task T6 label to "Cin__VDD__hl__ACQ_1 of INV"
1746671945.072308: 1476931-7f550d3eb700: cdpl_server_ipc.c:452: in _sv_on_hello(): info: W1 is `10.182.66.70:35798'
1746671945.072338: 1476931-7f550d3eb700: cdpl_server_ipc.c:454: in _sv_on_hello(): info: W1 log file is /dev/null
1746671945.072354: 1476931-7f550d3eb700: cdpl_server_ipc.c:481: in _sv_on_hello(): info: up to 1 alive workers in B1
1746671945.072421: 1476931-7f550cbea700: cdpl_server_sched.c:955: in _assign(): info: assigning task T3 to worker W1
1746671945.576204: 1476931-7f550d3eb700: cdpl_server_ipc.c:857: in _sv_on_finish(): info: worker W1 completed task T3
1746671945.576243: 1476931-7f550cbea700: cdpl_server_sched.c:955: in _assign(): info: assigning task T4 to worker W1
1746671945.763555: 1476931-7f550d3eb700: cdpl_server_ipc.c:857: in _sv_on_finish(): info: worker W1 completed task T4
1746671945.763603: 1476931-7f550cbea700: cdpl_server_sched.c:955: in _assign(): info: assigning task T0 to worker W1
1746671945.934826: 1476931-7f550d3eb700: cdpl_server_ipc.c:857: in _sv_on_finish(): info: worker W1 completed task T0
1746671945.934870: 1476931-7f550cbea700: cdpl_server_sched.c:955: in _assign(): info: assigning task T1 to worker W1
1746671946.093931: 1476931-7f550d3eb700: cdpl_server_ipc.c:857: in _sv_on_finish(): info: worker W1 completed task T1
1746671946.093974: 1476931-7f550cbea700: cdpl_server_sched.c:955: in _assign(): info: assigning task T2 to worker W1
1746671946.262218: 1476931-7f550d3eb700: cdpl_server_ipc.c:857: in _sv_on_finish(): info: worker W1 completed task T2
1746671946.262255: 1476931-7f550cbea700: cdpl_server_sched.c:955: in _assign(): info: assigning task T5 to worker W1
1746671946.433947: 1476931-7f550d3eb700: cdpl_server_ipc.c:857: in _sv_on_finish(): info: worker W1 completed task T5
1746671946.433987: 1476931-7f550cbea700: cdpl_server_sched.c:955: in _assign(): info: assigning task T6 to worker W1
1746671946.596486: 1476931-7f550d3eb700: cdpl_server_ipc.c:857: in _sv_on_finish(): info: worker W1 completed task T6
1746671974.341524: 1476931-7f5526b3b0c0: cdpl_server.c:1824: in _sv_gen_task(): info: new task T7 in B1 (prio 3)
1746671974.341552: 1476931-7f5526b3b0c0: cdpl_server.c:2558: in cdpl_sv_label_task_va(): info: setting task T7 label to "leakage_power__ACQ_1 of INV"
1746671974.341596: 1476931-7f550cbea700: cdpl_server_sched.c:955: in _assign(): info: assigning task T7 to worker W1
1746671974.355458: 1476931-7f5526b3b0c0: cdpl_server.c:1824: in _sv_gen_task(): info: new task T8 in B1 (prio 5)
1746671974.355470: 1476931-7f5526b3b0c0: cdpl_server.c:2558: in cdpl_sv_label_task_va(): info: setting task T8 label to "Cin__VSS__lh__ACQ_1 of INV"
1746671974.369948: 1476931-7f5526b3b0c0: cdpl_server.c:1824: in _sv_gen_task(): info: new task T9 in B1 (prio 5)
1746671974.369964: 1476931-7f5526b3b0c0: cdpl_server.c:2558: in cdpl_sv_label_task_va(): info: setting task T9 label to "Cin__VSS__hl__ACQ_1 of INV"
1746671974.378911: 1476931-7f5526b3b0c0: cdpl_server.c:1824: in _sv_gen_task(): info: new task T10 in B1 (prio 2)
1746671974.378921: 1476931-7f5526b3b0c0: cdpl_server.c:2558: in cdpl_sv_label_task_va(): info: setting task T10 label to "delay__INA__lh__OUT__hl__ACQ_1 of INV"
1746671974.388135: 1476931-7f5526b3b0c0: cdpl_server.c:1824: in _sv_gen_task(): info: new task T11 in B1 (prio 2)
1746671974.388146: 1476931-7f5526b3b0c0: cdpl_server.c:2558: in cdpl_sv_label_task_va(): info: setting task T11 label to "delay__INA__hl__OUT__lh__ACQ_1 of INV"
1746671974.398436: 1476931-7f5526b3b0c0: cdpl_server.c:1824: in _sv_gen_task(): info: new task T12 in B1 (prio 5)
1746671974.398446: 1476931-7f5526b3b0c0: cdpl_server.c:2558: in cdpl_sv_label_task_va(): info: setting task T12 label to "Cin__VDD__lh__ACQ_1 of INV"
1746671974.407252: 1476931-7f5526b3b0c0: cdpl_server.c:1824: in _sv_gen_task(): info: new task T13 in B1 (prio 5)
1746671974.407262: 1476931-7f5526b3b0c0: cdpl_server.c:2558: in cdpl_sv_label_task_va(): info: setting task T13 label to "Cin__VDD__hl__ACQ_1 of INV"
1746671974.533906: 1476931-7f550d3eb700: cdpl_server_ipc.c:857: in _sv_on_finish(): info: worker W1 completed task T7
1746671974.533962: 1476931-7f550cbea700: cdpl_server_sched.c:955: in _assign(): info: assigning task T10 to worker W1
1746671974.730273: 1476931-7f550d3eb700: cdpl_server_ipc.c:857: in _sv_on_finish(): info: worker W1 completed task T10
1746671974.730316: 1476931-7f550cbea700: cdpl_server_sched.c:955: in _assign(): info: assigning task T11 to worker W1
1746671974.911897: 1476931-7f550d3eb700: cdpl_server_ipc.c:857: in _sv_on_finish(): info: worker W1 completed task T11
1746671974.911935: 1476931-7f550cbea700: cdpl_server_sched.c:955: in _assign(): info: assigning task T8 to worker W1
1746671975.094537: 1476931-7f550d3eb700: cdpl_server_ipc.c:857: in _sv_on_finish(): info: worker W1 completed task T8
1746671975.094565: 1476931-7f550cbea700: cdpl_server_sched.c:955: in _assign(): info: assigning task T9 to worker W1
1746671975.284089: 1476931-7f550d3eb700: cdpl_server_ipc.c:857: in _sv_on_finish(): info: worker W1 completed task T9
1746671975.284126: 1476931-7f550cbea700: cdpl_server_sched.c:955: in _assign(): info: assigning task T12 to worker W1
1746671975.475567: 1476931-7f550d3eb700: cdpl_server_ipc.c:857: in _sv_on_finish(): info: worker W1 completed task T12
1746671975.475614: 1476931-7f550cbea700: cdpl_server_sched.c:955: in _assign(): info: assigning task T13 to worker W1
1746671975.636315: 1476931-7f550d3eb700: cdpl_server_ipc.c:857: in _sv_on_finish(): info: worker W1 completed task T13
1746672228.025858: 1476931-7f5526b3b0c0: cdpl_server.c:1824: in _sv_gen_task(): info: new task T14 in B1 (prio 3)
1746672228.026381: 1476931-7f5526b3b0c0: cdpl_server.c:2558: in cdpl_sv_label_task_va(): info: setting task T14 label to "leakage_power__ACQ_1 of INV"
1746672228.026429: 1476931-7f550cbea700: cdpl_server_sched.c:955: in _assign(): info: assigning task T14 to worker W1
1746672228.026463: 1476931-7f5526b3b0c0: cdpl_server.c:1824: in _sv_gen_task(): info: new task T15 in B1 (prio 5)
1746672228.026487: 1476931-7f5526b3b0c0: cdpl_server.c:2558: in cdpl_sv_label_task_va(): info: setting task T15 label to "Cin__VSS__lh__ACQ_1 of INV"
1746672228.026522: 1476931-7f5526b3b0c0: cdpl_server.c:1824: in _sv_gen_task(): info: new task T16 in B1 (prio 5)
1746672228.026526: 1476931-7f5526b3b0c0: cdpl_server.c:2558: in cdpl_sv_label_task_va(): info: setting task T16 label to "Cin__VSS__hl__ACQ_1 of INV"
1746672228.026560: 1476931-7f5526b3b0c0: cdpl_server.c:1824: in _sv_gen_task(): info: new task T17 in B1 (prio 2)
1746672228.026564: 1476931-7f5526b3b0c0: cdpl_server.c:2558: in cdpl_sv_label_task_va(): info: setting task T17 label to "delay__INA__lh__OUT__hl__ACQ_1 of INV"
1746672228.026603: 1476931-7f5526b3b0c0: cdpl_server.c:1824: in _sv_gen_task(): info: new task T18 in B1 (prio 2)
1746672228.026608: 1476931-7f5526b3b0c0: cdpl_server.c:2558: in cdpl_sv_label_task_va(): info: setting task T18 label to "delay__INA__hl__OUT__lh__ACQ_1 of INV"
1746672228.026635: 1476931-7f5526b3b0c0: cdpl_server.c:1824: in _sv_gen_task(): info: new task T19 in B1 (prio 5)
1746672228.026639: 1476931-7f5526b3b0c0: cdpl_server.c:2558: in cdpl_sv_label_task_va(): info: setting task T19 label to "Cin__VDD__lh__ACQ_1 of INV"
1746672228.026659: 1476931-7f5526b3b0c0: cdpl_server.c:1824: in _sv_gen_task(): info: new task T20 in B1 (prio 5)
1746672228.026662: 1476931-7f5526b3b0c0: cdpl_server.c:2558: in cdpl_sv_label_task_va(): info: setting task T20 label to "Cin__VDD__hl__ACQ_1 of INV"
1746672235.678742: 1476931-7f550d3eb700: cdpl_server_ipc.c:857: in _sv_on_finish(): info: worker W1 completed task T14
1746672235.678788: 1476931-7f550cbea700: cdpl_server_sched.c:955: in _assign(): info: assigning task T17 to worker W1
1746672243.536657: 1476931-7f550d3eb700: cdpl_server_ipc.c:857: in _sv_on_finish(): info: worker W1 completed task T17
1746672243.536694: 1476931-7f550cbea700: cdpl_server_sched.c:955: in _assign(): info: assigning task T18 to worker W1
1746672251.101299: 1476931-7f550d3eb700: cdpl_server_ipc.c:857: in _sv_on_finish(): info: worker W1 completed task T18
1746672251.101335: 1476931-7f550cbea700: cdpl_server_sched.c:955: in _assign(): info: assigning task T15 to worker W1
1746672258.596901: 1476931-7f550d3eb700: cdpl_server_ipc.c:857: in _sv_on_finish(): info: worker W1 completed task T15
1746672258.596939: 1476931-7f550cbea700: cdpl_server_sched.c:955: in _assign(): info: assigning task T16 to worker W1
1746672266.078398: 1476931-7f550d3eb700: cdpl_server_ipc.c:857: in _sv_on_finish(): info: worker W1 completed task T16
1746672266.078441: 1476931-7f550cbea700: cdpl_server_sched.c:955: in _assign(): info: assigning task T19 to worker W1
1746672273.708118: 1476931-7f550d3eb700: cdpl_server_ipc.c:857: in _sv_on_finish(): info: worker W1 completed task T19
1746672273.708158: 1476931-7f550cbea700: cdpl_server_sched.c:955: in _assign(): info: assigning task T20 to worker W1
1746672281.150297: 1476931-7f550d3eb700: cdpl_server_ipc.c:857: in _sv_on_finish(): info: worker W1 completed task T20
1746672882.252386: 1476931-7f550dbec700: cdpl_ipc.c:738: in _readv(): warning: read(): EOF
1746726984.291751: 1476931-7f5526b3b0c0: cdpl_compat_master.c:5152: in cdplMasterLogInfo(): info: [non-CDPL log entry] Ending current CDPL job
1746726984.292247: 1476931-7f5526b3b0c0: cdpl_server.c:2890: in cdpl_sv_halt_job_errno(): info: stopping job J1
1746726984.292308: 1476931-7f5526b3b0c0: cdpl_server.c:2875: in cdpl_sv_halt_job_errno(): info: killing job J1
1746726984.292316: 1476931-7f5526b3b0c0: cdpl_server.c:288: in _sv_free_job(): info: freeing job J1
1746726984.292380: 1476931-7f5526b3b0c0: cdpl_farm.c:2395: in cdpl_farm_free(): info: freeing farm
1746726984.292691: 1476931-7f5526b3b0c0: cdpl_server.c:3011: in cdpl_sv_free(): info: freeing server S562499836
1746726984.292694: 1476931-7f5526b3b0c0: cdpl_server.c:2976: in cdpl_sv_kill_errno(): info: killing server
1746726984.292756: 1476931-7f5526b3b0c0: cdpl_server.c:328: in _sv_free_master(): info: freeing master M1
1746726984.292812: 1476931-7f5526b3b0c0: cdpl_log.c:371: in cdpl_log_close(): info: @@end_of_log@@
