### WaveView ADV log file, revision W-2024.09-SP1-1 (build Dec 11, ) ###
### created at 22:59:55 on Sun Apr 27 2025 (Linux AMD64) ###
### Host Name: engnx05a.utdallas.edu   User ID: ebw220000   PID: 2774283   ###
wv_start_log
# (0) running in waveview only mode
# (0) SW_SX_PERL_LIB defined
# (0) SW_SX_TCL_LIB defined
# (0) HOME defined
wv_select_window {WaveView} 
wv_move_window {WaveView} {} 38 65
wv_move_window {WaveView} {} 0 27
wv_press_tool_button {WaveView} {} {OpenWaveform0} 
wv_select_dialog {FileDialog} 
wv_select_list_item {FileDialog} {} {FileList} {dff2_hold.tr0} 25
wv_press_button {FileDialog} {} {Ok} 
wv_expand_tree_item {WaveView} {} {hierview} {D0:dff2_hold.tr0(0)} {+sep=@}
wv_select_tree_item {WaveView} {} {hierview} {D0:dff2_hold.tr0(0)@toplevel(0)} {0} {+sep=@}
wv_select_list_item {WaveView} {} {sigview} {v(clk)} 6
wv_select_list_item {WaveView} {} {sigview} {v(clk)} 6
wv_list_context_menu {WaveView} {} {sigview} {v(clk)} 6 41 115
wv_select_menu_item {WaveView} {} {SigViewPopMenu.Plot Waveform to ....New Panel (SHIFT+O)} 
wv_select_list_item {WaveView} {} {sigview} {v(d)} 7
wv_select_list_item {WaveView} {} {sigview} {v(d)} 7
wv_list_context_menu {WaveView} {} {sigview} {v(d)} 7 52 132
wv_select_menu_item {WaveView} {} {SigViewPopMenu.Plot Waveform to ....New Panel (SHIFT+O)} 
wv_select_list_item {WaveView} {} {sigview} {v(q)} 8
wv_select_list_item {WaveView} {} {sigview} {v(q)} 8
wv_list_context_menu {WaveView} {} {sigview} {v(q)} 8 39 153
wv_select_menu_item {WaveView} {} {SigViewPopMenu.Plot Waveform to ....New Panel (SHIFT+O)} 
wv_select_waveview 1 {waveview 1}
wv_select_panel WV1.PANEL3:1 3.87607e-10 1.11372
wv_select_list_item {WaveView} {} {sigview} {d} 0
wv_select_list_item {WaveView} {} {sigview} {d} 0
wv_list_context_menu {WaveView} {} {sigview} {d} 0 26 9
wv_select_menu_item {WaveView} {} {SigViewPopMenu.Plot Waveform to ....New Panel (SHIFT+O)} 
wv_select_list_item {WaveView} {} {sigview} {d} 0
wv_press_key Delete 43 623
wv_select_list_item {WaveView} {} {sigview} {d} 0
wv_select_list_item {WaveView} {} {sigview} {d} 0
wv_list_context_menu {WaveView} {} {sigview} {d} 0 38 13
wv_select_waveview 1 {waveview 1}
wv_select_wv_item WV1.PANEL4:1.LEGEND
wv_select_panel WV1.PANEL4:1.LEGEND
wv_press_key Delete 275 824
wv_select_dialog {Confirmation} 
wv_press_button {Confirmation} {} {Ok} 
wv_press_key "f" 1327 586
wv_select_waveview 1 {waveview 1}
wv_select_wv_item WV1.PANEL1:1.LEGEND
wv_select_panel WV1.PANEL1:1.LEGEND
wv_select_waveview 1 {waveview 1}
wv_shift_select_panel WV1.PANEL2:1.LEGEND
wv_release_wv_item WV1 58 401
wv_select_waveview 1 {waveview 1}
wv_shift_select_panel WV1.PANEL3:1.LEGEND
wv_release_wv_item WV1 46 618
wv_select_waveview 1 {waveview 1}
wv_waveview_context_menu WV1.PANEL2:1.LEGEND
wv_select_waveview 1 {waveview 1}
wv_select_menu_item {WaveView} {waveview 1:1} {PanelPopMenu.Dump Screen} 
wv_select_dialog {SaveScreenDump} 
wv_move_window {SaveScreenDump} {} 743 386
wv_set_radion {SaveScreenDump} {} {PNG} 
wv_press_button {SaveScreenDump} {} {SaveToFileBrowse} 
wv_select_dialog {FileDialog} 
wv_select_combox_item {FileDialog} {} {Path} "spice/" 8
wv_select_list_item {FileDialog} {} {FileList} {waveview_img} 9
wv_dclick_list_item {FileDialog} {} {FileList} {waveview_img} 9
wv_set_text {FileDialog} {} {FileName} "dff_hold.png"
wv_press_button {FileDialog} {} {Ok} 
wv_select_dialog {SaveScreenDump} 
wv_press_button {SaveScreenDump} {} {Save} 
wv_select_window {WaveView} 
wv_press_tool_button {WaveView} {} {OpenWaveformFile0} 
wv_select_dialog {FileDialog} 
wv_select_list_item {FileDialog} {} {FileList} {dff2.tr0} 17
wv_press_button {FileDialog} {} {Ok} 
wv_select_window {WaveView} 
wv_select_waveview 1 {waveview 1}
wv_waveview_context_menu WV1.PANEL1:1.LEGEND
wv_select_waveview 1 {waveview 1}
wv_select_menu_item {WaveView} {waveview 1:1} {PanelPopMenu.Delete} 
wv_select_dialog {Confirmation} 
wv_press_button {Confirmation} {} {Ok} 
wv_expand_tree_item {WaveView} {} {hierview} {D0:dff2.tr0(1)} {+sep=@}
wv_select_tree_item {WaveView} {} {hierview} {D0:dff2.tr0(1)@toplevel(0)} {0} {+sep=@}
wv_select_list_item {WaveView} {} {sigview} {v(r)} 9
wv_select_list_item {WaveView} {} {sigview} {v(q)} 8
wv_select_list_item {WaveView} {} {sigview} {v(clk)} 6
wv_select_list_item {WaveView} {} {sigview} {v(clk)} 6
wv_list_context_menu {WaveView} {} {sigview} {v(clk)} 6 45 110
wv_select_menu_item {WaveView} {} {SigViewPopMenu.Plot Waveform to ....New Panel (SHIFT+O)} 
wv_select_list_item {WaveView} {} {sigview} {v(d)} 7
wv_drag_list_item {WaveView} {} {sigview} {v(d)} 7
wv_select_list_item {WaveView} {} {sigview} {v(d)} 7
wv_list_context_menu {WaveView} {} {sigview} {v(d)} 7 40 134
wv_select_menu_item {WaveView} {} {SigViewPopMenu.Plot Waveform to ....New Panel (SHIFT+O)} 
wv_select_list_item {WaveView} {} {sigview} {v(q)} 8
wv_select_list_item {WaveView} {} {sigview} {v(q)} 8
wv_list_context_menu {WaveView} {} {sigview} {v(q)} 8 32 155
wv_select_menu_item {WaveView} {} {SigViewPopMenu.Plot Waveform to ....New Panel (SHIFT+O)} 
wv_select_waveview 1 {waveview 1}
wv_select_wv_item WV1.PANEL1:1.LEGEND
wv_select_panel WV1.PANEL1:1.LEGEND
wv_select_waveview 1 {waveview 1}
wv_shift_select_panel WV1.PANEL2:1.LEGEND
wv_release_wv_item WV1 48 391
wv_select_waveview 1 {waveview 1}
wv_shift_select_panel WV1.PANEL3:1.LEGEND
wv_release_wv_item WV1 32 617
wv_select_waveview 1 {waveview 1}
wv_waveview_context_menu WV1.PANEL3:1.LEGEND
wv_select_waveview 1 {waveview 1}
wv_select_menu_item {WaveView} {waveview 1:1} {PanelPopMenu.Dump Screen} 
wv_select_dialog {SaveScreenDump} 
wv_move_window {SaveScreenDump} {} 743 386
wv_press_button {SaveScreenDump} {} {SaveToFileBrowse} 
wv_select_dialog {FileDialog} 
wv_set_text {FileDialog} {} {FileName} "dff.png"
wv_press_button {FileDialog} {} {Ok} 
wv_select_dialog {SaveScreenDump} 
wv_press_button {SaveScreenDump} {} {Save} 
wv_select_window {WaveView} 
wv_close_window {WaveView} 
wv_select_dialog {Confirmation} 
#wv_press_button {Confirmation} {} {Ok} 
