----------------------------------------------------------------------
PrimeLib version T-2022.03-SP1 (Malibu 2)
Build date: Apr 12, 2022 13:01:04
Path: /proj/cad/synopsys/synopsys_2021/primelib/T-2022.03-SP1/linux64/bin/primelib
Host: engnx05a.utdallas.edu, User: ebw220000, PID: 2837900 (PPID: 1241565)
CPU: 32 x 3693 MHz, AMD EPYC 7F32 8-Core Processor (2 socket, 16 core)
Memory: 257 GB RAM (15.9 GB free), 4 GB Swap (3.8 GB free)
System load average: 11.60, 7.62, 7.80 (21795 processes)
Directory: /home/010/e/eb/ebw220000/cad/EE4325_UART_Project/gf65/primelib_gf65
Malibu mode 2 activated
Thu May  8 16:42:10 2025: Establishing connection to license server
Thu May  8 16:42:11 2025: Testing server connection using feature PrimeLib_CHAR
Thu May  8 16:42:11 2025: License server connection established
Thu May  8 16:42:11 2025: Checked out license FEATURE PrimeLib_CHAR v2023.12 on PORT 1700@engdmv.utdallas.edu
Command-line: /proj/cad/synopsys/synopsys_2021/primelib/T-2022.03-SP1/linux64/bin/primelib
.   DFF2  NAND2  NOR2	     OAI22  gf65		  primelib.log
..  INV   NAND3  New Folder  XNOR2  lc_shell_command.log  primelib.log.bak
The char directory is /home/010/e/eb/ebw220000/cad/EE4325_UART_Project/gf65/primelib_gf65/NOR2
Loading /home/010/e/eb/ebw220000/cad/EE4325_UART_Project/gf65/primelib_gf65/NOR2/etc/cell.stat.gz
===================================================
Thu May 08 16:42:22 CDT 2025: Begin configure stage
Optimizing dispatch of 1 cells for efficiency
Reading instance file for cell NOR2
Warning: Port VSS in cell NOR2 has no associated function
Warning: Port VDD in cell NOR2 has no associated function
Generating timing tests.
Generating power tests.
Generating template at Thu May  8 16:42:22 2025 
Done generating template at Thu May  8 16:42:22 2025
Generate Templates: Maximum virtual memory size: 790.824 MB
Cell NOR2 configured for characterization.
Thu May 08 16:42:22 CDT 2025: Done configure stage (Elapsed: 0 seconds | 0.00 hours  Memory: 790.82MB)
======================================================================================================
======================================================
Thu May 08 16:42:28 CDT 2025: Begin characterize stage
Simulator used is hspice HSPICE O-2018.09-2
Simulator command is /proj/cad/synopsys/synopsys_2018/hspice_vO-2018.09-2/hspice/bin/hspice
[CDPL] Initialized with 1 standalone slot
[CDPL] Master initialized (0 seconds)
Start generating characterization tasks
Thu May  8 16:42:29 2025: Checked out license FEATURE PrimeLib_CORE v2023.12(1) on PORT 1700@engdmv.utdallas.edu
Thu May  8 16:42:29 2025: Elapsed time of checked out license: 0.00 seconds | 0.00 minutes
Thu May  8 16:42:29 2025: Checked out license FEATURE PrimeLib_SIM_CORE v2023.12(1) on PORT 1700@engdmv.utdallas.edu
Thu May  8 16:42:29 2025: Elapsed time of checked out license: 0.00 seconds | 0.00 minutes
Library has standard-cells
NOR2: generated 9 tasks (9 total)
Using 1 standalone slots
[CDPL] Tasks: 0/9, (0.0%, 0 Cached, 0 Failed); Active Workers: 0, Pending Workers: 1, Elapsed: 0m00s
[CDPL] Tasks: 3/9, (33.3%, 0 Cached, 0 Failed); Active Workers: 1, Pending Workers: 0, Elapsed: 0m30s
[CDPL] Tasks: 7/9, (77.8%, 0 Cached, 0 Failed); Active Workers: 1, Pending Workers: 0, Elapsed: 1m00s
[CDPL] Tasks: 9/9, (100.0%, 0 Cached, 0 Failed); Active Workers: 1, Pending Workers: 0, Elapsed: 1m30s
Long task: NOR2::delay__INA__lh__OUT__hl__ACQ_1 30.00 seconds
[CDPL] Summary: 
  All tasks finished successfully.
Thu May  8 16:44:29 2025: Released license FEATURE PrimeLib_CORE(all)
Thu May  8 16:44:29 2025: Released license FEATURE PrimeLib_SIM_CORE(all)
Peak worker count: 1
Thu May 08 16:44:29 CDT 2025: Done characterize stage (Elapsed: 121 seconds | 0.03 hours  Memory: 1078.84MB)
============================================================================================================
===============================================
Thu May 08 16:44:36 CDT 2025: Begin model stage
Creating new libraries.
info: order {ntin nvolt} ntin {1.0 2.0 3.0 4.0 5.0 6.0 7.0}
info: order {ntin nvolt} ntin {1.0 2.0 3.0 4.0 5.0 6.0 7.0} nvolt {1.0 2.0}
=================================================
Thu May 08 16:44:36 CDT 2025: Begin write library
Creating Liberty file "/home/010/e/eb/ebw220000/cad/EE4325_UART_Project/gf65/primelib_gf65/NOR2/models/liberty/cells/NOR2_op_cond.lib".
Thu May 08 16:44:36 CDT 2025: Done write library (Elapsed: 0 seconds | 0.00 hours  Memory: 1080.06MB)
=====================================================================================================
Merging cell level models...
===============================================
Thu May 08 16:44:36 CDT 2025: Begin merge stage
Merging 1 cell models in /home/010/e/eb/ebw220000/cad/EE4325_UART_Project/gf65/primelib_gf65/NOR2/models/liberty/cells
Merged Liberty model created /home/010/e/eb/ebw220000/cad/EE4325_UART_Project/gf65/primelib_gf65/NOR2/models/liberty/liberty_op_cond.lib.
Thu May 08 16:44:36 CDT 2025: Done merge stage (Elapsed: 0 seconds | 0.00 hours  Memory: 1080.80MB)
===================================================================================================
Thu May 08 16:44:36 CDT 2025: Done model stage (Elapsed: 0 seconds | 0.00 hours  Memory: 1080.80MB)
===================================================================================================
===============================================
Thu May 08 16:44:38 CDT 2025: Begin model stage
Creating new libraries.
info: order {ntin nvolt} ntin {1.0 2.0 3.0 4.0 5.0 6.0 7.0}
info: order {ntin nvolt} ntin {1.0 2.0 3.0 4.0 5.0 6.0 7.0} nvolt {1.0 2.0}
=================================================
Thu May 08 16:44:38 CDT 2025: Begin write library
Creating Liberty file "/home/010/e/eb/ebw220000/cad/EE4325_UART_Project/gf65/primelib_gf65/NOR2/models/liberty/cells/NOR2_op_cond.lib".
Thu May 08 16:44:38 CDT 2025: Done write library (Elapsed: 0 seconds | 0.00 hours  Memory: 1082.04MB)
=====================================================================================================
Merging cell level models...
===============================================
Thu May 08 16:44:38 CDT 2025: Begin merge stage
Merging 1 cell models in /home/010/e/eb/ebw220000/cad/EE4325_UART_Project/gf65/primelib_gf65/NOR2/models/liberty/cells
Merged Liberty model created /home/010/e/eb/ebw220000/cad/EE4325_UART_Project/gf65/primelib_gf65/NOR2/models/liberty/liberty_op_cond.lib.
Thu May 08 16:44:38 CDT 2025: Done merge stage (Elapsed: 0 seconds | 0.00 hours  Memory: 1082.91MB)
===================================================================================================
Thu May 08 16:44:38 CDT 2025: Done model stage (Elapsed: 0 seconds | 0.00 hours  Memory: 1082.91MB)
===================================================================================================
Shutting down modules
[CDPL] Shutting down CDPL master.
Thu May  8 16:44:41 2025: Released license FEATURE PrimeLib_CHAR
Thu May  8 16:44:41 2025: Program time: 151.00 seconds | 2.52 minutes | 0.04 hours
Maximum virtual memory size: 1082.91 MB
